ARM GAS  C:\Users\miker\AppData\Local\Temp\cc9S37Ag.s 			page 1


   1              		.syntax unified
   2              		.cpu cortex-m3
   3              		.fpu softvfp
   4              		.eabi_attribute 20, 1
   5              		.eabi_attribute 21, 1
   6              		.eabi_attribute 23, 3
   7              		.eabi_attribute 24, 1
   8              		.eabi_attribute 25, 1
   9              		.eabi_attribute 26, 1
  10              		.eabi_attribute 30, 1
  11              		.eabi_attribute 34, 1
  12              		.eabi_attribute 18, 4
  13              		.thumb
  14              		.file	"coolant_control.c"
  15              		.text
  16              	.Ltext0:
  17              		.cfi_sections	.debug_frame
  18              		.section	.text.coolant_get_state,"ax",%progbits
  19              		.align	2
  20              		.global	coolant_get_state
  21              		.thumb
  22              		.thumb_func
  23              		.type	coolant_get_state, %function
  24              	coolant_get_state:
  25              	.LFB64:
  26              		.file 1 "coolant_control.c"
   1:coolant_control.c **** /*
   2:coolant_control.c ****   coolant_control.c - coolant control methods
   3:coolant_control.c ****   Part of Grbl
   4:coolant_control.c **** 
   5:coolant_control.c ****   Copyright (c) 2012-2015 Sungeun K. Jeon
   6:coolant_control.c **** 
   7:coolant_control.c ****   Grbl is free software: you can redistribute it and/or modify
   8:coolant_control.c ****   it under the terms of the GNU General Public License as published by
   9:coolant_control.c ****   the Free Software Foundation, either version 3 of the License, or
  10:coolant_control.c ****   (at your option) any later version.
  11:coolant_control.c **** 
  12:coolant_control.c ****   Grbl is distributed in the hope that it will be useful,
  13:coolant_control.c ****   but WITHOUT ANY WARRANTY; without even the implied warranty of
  14:coolant_control.c ****   MERCHANTABILITY or FITNESS FOR A PARTICULAR PURPOSE.  See the
  15:coolant_control.c ****   GNU General Public License for more details.
  16:coolant_control.c **** 
  17:coolant_control.c ****   You should have received a copy of the GNU General Public License
  18:coolant_control.c ****   along with Grbl.  If not, see <http://www.gnu.org/licenses/>.
  19:coolant_control.c **** */  
  20:coolant_control.c **** 
  21:coolant_control.c **** #include "grbl.h"
  22:coolant_control.c **** 
  23:coolant_control.c **** 
  24:coolant_control.c **** void coolant_init()
  25:coolant_control.c **** { 
  26:coolant_control.c ****   coolant_set_state(COOLANT_DISABLE);
  27:coolant_control.c **** }
  28:coolant_control.c **** 
  29:coolant_control.c **** // Returns current coolant output state. Overrides may alter it from programmed state.
  30:coolant_control.c **** uint8_t coolant_get_state()
  31:coolant_control.c **** {
ARM GAS  C:\Users\miker\AppData\Local\Temp\cc9S37Ag.s 			page 2


  27              		.loc 1 31 0
  28              		.cfi_startproc
  29              		@ args = 0, pretend = 0, frame = 0
  30              		@ frame_needed = 0, uses_anonymous_args = 0
  31 0000 10B5     		push	{r4, lr}
  32              		.cfi_def_cfa_offset 8
  33              		.cfi_offset 4, -8
  34              		.cfi_offset 14, -4
  35              	.LVL0:
  32:coolant_control.c ****   uint8_t cl_state = COOLANT_STATE_DISABLE;
  33:coolant_control.c ****   
  34:coolant_control.c ****   if (Flood_Coolant_Pin_Read()) 
  36              		.loc 1 34 0
  37 0002 FFF7FEFF 		bl	Flood_Coolant_Pin_Read
  38              	.LVL1:
  39 0006 08B9     		cbnz	r0, .L4
  32:coolant_control.c ****   uint8_t cl_state = COOLANT_STATE_DISABLE;
  40              		.loc 1 32 0
  41 0008 0024     		movs	r4, #0
  42 000a 00E0     		b	.L2
  43              	.L4:
  35:coolant_control.c ****   {  
  36:coolant_control.c ****   cl_state |= COOLANT_STATE_FLOOD;
  44              		.loc 1 36 0
  45 000c 0124     		movs	r4, #1
  46              	.L2:
  47              	.LVL2:
  37:coolant_control.c ****   }
  38:coolant_control.c **** 
  39:coolant_control.c ****   if (Mist_Coolant_Pin_Read()) 
  48              		.loc 1 39 0
  49 000e FFF7FEFF 		bl	Mist_Coolant_Pin_Read
  50              	.LVL3:
  51 0012 08B1     		cbz	r0, .L3
  40:coolant_control.c ****   {  
  41:coolant_control.c ****   cl_state |= COOLANT_STATE_MIST;
  52              		.loc 1 41 0
  53 0014 44F00204 		orr	r4, r4, #2
  54              	.LVL4:
  55              	.L3:
  42:coolant_control.c ****   }
  43:coolant_control.c ****   
  44:coolant_control.c ****   return(cl_state);
  45:coolant_control.c **** }
  56              		.loc 1 45 0
  57 0018 2046     		mov	r0, r4
  58 001a 10BD     		pop	{r4, pc}
  59              		.cfi_endproc
  60              	.LFE64:
  61              		.size	coolant_get_state, .-coolant_get_state
  62              		.section	.text.coolant_stop,"ax",%progbits
  63              		.align	2
  64              		.global	coolant_stop
  65              		.thumb
  66              		.thumb_func
  67              		.type	coolant_stop, %function
  68              	coolant_stop:
ARM GAS  C:\Users\miker\AppData\Local\Temp\cc9S37Ag.s 			page 3


  69              	.LFB65:
  46:coolant_control.c **** 
  47:coolant_control.c **** 
  48:coolant_control.c **** void coolant_stop()
  49:coolant_control.c **** {
  70              		.loc 1 49 0
  71              		.cfi_startproc
  72              		@ args = 0, pretend = 0, frame = 0
  73              		@ frame_needed = 0, uses_anonymous_args = 0
  74 0000 08B5     		push	{r3, lr}
  75              		.cfi_def_cfa_offset 8
  76              		.cfi_offset 3, -8
  77              		.cfi_offset 14, -4
  50:coolant_control.c ****   Flood_Coolant_Pin_Write(0);
  78              		.loc 1 50 0
  79 0002 0020     		movs	r0, #0
  80 0004 FFF7FEFF 		bl	Flood_Coolant_Pin_Write
  81              	.LVL5:
  51:coolant_control.c ****   Mist_Coolant_Pin_Write(0);
  82              		.loc 1 51 0
  83 0008 0020     		movs	r0, #0
  84 000a FFF7FEFF 		bl	Mist_Coolant_Pin_Write
  85              	.LVL6:
  86 000e 08BD     		pop	{r3, pc}
  87              		.cfi_endproc
  88              	.LFE65:
  89              		.size	coolant_stop, .-coolant_stop
  90              		.section	.text.coolant_set_state,"ax",%progbits
  91              		.align	2
  92              		.global	coolant_set_state
  93              		.thumb
  94              		.thumb_func
  95              		.type	coolant_set_state, %function
  96              	coolant_set_state:
  97              	.LFB66:
  52:coolant_control.c **** }
  53:coolant_control.c **** 
  54:coolant_control.c **** 
  55:coolant_control.c **** void coolant_set_state(uint8_t mode)
  56:coolant_control.c **** {
  98              		.loc 1 56 0
  99              		.cfi_startproc
 100              		@ args = 0, pretend = 0, frame = 0
 101              		@ frame_needed = 0, uses_anonymous_args = 0
 102              	.LVL7:
  57:coolant_control.c ****   if (sys.abort) { return; } // Block during abort.
 103              		.loc 1 57 0
 104 0000 0C4B     		ldr	r3, .L15
 105 0002 5B78     		ldrb	r3, [r3, #1]	@ zero_extendqisi2
 106 0004 ABB9     		cbnz	r3, .L14
  56:coolant_control.c ****   if (sys.abort) { return; } // Block during abort.
 107              		.loc 1 56 0
 108 0006 10B5     		push	{r4, lr}
 109              		.cfi_def_cfa_offset 8
 110              		.cfi_offset 4, -8
 111              		.cfi_offset 14, -4
 112 0008 0446     		mov	r4, r0
ARM GAS  C:\Users\miker\AppData\Local\Temp\cc9S37Ag.s 			page 4


  58:coolant_control.c ****   
  59:coolant_control.c ****   if (mode == COOLANT_DISABLE) 
 113              		.loc 1 59 0
 114 000a 10B9     		cbnz	r0, .L10
  60:coolant_control.c ****   {  
  61:coolant_control.c ****     coolant_stop();
 115              		.loc 1 61 0
 116 000c FFF7FEFF 		bl	coolant_stop
 117              	.LVL8:
 118 0010 0BE0     		b	.L11
 119              	.LVL9:
 120              	.L10:
  62:coolant_control.c ****   }
  63:coolant_control.c ****   else
  64:coolant_control.c ****   {
  65:coolant_control.c ****     if (mode & COOLANT_FLOOD_ENABLE)
 121              		.loc 1 65 0
 122 0012 10F0400F 		tst	r0, #64
 123 0016 02D0     		beq	.L12
  66:coolant_control.c ****     {
  67:coolant_control.c ****       Flood_Coolant_Pin_Write(1);
 124              		.loc 1 67 0
 125 0018 0120     		movs	r0, #1
 126              	.LVL10:
 127 001a FFF7FEFF 		bl	Flood_Coolant_Pin_Write
 128              	.LVL11:
 129              	.L12:
  68:coolant_control.c ****     }
  69:coolant_control.c ****     if (mode & COOLANT_MIST_ENABLE)
 130              		.loc 1 69 0
 131 001e 14F0800F 		tst	r4, #128
 132 0022 02D0     		beq	.L11
  70:coolant_control.c ****     {
  71:coolant_control.c ****        Mist_Coolant_Pin_Write(1);
 133              		.loc 1 71 0
 134 0024 0120     		movs	r0, #1
 135 0026 FFF7FEFF 		bl	Mist_Coolant_Pin_Write
 136              	.LVL12:
 137              	.L11:
  72:coolant_control.c ****     }    
  73:coolant_control.c ****   }
  74:coolant_control.c ****   sys.report_ovr_counter = 0; // Set to report change immediately
 138              		.loc 1 74 0
 139 002a 0022     		movs	r2, #0
 140 002c 014B     		ldr	r3, .L15
 141 002e DA72     		strb	r2, [r3, #11]
 142 0030 10BD     		pop	{r4, pc}
 143              	.LVL13:
 144              	.L14:
 145              		.cfi_def_cfa_offset 0
 146              		.cfi_restore 4
 147              		.cfi_restore 14
 148 0032 7047     		bx	lr
 149              	.L16:
 150              		.align	2
 151              	.L15:
 152 0034 00000000 		.word	sys
ARM GAS  C:\Users\miker\AppData\Local\Temp\cc9S37Ag.s 			page 5


 153              		.cfi_endproc
 154              	.LFE66:
 155              		.size	coolant_set_state, .-coolant_set_state
 156              		.section	.text.coolant_init,"ax",%progbits
 157              		.align	2
 158              		.global	coolant_init
 159              		.thumb
 160              		.thumb_func
 161              		.type	coolant_init, %function
 162              	coolant_init:
 163              	.LFB63:
  25:coolant_control.c ****   coolant_set_state(COOLANT_DISABLE);
 164              		.loc 1 25 0
 165              		.cfi_startproc
 166              		@ args = 0, pretend = 0, frame = 0
 167              		@ frame_needed = 0, uses_anonymous_args = 0
 168 0000 08B5     		push	{r3, lr}
 169              		.cfi_def_cfa_offset 8
 170              		.cfi_offset 3, -8
 171              		.cfi_offset 14, -4
  26:coolant_control.c **** }
 172              		.loc 1 26 0
 173 0002 0020     		movs	r0, #0
 174 0004 FFF7FEFF 		bl	coolant_set_state
 175              	.LVL14:
 176 0008 08BD     		pop	{r3, pc}
 177              		.cfi_endproc
 178              	.LFE63:
 179              		.size	coolant_init, .-coolant_init
 180 000a 00BF     		.section	.text.coolant_sync,"ax",%progbits
 181              		.align	2
 182              		.global	coolant_sync
 183              		.thumb
 184              		.thumb_func
 185              		.type	coolant_sync, %function
 186              	coolant_sync:
 187              	.LFB67:
  75:coolant_control.c ****  
  76:coolant_control.c **** }
  77:coolant_control.c **** 
  78:coolant_control.c **** 
  79:coolant_control.c **** // G-code parser entry-point for setting coolant state. Forces a planner buffer sync and bails 
  80:coolant_control.c **** // if an abort or check-mode is active.
  81:coolant_control.c **** void coolant_sync(uint8_t mode)
  82:coolant_control.c **** {
 188              		.loc 1 82 0
 189              		.cfi_startproc
 190              		@ args = 0, pretend = 0, frame = 0
 191              		@ frame_needed = 0, uses_anonymous_args = 0
 192              	.LVL15:
  83:coolant_control.c ****   if (sys.state == STATE_CHECK_MODE) { return; }
 193              		.loc 1 83 0
 194 0000 064B     		ldr	r3, .L23
 195 0002 1B78     		ldrb	r3, [r3]	@ zero_extendqisi2
 196 0004 022B     		cmp	r3, #2
 197 0006 07D0     		beq	.L22
  82:coolant_control.c ****   if (sys.state == STATE_CHECK_MODE) { return; }
ARM GAS  C:\Users\miker\AppData\Local\Temp\cc9S37Ag.s 			page 6


 198              		.loc 1 82 0
 199 0008 10B5     		push	{r4, lr}
 200              		.cfi_def_cfa_offset 8
 201              		.cfi_offset 4, -8
 202              		.cfi_offset 14, -4
 203 000a 0446     		mov	r4, r0
  84:coolant_control.c ****   protocol_buffer_synchronize(); // Ensure coolant turns on when specified in program.
 204              		.loc 1 84 0
 205 000c FFF7FEFF 		bl	protocol_buffer_synchronize
 206              	.LVL16:
  85:coolant_control.c ****   coolant_set_state(mode);
 207              		.loc 1 85 0
 208 0010 2046     		mov	r0, r4
 209 0012 FFF7FEFF 		bl	coolant_set_state
 210              	.LVL17:
 211 0016 10BD     		pop	{r4, pc}
 212              	.LVL18:
 213              	.L22:
 214              		.cfi_def_cfa_offset 0
 215              		.cfi_restore 4
 216              		.cfi_restore 14
 217 0018 7047     		bx	lr
 218              	.L24:
 219 001a 00BF     		.align	2
 220              	.L23:
 221 001c 00000000 		.word	sys
 222              		.cfi_endproc
 223              	.LFE67:
 224              		.size	coolant_sync, .-coolant_sync
 225              		.comm	exec_lcd_status,1,1
 226              		.comm	sys_rt_exec_accessory_override,1,1
 227              		.comm	sys_rt_exec_motion_override,1,1
 228              		.comm	sys_rt_exec_alarm,1,1
 229              		.comm	sys_rt_exec_state,1,1
 230              		.comm	sys_probe_state,1,1
 231              		.comm	sys_probe_position,12,4
 232              		.comm	sys_position,12,4
 233              		.text
 234              	.Letext0:
 235              		.file 2 "c:\\program files (x86)\\cypress\\psoc creator\\4.0\\psoc creator\\import\\gnu\\arm\\4.9.
 236              		.file 3 "c:\\program files (x86)\\cypress\\psoc creator\\4.0\\psoc creator\\import\\gnu\\arm\\4.9.
 237              		.file 4 "Generated_Source\\PSoC5/cytypes.h"
 238              		.file 5 "system.h"
 239              		.file 6 "Generated_Source\\PSoC5/core_cm3.h"
 240              		.file 7 "lcd_report.h"
 241              		.file 8 "Generated_Source\\PSoC5/Flood_Coolant_Pin.h"
 242              		.file 9 "Generated_Source\\PSoC5/Mist_Coolant_Pin.h"
 243              		.file 10 "protocol.h"
 244              		.section	.debug_info,"",%progbits
 245              	.Ldebug_info0:
 246 0000 9F030000 		.4byte	0x39f
 247 0004 0400     		.2byte	0x4
 248 0006 00000000 		.4byte	.Ldebug_abbrev0
 249 000a 04       		.byte	0x4
 250 000b 01       		.uleb128 0x1
 251 000c B0010000 		.4byte	.LASF53
 252 0010 01       		.byte	0x1
ARM GAS  C:\Users\miker\AppData\Local\Temp\cc9S37Ag.s 			page 7


 253 0011 DB000000 		.4byte	.LASF54
 254 0015 07030000 		.4byte	.LASF55
 255 0019 00000000 		.4byte	.Ldebug_ranges0+0
 256 001d 00000000 		.4byte	0
 257 0021 00000000 		.4byte	.Ldebug_line0
 258 0025 02       		.uleb128 0x2
 259 0026 01       		.byte	0x1
 260 0027 06       		.byte	0x6
 261 0028 CF000000 		.4byte	.LASF0
 262 002c 03       		.uleb128 0x3
 263 002d 16000000 		.4byte	.LASF4
 264 0031 02       		.byte	0x2
 265 0032 1D       		.byte	0x1d
 266 0033 37000000 		.4byte	0x37
 267 0037 02       		.uleb128 0x2
 268 0038 01       		.byte	0x1
 269 0039 08       		.byte	0x8
 270 003a ED000000 		.4byte	.LASF1
 271 003e 02       		.uleb128 0x2
 272 003f 02       		.byte	0x2
 273 0040 05       		.byte	0x5
 274 0041 51030000 		.4byte	.LASF2
 275 0045 02       		.uleb128 0x2
 276 0046 02       		.byte	0x2
 277 0047 07       		.byte	0x7
 278 0048 16010000 		.4byte	.LASF3
 279 004c 03       		.uleb128 0x3
 280 004d 54000000 		.4byte	.LASF5
 281 0051 02       		.byte	0x2
 282 0052 3F       		.byte	0x3f
 283 0053 57000000 		.4byte	0x57
 284 0057 02       		.uleb128 0x2
 285 0058 04       		.byte	0x4
 286 0059 05       		.byte	0x5
 287 005a 97030000 		.4byte	.LASF6
 288 005e 02       		.uleb128 0x2
 289 005f 04       		.byte	0x4
 290 0060 07       		.byte	0x7
 291 0061 04010000 		.4byte	.LASF7
 292 0065 02       		.uleb128 0x2
 293 0066 08       		.byte	0x8
 294 0067 05       		.byte	0x5
 295 0068 A1020000 		.4byte	.LASF8
 296 006c 02       		.uleb128 0x2
 297 006d 08       		.byte	0x8
 298 006e 07       		.byte	0x7
 299 006f 4B020000 		.4byte	.LASF9
 300 0073 04       		.uleb128 0x4
 301 0074 04       		.byte	0x4
 302 0075 05       		.byte	0x5
 303 0076 696E7400 		.ascii	"int\000"
 304 007a 02       		.uleb128 0x2
 305 007b 04       		.byte	0x4
 306 007c 07       		.byte	0x7
 307 007d 3E020000 		.4byte	.LASF10
 308 0081 03       		.uleb128 0x3
 309 0082 62020000 		.4byte	.LASF11
ARM GAS  C:\Users\miker\AppData\Local\Temp\cc9S37Ag.s 			page 8


 310 0086 03       		.byte	0x3
 311 0087 15       		.byte	0x15
 312 0088 2C000000 		.4byte	0x2c
 313 008c 03       		.uleb128 0x3
 314 008d 78020000 		.4byte	.LASF12
 315 0091 03       		.byte	0x3
 316 0092 2C       		.byte	0x2c
 317 0093 4C000000 		.4byte	0x4c
 318 0097 05       		.uleb128 0x5
 319 0098 5A010000 		.4byte	.LASF13
 320 009c 04       		.byte	0x4
 321 009d 9201     		.2byte	0x192
 322 009f 37000000 		.4byte	0x37
 323 00a3 02       		.uleb128 0x2
 324 00a4 04       		.byte	0x4
 325 00a5 04       		.byte	0x4
 326 00a6 B9000000 		.4byte	.LASF14
 327 00aa 02       		.uleb128 0x2
 328 00ab 08       		.byte	0x8
 329 00ac 04       		.byte	0x4
 330 00ad 53010000 		.4byte	.LASF15
 331 00b1 02       		.uleb128 0x2
 332 00b2 01       		.byte	0x1
 333 00b3 08       		.byte	0x8
 334 00b4 BC020000 		.4byte	.LASF16
 335 00b8 02       		.uleb128 0x2
 336 00b9 04       		.byte	0x4
 337 00ba 07       		.byte	0x7
 338 00bb 80020000 		.4byte	.LASF17
 339 00bf 06       		.uleb128 0x6
 340 00c0 81000000 		.4byte	0x81
 341 00c4 02       		.uleb128 0x2
 342 00c5 08       		.byte	0x8
 343 00c6 04       		.byte	0x4
 344 00c7 B7030000 		.4byte	.LASF18
 345 00cb 07       		.uleb128 0x7
 346 00cc 14       		.byte	0x14
 347 00cd 05       		.byte	0x5
 348 00ce 80       		.byte	0x80
 349 00cf 7C010000 		.4byte	0x17c
 350 00d3 08       		.uleb128 0x8
 351 00d4 32000000 		.4byte	.LASF19
 352 00d8 05       		.byte	0x5
 353 00d9 81       		.byte	0x81
 354 00da 81000000 		.4byte	0x81
 355 00de 00       		.byte	0
 356 00df 08       		.uleb128 0x8
 357 00e0 B1030000 		.4byte	.LASF20
 358 00e4 05       		.byte	0x5
 359 00e5 82       		.byte	0x82
 360 00e6 81000000 		.4byte	0x81
 361 00ea 01       		.byte	0x1
 362 00eb 08       		.uleb128 0x8
 363 00ec C3030000 		.4byte	.LASF21
 364 00f0 05       		.byte	0x5
 365 00f1 83       		.byte	0x83
 366 00f2 81000000 		.4byte	0x81
ARM GAS  C:\Users\miker\AppData\Local\Temp\cc9S37Ag.s 			page 9


 367 00f6 02       		.byte	0x2
 368 00f7 08       		.uleb128 0x8
 369 00f8 5E000000 		.4byte	.LASF22
 370 00fc 05       		.byte	0x5
 371 00fd 84       		.byte	0x84
 372 00fe 81000000 		.4byte	0x81
 373 0102 03       		.byte	0x3
 374 0103 08       		.uleb128 0x8
 375 0104 89020000 		.4byte	.LASF23
 376 0108 05       		.byte	0x5
 377 0109 85       		.byte	0x85
 378 010a 81000000 		.4byte	0x81
 379 010e 04       		.byte	0x4
 380 010f 08       		.uleb128 0x8
 381 0110 EF030000 		.4byte	.LASF24
 382 0114 05       		.byte	0x5
 383 0115 86       		.byte	0x86
 384 0116 81000000 		.4byte	0x81
 385 011a 05       		.byte	0x5
 386 011b 08       		.uleb128 0x8
 387 011c 9F010000 		.4byte	.LASF25
 388 0120 05       		.byte	0x5
 389 0121 87       		.byte	0x87
 390 0122 81000000 		.4byte	0x81
 391 0126 06       		.byte	0x6
 392 0127 08       		.uleb128 0x8
 393 0128 29010000 		.4byte	.LASF26
 394 012c 05       		.byte	0x5
 395 012d 88       		.byte	0x88
 396 012e 81000000 		.4byte	0x81
 397 0132 07       		.byte	0x7
 398 0133 08       		.uleb128 0x8
 399 0134 96020000 		.4byte	.LASF27
 400 0138 05       		.byte	0x5
 401 0139 89       		.byte	0x89
 402 013a 81000000 		.4byte	0x81
 403 013e 08       		.byte	0x8
 404 013f 08       		.uleb128 0x8
 405 0140 20000000 		.4byte	.LASF28
 406 0144 05       		.byte	0x5
 407 0145 8A       		.byte	0x8a
 408 0146 81000000 		.4byte	0x81
 409 014a 09       		.byte	0x9
 410 014b 08       		.uleb128 0x8
 411 014c A0030000 		.4byte	.LASF29
 412 0150 05       		.byte	0x5
 413 0151 8B       		.byte	0x8b
 414 0152 81000000 		.4byte	0x81
 415 0156 0A       		.byte	0xa
 416 0157 08       		.uleb128 0x8
 417 0158 E6020000 		.4byte	.LASF30
 418 015c 05       		.byte	0x5
 419 015d 8C       		.byte	0x8c
 420 015e 81000000 		.4byte	0x81
 421 0162 0B       		.byte	0xb
 422 0163 08       		.uleb128 0x8
 423 0164 5B030000 		.4byte	.LASF31
ARM GAS  C:\Users\miker\AppData\Local\Temp\cc9S37Ag.s 			page 10


 424 0168 05       		.byte	0x5
 425 0169 8D       		.byte	0x8d
 426 016a 81000000 		.4byte	0x81
 427 016e 0C       		.byte	0xc
 428 016f 08       		.uleb128 0x8
 429 0170 F9020000 		.4byte	.LASF32
 430 0174 05       		.byte	0x5
 431 0175 8F       		.byte	0x8f
 432 0176 A3000000 		.4byte	0xa3
 433 017a 10       		.byte	0x10
 434 017b 00       		.byte	0
 435 017c 03       		.uleb128 0x3
 436 017d FB000000 		.4byte	.LASF33
 437 0181 05       		.byte	0x5
 438 0182 91       		.byte	0x91
 439 0183 CB000000 		.4byte	0xcb
 440 0187 09       		.uleb128 0x9
 441 0188 CB030000 		.4byte	.LASF34
 442 018c 01       		.byte	0x1
 443 018d 1E       		.byte	0x1e
 444 018e 81000000 		.4byte	0x81
 445 0192 00000000 		.4byte	.LFB64
 446 0196 1C000000 		.4byte	.LFE64-.LFB64
 447 019a 01       		.uleb128 0x1
 448 019b 9C       		.byte	0x9c
 449 019c C2010000 		.4byte	0x1c2
 450 01a0 0A       		.uleb128 0xa
 451 01a1 6F020000 		.4byte	.LASF56
 452 01a5 01       		.byte	0x1
 453 01a6 20       		.byte	0x20
 454 01a7 81000000 		.4byte	0x81
 455 01ab 00000000 		.4byte	.LLST0
 456 01af 0B       		.uleb128 0xb
 457 01b0 06000000 		.4byte	.LVL1
 458 01b4 61030000 		.4byte	0x361
 459 01b8 0B       		.uleb128 0xb
 460 01b9 12000000 		.4byte	.LVL3
 461 01bd 6C030000 		.4byte	0x36c
 462 01c1 00       		.byte	0
 463 01c2 0C       		.uleb128 0xc
 464 01c3 60010000 		.4byte	.LASF36
 465 01c7 01       		.byte	0x1
 466 01c8 30       		.byte	0x30
 467 01c9 00000000 		.4byte	.LFB65
 468 01cd 10000000 		.4byte	.LFE65-.LFB65
 469 01d1 01       		.uleb128 0x1
 470 01d2 9C       		.byte	0x9c
 471 01d3 FA010000 		.4byte	0x1fa
 472 01d7 0D       		.uleb128 0xd
 473 01d8 08000000 		.4byte	.LVL5
 474 01dc 77030000 		.4byte	0x377
 475 01e0 EA010000 		.4byte	0x1ea
 476 01e4 0E       		.uleb128 0xe
 477 01e5 01       		.uleb128 0x1
 478 01e6 50       		.byte	0x50
 479 01e7 01       		.uleb128 0x1
 480 01e8 30       		.byte	0x30
ARM GAS  C:\Users\miker\AppData\Local\Temp\cc9S37Ag.s 			page 11


 481 01e9 00       		.byte	0
 482 01ea 0F       		.uleb128 0xf
 483 01eb 0E000000 		.4byte	.LVL6
 484 01ef 88030000 		.4byte	0x388
 485 01f3 0E       		.uleb128 0xe
 486 01f4 01       		.uleb128 0x1
 487 01f5 50       		.byte	0x50
 488 01f6 01       		.uleb128 0x1
 489 01f7 30       		.byte	0x30
 490 01f8 00       		.byte	0
 491 01f9 00       		.byte	0
 492 01fa 10       		.uleb128 0x10
 493 01fb 34010000 		.4byte	.LASF35
 494 01ff 01       		.byte	0x1
 495 0200 37       		.byte	0x37
 496 0201 00000000 		.4byte	.LFB66
 497 0205 38000000 		.4byte	.LFE66-.LFB66
 498 0209 01       		.uleb128 0x1
 499 020a 9C       		.byte	0x9c
 500 020b 4A020000 		.4byte	0x24a
 501 020f 11       		.uleb128 0x11
 502 0210 6A020000 		.4byte	.LASF39
 503 0214 01       		.byte	0x1
 504 0215 37       		.byte	0x37
 505 0216 81000000 		.4byte	0x81
 506 021a 1F000000 		.4byte	.LLST1
 507 021e 0B       		.uleb128 0xb
 508 021f 10000000 		.4byte	.LVL8
 509 0223 C2010000 		.4byte	0x1c2
 510 0227 0D       		.uleb128 0xd
 511 0228 1E000000 		.4byte	.LVL11
 512 022c 77030000 		.4byte	0x377
 513 0230 3A020000 		.4byte	0x23a
 514 0234 0E       		.uleb128 0xe
 515 0235 01       		.uleb128 0x1
 516 0236 50       		.byte	0x50
 517 0237 01       		.uleb128 0x1
 518 0238 31       		.byte	0x31
 519 0239 00       		.byte	0
 520 023a 0F       		.uleb128 0xf
 521 023b 2A000000 		.4byte	.LVL12
 522 023f 88030000 		.4byte	0x388
 523 0243 0E       		.uleb128 0xe
 524 0244 01       		.uleb128 0x1
 525 0245 50       		.byte	0x50
 526 0246 01       		.uleb128 0x1
 527 0247 31       		.byte	0x31
 528 0248 00       		.byte	0
 529 0249 00       		.byte	0
 530 024a 0C       		.uleb128 0xc
 531 024b 9C000000 		.4byte	.LASF37
 532 024f 01       		.byte	0x1
 533 0250 18       		.byte	0x18
 534 0251 00000000 		.4byte	.LFB63
 535 0255 0A000000 		.4byte	.LFE63-.LFB63
 536 0259 01       		.uleb128 0x1
 537 025a 9C       		.byte	0x9c
ARM GAS  C:\Users\miker\AppData\Local\Temp\cc9S37Ag.s 			page 12


 538 025b 6F020000 		.4byte	0x26f
 539 025f 0F       		.uleb128 0xf
 540 0260 08000000 		.4byte	.LVL14
 541 0264 FA010000 		.4byte	0x1fa
 542 0268 0E       		.uleb128 0xe
 543 0269 01       		.uleb128 0x1
 544 026a 50       		.byte	0x50
 545 026b 01       		.uleb128 0x1
 546 026c 30       		.byte	0x30
 547 026d 00       		.byte	0
 548 026e 00       		.byte	0
 549 026f 10       		.uleb128 0x10
 550 0270 D9020000 		.4byte	.LASF38
 551 0274 01       		.byte	0x1
 552 0275 51       		.byte	0x51
 553 0276 00000000 		.4byte	.LFB67
 554 027a 20000000 		.4byte	.LFE67-.LFB67
 555 027e 01       		.uleb128 0x1
 556 027f 9C       		.byte	0x9c
 557 0280 AD020000 		.4byte	0x2ad
 558 0284 11       		.uleb128 0x11
 559 0285 6A020000 		.4byte	.LASF39
 560 0289 01       		.byte	0x1
 561 028a 51       		.byte	0x51
 562 028b 81000000 		.4byte	0x81
 563 028f 64000000 		.4byte	.LLST2
 564 0293 0B       		.uleb128 0xb
 565 0294 10000000 		.4byte	.LVL16
 566 0298 99030000 		.4byte	0x399
 567 029c 0F       		.uleb128 0xf
 568 029d 16000000 		.4byte	.LVL17
 569 02a1 FA010000 		.4byte	0x1fa
 570 02a5 0E       		.uleb128 0xe
 571 02a6 01       		.uleb128 0x1
 572 02a7 50       		.byte	0x50
 573 02a8 02       		.uleb128 0x2
 574 02a9 74       		.byte	0x74
 575 02aa 00       		.sleb128 0
 576 02ab 00       		.byte	0
 577 02ac 00       		.byte	0
 578 02ad 12       		.uleb128 0x12
 579 02ae 46010000 		.4byte	.LASF40
 580 02b2 06       		.byte	0x6
 581 02b3 9606     		.2byte	0x696
 582 02b5 B9020000 		.4byte	0x2b9
 583 02b9 06       		.uleb128 0x6
 584 02ba 8C000000 		.4byte	0x8c
 585 02be 13       		.uleb128 0x13
 586 02bf 73797300 		.ascii	"sys\000"
 587 02c3 05       		.byte	0x5
 588 02c4 92       		.byte	0x92
 589 02c5 7C010000 		.4byte	0x17c
 590 02c9 14       		.uleb128 0x14
 591 02ca 8C000000 		.4byte	0x8c
 592 02ce D9020000 		.4byte	0x2d9
 593 02d2 15       		.uleb128 0x15
 594 02d3 B8000000 		.4byte	0xb8
ARM GAS  C:\Users\miker\AppData\Local\Temp\cc9S37Ag.s 			page 13


 595 02d7 02       		.byte	0x2
 596 02d8 00       		.byte	0
 597 02d9 16       		.uleb128 0x16
 598 02da AF020000 		.4byte	.LASF41
 599 02de 05       		.byte	0x5
 600 02df 95       		.byte	0x95
 601 02e0 C9020000 		.4byte	0x2c9
 602 02e4 05       		.uleb128 0x5
 603 02e5 03       		.byte	0x3
 604 02e6 00000000 		.4byte	sys_position
 605 02ea 16       		.uleb128 0x16
 606 02eb 8C010000 		.4byte	.LASF42
 607 02ef 05       		.byte	0x5
 608 02f0 96       		.byte	0x96
 609 02f1 C9020000 		.4byte	0x2c9
 610 02f5 05       		.uleb128 0x5
 611 02f6 03       		.byte	0x3
 612 02f7 00000000 		.4byte	sys_probe_position
 613 02fb 16       		.uleb128 0x16
 614 02fc BF000000 		.4byte	.LASF43
 615 0300 05       		.byte	0x5
 616 0301 98       		.byte	0x98
 617 0302 BF000000 		.4byte	0xbf
 618 0306 05       		.uleb128 0x5
 619 0307 03       		.byte	0x3
 620 0308 00000000 		.4byte	sys_probe_state
 621 030c 16       		.uleb128 0x16
 622 030d DD030000 		.4byte	.LASF44
 623 0311 05       		.byte	0x5
 624 0312 99       		.byte	0x99
 625 0313 BF000000 		.4byte	0xbf
 626 0317 05       		.uleb128 0x5
 627 0318 03       		.byte	0x3
 628 0319 00000000 		.4byte	sys_rt_exec_state
 629 031d 16       		.uleb128 0x16
 630 031e 85030000 		.4byte	.LASF45
 631 0322 05       		.byte	0x5
 632 0323 9A       		.byte	0x9a
 633 0324 BF000000 		.4byte	0xbf
 634 0328 05       		.uleb128 0x5
 635 0329 03       		.byte	0x3
 636 032a 00000000 		.4byte	sys_rt_exec_alarm
 637 032e 16       		.uleb128 0x16
 638 032f 38000000 		.4byte	.LASF46
 639 0333 05       		.byte	0x5
 640 0334 9B       		.byte	0x9b
 641 0335 BF000000 		.4byte	0xbf
 642 0339 05       		.uleb128 0x5
 643 033a 03       		.byte	0x3
 644 033b 00000000 		.4byte	sys_rt_exec_motion_override
 645 033f 16       		.uleb128 0x16
 646 0340 6D010000 		.4byte	.LASF47
 647 0344 05       		.byte	0x5
 648 0345 9C       		.byte	0x9c
 649 0346 BF000000 		.4byte	0xbf
 650 034a 05       		.uleb128 0x5
 651 034b 03       		.byte	0x3
ARM GAS  C:\Users\miker\AppData\Local\Temp\cc9S37Ag.s 			page 14


 652 034c 00000000 		.4byte	sys_rt_exec_accessory_override
 653 0350 16       		.uleb128 0x16
 654 0351 A9000000 		.4byte	.LASF48
 655 0355 07       		.byte	0x7
 656 0356 11       		.byte	0x11
 657 0357 81000000 		.4byte	0x81
 658 035b 05       		.uleb128 0x5
 659 035c 03       		.byte	0x3
 660 035d 00000000 		.4byte	exec_lcd_status
 661 0361 17       		.uleb128 0x17
 662 0362 6E030000 		.4byte	.LASF49
 663 0366 08       		.byte	0x8
 664 0367 29       		.byte	0x29
 665 0368 97000000 		.4byte	0x97
 666 036c 17       		.uleb128 0x17
 667 036d 00000000 		.4byte	.LASF50
 668 0371 09       		.byte	0x9
 669 0372 29       		.byte	0x29
 670 0373 97000000 		.4byte	0x97
 671 0377 18       		.uleb128 0x18
 672 0378 C1020000 		.4byte	.LASF51
 673 037c 08       		.byte	0x8
 674 037d 26       		.byte	0x26
 675 037e 88030000 		.4byte	0x388
 676 0382 19       		.uleb128 0x19
 677 0383 97000000 		.4byte	0x97
 678 0387 00       		.byte	0
 679 0388 18       		.uleb128 0x18
 680 0389 85000000 		.4byte	.LASF52
 681 038d 09       		.byte	0x9
 682 038e 26       		.byte	0x26
 683 038f 99030000 		.4byte	0x399
 684 0393 19       		.uleb128 0x19
 685 0394 97000000 		.4byte	0x97
 686 0398 00       		.byte	0
 687 0399 1A       		.uleb128 0x1a
 688 039a 69000000 		.4byte	.LASF57
 689 039e 0A       		.byte	0xa
 690 039f 30       		.byte	0x30
 691 03a0 1B       		.uleb128 0x1b
 692 03a1 00       		.byte	0
 693 03a2 00       		.byte	0
 694              		.section	.debug_abbrev,"",%progbits
 695              	.Ldebug_abbrev0:
 696 0000 01       		.uleb128 0x1
 697 0001 11       		.uleb128 0x11
 698 0002 01       		.byte	0x1
 699 0003 25       		.uleb128 0x25
 700 0004 0E       		.uleb128 0xe
 701 0005 13       		.uleb128 0x13
 702 0006 0B       		.uleb128 0xb
 703 0007 03       		.uleb128 0x3
 704 0008 0E       		.uleb128 0xe
 705 0009 1B       		.uleb128 0x1b
 706 000a 0E       		.uleb128 0xe
 707 000b 55       		.uleb128 0x55
 708 000c 17       		.uleb128 0x17
ARM GAS  C:\Users\miker\AppData\Local\Temp\cc9S37Ag.s 			page 15


 709 000d 11       		.uleb128 0x11
 710 000e 01       		.uleb128 0x1
 711 000f 10       		.uleb128 0x10
 712 0010 17       		.uleb128 0x17
 713 0011 00       		.byte	0
 714 0012 00       		.byte	0
 715 0013 02       		.uleb128 0x2
 716 0014 24       		.uleb128 0x24
 717 0015 00       		.byte	0
 718 0016 0B       		.uleb128 0xb
 719 0017 0B       		.uleb128 0xb
 720 0018 3E       		.uleb128 0x3e
 721 0019 0B       		.uleb128 0xb
 722 001a 03       		.uleb128 0x3
 723 001b 0E       		.uleb128 0xe
 724 001c 00       		.byte	0
 725 001d 00       		.byte	0
 726 001e 03       		.uleb128 0x3
 727 001f 16       		.uleb128 0x16
 728 0020 00       		.byte	0
 729 0021 03       		.uleb128 0x3
 730 0022 0E       		.uleb128 0xe
 731 0023 3A       		.uleb128 0x3a
 732 0024 0B       		.uleb128 0xb
 733 0025 3B       		.uleb128 0x3b
 734 0026 0B       		.uleb128 0xb
 735 0027 49       		.uleb128 0x49
 736 0028 13       		.uleb128 0x13
 737 0029 00       		.byte	0
 738 002a 00       		.byte	0
 739 002b 04       		.uleb128 0x4
 740 002c 24       		.uleb128 0x24
 741 002d 00       		.byte	0
 742 002e 0B       		.uleb128 0xb
 743 002f 0B       		.uleb128 0xb
 744 0030 3E       		.uleb128 0x3e
 745 0031 0B       		.uleb128 0xb
 746 0032 03       		.uleb128 0x3
 747 0033 08       		.uleb128 0x8
 748 0034 00       		.byte	0
 749 0035 00       		.byte	0
 750 0036 05       		.uleb128 0x5
 751 0037 16       		.uleb128 0x16
 752 0038 00       		.byte	0
 753 0039 03       		.uleb128 0x3
 754 003a 0E       		.uleb128 0xe
 755 003b 3A       		.uleb128 0x3a
 756 003c 0B       		.uleb128 0xb
 757 003d 3B       		.uleb128 0x3b
 758 003e 05       		.uleb128 0x5
 759 003f 49       		.uleb128 0x49
 760 0040 13       		.uleb128 0x13
 761 0041 00       		.byte	0
 762 0042 00       		.byte	0
 763 0043 06       		.uleb128 0x6
 764 0044 35       		.uleb128 0x35
 765 0045 00       		.byte	0
ARM GAS  C:\Users\miker\AppData\Local\Temp\cc9S37Ag.s 			page 16


 766 0046 49       		.uleb128 0x49
 767 0047 13       		.uleb128 0x13
 768 0048 00       		.byte	0
 769 0049 00       		.byte	0
 770 004a 07       		.uleb128 0x7
 771 004b 13       		.uleb128 0x13
 772 004c 01       		.byte	0x1
 773 004d 0B       		.uleb128 0xb
 774 004e 0B       		.uleb128 0xb
 775 004f 3A       		.uleb128 0x3a
 776 0050 0B       		.uleb128 0xb
 777 0051 3B       		.uleb128 0x3b
 778 0052 0B       		.uleb128 0xb
 779 0053 01       		.uleb128 0x1
 780 0054 13       		.uleb128 0x13
 781 0055 00       		.byte	0
 782 0056 00       		.byte	0
 783 0057 08       		.uleb128 0x8
 784 0058 0D       		.uleb128 0xd
 785 0059 00       		.byte	0
 786 005a 03       		.uleb128 0x3
 787 005b 0E       		.uleb128 0xe
 788 005c 3A       		.uleb128 0x3a
 789 005d 0B       		.uleb128 0xb
 790 005e 3B       		.uleb128 0x3b
 791 005f 0B       		.uleb128 0xb
 792 0060 49       		.uleb128 0x49
 793 0061 13       		.uleb128 0x13
 794 0062 38       		.uleb128 0x38
 795 0063 0B       		.uleb128 0xb
 796 0064 00       		.byte	0
 797 0065 00       		.byte	0
 798 0066 09       		.uleb128 0x9
 799 0067 2E       		.uleb128 0x2e
 800 0068 01       		.byte	0x1
 801 0069 3F       		.uleb128 0x3f
 802 006a 19       		.uleb128 0x19
 803 006b 03       		.uleb128 0x3
 804 006c 0E       		.uleb128 0xe
 805 006d 3A       		.uleb128 0x3a
 806 006e 0B       		.uleb128 0xb
 807 006f 3B       		.uleb128 0x3b
 808 0070 0B       		.uleb128 0xb
 809 0071 49       		.uleb128 0x49
 810 0072 13       		.uleb128 0x13
 811 0073 11       		.uleb128 0x11
 812 0074 01       		.uleb128 0x1
 813 0075 12       		.uleb128 0x12
 814 0076 06       		.uleb128 0x6
 815 0077 40       		.uleb128 0x40
 816 0078 18       		.uleb128 0x18
 817 0079 9742     		.uleb128 0x2117
 818 007b 19       		.uleb128 0x19
 819 007c 01       		.uleb128 0x1
 820 007d 13       		.uleb128 0x13
 821 007e 00       		.byte	0
 822 007f 00       		.byte	0
ARM GAS  C:\Users\miker\AppData\Local\Temp\cc9S37Ag.s 			page 17


 823 0080 0A       		.uleb128 0xa
 824 0081 34       		.uleb128 0x34
 825 0082 00       		.byte	0
 826 0083 03       		.uleb128 0x3
 827 0084 0E       		.uleb128 0xe
 828 0085 3A       		.uleb128 0x3a
 829 0086 0B       		.uleb128 0xb
 830 0087 3B       		.uleb128 0x3b
 831 0088 0B       		.uleb128 0xb
 832 0089 49       		.uleb128 0x49
 833 008a 13       		.uleb128 0x13
 834 008b 02       		.uleb128 0x2
 835 008c 17       		.uleb128 0x17
 836 008d 00       		.byte	0
 837 008e 00       		.byte	0
 838 008f 0B       		.uleb128 0xb
 839 0090 898201   		.uleb128 0x4109
 840 0093 00       		.byte	0
 841 0094 11       		.uleb128 0x11
 842 0095 01       		.uleb128 0x1
 843 0096 31       		.uleb128 0x31
 844 0097 13       		.uleb128 0x13
 845 0098 00       		.byte	0
 846 0099 00       		.byte	0
 847 009a 0C       		.uleb128 0xc
 848 009b 2E       		.uleb128 0x2e
 849 009c 01       		.byte	0x1
 850 009d 3F       		.uleb128 0x3f
 851 009e 19       		.uleb128 0x19
 852 009f 03       		.uleb128 0x3
 853 00a0 0E       		.uleb128 0xe
 854 00a1 3A       		.uleb128 0x3a
 855 00a2 0B       		.uleb128 0xb
 856 00a3 3B       		.uleb128 0x3b
 857 00a4 0B       		.uleb128 0xb
 858 00a5 11       		.uleb128 0x11
 859 00a6 01       		.uleb128 0x1
 860 00a7 12       		.uleb128 0x12
 861 00a8 06       		.uleb128 0x6
 862 00a9 40       		.uleb128 0x40
 863 00aa 18       		.uleb128 0x18
 864 00ab 9742     		.uleb128 0x2117
 865 00ad 19       		.uleb128 0x19
 866 00ae 01       		.uleb128 0x1
 867 00af 13       		.uleb128 0x13
 868 00b0 00       		.byte	0
 869 00b1 00       		.byte	0
 870 00b2 0D       		.uleb128 0xd
 871 00b3 898201   		.uleb128 0x4109
 872 00b6 01       		.byte	0x1
 873 00b7 11       		.uleb128 0x11
 874 00b8 01       		.uleb128 0x1
 875 00b9 31       		.uleb128 0x31
 876 00ba 13       		.uleb128 0x13
 877 00bb 01       		.uleb128 0x1
 878 00bc 13       		.uleb128 0x13
 879 00bd 00       		.byte	0
ARM GAS  C:\Users\miker\AppData\Local\Temp\cc9S37Ag.s 			page 18


 880 00be 00       		.byte	0
 881 00bf 0E       		.uleb128 0xe
 882 00c0 8A8201   		.uleb128 0x410a
 883 00c3 00       		.byte	0
 884 00c4 02       		.uleb128 0x2
 885 00c5 18       		.uleb128 0x18
 886 00c6 9142     		.uleb128 0x2111
 887 00c8 18       		.uleb128 0x18
 888 00c9 00       		.byte	0
 889 00ca 00       		.byte	0
 890 00cb 0F       		.uleb128 0xf
 891 00cc 898201   		.uleb128 0x4109
 892 00cf 01       		.byte	0x1
 893 00d0 11       		.uleb128 0x11
 894 00d1 01       		.uleb128 0x1
 895 00d2 31       		.uleb128 0x31
 896 00d3 13       		.uleb128 0x13
 897 00d4 00       		.byte	0
 898 00d5 00       		.byte	0
 899 00d6 10       		.uleb128 0x10
 900 00d7 2E       		.uleb128 0x2e
 901 00d8 01       		.byte	0x1
 902 00d9 3F       		.uleb128 0x3f
 903 00da 19       		.uleb128 0x19
 904 00db 03       		.uleb128 0x3
 905 00dc 0E       		.uleb128 0xe
 906 00dd 3A       		.uleb128 0x3a
 907 00de 0B       		.uleb128 0xb
 908 00df 3B       		.uleb128 0x3b
 909 00e0 0B       		.uleb128 0xb
 910 00e1 27       		.uleb128 0x27
 911 00e2 19       		.uleb128 0x19
 912 00e3 11       		.uleb128 0x11
 913 00e4 01       		.uleb128 0x1
 914 00e5 12       		.uleb128 0x12
 915 00e6 06       		.uleb128 0x6
 916 00e7 40       		.uleb128 0x40
 917 00e8 18       		.uleb128 0x18
 918 00e9 9742     		.uleb128 0x2117
 919 00eb 19       		.uleb128 0x19
 920 00ec 01       		.uleb128 0x1
 921 00ed 13       		.uleb128 0x13
 922 00ee 00       		.byte	0
 923 00ef 00       		.byte	0
 924 00f0 11       		.uleb128 0x11
 925 00f1 05       		.uleb128 0x5
 926 00f2 00       		.byte	0
 927 00f3 03       		.uleb128 0x3
 928 00f4 0E       		.uleb128 0xe
 929 00f5 3A       		.uleb128 0x3a
 930 00f6 0B       		.uleb128 0xb
 931 00f7 3B       		.uleb128 0x3b
 932 00f8 0B       		.uleb128 0xb
 933 00f9 49       		.uleb128 0x49
 934 00fa 13       		.uleb128 0x13
 935 00fb 02       		.uleb128 0x2
 936 00fc 17       		.uleb128 0x17
ARM GAS  C:\Users\miker\AppData\Local\Temp\cc9S37Ag.s 			page 19


 937 00fd 00       		.byte	0
 938 00fe 00       		.byte	0
 939 00ff 12       		.uleb128 0x12
 940 0100 34       		.uleb128 0x34
 941 0101 00       		.byte	0
 942 0102 03       		.uleb128 0x3
 943 0103 0E       		.uleb128 0xe
 944 0104 3A       		.uleb128 0x3a
 945 0105 0B       		.uleb128 0xb
 946 0106 3B       		.uleb128 0x3b
 947 0107 05       		.uleb128 0x5
 948 0108 49       		.uleb128 0x49
 949 0109 13       		.uleb128 0x13
 950 010a 3F       		.uleb128 0x3f
 951 010b 19       		.uleb128 0x19
 952 010c 3C       		.uleb128 0x3c
 953 010d 19       		.uleb128 0x19
 954 010e 00       		.byte	0
 955 010f 00       		.byte	0
 956 0110 13       		.uleb128 0x13
 957 0111 34       		.uleb128 0x34
 958 0112 00       		.byte	0
 959 0113 03       		.uleb128 0x3
 960 0114 08       		.uleb128 0x8
 961 0115 3A       		.uleb128 0x3a
 962 0116 0B       		.uleb128 0xb
 963 0117 3B       		.uleb128 0x3b
 964 0118 0B       		.uleb128 0xb
 965 0119 49       		.uleb128 0x49
 966 011a 13       		.uleb128 0x13
 967 011b 3F       		.uleb128 0x3f
 968 011c 19       		.uleb128 0x19
 969 011d 3C       		.uleb128 0x3c
 970 011e 19       		.uleb128 0x19
 971 011f 00       		.byte	0
 972 0120 00       		.byte	0
 973 0121 14       		.uleb128 0x14
 974 0122 01       		.uleb128 0x1
 975 0123 01       		.byte	0x1
 976 0124 49       		.uleb128 0x49
 977 0125 13       		.uleb128 0x13
 978 0126 01       		.uleb128 0x1
 979 0127 13       		.uleb128 0x13
 980 0128 00       		.byte	0
 981 0129 00       		.byte	0
 982 012a 15       		.uleb128 0x15
 983 012b 21       		.uleb128 0x21
 984 012c 00       		.byte	0
 985 012d 49       		.uleb128 0x49
 986 012e 13       		.uleb128 0x13
 987 012f 2F       		.uleb128 0x2f
 988 0130 0B       		.uleb128 0xb
 989 0131 00       		.byte	0
 990 0132 00       		.byte	0
 991 0133 16       		.uleb128 0x16
 992 0134 34       		.uleb128 0x34
 993 0135 00       		.byte	0
ARM GAS  C:\Users\miker\AppData\Local\Temp\cc9S37Ag.s 			page 20


 994 0136 03       		.uleb128 0x3
 995 0137 0E       		.uleb128 0xe
 996 0138 3A       		.uleb128 0x3a
 997 0139 0B       		.uleb128 0xb
 998 013a 3B       		.uleb128 0x3b
 999 013b 0B       		.uleb128 0xb
 1000 013c 49       		.uleb128 0x49
 1001 013d 13       		.uleb128 0x13
 1002 013e 3F       		.uleb128 0x3f
 1003 013f 19       		.uleb128 0x19
 1004 0140 02       		.uleb128 0x2
 1005 0141 18       		.uleb128 0x18
 1006 0142 00       		.byte	0
 1007 0143 00       		.byte	0
 1008 0144 17       		.uleb128 0x17
 1009 0145 2E       		.uleb128 0x2e
 1010 0146 00       		.byte	0
 1011 0147 3F       		.uleb128 0x3f
 1012 0148 19       		.uleb128 0x19
 1013 0149 03       		.uleb128 0x3
 1014 014a 0E       		.uleb128 0xe
 1015 014b 3A       		.uleb128 0x3a
 1016 014c 0B       		.uleb128 0xb
 1017 014d 3B       		.uleb128 0x3b
 1018 014e 0B       		.uleb128 0xb
 1019 014f 27       		.uleb128 0x27
 1020 0150 19       		.uleb128 0x19
 1021 0151 49       		.uleb128 0x49
 1022 0152 13       		.uleb128 0x13
 1023 0153 3C       		.uleb128 0x3c
 1024 0154 19       		.uleb128 0x19
 1025 0155 00       		.byte	0
 1026 0156 00       		.byte	0
 1027 0157 18       		.uleb128 0x18
 1028 0158 2E       		.uleb128 0x2e
 1029 0159 01       		.byte	0x1
 1030 015a 3F       		.uleb128 0x3f
 1031 015b 19       		.uleb128 0x19
 1032 015c 03       		.uleb128 0x3
 1033 015d 0E       		.uleb128 0xe
 1034 015e 3A       		.uleb128 0x3a
 1035 015f 0B       		.uleb128 0xb
 1036 0160 3B       		.uleb128 0x3b
 1037 0161 0B       		.uleb128 0xb
 1038 0162 27       		.uleb128 0x27
 1039 0163 19       		.uleb128 0x19
 1040 0164 3C       		.uleb128 0x3c
 1041 0165 19       		.uleb128 0x19
 1042 0166 01       		.uleb128 0x1
 1043 0167 13       		.uleb128 0x13
 1044 0168 00       		.byte	0
 1045 0169 00       		.byte	0
 1046 016a 19       		.uleb128 0x19
 1047 016b 05       		.uleb128 0x5
 1048 016c 00       		.byte	0
 1049 016d 49       		.uleb128 0x49
 1050 016e 13       		.uleb128 0x13
ARM GAS  C:\Users\miker\AppData\Local\Temp\cc9S37Ag.s 			page 21


 1051 016f 00       		.byte	0
 1052 0170 00       		.byte	0
 1053 0171 1A       		.uleb128 0x1a
 1054 0172 2E       		.uleb128 0x2e
 1055 0173 01       		.byte	0x1
 1056 0174 3F       		.uleb128 0x3f
 1057 0175 19       		.uleb128 0x19
 1058 0176 03       		.uleb128 0x3
 1059 0177 0E       		.uleb128 0xe
 1060 0178 3A       		.uleb128 0x3a
 1061 0179 0B       		.uleb128 0xb
 1062 017a 3B       		.uleb128 0x3b
 1063 017b 0B       		.uleb128 0xb
 1064 017c 3C       		.uleb128 0x3c
 1065 017d 19       		.uleb128 0x19
 1066 017e 00       		.byte	0
 1067 017f 00       		.byte	0
 1068 0180 1B       		.uleb128 0x1b
 1069 0181 18       		.uleb128 0x18
 1070 0182 00       		.byte	0
 1071 0183 00       		.byte	0
 1072 0184 00       		.byte	0
 1073 0185 00       		.byte	0
 1074              		.section	.debug_loc,"",%progbits
 1075              	.Ldebug_loc0:
 1076              	.LLST0:
 1077 0000 02000000 		.4byte	.LVL0
 1078 0004 0E000000 		.4byte	.LVL2
 1079 0008 0200     		.2byte	0x2
 1080 000a 30       		.byte	0x30
 1081 000b 9F       		.byte	0x9f
 1082 000c 0E000000 		.4byte	.LVL2
 1083 0010 1C000000 		.4byte	.LFE64
 1084 0014 0100     		.2byte	0x1
 1085 0016 54       		.byte	0x54
 1086 0017 00000000 		.4byte	0
 1087 001b 00000000 		.4byte	0
 1088              	.LLST1:
 1089 001f 00000000 		.4byte	.LVL7
 1090 0023 0F000000 		.4byte	.LVL8-1
 1091 0027 0100     		.2byte	0x1
 1092 0029 50       		.byte	0x50
 1093 002a 0F000000 		.4byte	.LVL8-1
 1094 002e 12000000 		.4byte	.LVL9
 1095 0032 0400     		.2byte	0x4
 1096 0034 F3       		.byte	0xf3
 1097 0035 01       		.uleb128 0x1
 1098 0036 50       		.byte	0x50
 1099 0037 9F       		.byte	0x9f
 1100 0038 12000000 		.4byte	.LVL9
 1101 003c 1A000000 		.4byte	.LVL10
 1102 0040 0100     		.2byte	0x1
 1103 0042 50       		.byte	0x50
 1104 0043 1A000000 		.4byte	.LVL10
 1105 0047 32000000 		.4byte	.LVL13
 1106 004b 0400     		.2byte	0x4
 1107 004d F3       		.byte	0xf3
ARM GAS  C:\Users\miker\AppData\Local\Temp\cc9S37Ag.s 			page 22


 1108 004e 01       		.uleb128 0x1
 1109 004f 50       		.byte	0x50
 1110 0050 9F       		.byte	0x9f
 1111 0051 32000000 		.4byte	.LVL13
 1112 0055 38000000 		.4byte	.LFE66
 1113 0059 0100     		.2byte	0x1
 1114 005b 50       		.byte	0x50
 1115 005c 00000000 		.4byte	0
 1116 0060 00000000 		.4byte	0
 1117              	.LLST2:
 1118 0064 00000000 		.4byte	.LVL15
 1119 0068 0F000000 		.4byte	.LVL16-1
 1120 006c 0100     		.2byte	0x1
 1121 006e 50       		.byte	0x50
 1122 006f 0F000000 		.4byte	.LVL16-1
 1123 0073 18000000 		.4byte	.LVL18
 1124 0077 0400     		.2byte	0x4
 1125 0079 F3       		.byte	0xf3
 1126 007a 01       		.uleb128 0x1
 1127 007b 50       		.byte	0x50
 1128 007c 9F       		.byte	0x9f
 1129 007d 18000000 		.4byte	.LVL18
 1130 0081 20000000 		.4byte	.LFE67
 1131 0085 0100     		.2byte	0x1
 1132 0087 50       		.byte	0x50
 1133 0088 00000000 		.4byte	0
 1134 008c 00000000 		.4byte	0
 1135              		.section	.debug_aranges,"",%progbits
 1136 0000 3C000000 		.4byte	0x3c
 1137 0004 0200     		.2byte	0x2
 1138 0006 00000000 		.4byte	.Ldebug_info0
 1139 000a 04       		.byte	0x4
 1140 000b 00       		.byte	0
 1141 000c 0000     		.2byte	0
 1142 000e 0000     		.2byte	0
 1143 0010 00000000 		.4byte	.LFB64
 1144 0014 1C000000 		.4byte	.LFE64-.LFB64
 1145 0018 00000000 		.4byte	.LFB65
 1146 001c 10000000 		.4byte	.LFE65-.LFB65
 1147 0020 00000000 		.4byte	.LFB66
 1148 0024 38000000 		.4byte	.LFE66-.LFB66
 1149 0028 00000000 		.4byte	.LFB63
 1150 002c 0A000000 		.4byte	.LFE63-.LFB63
 1151 0030 00000000 		.4byte	.LFB67
 1152 0034 20000000 		.4byte	.LFE67-.LFB67
 1153 0038 00000000 		.4byte	0
 1154 003c 00000000 		.4byte	0
 1155              		.section	.debug_ranges,"",%progbits
 1156              	.Ldebug_ranges0:
 1157 0000 00000000 		.4byte	.LFB64
 1158 0004 1C000000 		.4byte	.LFE64
 1159 0008 00000000 		.4byte	.LFB65
 1160 000c 10000000 		.4byte	.LFE65
 1161 0010 00000000 		.4byte	.LFB66
 1162 0014 38000000 		.4byte	.LFE66
 1163 0018 00000000 		.4byte	.LFB63
 1164 001c 0A000000 		.4byte	.LFE63
ARM GAS  C:\Users\miker\AppData\Local\Temp\cc9S37Ag.s 			page 23


 1165 0020 00000000 		.4byte	.LFB67
 1166 0024 20000000 		.4byte	.LFE67
 1167 0028 00000000 		.4byte	0
 1168 002c 00000000 		.4byte	0
 1169              		.section	.debug_line,"",%progbits
 1170              	.Ldebug_line0:
 1171 0000 11020000 		.section	.debug_str,"MS",%progbits,1
 1171      0200A901 
 1171      00000201 
 1171      FB0E0D00 
 1171      01010101 
 1172              	.LASF50:
 1173 0000 4D697374 		.ascii	"Mist_Coolant_Pin_Read\000"
 1173      5F436F6F 
 1173      6C616E74 
 1173      5F50696E 
 1173      5F526561 
 1174              	.LASF4:
 1175 0016 5F5F7569 		.ascii	"__uint8_t\000"
 1175      6E74385F 
 1175      7400
 1176              	.LASF28:
 1177 0020 7370696E 		.ascii	"spindle_speed_ovr\000"
 1177      646C655F 
 1177      73706565 
 1177      645F6F76 
 1177      7200
 1178              	.LASF19:
 1179 0032 73746174 		.ascii	"state\000"
 1179      6500
 1180              	.LASF46:
 1181 0038 7379735F 		.ascii	"sys_rt_exec_motion_override\000"
 1181      72745F65 
 1181      7865635F 
 1181      6D6F7469 
 1181      6F6E5F6F 
 1182              	.LASF5:
 1183 0054 5F5F696E 		.ascii	"__int32_t\000"
 1183      7433325F 
 1183      7400
 1184              	.LASF22:
 1185 005e 736F6674 		.ascii	"soft_limit\000"
 1185      5F6C696D 
 1185      697400
 1186              	.LASF57:
 1187 0069 70726F74 		.ascii	"protocol_buffer_synchronize\000"
 1187      6F636F6C 
 1187      5F627566 
 1187      6665725F 
 1187      73796E63 
 1188              	.LASF52:
 1189 0085 4D697374 		.ascii	"Mist_Coolant_Pin_Write\000"
 1189      5F436F6F 
 1189      6C616E74 
 1189      5F50696E 
 1189      5F577269 
 1190              	.LASF37:
ARM GAS  C:\Users\miker\AppData\Local\Temp\cc9S37Ag.s 			page 24


 1191 009c 636F6F6C 		.ascii	"coolant_init\000"
 1191      616E745F 
 1191      696E6974 
 1191      00
 1192              	.LASF48:
 1193 00a9 65786563 		.ascii	"exec_lcd_status\000"
 1193      5F6C6364 
 1193      5F737461 
 1193      74757300 
 1194              	.LASF14:
 1195 00b9 666C6F61 		.ascii	"float\000"
 1195      7400
 1196              	.LASF43:
 1197 00bf 7379735F 		.ascii	"sys_probe_state\000"
 1197      70726F62 
 1197      655F7374 
 1197      61746500 
 1198              	.LASF0:
 1199 00cf 7369676E 		.ascii	"signed char\000"
 1199      65642063 
 1199      68617200 
 1200              	.LASF54:
 1201 00db 636F6F6C 		.ascii	"coolant_control.c\000"
 1201      616E745F 
 1201      636F6E74 
 1201      726F6C2E 
 1201      6300
 1202              	.LASF1:
 1203 00ed 756E7369 		.ascii	"unsigned char\000"
 1203      676E6564 
 1203      20636861 
 1203      7200
 1204              	.LASF33:
 1205 00fb 73797374 		.ascii	"system_t\000"
 1205      656D5F74 
 1205      00
 1206              	.LASF7:
 1207 0104 6C6F6E67 		.ascii	"long unsigned int\000"
 1207      20756E73 
 1207      69676E65 
 1207      6420696E 
 1207      7400
 1208              	.LASF3:
 1209 0116 73686F72 		.ascii	"short unsigned int\000"
 1209      7420756E 
 1209      7369676E 
 1209      65642069 
 1209      6E7400
 1210              	.LASF26:
 1211 0129 665F6F76 		.ascii	"f_override\000"
 1211      65727269 
 1211      646500
 1212              	.LASF35:
 1213 0134 636F6F6C 		.ascii	"coolant_set_state\000"
 1213      616E745F 
 1213      7365745F 
 1213      73746174 
ARM GAS  C:\Users\miker\AppData\Local\Temp\cc9S37Ag.s 			page 25


 1213      6500
 1214              	.LASF40:
 1215 0146 49544D5F 		.ascii	"ITM_RxBuffer\000"
 1215      52784275 
 1215      66666572 
 1215      00
 1216              	.LASF15:
 1217 0153 646F7562 		.ascii	"double\000"
 1217      6C6500
 1218              	.LASF13:
 1219 015a 75696E74 		.ascii	"uint8\000"
 1219      3800
 1220              	.LASF36:
 1221 0160 636F6F6C 		.ascii	"coolant_stop\000"
 1221      616E745F 
 1221      73746F70 
 1221      00
 1222              	.LASF47:
 1223 016d 7379735F 		.ascii	"sys_rt_exec_accessory_override\000"
 1223      72745F65 
 1223      7865635F 
 1223      61636365 
 1223      73736F72 
 1224              	.LASF42:
 1225 018c 7379735F 		.ascii	"sys_probe_position\000"
 1225      70726F62 
 1225      655F706F 
 1225      73697469 
 1225      6F6E00
 1226              	.LASF25:
 1227 019f 686F6D69 		.ascii	"homing_axis_lock\000"
 1227      6E675F61 
 1227      7869735F 
 1227      6C6F636B 
 1227      00
 1228              	.LASF53:
 1229 01b0 474E5520 		.ascii	"GNU C 4.9.3 20150303 (release) [ARM/embedded-4_9-br"
 1229      4320342E 
 1229      392E3320 
 1229      32303135 
 1229      30333033 
 1230 01e3 616E6368 		.ascii	"anch revision 221220] -mcpu=cortex-m3 -mthumb -g -O"
 1230      20726576 
 1230      6973696F 
 1230      6E203232 
 1230      31323230 
 1231 0216 67202D66 		.ascii	"g -ffunction-sections -ffat-lto-objects\000"
 1231      66756E63 
 1231      74696F6E 
 1231      2D736563 
 1231      74696F6E 
 1232              	.LASF10:
 1233 023e 756E7369 		.ascii	"unsigned int\000"
 1233      676E6564 
 1233      20696E74 
 1233      00
 1234              	.LASF9:
ARM GAS  C:\Users\miker\AppData\Local\Temp\cc9S37Ag.s 			page 26


 1235 024b 6C6F6E67 		.ascii	"long long unsigned int\000"
 1235      206C6F6E 
 1235      6720756E 
 1235      7369676E 
 1235      65642069 
 1236              	.LASF11:
 1237 0262 75696E74 		.ascii	"uint8_t\000"
 1237      385F7400 
 1238              	.LASF39:
 1239 026a 6D6F6465 		.ascii	"mode\000"
 1239      00
 1240              	.LASF56:
 1241 026f 636C5F73 		.ascii	"cl_state\000"
 1241      74617465 
 1241      00
 1242              	.LASF12:
 1243 0278 696E7433 		.ascii	"int32_t\000"
 1243      325F7400 
 1244              	.LASF17:
 1245 0280 73697A65 		.ascii	"sizetype\000"
 1245      74797065 
 1245      00
 1246              	.LASF23:
 1247 0289 73746570 		.ascii	"step_control\000"
 1247      5F636F6E 
 1247      74726F6C 
 1247      00
 1248              	.LASF27:
 1249 0296 725F6F76 		.ascii	"r_override\000"
 1249      65727269 
 1249      646500
 1250              	.LASF8:
 1251 02a1 6C6F6E67 		.ascii	"long long int\000"
 1251      206C6F6E 
 1251      6720696E 
 1251      7400
 1252              	.LASF41:
 1253 02af 7379735F 		.ascii	"sys_position\000"
 1253      706F7369 
 1253      74696F6E 
 1253      00
 1254              	.LASF16:
 1255 02bc 63686172 		.ascii	"char\000"
 1255      00
 1256              	.LASF51:
 1257 02c1 466C6F6F 		.ascii	"Flood_Coolant_Pin_Write\000"
 1257      645F436F 
 1257      6F6C616E 
 1257      745F5069 
 1257      6E5F5772 
 1258              	.LASF38:
 1259 02d9 636F6F6C 		.ascii	"coolant_sync\000"
 1259      616E745F 
 1259      73796E63 
 1259      00
 1260              	.LASF30:
 1261 02e6 7265706F 		.ascii	"report_ovr_counter\000"
ARM GAS  C:\Users\miker\AppData\Local\Temp\cc9S37Ag.s 			page 27


 1261      72745F6F 
 1261      76725F63 
 1261      6F756E74 
 1261      657200
 1262              	.LASF32:
 1263 02f9 7370696E 		.ascii	"spindle_speed\000"
 1263      646C655F 
 1263      73706565 
 1263      6400
 1264              	.LASF55:
 1265 0307 433A5C55 		.ascii	"C:\\Users\\miker\\Documents\\My Libraries\\Code_Rep"
 1265      73657273 
 1265      5C6D696B 
 1265      65725C44 
 1265      6F63756D 
 1266 0335 6F5C5053 		.ascii	"o\\PSoC_Grbl\\PSoC_Grbl.cydsn\000"
 1266      6F435F47 
 1266      72626C5C 
 1266      50536F43 
 1266      5F477262 
 1267              	.LASF2:
 1268 0351 73686F72 		.ascii	"short int\000"
 1268      7420696E 
 1268      7400
 1269              	.LASF31:
 1270 035b 7265706F 		.ascii	"report_wco_counter\000"
 1270      72745F77 
 1270      636F5F63 
 1270      6F756E74 
 1270      657200
 1271              	.LASF49:
 1272 036e 466C6F6F 		.ascii	"Flood_Coolant_Pin_Read\000"
 1272      645F436F 
 1272      6F6C616E 
 1272      745F5069 
 1272      6E5F5265 
 1273              	.LASF45:
 1274 0385 7379735F 		.ascii	"sys_rt_exec_alarm\000"
 1274      72745F65 
 1274      7865635F 
 1274      616C6172 
 1274      6D00
 1275              	.LASF6:
 1276 0397 6C6F6E67 		.ascii	"long int\000"
 1276      20696E74 
 1276      00
 1277              	.LASF29:
 1278 03a0 7370696E 		.ascii	"spindle_stop_ovr\000"
 1278      646C655F 
 1278      73746F70 
 1278      5F6F7672 
 1278      00
 1279              	.LASF20:
 1280 03b1 61626F72 		.ascii	"abort\000"
 1280      7400
 1281              	.LASF18:
 1282 03b7 6C6F6E67 		.ascii	"long double\000"
ARM GAS  C:\Users\miker\AppData\Local\Temp\cc9S37Ag.s 			page 28


 1282      20646F75 
 1282      626C6500 
 1283              	.LASF21:
 1284 03c3 73757370 		.ascii	"suspend\000"
 1284      656E6400 
 1285              	.LASF34:
 1286 03cb 636F6F6C 		.ascii	"coolant_get_state\000"
 1286      616E745F 
 1286      6765745F 
 1286      73746174 
 1286      6500
 1287              	.LASF44:
 1288 03dd 7379735F 		.ascii	"sys_rt_exec_state\000"
 1288      72745F65 
 1288      7865635F 
 1288      73746174 
 1288      6500
 1289              	.LASF24:
 1290 03ef 70726F62 		.ascii	"probe_succeeded\000"
 1290      655F7375 
 1290      63636565 
 1290      64656400 
 1291              		.ident	"GCC: (GNU Tools for ARM Embedded Processors) 4.9.3 20150303 (release) [ARM/embedded-4_9-br
