ARM GAS  C:\Users\miker\AppData\Local\Temp\ccrUC3n8.s 			page 1


   1              		.syntax unified
   2              		.cpu cortex-m3
   3              		.fpu softvfp
   4              		.eabi_attribute 20, 1
   5              		.eabi_attribute 21, 1
   6              		.eabi_attribute 23, 3
   7              		.eabi_attribute 24, 1
   8              		.eabi_attribute 25, 1
   9              		.eabi_attribute 26, 1
  10              		.eabi_attribute 30, 1
  11              		.eabi_attribute 34, 1
  12              		.eabi_attribute 18, 4
  13              		.thumb
  14              		.file	"jog.c"
  15              		.text
  16              	.Ltext0:
  17              		.cfi_sections	.debug_frame
  18              		.section	.text.jog_execute,"ax",%progbits
  19              		.align	2
  20              		.global	jog_execute
  21              		.thumb
  22              		.thumb_func
  23              		.type	jog_execute, %function
  24              	jog_execute:
  25              	.LFB63:
  26              		.file 1 "jog.c"
   1:jog.c         **** /*
   2:jog.c         ****   jog.h - Jogging methods
   3:jog.c         ****   Part of Grbl
   4:jog.c         **** 
   5:jog.c         ****   Copyright (c) 2016 Sungeun K. Jeon for Gnea Research LLC
   6:jog.c         **** 
   7:jog.c         ****   Grbl is free software: you can redistribute it and/or modify
   8:jog.c         ****   it under the terms of the GNU General Public License as published by
   9:jog.c         ****   the Free Software Foundation, either version 3 of the License, or
  10:jog.c         ****   (at your option) any later version.
  11:jog.c         **** 
  12:jog.c         ****   Grbl is distributed in the hope that it will be useful,
  13:jog.c         ****   but WITHOUT ANY WARRANTY; without even the implied warranty of
  14:jog.c         ****   MERCHANTABILITY or FITNESS FOR A PARTICULAR PURPOSE.  See the
  15:jog.c         ****   GNU General Public License for more details.
  16:jog.c         **** 
  17:jog.c         ****   You should have received a copy of the GNU General Public License
  18:jog.c         ****   along with Grbl.  If not, see <http://www.gnu.org/licenses/>.
  19:jog.c         **** */
  20:jog.c         **** 
  21:jog.c         **** #include "grbl.h"
  22:jog.c         **** 
  23:jog.c         **** 
  24:jog.c         **** // Sets up valid jog motion received from g-code parser, checks for soft-limits, and executes the j
  25:jog.c         **** uint8_t jog_execute(plan_line_data_t *pl_data, parser_block_t *gc_block)
  26:jog.c         **** {
  27              		.loc 1 26 0
  28              		.cfi_startproc
  29              		@ args = 0, pretend = 0, frame = 0
  30              		@ frame_needed = 0, uses_anonymous_args = 0
  31              	.LVL0:
ARM GAS  C:\Users\miker\AppData\Local\Temp\ccrUC3n8.s 			page 2


  32 0000 38B5     		push	{r3, r4, r5, lr}
  33              		.cfi_def_cfa_offset 16
  34              		.cfi_offset 3, -16
  35              		.cfi_offset 4, -12
  36              		.cfi_offset 5, -8
  37              		.cfi_offset 14, -4
  38 0002 0446     		mov	r4, r0
  39 0004 0D46     		mov	r5, r1
  27:jog.c         ****   // Initialize planner data struct for jogging motions.
  28:jog.c         ****   // NOTE: Spindle and coolant are allowed to fully function with overrides during a jog.
  29:jog.c         ****   pl_data->feed_rate = gc_block->values.f;
  40              		.loc 1 29 0
  41 0006 CB68     		ldr	r3, [r1, #12]	@ float
  42 0008 0360     		str	r3, [r0]	@ float
  30:jog.c         ****   pl_data->condition |= PL_COND_FLAG_NO_FEED_OVERRIDE;
  43              		.loc 1 30 0
  44 000a 037A     		ldrb	r3, [r0, #8]	@ zero_extendqisi2
  45 000c 43F00403 		orr	r3, r3, #4
  46 0010 0372     		strb	r3, [r0, #8]
  31:jog.c         ****   #ifdef USE_LINE_NUMBERS
  32:jog.c         ****     pl_data->line_number = gc_block->values.n;
  33:jog.c         ****   #endif
  34:jog.c         **** 
  35:jog.c         ****   if (bit_istrue(settings.flags,BITFLAG_SOFT_LIMIT_ENABLE)) {
  47              		.loc 1 35 0
  48 0012 114B     		ldr	r3, .L7
  49 0014 93F84830 		ldrb	r3, [r3, #72]	@ zero_extendqisi2
  50 0018 13F0200F 		tst	r3, #32
  51 001c 04D0     		beq	.L2
  36:jog.c         ****     if (system_check_travel_limits(gc_block->values.xyz)) { return(STATUS_TRAVEL_EXCEEDED); }
  52              		.loc 1 36 0
  53 001e 01F13400 		add	r0, r1, #52
  54              	.LVL1:
  55 0022 FFF7FEFF 		bl	system_check_travel_limits
  56              	.LVL2:
  57 0026 90B9     		cbnz	r0, .L4
  58              	.L2:
  37:jog.c         ****   }
  38:jog.c         **** 
  39:jog.c         ****   // Valid jog command. Plan, set state, and execute.
  40:jog.c         ****   mc_line(gc_block->values.xyz,pl_data);
  59              		.loc 1 40 0
  60 0028 05F13400 		add	r0, r5, #52
  61 002c 2146     		mov	r1, r4
  62 002e FFF7FEFF 		bl	mc_line
  63              	.LVL3:
  41:jog.c         ****   if (sys.state == STATE_IDLE) {
  64              		.loc 1 41 0
  65 0032 0A4B     		ldr	r3, .L7+4
  66 0034 1C78     		ldrb	r4, [r3]	@ zero_extendqisi2
  67              	.LVL4:
  68 0036 64B9     		cbnz	r4, .L5
  42:jog.c         ****     if (plan_get_current_block() != NULL) { // Check if there is a block to execute.
  69              		.loc 1 42 0
  70 0038 FFF7FEFF 		bl	plan_get_current_block
  71              	.LVL5:
  72 003c 50B1     		cbz	r0, .L3
ARM GAS  C:\Users\miker\AppData\Local\Temp\ccrUC3n8.s 			page 3


  43:jog.c         ****       sys.state = STATE_JOG;
  73              		.loc 1 43 0
  74 003e 2022     		movs	r2, #32
  75 0040 064B     		ldr	r3, .L7+4
  76 0042 1A70     		strb	r2, [r3]
  44:jog.c         ****       st_prep_buffer();
  77              		.loc 1 44 0
  78 0044 FFF7FEFF 		bl	st_prep_buffer
  79              	.LVL6:
  45:jog.c         ****       st_wake_up();  // NOTE: Manual start. No state machine required.
  80              		.loc 1 45 0
  81 0048 FFF7FEFF 		bl	st_wake_up
  82              	.LVL7:
  83 004c 02E0     		b	.L3
  84              	.LVL8:
  85              	.L4:
  36:jog.c         ****   }
  86              		.loc 1 36 0
  87 004e 0F24     		movs	r4, #15
  88              	.LVL9:
  89 0050 00E0     		b	.L3
  90              	.L5:
  46:jog.c         ****     }
  47:jog.c         ****   }
  48:jog.c         **** 
  49:jog.c         ****   return(STATUS_OK);
  91              		.loc 1 49 0
  92 0052 0024     		movs	r4, #0
  93              	.L3:
  50:jog.c         **** }
  94              		.loc 1 50 0
  95 0054 2046     		mov	r0, r4
  96 0056 38BD     		pop	{r3, r4, r5, pc}
  97              	.LVL10:
  98              	.L8:
  99              		.align	2
 100              	.L7:
 101 0058 00000000 		.word	settings
 102 005c 00000000 		.word	sys
 103              		.cfi_endproc
 104              	.LFE63:
 105              		.size	jog_execute, .-jog_execute
 106              		.comm	exec_lcd_status,1,1
 107              		.comm	sys_rt_exec_accessory_override,1,1
 108              		.comm	sys_rt_exec_motion_override,1,1
 109              		.comm	sys_rt_exec_alarm,1,1
 110              		.comm	sys_rt_exec_state,1,1
 111              		.comm	sys_probe_state,1,1
 112              		.comm	sys_probe_position,12,4
 113              		.comm	sys_position,12,4
 114              		.text
 115              	.Letext0:
 116              		.file 2 "c:\\program files (x86)\\cypress\\psoc creator\\4.0\\psoc creator\\import\\gnu\\arm\\4.9.
 117              		.file 3 "c:\\program files (x86)\\cypress\\psoc creator\\4.0\\psoc creator\\import\\gnu\\arm\\4.9.
 118              		.file 4 "settings.h"
 119              		.file 5 "system.h"
 120              		.file 6 "planner.h"
ARM GAS  C:\Users\miker\AppData\Local\Temp\ccrUC3n8.s 			page 4


 121              		.file 7 "gcode.h"
 122              		.file 8 "Generated_Source\\PSoC5/core_cm3.h"
 123              		.file 9 "lcd_report.h"
 124              		.file 10 "motion_control.h"
 125              		.file 11 "stepper.h"
 126              		.section	.debug_info,"",%progbits
 127              	.Ldebug_info0:
 128 0000 78060000 		.4byte	0x678
 129 0004 0400     		.2byte	0x4
 130 0006 00000000 		.4byte	.Ldebug_abbrev0
 131 000a 04       		.byte	0x4
 132 000b 01       		.uleb128 0x1
 133 000c D7040000 		.4byte	.LASF99
 134 0010 01       		.byte	0x1
 135 0011 56040000 		.4byte	.LASF100
 136 0015 F1050000 		.4byte	.LASF101
 137 0019 00000000 		.4byte	.Ldebug_ranges0+0
 138 001d 00000000 		.4byte	0
 139 0021 00000000 		.4byte	.Ldebug_line0
 140 0025 02       		.uleb128 0x2
 141 0026 01       		.byte	0x1
 142 0027 06       		.byte	0x6
 143 0028 6D010000 		.4byte	.LASF0
 144 002c 03       		.uleb128 0x3
 145 002d FD010000 		.4byte	.LASF3
 146 0031 02       		.byte	0x2
 147 0032 1D       		.byte	0x1d
 148 0033 37000000 		.4byte	0x37
 149 0037 02       		.uleb128 0x2
 150 0038 01       		.byte	0x1
 151 0039 08       		.byte	0x8
 152 003a 35020000 		.4byte	.LASF1
 153 003e 02       		.uleb128 0x2
 154 003f 02       		.byte	0x2
 155 0040 05       		.byte	0x5
 156 0041 64000000 		.4byte	.LASF2
 157 0045 03       		.uleb128 0x3
 158 0046 CB000000 		.4byte	.LASF4
 159 004a 02       		.byte	0x2
 160 004b 2B       		.byte	0x2b
 161 004c 50000000 		.4byte	0x50
 162 0050 02       		.uleb128 0x2
 163 0051 02       		.byte	0x2
 164 0052 07       		.byte	0x7
 165 0053 DD030000 		.4byte	.LASF5
 166 0057 03       		.uleb128 0x3
 167 0058 BA040000 		.4byte	.LASF6
 168 005c 02       		.byte	0x2
 169 005d 3F       		.byte	0x3f
 170 005e 62000000 		.4byte	0x62
 171 0062 02       		.uleb128 0x2
 172 0063 04       		.byte	0x4
 173 0064 05       		.byte	0x5
 174 0065 AD030000 		.4byte	.LASF7
 175 0069 03       		.uleb128 0x3
 176 006a 99040000 		.4byte	.LASF8
 177 006e 02       		.byte	0x2
ARM GAS  C:\Users\miker\AppData\Local\Temp\ccrUC3n8.s 			page 5


 178 006f 41       		.byte	0x41
 179 0070 74000000 		.4byte	0x74
 180 0074 02       		.uleb128 0x2
 181 0075 04       		.byte	0x4
 182 0076 07       		.byte	0x7
 183 0077 6D040000 		.4byte	.LASF9
 184 007b 02       		.uleb128 0x2
 185 007c 08       		.byte	0x8
 186 007d 05       		.byte	0x5
 187 007e A1010000 		.4byte	.LASF10
 188 0082 02       		.uleb128 0x2
 189 0083 08       		.byte	0x8
 190 0084 07       		.byte	0x7
 191 0085 94020000 		.4byte	.LASF11
 192 0089 04       		.uleb128 0x4
 193 008a 04       		.byte	0x4
 194 008b 05       		.byte	0x5
 195 008c 696E7400 		.ascii	"int\000"
 196 0090 02       		.uleb128 0x2
 197 0091 04       		.byte	0x4
 198 0092 07       		.byte	0x7
 199 0093 C0020000 		.4byte	.LASF12
 200 0097 03       		.uleb128 0x3
 201 0098 30010000 		.4byte	.LASF13
 202 009c 03       		.byte	0x3
 203 009d 15       		.byte	0x15
 204 009e 2C000000 		.4byte	0x2c
 205 00a2 03       		.uleb128 0x3
 206 00a3 4D040000 		.4byte	.LASF14
 207 00a7 03       		.byte	0x3
 208 00a8 21       		.byte	0x21
 209 00a9 45000000 		.4byte	0x45
 210 00ad 03       		.uleb128 0x3
 211 00ae D5030000 		.4byte	.LASF15
 212 00b2 03       		.byte	0x3
 213 00b3 2C       		.byte	0x2c
 214 00b4 57000000 		.4byte	0x57
 215 00b8 03       		.uleb128 0x3
 216 00b9 AB020000 		.4byte	.LASF16
 217 00bd 03       		.byte	0x3
 218 00be 2D       		.byte	0x2d
 219 00bf 69000000 		.4byte	0x69
 220 00c3 02       		.uleb128 0x2
 221 00c4 04       		.byte	0x4
 222 00c5 04       		.byte	0x4
 223 00c6 86010000 		.4byte	.LASF17
 224 00ca 02       		.uleb128 0x2
 225 00cb 08       		.byte	0x8
 226 00cc 04       		.byte	0x4
 227 00cd 7F040000 		.4byte	.LASF18
 228 00d1 02       		.uleb128 0x2
 229 00d2 01       		.byte	0x1
 230 00d3 08       		.byte	0x8
 231 00d4 9F030000 		.4byte	.LASF19
 232 00d8 02       		.uleb128 0x2
 233 00d9 04       		.byte	0x4
 234 00da 07       		.byte	0x7
ARM GAS  C:\Users\miker\AppData\Local\Temp\ccrUC3n8.s 			page 6


 235 00db 82000000 		.4byte	.LASF20
 236 00df 05       		.uleb128 0x5
 237 00e0 97000000 		.4byte	0x97
 238 00e4 02       		.uleb128 0x2
 239 00e5 08       		.byte	0x8
 240 00e6 04       		.byte	0x4
 241 00e7 59020000 		.4byte	.LASF21
 242 00eb 06       		.uleb128 0x6
 243 00ec 5C       		.byte	0x5c
 244 00ed 04       		.byte	0x4
 245 00ee 4F       		.byte	0x4f
 246 00ef D8010000 		.4byte	0x1d8
 247 00f3 07       		.uleb128 0x7
 248 00f4 F0010000 		.4byte	.LASF22
 249 00f8 04       		.byte	0x4
 250 00f9 51       		.byte	0x51
 251 00fa D8010000 		.4byte	0x1d8
 252 00fe 00       		.byte	0
 253 00ff 07       		.uleb128 0x7
 254 0100 CD050000 		.4byte	.LASF23
 255 0104 04       		.byte	0x4
 256 0105 52       		.byte	0x52
 257 0106 D8010000 		.4byte	0x1d8
 258 010a 0C       		.byte	0xc
 259 010b 07       		.uleb128 0x7
 260 010c 31000000 		.4byte	.LASF24
 261 0110 04       		.byte	0x4
 262 0111 53       		.byte	0x53
 263 0112 D8010000 		.4byte	0x1d8
 264 0116 18       		.byte	0x18
 265 0117 07       		.uleb128 0x7
 266 0118 65050000 		.4byte	.LASF25
 267 011c 04       		.byte	0x4
 268 011d 54       		.byte	0x54
 269 011e D8010000 		.4byte	0x1d8
 270 0122 24       		.byte	0x24
 271 0123 07       		.uleb128 0x7
 272 0124 3A040000 		.4byte	.LASF26
 273 0128 04       		.byte	0x4
 274 0129 57       		.byte	0x57
 275 012a 97000000 		.4byte	0x97
 276 012e 30       		.byte	0x30
 277 012f 07       		.uleb128 0x7
 278 0130 BC050000 		.4byte	.LASF27
 279 0134 04       		.byte	0x4
 280 0135 58       		.byte	0x58
 281 0136 97000000 		.4byte	0x97
 282 013a 31       		.byte	0x31
 283 013b 07       		.uleb128 0x7
 284 013c C5030000 		.4byte	.LASF28
 285 0140 04       		.byte	0x4
 286 0141 59       		.byte	0x59
 287 0142 97000000 		.4byte	0x97
 288 0146 32       		.byte	0x32
 289 0147 07       		.uleb128 0x7
 290 0148 FA000000 		.4byte	.LASF29
 291 014c 04       		.byte	0x4
ARM GAS  C:\Users\miker\AppData\Local\Temp\ccrUC3n8.s 			page 7


 292 014d 5A       		.byte	0x5a
 293 014e 97000000 		.4byte	0x97
 294 0152 33       		.byte	0x33
 295 0153 07       		.uleb128 0x7
 296 0154 36030000 		.4byte	.LASF30
 297 0158 04       		.byte	0x4
 298 0159 5B       		.byte	0x5b
 299 015a 97000000 		.4byte	0x97
 300 015e 34       		.byte	0x34
 301 015f 07       		.uleb128 0x7
 302 0160 C4040000 		.4byte	.LASF31
 303 0164 04       		.byte	0x4
 304 0165 5C       		.byte	0x5c
 305 0166 C3000000 		.4byte	0xc3
 306 016a 38       		.byte	0x38
 307 016b 07       		.uleb128 0x7
 308 016c 43020000 		.4byte	.LASF32
 309 0170 04       		.byte	0x4
 310 0171 5D       		.byte	0x5d
 311 0172 C3000000 		.4byte	0xc3
 312 0176 3C       		.byte	0x3c
 313 0177 07       		.uleb128 0x7
 314 0178 FC030000 		.4byte	.LASF33
 315 017c 04       		.byte	0x4
 316 017d 5F       		.byte	0x5f
 317 017e C3000000 		.4byte	0xc3
 318 0182 40       		.byte	0x40
 319 0183 07       		.uleb128 0x7
 320 0184 B6000000 		.4byte	.LASF34
 321 0188 04       		.byte	0x4
 322 0189 60       		.byte	0x60
 323 018a C3000000 		.4byte	0xc3
 324 018e 44       		.byte	0x44
 325 018f 07       		.uleb128 0x7
 326 0190 8E020000 		.4byte	.LASF35
 327 0194 04       		.byte	0x4
 328 0195 62       		.byte	0x62
 329 0196 97000000 		.4byte	0x97
 330 019a 48       		.byte	0x48
 331 019b 07       		.uleb128 0x7
 332 019c 6C020000 		.4byte	.LASF36
 333 01a0 04       		.byte	0x4
 334 01a1 64       		.byte	0x64
 335 01a2 97000000 		.4byte	0x97
 336 01a6 49       		.byte	0x49
 337 01a7 07       		.uleb128 0x7
 338 01a8 7D050000 		.4byte	.LASF37
 339 01ac 04       		.byte	0x4
 340 01ad 65       		.byte	0x65
 341 01ae C3000000 		.4byte	0xc3
 342 01b2 4C       		.byte	0x4c
 343 01b3 07       		.uleb128 0x7
 344 01b4 F6020000 		.4byte	.LASF38
 345 01b8 04       		.byte	0x4
 346 01b9 66       		.byte	0x66
 347 01ba C3000000 		.4byte	0xc3
 348 01be 50       		.byte	0x50
ARM GAS  C:\Users\miker\AppData\Local\Temp\ccrUC3n8.s 			page 8


 349 01bf 07       		.uleb128 0x7
 350 01c0 24040000 		.4byte	.LASF39
 351 01c4 04       		.byte	0x4
 352 01c5 67       		.byte	0x67
 353 01c6 A2000000 		.4byte	0xa2
 354 01ca 54       		.byte	0x54
 355 01cb 07       		.uleb128 0x7
 356 01cc 53010000 		.4byte	.LASF40
 357 01d0 04       		.byte	0x4
 358 01d1 68       		.byte	0x68
 359 01d2 C3000000 		.4byte	0xc3
 360 01d6 58       		.byte	0x58
 361 01d7 00       		.byte	0
 362 01d8 08       		.uleb128 0x8
 363 01d9 C3000000 		.4byte	0xc3
 364 01dd E8010000 		.4byte	0x1e8
 365 01e1 09       		.uleb128 0x9
 366 01e2 D8000000 		.4byte	0xd8
 367 01e6 02       		.byte	0x2
 368 01e7 00       		.byte	0
 369 01e8 03       		.uleb128 0x3
 370 01e9 62010000 		.4byte	.LASF41
 371 01ed 04       		.byte	0x4
 372 01ee 69       		.byte	0x69
 373 01ef EB000000 		.4byte	0xeb
 374 01f3 06       		.uleb128 0x6
 375 01f4 14       		.byte	0x14
 376 01f5 05       		.byte	0x5
 377 01f6 80       		.byte	0x80
 378 01f7 A4020000 		.4byte	0x2a4
 379 01fb 07       		.uleb128 0x7
 380 01fc 3E000000 		.4byte	.LASF42
 381 0200 05       		.byte	0x5
 382 0201 81       		.byte	0x81
 383 0202 97000000 		.4byte	0x97
 384 0206 00       		.byte	0
 385 0207 07       		.uleb128 0x7
 386 0208 88020000 		.4byte	.LASF43
 387 020c 05       		.byte	0x5
 388 020d 82       		.byte	0x82
 389 020e 97000000 		.4byte	0x97
 390 0212 01       		.byte	0x1
 391 0213 07       		.uleb128 0x7
 392 0214 11040000 		.4byte	.LASF44
 393 0218 05       		.byte	0x5
 394 0219 83       		.byte	0x83
 395 021a 97000000 		.4byte	0x97
 396 021e 02       		.byte	0x2
 397 021f 07       		.uleb128 0x7
 398 0220 19040000 		.4byte	.LASF45
 399 0224 05       		.byte	0x5
 400 0225 84       		.byte	0x84
 401 0226 97000000 		.4byte	0x97
 402 022a 03       		.byte	0x3
 403 022b 07       		.uleb128 0x7
 404 022c 04040000 		.4byte	.LASF46
 405 0230 05       		.byte	0x5
ARM GAS  C:\Users\miker\AppData\Local\Temp\ccrUC3n8.s 			page 9


 406 0231 85       		.byte	0x85
 407 0232 97000000 		.4byte	0x97
 408 0236 04       		.byte	0x4
 409 0237 07       		.uleb128 0x7
 410 0238 1A020000 		.4byte	.LASF47
 411 023c 05       		.byte	0x5
 412 023d 86       		.byte	0x86
 413 023e 97000000 		.4byte	0x97
 414 0242 05       		.byte	0x5
 415 0243 07       		.uleb128 0x7
 416 0244 49030000 		.4byte	.LASF48
 417 0248 05       		.byte	0x5
 418 0249 87       		.byte	0x87
 419 024a 97000000 		.4byte	0x97
 420 024e 06       		.byte	0x6
 421 024f 07       		.uleb128 0x7
 422 0250 DD020000 		.4byte	.LASF49
 423 0254 05       		.byte	0x5
 424 0255 88       		.byte	0x88
 425 0256 97000000 		.4byte	0x97
 426 025a 07       		.byte	0x7
 427 025b 07       		.uleb128 0x7
 428 025c 8E050000 		.4byte	.LASF50
 429 0260 05       		.byte	0x5
 430 0261 89       		.byte	0x89
 431 0262 97000000 		.4byte	0x97
 432 0266 08       		.byte	0x8
 433 0267 07       		.uleb128 0x7
 434 0268 AF010000 		.4byte	.LASF51
 435 026c 05       		.byte	0x5
 436 026d 8A       		.byte	0x8a
 437 026e 97000000 		.4byte	0x97
 438 0272 09       		.byte	0x9
 439 0273 07       		.uleb128 0x7
 440 0274 5C040000 		.4byte	.LASF52
 441 0278 05       		.byte	0x5
 442 0279 8B       		.byte	0x8b
 443 027a 97000000 		.4byte	0x97
 444 027e 0A       		.byte	0xa
 445 027f 07       		.uleb128 0x7
 446 0280 07020000 		.4byte	.LASF53
 447 0284 05       		.byte	0x5
 448 0285 8C       		.byte	0x8c
 449 0286 97000000 		.4byte	0x97
 450 028a 0B       		.byte	0xb
 451 028b 07       		.uleb128 0x7
 452 028c A9050000 		.4byte	.LASF54
 453 0290 05       		.byte	0x5
 454 0291 8D       		.byte	0x8d
 455 0292 97000000 		.4byte	0x97
 456 0296 0C       		.byte	0xc
 457 0297 07       		.uleb128 0x7
 458 0298 E8020000 		.4byte	.LASF55
 459 029c 05       		.byte	0x5
 460 029d 8F       		.byte	0x8f
 461 029e C3000000 		.4byte	0xc3
 462 02a2 10       		.byte	0x10
ARM GAS  C:\Users\miker\AppData\Local\Temp\ccrUC3n8.s 			page 10


 463 02a3 00       		.byte	0
 464 02a4 03       		.uleb128 0x3
 465 02a5 8B000000 		.4byte	.LASF56
 466 02a9 05       		.byte	0x5
 467 02aa 91       		.byte	0x91
 468 02ab F3010000 		.4byte	0x1f3
 469 02af 06       		.uleb128 0x6
 470 02b0 34       		.byte	0x34
 471 02b1 06       		.byte	0x6
 472 02b2 39       		.byte	0x39
 473 02b3 48030000 		.4byte	0x348
 474 02b7 07       		.uleb128 0x7
 475 02b8 64030000 		.4byte	.LASF57
 476 02bc 06       		.byte	0x6
 477 02bd 3C       		.byte	0x3c
 478 02be 48030000 		.4byte	0x348
 479 02c2 00       		.byte	0
 480 02c3 07       		.uleb128 0x7
 481 02c4 44000000 		.4byte	.LASF58
 482 02c8 06       		.byte	0x6
 483 02c9 3D       		.byte	0x3d
 484 02ca B8000000 		.4byte	0xb8
 485 02ce 0C       		.byte	0xc
 486 02cf 07       		.uleb128 0x7
 487 02d0 B6030000 		.4byte	.LASF59
 488 02d4 06       		.byte	0x6
 489 02d5 3E       		.byte	0x3e
 490 02d6 97000000 		.4byte	0x97
 491 02da 10       		.byte	0x10
 492 02db 07       		.uleb128 0x7
 493 02dc 7C030000 		.4byte	.LASF60
 494 02e0 06       		.byte	0x6
 495 02e1 41       		.byte	0x41
 496 02e2 97000000 		.4byte	0x97
 497 02e6 11       		.byte	0x11
 498 02e7 07       		.uleb128 0x7
 499 02e8 CD020000 		.4byte	.LASF61
 500 02ec 06       		.byte	0x6
 501 02ed 48       		.byte	0x48
 502 02ee C3000000 		.4byte	0xc3
 503 02f2 14       		.byte	0x14
 504 02f3 07       		.uleb128 0x7
 505 02f4 6E000000 		.4byte	.LASF62
 506 02f8 06       		.byte	0x6
 507 02f9 49       		.byte	0x49
 508 02fa C3000000 		.4byte	0xc3
 509 02fe 18       		.byte	0x18
 510 02ff 07       		.uleb128 0x7
 511 0300 31000000 		.4byte	.LASF24
 512 0304 06       		.byte	0x6
 513 0305 4B       		.byte	0x4b
 514 0306 C3000000 		.4byte	0xc3
 515 030a 1C       		.byte	0x1c
 516 030b 07       		.uleb128 0x7
 517 030c F0030000 		.4byte	.LASF63
 518 0310 06       		.byte	0x6
 519 0311 4C       		.byte	0x4c
ARM GAS  C:\Users\miker\AppData\Local\Temp\ccrUC3n8.s 			page 11


 520 0312 C3000000 		.4byte	0xc3
 521 0316 20       		.byte	0x20
 522 0317 07       		.uleb128 0x7
 523 0318 E3000000 		.4byte	.LASF64
 524 031c 06       		.byte	0x6
 525 031d 50       		.byte	0x50
 526 031e C3000000 		.4byte	0xc3
 527 0322 24       		.byte	0x24
 528 0323 07       		.uleb128 0x7
 529 0324 94000000 		.4byte	.LASF65
 530 0328 06       		.byte	0x6
 531 0329 51       		.byte	0x51
 532 032a C3000000 		.4byte	0xc3
 533 032e 28       		.byte	0x28
 534 032f 07       		.uleb128 0x7
 535 0330 AA040000 		.4byte	.LASF66
 536 0334 06       		.byte	0x6
 537 0335 52       		.byte	0x52
 538 0336 C3000000 		.4byte	0xc3
 539 033a 2C       		.byte	0x2c
 540 033b 07       		.uleb128 0x7
 541 033c E8020000 		.4byte	.LASF55
 542 0340 06       		.byte	0x6
 543 0341 56       		.byte	0x56
 544 0342 C3000000 		.4byte	0xc3
 545 0346 30       		.byte	0x30
 546 0347 00       		.byte	0
 547 0348 08       		.uleb128 0x8
 548 0349 B8000000 		.4byte	0xb8
 549 034d 58030000 		.4byte	0x358
 550 0351 09       		.uleb128 0x9
 551 0352 D8000000 		.4byte	0xd8
 552 0356 02       		.byte	0x2
 553 0357 00       		.byte	0
 554 0358 03       		.uleb128 0x3
 555 0359 D6000000 		.4byte	.LASF67
 556 035d 06       		.byte	0x6
 557 035e 58       		.byte	0x58
 558 035f AF020000 		.4byte	0x2af
 559 0363 06       		.uleb128 0x6
 560 0364 0C       		.byte	0xc
 561 0365 06       		.byte	0x6
 562 0366 5C       		.byte	0x5c
 563 0367 90030000 		.4byte	0x390
 564 036b 07       		.uleb128 0x7
 565 036c 5A030000 		.4byte	.LASF68
 566 0370 06       		.byte	0x6
 567 0371 5D       		.byte	0x5d
 568 0372 C3000000 		.4byte	0xc3
 569 0376 00       		.byte	0
 570 0377 07       		.uleb128 0x7
 571 0378 E8020000 		.4byte	.LASF55
 572 037c 06       		.byte	0x6
 573 037d 5E       		.byte	0x5e
 574 037e C3000000 		.4byte	0xc3
 575 0382 04       		.byte	0x4
 576 0383 07       		.uleb128 0x7
ARM GAS  C:\Users\miker\AppData\Local\Temp\ccrUC3n8.s 			page 12


 577 0384 7C030000 		.4byte	.LASF60
 578 0388 06       		.byte	0x6
 579 0389 5F       		.byte	0x5f
 580 038a 97000000 		.4byte	0x97
 581 038e 08       		.byte	0x8
 582 038f 00       		.byte	0
 583 0390 03       		.uleb128 0x3
 584 0391 8E030000 		.4byte	.LASF69
 585 0395 06       		.byte	0x6
 586 0396 63       		.byte	0x63
 587 0397 63030000 		.4byte	0x363
 588 039b 06       		.uleb128 0x6
 589 039c 0A       		.byte	0xa
 590 039d 07       		.byte	0x7
 591 039e B1       		.byte	0xb1
 592 039f 1C040000 		.4byte	0x41c
 593 03a3 07       		.uleb128 0x7
 594 03a4 65020000 		.4byte	.LASF70
 595 03a8 07       		.byte	0x7
 596 03a9 B2       		.byte	0xb2
 597 03aa 97000000 		.4byte	0x97
 598 03ae 00       		.byte	0
 599 03af 07       		.uleb128 0x7
 600 03b0 5A030000 		.4byte	.LASF68
 601 03b4 07       		.byte	0x7
 602 03b5 B3       		.byte	0xb3
 603 03b6 97000000 		.4byte	0x97
 604 03ba 01       		.byte	0x1
 605 03bb 07       		.uleb128 0x7
 606 03bc A4040000 		.4byte	.LASF71
 607 03c0 07       		.byte	0x7
 608 03c1 B4       		.byte	0xb4
 609 03c2 97000000 		.4byte	0x97
 610 03c6 02       		.byte	0x2
 611 03c7 07       		.uleb128 0x7
 612 03c8 A4030000 		.4byte	.LASF72
 613 03cc 07       		.byte	0x7
 614 03cd B5       		.byte	0xb5
 615 03ce 97000000 		.4byte	0x97
 616 03d2 03       		.byte	0x3
 617 03d3 07       		.uleb128 0x7
 618 03d4 BE000000 		.4byte	.LASF73
 619 03d8 07       		.byte	0x7
 620 03d9 B7       		.byte	0xb7
 621 03da 97000000 		.4byte	0x97
 622 03de 04       		.byte	0x4
 623 03df 07       		.uleb128 0x7
 624 03e0 8C010000 		.4byte	.LASF74
 625 03e4 07       		.byte	0x7
 626 03e5 B9       		.byte	0xb9
 627 03e6 97000000 		.4byte	0x97
 628 03ea 05       		.byte	0x5
 629 03eb 07       		.uleb128 0x7
 630 03ec 70050000 		.4byte	.LASF75
 631 03f0 07       		.byte	0x7
 632 03f1 BA       		.byte	0xba
 633 03f2 97000000 		.4byte	0x97
ARM GAS  C:\Users\miker\AppData\Local\Temp\ccrUC3n8.s 			page 13


 634 03f6 06       		.byte	0x6
 635 03f7 07       		.uleb128 0x7
 636 03f8 79010000 		.4byte	.LASF76
 637 03fc 07       		.byte	0x7
 638 03fd BC       		.byte	0xbc
 639 03fe 97000000 		.4byte	0x97
 640 0402 07       		.byte	0x7
 641 0403 07       		.uleb128 0x7
 642 0404 51020000 		.4byte	.LASF77
 643 0408 07       		.byte	0x7
 644 0409 BD       		.byte	0xbd
 645 040a 97000000 		.4byte	0x97
 646 040e 08       		.byte	0x8
 647 040f 07       		.uleb128 0x7
 648 0410 86030000 		.4byte	.LASF78
 649 0414 07       		.byte	0x7
 650 0415 BE       		.byte	0xbe
 651 0416 97000000 		.4byte	0x97
 652 041a 09       		.byte	0x9
 653 041b 00       		.byte	0
 654 041c 03       		.uleb128 0x3
 655 041d 2A020000 		.4byte	.LASF79
 656 0421 07       		.byte	0x7
 657 0422 BF       		.byte	0xbf
 658 0423 9B030000 		.4byte	0x39b
 659 0427 06       		.uleb128 0x6
 660 0428 34       		.byte	0x34
 661 0429 07       		.byte	0x7
 662 042a C1       		.byte	0xc1
 663 042b 8E040000 		.4byte	0x48e
 664 042f 0A       		.uleb128 0xa
 665 0430 6600     		.ascii	"f\000"
 666 0432 07       		.byte	0x7
 667 0433 C2       		.byte	0xc2
 668 0434 C3000000 		.4byte	0xc3
 669 0438 00       		.byte	0
 670 0439 0A       		.uleb128 0xa
 671 043a 696A6B00 		.ascii	"ijk\000"
 672 043e 07       		.byte	0x7
 673 043f C3       		.byte	0xc3
 674 0440 D8010000 		.4byte	0x1d8
 675 0444 04       		.byte	0x4
 676 0445 0A       		.uleb128 0xa
 677 0446 6C00     		.ascii	"l\000"
 678 0448 07       		.byte	0x7
 679 0449 C4       		.byte	0xc4
 680 044a 97000000 		.4byte	0x97
 681 044e 10       		.byte	0x10
 682 044f 0A       		.uleb128 0xa
 683 0450 6E00     		.ascii	"n\000"
 684 0452 07       		.byte	0x7
 685 0453 C5       		.byte	0xc5
 686 0454 AD000000 		.4byte	0xad
 687 0458 14       		.byte	0x14
 688 0459 0A       		.uleb128 0xa
 689 045a 7000     		.ascii	"p\000"
 690 045c 07       		.byte	0x7
ARM GAS  C:\Users\miker\AppData\Local\Temp\ccrUC3n8.s 			page 14


 691 045d C6       		.byte	0xc6
 692 045e C3000000 		.4byte	0xc3
 693 0462 18       		.byte	0x18
 694 0463 0A       		.uleb128 0xa
 695 0464 7200     		.ascii	"r\000"
 696 0466 07       		.byte	0x7
 697 0467 C8       		.byte	0xc8
 698 0468 C3000000 		.4byte	0xc3
 699 046c 1C       		.byte	0x1c
 700 046d 0A       		.uleb128 0xa
 701 046e 7300     		.ascii	"s\000"
 702 0470 07       		.byte	0x7
 703 0471 C9       		.byte	0xc9
 704 0472 C3000000 		.4byte	0xc3
 705 0476 20       		.byte	0x20
 706 0477 0A       		.uleb128 0xa
 707 0478 7400     		.ascii	"t\000"
 708 047a 07       		.byte	0x7
 709 047b CA       		.byte	0xca
 710 047c 97000000 		.4byte	0x97
 711 0480 24       		.byte	0x24
 712 0481 0A       		.uleb128 0xa
 713 0482 78797A00 		.ascii	"xyz\000"
 714 0486 07       		.byte	0x7
 715 0487 CB       		.byte	0xcb
 716 0488 D8010000 		.4byte	0x1d8
 717 048c 28       		.byte	0x28
 718 048d 00       		.byte	0
 719 048e 03       		.uleb128 0x3
 720 048f B4020000 		.4byte	.LASF80
 721 0493 07       		.byte	0x7
 722 0494 CC       		.byte	0xcc
 723 0495 27040000 		.4byte	0x427
 724 0499 06       		.uleb128 0x6
 725 049a 40       		.byte	0x40
 726 049b 07       		.byte	0x7
 727 049c E2       		.byte	0xe2
 728 049d C6040000 		.4byte	0x4c6
 729 04a1 07       		.uleb128 0x7
 730 04a2 C1010000 		.4byte	.LASF81
 731 04a6 07       		.byte	0x7
 732 04a7 E3       		.byte	0xe3
 733 04a8 97000000 		.4byte	0x97
 734 04ac 00       		.byte	0
 735 04ad 07       		.uleb128 0x7
 736 04ae 86040000 		.4byte	.LASF82
 737 04b2 07       		.byte	0x7
 738 04b3 E4       		.byte	0xe4
 739 04b4 1C040000 		.4byte	0x41c
 740 04b8 01       		.byte	0x1
 741 04b9 07       		.uleb128 0x7
 742 04ba 6A030000 		.4byte	.LASF83
 743 04be 07       		.byte	0x7
 744 04bf E5       		.byte	0xe5
 745 04c0 8E040000 		.4byte	0x48e
 746 04c4 0C       		.byte	0xc
 747 04c5 00       		.byte	0
ARM GAS  C:\Users\miker\AppData\Local\Temp\ccrUC3n8.s 			page 15


 748 04c6 03       		.uleb128 0x3
 749 04c7 11010000 		.4byte	.LASF84
 750 04cb 07       		.byte	0x7
 751 04cc E6       		.byte	0xe6
 752 04cd 99040000 		.4byte	0x499
 753 04d1 0B       		.uleb128 0xb
 754 04d2 7C020000 		.4byte	.LASF102
 755 04d6 01       		.byte	0x1
 756 04d7 19       		.byte	0x19
 757 04d8 97000000 		.4byte	0x97
 758 04dc 00000000 		.4byte	.LFB63
 759 04e0 60000000 		.4byte	.LFE63-.LFB63
 760 04e4 01       		.uleb128 0x1
 761 04e5 9C       		.byte	0x9c
 762 04e6 52050000 		.4byte	0x552
 763 04ea 0C       		.uleb128 0xc
 764 04eb A1050000 		.4byte	.LASF85
 765 04ef 01       		.byte	0x1
 766 04f0 19       		.byte	0x19
 767 04f1 52050000 		.4byte	0x552
 768 04f5 00000000 		.4byte	.LLST0
 769 04f9 0C       		.uleb128 0xc
 770 04fa E8050000 		.4byte	.LASF86
 771 04fe 01       		.byte	0x1
 772 04ff 19       		.byte	0x19
 773 0500 58050000 		.4byte	0x558
 774 0504 45000000 		.4byte	.LLST1
 775 0508 0D       		.uleb128 0xd
 776 0509 26000000 		.4byte	.LVL2
 777 050d 1D060000 		.4byte	0x61d
 778 0511 1C050000 		.4byte	0x51c
 779 0515 0E       		.uleb128 0xe
 780 0516 01       		.uleb128 0x1
 781 0517 50       		.byte	0x50
 782 0518 02       		.uleb128 0x2
 783 0519 75       		.byte	0x75
 784 051a 34       		.sleb128 52
 785 051b 00       		.byte	0
 786 051c 0D       		.uleb128 0xd
 787 051d 32000000 		.4byte	.LVL3
 788 0521 38060000 		.4byte	0x638
 789 0525 36050000 		.4byte	0x536
 790 0529 0E       		.uleb128 0xe
 791 052a 01       		.uleb128 0x1
 792 052b 51       		.byte	0x51
 793 052c 02       		.uleb128 0x2
 794 052d 74       		.byte	0x74
 795 052e 00       		.sleb128 0
 796 052f 0E       		.uleb128 0xe
 797 0530 01       		.uleb128 0x1
 798 0531 50       		.byte	0x50
 799 0532 02       		.uleb128 0x2
 800 0533 75       		.byte	0x75
 801 0534 34       		.sleb128 52
 802 0535 00       		.byte	0
 803 0536 0F       		.uleb128 0xf
 804 0537 3C000000 		.4byte	.LVL5
ARM GAS  C:\Users\miker\AppData\Local\Temp\ccrUC3n8.s 			page 16


 805 053b 4E060000 		.4byte	0x64e
 806 053f 0F       		.uleb128 0xf
 807 0540 48000000 		.4byte	.LVL6
 808 0544 65060000 		.4byte	0x665
 809 0548 0F       		.uleb128 0xf
 810 0549 4C000000 		.4byte	.LVL7
 811 054d 72060000 		.4byte	0x672
 812 0551 00       		.byte	0
 813 0552 10       		.uleb128 0x10
 814 0553 04       		.byte	0x4
 815 0554 90030000 		.4byte	0x390
 816 0558 10       		.uleb128 0x10
 817 0559 04       		.byte	0x4
 818 055a C6040000 		.4byte	0x4c6
 819 055e 11       		.uleb128 0x11
 820 055f 8C040000 		.4byte	.LASF87
 821 0563 08       		.byte	0x8
 822 0564 9606     		.2byte	0x696
 823 0566 6A050000 		.4byte	0x56a
 824 056a 05       		.uleb128 0x5
 825 056b AD000000 		.4byte	0xad
 826 056f 12       		.uleb128 0x12
 827 0570 98010000 		.4byte	.LASF88
 828 0574 04       		.byte	0x4
 829 0575 6A       		.byte	0x6a
 830 0576 E8010000 		.4byte	0x1e8
 831 057a 13       		.uleb128 0x13
 832 057b 73797300 		.ascii	"sys\000"
 833 057f 05       		.byte	0x5
 834 0580 92       		.byte	0x92
 835 0581 A4020000 		.4byte	0x2a4
 836 0585 08       		.uleb128 0x8
 837 0586 AD000000 		.4byte	0xad
 838 058a 95050000 		.4byte	0x595
 839 058e 09       		.uleb128 0x9
 840 058f D8000000 		.4byte	0xd8
 841 0593 02       		.byte	0x2
 842 0594 00       		.byte	0
 843 0595 14       		.uleb128 0x14
 844 0596 D3010000 		.4byte	.LASF89
 845 059a 05       		.byte	0x5
 846 059b 95       		.byte	0x95
 847 059c 85050000 		.4byte	0x585
 848 05a0 05       		.uleb128 0x5
 849 05a1 03       		.byte	0x3
 850 05a2 00000000 		.4byte	sys_position
 851 05a6 14       		.uleb128 0x14
 852 05a7 07030000 		.4byte	.LASF90
 853 05ab 05       		.byte	0x5
 854 05ac 96       		.byte	0x96
 855 05ad 85050000 		.4byte	0x585
 856 05b1 05       		.uleb128 0x5
 857 05b2 03       		.byte	0x3
 858 05b3 00000000 		.4byte	sys_probe_position
 859 05b7 14       		.uleb128 0x14
 860 05b8 20010000 		.4byte	.LASF91
 861 05bc 05       		.byte	0x5
ARM GAS  C:\Users\miker\AppData\Local\Temp\ccrUC3n8.s 			page 17


 862 05bd 98       		.byte	0x98
 863 05be DF000000 		.4byte	0xdf
 864 05c2 05       		.uleb128 0x5
 865 05c3 03       		.byte	0x3
 866 05c4 00000000 		.4byte	sys_probe_state
 867 05c8 14       		.uleb128 0x14
 868 05c9 D6050000 		.4byte	.LASF92
 869 05cd 05       		.byte	0x5
 870 05ce 99       		.byte	0x99
 871 05cf DF000000 		.4byte	0xdf
 872 05d3 05       		.uleb128 0x5
 873 05d4 03       		.byte	0x3
 874 05d5 00000000 		.4byte	sys_rt_exec_state
 875 05d9 14       		.uleb128 0x14
 876 05da 00000000 		.4byte	.LASF93
 877 05de 05       		.byte	0x5
 878 05df 9A       		.byte	0x9a
 879 05e0 DF000000 		.4byte	0xdf
 880 05e4 05       		.uleb128 0x5
 881 05e5 03       		.byte	0x3
 882 05e6 00000000 		.4byte	sys_rt_exec_alarm
 883 05ea 14       		.uleb128 0x14
 884 05eb 1A030000 		.4byte	.LASF94
 885 05ef 05       		.byte	0x5
 886 05f0 9B       		.byte	0x9b
 887 05f1 DF000000 		.4byte	0xdf
 888 05f5 05       		.uleb128 0x5
 889 05f6 03       		.byte	0x3
 890 05f7 00000000 		.4byte	sys_rt_exec_motion_override
 891 05fb 14       		.uleb128 0x14
 892 05fc 12000000 		.4byte	.LASF95
 893 0600 05       		.byte	0x5
 894 0601 9C       		.byte	0x9c
 895 0602 DF000000 		.4byte	0xdf
 896 0606 05       		.uleb128 0x5
 897 0607 03       		.byte	0x3
 898 0608 00000000 		.4byte	sys_rt_exec_accessory_override
 899 060c 14       		.uleb128 0x14
 900 060d E0010000 		.4byte	.LASF96
 901 0611 09       		.byte	0x9
 902 0612 11       		.byte	0x11
 903 0613 97000000 		.4byte	0x97
 904 0617 05       		.uleb128 0x5
 905 0618 03       		.byte	0x3
 906 0619 00000000 		.4byte	exec_lcd_status
 907 061d 15       		.uleb128 0x15
 908 061e 38010000 		.4byte	.LASF103
 909 0622 05       		.byte	0x5
 910 0623 C2       		.byte	0xc2
 911 0624 97000000 		.4byte	0x97
 912 0628 32060000 		.4byte	0x632
 913 062c 16       		.uleb128 0x16
 914 062d 32060000 		.4byte	0x632
 915 0631 00       		.byte	0
 916 0632 10       		.uleb128 0x10
 917 0633 04       		.byte	0x4
 918 0634 C3000000 		.4byte	0xc3
ARM GAS  C:\Users\miker\AppData\Local\Temp\ccrUC3n8.s 			page 18


 919 0638 17       		.uleb128 0x17
 920 0639 99050000 		.4byte	.LASF97
 921 063d 0A       		.byte	0xa
 922 063e 2C       		.byte	0x2c
 923 063f 4E060000 		.4byte	0x64e
 924 0643 16       		.uleb128 0x16
 925 0644 32060000 		.4byte	0x632
 926 0648 16       		.uleb128 0x16
 927 0649 52050000 		.4byte	0x552
 928 064d 00       		.byte	0
 929 064e 18       		.uleb128 0x18
 930 064f 9F000000 		.4byte	.LASF98
 931 0653 06       		.byte	0x6
 932 0654 77       		.byte	0x77
 933 0655 5F060000 		.4byte	0x65f
 934 0659 5F060000 		.4byte	0x65f
 935 065d 19       		.uleb128 0x19
 936 065e 00       		.byte	0
 937 065f 10       		.uleb128 0x10
 938 0660 04       		.byte	0x4
 939 0661 58030000 		.4byte	0x358
 940 0665 1A       		.uleb128 0x1a
 941 0666 55000000 		.4byte	.LASF104
 942 066a 0B       		.byte	0xb
 943 066b 35       		.byte	0x35
 944 066c 72060000 		.4byte	0x672
 945 0670 19       		.uleb128 0x19
 946 0671 00       		.byte	0
 947 0672 1B       		.uleb128 0x1b
 948 0673 71030000 		.4byte	.LASF105
 949 0677 0B       		.byte	0xb
 950 0678 23       		.byte	0x23
 951 0679 19       		.uleb128 0x19
 952 067a 00       		.byte	0
 953 067b 00       		.byte	0
 954              		.section	.debug_abbrev,"",%progbits
 955              	.Ldebug_abbrev0:
 956 0000 01       		.uleb128 0x1
 957 0001 11       		.uleb128 0x11
 958 0002 01       		.byte	0x1
 959 0003 25       		.uleb128 0x25
 960 0004 0E       		.uleb128 0xe
 961 0005 13       		.uleb128 0x13
 962 0006 0B       		.uleb128 0xb
 963 0007 03       		.uleb128 0x3
 964 0008 0E       		.uleb128 0xe
 965 0009 1B       		.uleb128 0x1b
 966 000a 0E       		.uleb128 0xe
 967 000b 55       		.uleb128 0x55
 968 000c 17       		.uleb128 0x17
 969 000d 11       		.uleb128 0x11
 970 000e 01       		.uleb128 0x1
 971 000f 10       		.uleb128 0x10
 972 0010 17       		.uleb128 0x17
 973 0011 00       		.byte	0
 974 0012 00       		.byte	0
 975 0013 02       		.uleb128 0x2
ARM GAS  C:\Users\miker\AppData\Local\Temp\ccrUC3n8.s 			page 19


 976 0014 24       		.uleb128 0x24
 977 0015 00       		.byte	0
 978 0016 0B       		.uleb128 0xb
 979 0017 0B       		.uleb128 0xb
 980 0018 3E       		.uleb128 0x3e
 981 0019 0B       		.uleb128 0xb
 982 001a 03       		.uleb128 0x3
 983 001b 0E       		.uleb128 0xe
 984 001c 00       		.byte	0
 985 001d 00       		.byte	0
 986 001e 03       		.uleb128 0x3
 987 001f 16       		.uleb128 0x16
 988 0020 00       		.byte	0
 989 0021 03       		.uleb128 0x3
 990 0022 0E       		.uleb128 0xe
 991 0023 3A       		.uleb128 0x3a
 992 0024 0B       		.uleb128 0xb
 993 0025 3B       		.uleb128 0x3b
 994 0026 0B       		.uleb128 0xb
 995 0027 49       		.uleb128 0x49
 996 0028 13       		.uleb128 0x13
 997 0029 00       		.byte	0
 998 002a 00       		.byte	0
 999 002b 04       		.uleb128 0x4
 1000 002c 24       		.uleb128 0x24
 1001 002d 00       		.byte	0
 1002 002e 0B       		.uleb128 0xb
 1003 002f 0B       		.uleb128 0xb
 1004 0030 3E       		.uleb128 0x3e
 1005 0031 0B       		.uleb128 0xb
 1006 0032 03       		.uleb128 0x3
 1007 0033 08       		.uleb128 0x8
 1008 0034 00       		.byte	0
 1009 0035 00       		.byte	0
 1010 0036 05       		.uleb128 0x5
 1011 0037 35       		.uleb128 0x35
 1012 0038 00       		.byte	0
 1013 0039 49       		.uleb128 0x49
 1014 003a 13       		.uleb128 0x13
 1015 003b 00       		.byte	0
 1016 003c 00       		.byte	0
 1017 003d 06       		.uleb128 0x6
 1018 003e 13       		.uleb128 0x13
 1019 003f 01       		.byte	0x1
 1020 0040 0B       		.uleb128 0xb
 1021 0041 0B       		.uleb128 0xb
 1022 0042 3A       		.uleb128 0x3a
 1023 0043 0B       		.uleb128 0xb
 1024 0044 3B       		.uleb128 0x3b
 1025 0045 0B       		.uleb128 0xb
 1026 0046 01       		.uleb128 0x1
 1027 0047 13       		.uleb128 0x13
 1028 0048 00       		.byte	0
 1029 0049 00       		.byte	0
 1030 004a 07       		.uleb128 0x7
 1031 004b 0D       		.uleb128 0xd
 1032 004c 00       		.byte	0
ARM GAS  C:\Users\miker\AppData\Local\Temp\ccrUC3n8.s 			page 20


 1033 004d 03       		.uleb128 0x3
 1034 004e 0E       		.uleb128 0xe
 1035 004f 3A       		.uleb128 0x3a
 1036 0050 0B       		.uleb128 0xb
 1037 0051 3B       		.uleb128 0x3b
 1038 0052 0B       		.uleb128 0xb
 1039 0053 49       		.uleb128 0x49
 1040 0054 13       		.uleb128 0x13
 1041 0055 38       		.uleb128 0x38
 1042 0056 0B       		.uleb128 0xb
 1043 0057 00       		.byte	0
 1044 0058 00       		.byte	0
 1045 0059 08       		.uleb128 0x8
 1046 005a 01       		.uleb128 0x1
 1047 005b 01       		.byte	0x1
 1048 005c 49       		.uleb128 0x49
 1049 005d 13       		.uleb128 0x13
 1050 005e 01       		.uleb128 0x1
 1051 005f 13       		.uleb128 0x13
 1052 0060 00       		.byte	0
 1053 0061 00       		.byte	0
 1054 0062 09       		.uleb128 0x9
 1055 0063 21       		.uleb128 0x21
 1056 0064 00       		.byte	0
 1057 0065 49       		.uleb128 0x49
 1058 0066 13       		.uleb128 0x13
 1059 0067 2F       		.uleb128 0x2f
 1060 0068 0B       		.uleb128 0xb
 1061 0069 00       		.byte	0
 1062 006a 00       		.byte	0
 1063 006b 0A       		.uleb128 0xa
 1064 006c 0D       		.uleb128 0xd
 1065 006d 00       		.byte	0
 1066 006e 03       		.uleb128 0x3
 1067 006f 08       		.uleb128 0x8
 1068 0070 3A       		.uleb128 0x3a
 1069 0071 0B       		.uleb128 0xb
 1070 0072 3B       		.uleb128 0x3b
 1071 0073 0B       		.uleb128 0xb
 1072 0074 49       		.uleb128 0x49
 1073 0075 13       		.uleb128 0x13
 1074 0076 38       		.uleb128 0x38
 1075 0077 0B       		.uleb128 0xb
 1076 0078 00       		.byte	0
 1077 0079 00       		.byte	0
 1078 007a 0B       		.uleb128 0xb
 1079 007b 2E       		.uleb128 0x2e
 1080 007c 01       		.byte	0x1
 1081 007d 3F       		.uleb128 0x3f
 1082 007e 19       		.uleb128 0x19
 1083 007f 03       		.uleb128 0x3
 1084 0080 0E       		.uleb128 0xe
 1085 0081 3A       		.uleb128 0x3a
 1086 0082 0B       		.uleb128 0xb
 1087 0083 3B       		.uleb128 0x3b
 1088 0084 0B       		.uleb128 0xb
 1089 0085 27       		.uleb128 0x27
ARM GAS  C:\Users\miker\AppData\Local\Temp\ccrUC3n8.s 			page 21


 1090 0086 19       		.uleb128 0x19
 1091 0087 49       		.uleb128 0x49
 1092 0088 13       		.uleb128 0x13
 1093 0089 11       		.uleb128 0x11
 1094 008a 01       		.uleb128 0x1
 1095 008b 12       		.uleb128 0x12
 1096 008c 06       		.uleb128 0x6
 1097 008d 40       		.uleb128 0x40
 1098 008e 18       		.uleb128 0x18
 1099 008f 9742     		.uleb128 0x2117
 1100 0091 19       		.uleb128 0x19
 1101 0092 01       		.uleb128 0x1
 1102 0093 13       		.uleb128 0x13
 1103 0094 00       		.byte	0
 1104 0095 00       		.byte	0
 1105 0096 0C       		.uleb128 0xc
 1106 0097 05       		.uleb128 0x5
 1107 0098 00       		.byte	0
 1108 0099 03       		.uleb128 0x3
 1109 009a 0E       		.uleb128 0xe
 1110 009b 3A       		.uleb128 0x3a
 1111 009c 0B       		.uleb128 0xb
 1112 009d 3B       		.uleb128 0x3b
 1113 009e 0B       		.uleb128 0xb
 1114 009f 49       		.uleb128 0x49
 1115 00a0 13       		.uleb128 0x13
 1116 00a1 02       		.uleb128 0x2
 1117 00a2 17       		.uleb128 0x17
 1118 00a3 00       		.byte	0
 1119 00a4 00       		.byte	0
 1120 00a5 0D       		.uleb128 0xd
 1121 00a6 898201   		.uleb128 0x4109
 1122 00a9 01       		.byte	0x1
 1123 00aa 11       		.uleb128 0x11
 1124 00ab 01       		.uleb128 0x1
 1125 00ac 31       		.uleb128 0x31
 1126 00ad 13       		.uleb128 0x13
 1127 00ae 01       		.uleb128 0x1
 1128 00af 13       		.uleb128 0x13
 1129 00b0 00       		.byte	0
 1130 00b1 00       		.byte	0
 1131 00b2 0E       		.uleb128 0xe
 1132 00b3 8A8201   		.uleb128 0x410a
 1133 00b6 00       		.byte	0
 1134 00b7 02       		.uleb128 0x2
 1135 00b8 18       		.uleb128 0x18
 1136 00b9 9142     		.uleb128 0x2111
 1137 00bb 18       		.uleb128 0x18
 1138 00bc 00       		.byte	0
 1139 00bd 00       		.byte	0
 1140 00be 0F       		.uleb128 0xf
 1141 00bf 898201   		.uleb128 0x4109
 1142 00c2 00       		.byte	0
 1143 00c3 11       		.uleb128 0x11
 1144 00c4 01       		.uleb128 0x1
 1145 00c5 31       		.uleb128 0x31
 1146 00c6 13       		.uleb128 0x13
ARM GAS  C:\Users\miker\AppData\Local\Temp\ccrUC3n8.s 			page 22


 1147 00c7 00       		.byte	0
 1148 00c8 00       		.byte	0
 1149 00c9 10       		.uleb128 0x10
 1150 00ca 0F       		.uleb128 0xf
 1151 00cb 00       		.byte	0
 1152 00cc 0B       		.uleb128 0xb
 1153 00cd 0B       		.uleb128 0xb
 1154 00ce 49       		.uleb128 0x49
 1155 00cf 13       		.uleb128 0x13
 1156 00d0 00       		.byte	0
 1157 00d1 00       		.byte	0
 1158 00d2 11       		.uleb128 0x11
 1159 00d3 34       		.uleb128 0x34
 1160 00d4 00       		.byte	0
 1161 00d5 03       		.uleb128 0x3
 1162 00d6 0E       		.uleb128 0xe
 1163 00d7 3A       		.uleb128 0x3a
 1164 00d8 0B       		.uleb128 0xb
 1165 00d9 3B       		.uleb128 0x3b
 1166 00da 05       		.uleb128 0x5
 1167 00db 49       		.uleb128 0x49
 1168 00dc 13       		.uleb128 0x13
 1169 00dd 3F       		.uleb128 0x3f
 1170 00de 19       		.uleb128 0x19
 1171 00df 3C       		.uleb128 0x3c
 1172 00e0 19       		.uleb128 0x19
 1173 00e1 00       		.byte	0
 1174 00e2 00       		.byte	0
 1175 00e3 12       		.uleb128 0x12
 1176 00e4 34       		.uleb128 0x34
 1177 00e5 00       		.byte	0
 1178 00e6 03       		.uleb128 0x3
 1179 00e7 0E       		.uleb128 0xe
 1180 00e8 3A       		.uleb128 0x3a
 1181 00e9 0B       		.uleb128 0xb
 1182 00ea 3B       		.uleb128 0x3b
 1183 00eb 0B       		.uleb128 0xb
 1184 00ec 49       		.uleb128 0x49
 1185 00ed 13       		.uleb128 0x13
 1186 00ee 3F       		.uleb128 0x3f
 1187 00ef 19       		.uleb128 0x19
 1188 00f0 3C       		.uleb128 0x3c
 1189 00f1 19       		.uleb128 0x19
 1190 00f2 00       		.byte	0
 1191 00f3 00       		.byte	0
 1192 00f4 13       		.uleb128 0x13
 1193 00f5 34       		.uleb128 0x34
 1194 00f6 00       		.byte	0
 1195 00f7 03       		.uleb128 0x3
 1196 00f8 08       		.uleb128 0x8
 1197 00f9 3A       		.uleb128 0x3a
 1198 00fa 0B       		.uleb128 0xb
 1199 00fb 3B       		.uleb128 0x3b
 1200 00fc 0B       		.uleb128 0xb
 1201 00fd 49       		.uleb128 0x49
 1202 00fe 13       		.uleb128 0x13
 1203 00ff 3F       		.uleb128 0x3f
ARM GAS  C:\Users\miker\AppData\Local\Temp\ccrUC3n8.s 			page 23


 1204 0100 19       		.uleb128 0x19
 1205 0101 3C       		.uleb128 0x3c
 1206 0102 19       		.uleb128 0x19
 1207 0103 00       		.byte	0
 1208 0104 00       		.byte	0
 1209 0105 14       		.uleb128 0x14
 1210 0106 34       		.uleb128 0x34
 1211 0107 00       		.byte	0
 1212 0108 03       		.uleb128 0x3
 1213 0109 0E       		.uleb128 0xe
 1214 010a 3A       		.uleb128 0x3a
 1215 010b 0B       		.uleb128 0xb
 1216 010c 3B       		.uleb128 0x3b
 1217 010d 0B       		.uleb128 0xb
 1218 010e 49       		.uleb128 0x49
 1219 010f 13       		.uleb128 0x13
 1220 0110 3F       		.uleb128 0x3f
 1221 0111 19       		.uleb128 0x19
 1222 0112 02       		.uleb128 0x2
 1223 0113 18       		.uleb128 0x18
 1224 0114 00       		.byte	0
 1225 0115 00       		.byte	0
 1226 0116 15       		.uleb128 0x15
 1227 0117 2E       		.uleb128 0x2e
 1228 0118 01       		.byte	0x1
 1229 0119 3F       		.uleb128 0x3f
 1230 011a 19       		.uleb128 0x19
 1231 011b 03       		.uleb128 0x3
 1232 011c 0E       		.uleb128 0xe
 1233 011d 3A       		.uleb128 0x3a
 1234 011e 0B       		.uleb128 0xb
 1235 011f 3B       		.uleb128 0x3b
 1236 0120 0B       		.uleb128 0xb
 1237 0121 27       		.uleb128 0x27
 1238 0122 19       		.uleb128 0x19
 1239 0123 49       		.uleb128 0x49
 1240 0124 13       		.uleb128 0x13
 1241 0125 3C       		.uleb128 0x3c
 1242 0126 19       		.uleb128 0x19
 1243 0127 01       		.uleb128 0x1
 1244 0128 13       		.uleb128 0x13
 1245 0129 00       		.byte	0
 1246 012a 00       		.byte	0
 1247 012b 16       		.uleb128 0x16
 1248 012c 05       		.uleb128 0x5
 1249 012d 00       		.byte	0
 1250 012e 49       		.uleb128 0x49
 1251 012f 13       		.uleb128 0x13
 1252 0130 00       		.byte	0
 1253 0131 00       		.byte	0
 1254 0132 17       		.uleb128 0x17
 1255 0133 2E       		.uleb128 0x2e
 1256 0134 01       		.byte	0x1
 1257 0135 3F       		.uleb128 0x3f
 1258 0136 19       		.uleb128 0x19
 1259 0137 03       		.uleb128 0x3
 1260 0138 0E       		.uleb128 0xe
ARM GAS  C:\Users\miker\AppData\Local\Temp\ccrUC3n8.s 			page 24


 1261 0139 3A       		.uleb128 0x3a
 1262 013a 0B       		.uleb128 0xb
 1263 013b 3B       		.uleb128 0x3b
 1264 013c 0B       		.uleb128 0xb
 1265 013d 27       		.uleb128 0x27
 1266 013e 19       		.uleb128 0x19
 1267 013f 3C       		.uleb128 0x3c
 1268 0140 19       		.uleb128 0x19
 1269 0141 01       		.uleb128 0x1
 1270 0142 13       		.uleb128 0x13
 1271 0143 00       		.byte	0
 1272 0144 00       		.byte	0
 1273 0145 18       		.uleb128 0x18
 1274 0146 2E       		.uleb128 0x2e
 1275 0147 01       		.byte	0x1
 1276 0148 3F       		.uleb128 0x3f
 1277 0149 19       		.uleb128 0x19
 1278 014a 03       		.uleb128 0x3
 1279 014b 0E       		.uleb128 0xe
 1280 014c 3A       		.uleb128 0x3a
 1281 014d 0B       		.uleb128 0xb
 1282 014e 3B       		.uleb128 0x3b
 1283 014f 0B       		.uleb128 0xb
 1284 0150 49       		.uleb128 0x49
 1285 0151 13       		.uleb128 0x13
 1286 0152 3C       		.uleb128 0x3c
 1287 0153 19       		.uleb128 0x19
 1288 0154 01       		.uleb128 0x1
 1289 0155 13       		.uleb128 0x13
 1290 0156 00       		.byte	0
 1291 0157 00       		.byte	0
 1292 0158 19       		.uleb128 0x19
 1293 0159 18       		.uleb128 0x18
 1294 015a 00       		.byte	0
 1295 015b 00       		.byte	0
 1296 015c 00       		.byte	0
 1297 015d 1A       		.uleb128 0x1a
 1298 015e 2E       		.uleb128 0x2e
 1299 015f 01       		.byte	0x1
 1300 0160 3F       		.uleb128 0x3f
 1301 0161 19       		.uleb128 0x19
 1302 0162 03       		.uleb128 0x3
 1303 0163 0E       		.uleb128 0xe
 1304 0164 3A       		.uleb128 0x3a
 1305 0165 0B       		.uleb128 0xb
 1306 0166 3B       		.uleb128 0x3b
 1307 0167 0B       		.uleb128 0xb
 1308 0168 3C       		.uleb128 0x3c
 1309 0169 19       		.uleb128 0x19
 1310 016a 01       		.uleb128 0x1
 1311 016b 13       		.uleb128 0x13
 1312 016c 00       		.byte	0
 1313 016d 00       		.byte	0
 1314 016e 1B       		.uleb128 0x1b
 1315 016f 2E       		.uleb128 0x2e
 1316 0170 01       		.byte	0x1
 1317 0171 3F       		.uleb128 0x3f
ARM GAS  C:\Users\miker\AppData\Local\Temp\ccrUC3n8.s 			page 25


 1318 0172 19       		.uleb128 0x19
 1319 0173 03       		.uleb128 0x3
 1320 0174 0E       		.uleb128 0xe
 1321 0175 3A       		.uleb128 0x3a
 1322 0176 0B       		.uleb128 0xb
 1323 0177 3B       		.uleb128 0x3b
 1324 0178 0B       		.uleb128 0xb
 1325 0179 3C       		.uleb128 0x3c
 1326 017a 19       		.uleb128 0x19
 1327 017b 00       		.byte	0
 1328 017c 00       		.byte	0
 1329 017d 00       		.byte	0
 1330              		.section	.debug_loc,"",%progbits
 1331              	.Ldebug_loc0:
 1332              	.LLST0:
 1333 0000 00000000 		.4byte	.LVL0
 1334 0004 22000000 		.4byte	.LVL1
 1335 0008 0100     		.2byte	0x1
 1336 000a 50       		.byte	0x50
 1337 000b 22000000 		.4byte	.LVL1
 1338 000f 36000000 		.4byte	.LVL4
 1339 0013 0100     		.2byte	0x1
 1340 0015 54       		.byte	0x54
 1341 0016 36000000 		.4byte	.LVL4
 1342 001a 4E000000 		.4byte	.LVL8
 1343 001e 0400     		.2byte	0x4
 1344 0020 F3       		.byte	0xf3
 1345 0021 01       		.uleb128 0x1
 1346 0022 50       		.byte	0x50
 1347 0023 9F       		.byte	0x9f
 1348 0024 4E000000 		.4byte	.LVL8
 1349 0028 50000000 		.4byte	.LVL9
 1350 002c 0100     		.2byte	0x1
 1351 002e 54       		.byte	0x54
 1352 002f 50000000 		.4byte	.LVL9
 1353 0033 60000000 		.4byte	.LFE63
 1354 0037 0400     		.2byte	0x4
 1355 0039 F3       		.byte	0xf3
 1356 003a 01       		.uleb128 0x1
 1357 003b 50       		.byte	0x50
 1358 003c 9F       		.byte	0x9f
 1359 003d 00000000 		.4byte	0
 1360 0041 00000000 		.4byte	0
 1361              	.LLST1:
 1362 0045 00000000 		.4byte	.LVL0
 1363 0049 25000000 		.4byte	.LVL2-1
 1364 004d 0100     		.2byte	0x1
 1365 004f 51       		.byte	0x51
 1366 0050 25000000 		.4byte	.LVL2-1
 1367 0054 58000000 		.4byte	.LVL10
 1368 0058 0100     		.2byte	0x1
 1369 005a 55       		.byte	0x55
 1370 005b 58000000 		.4byte	.LVL10
 1371 005f 60000000 		.4byte	.LFE63
 1372 0063 0400     		.2byte	0x4
 1373 0065 F3       		.byte	0xf3
 1374 0066 01       		.uleb128 0x1
ARM GAS  C:\Users\miker\AppData\Local\Temp\ccrUC3n8.s 			page 26


 1375 0067 51       		.byte	0x51
 1376 0068 9F       		.byte	0x9f
 1377 0069 00000000 		.4byte	0
 1378 006d 00000000 		.4byte	0
 1379              		.section	.debug_aranges,"",%progbits
 1380 0000 1C000000 		.4byte	0x1c
 1381 0004 0200     		.2byte	0x2
 1382 0006 00000000 		.4byte	.Ldebug_info0
 1383 000a 04       		.byte	0x4
 1384 000b 00       		.byte	0
 1385 000c 0000     		.2byte	0
 1386 000e 0000     		.2byte	0
 1387 0010 00000000 		.4byte	.LFB63
 1388 0014 60000000 		.4byte	.LFE63-.LFB63
 1389 0018 00000000 		.4byte	0
 1390 001c 00000000 		.4byte	0
 1391              		.section	.debug_ranges,"",%progbits
 1392              	.Ldebug_ranges0:
 1393 0000 00000000 		.4byte	.LFB63
 1394 0004 60000000 		.4byte	.LFE63
 1395 0008 00000000 		.4byte	0
 1396 000c 00000000 		.4byte	0
 1397              		.section	.debug_line,"",%progbits
 1398              	.Ldebug_line0:
 1399 0000 C2010000 		.section	.debug_str,"MS",%progbits,1
 1399      02009C01 
 1399      00000201 
 1399      FB0E0D00 
 1399      01010101 
 1400              	.LASF93:
 1401 0000 7379735F 		.ascii	"sys_rt_exec_alarm\000"
 1401      72745F65 
 1401      7865635F 
 1401      616C6172 
 1401      6D00
 1402              	.LASF95:
 1403 0012 7379735F 		.ascii	"sys_rt_exec_accessory_override\000"
 1403      72745F65 
 1403      7865635F 
 1403      61636365 
 1403      73736F72 
 1404              	.LASF24:
 1405 0031 61636365 		.ascii	"acceleration\000"
 1405      6C657261 
 1405      74696F6E 
 1405      00
 1406              	.LASF42:
 1407 003e 73746174 		.ascii	"state\000"
 1407      6500
 1408              	.LASF58:
 1409 0044 73746570 		.ascii	"step_event_count\000"
 1409      5F657665 
 1409      6E745F63 
 1409      6F756E74 
 1409      00
 1410              	.LASF104:
 1411 0055 73745F70 		.ascii	"st_prep_buffer\000"
ARM GAS  C:\Users\miker\AppData\Local\Temp\ccrUC3n8.s 			page 27


 1411      7265705F 
 1411      62756666 
 1411      657200
 1412              	.LASF2:
 1413 0064 73686F72 		.ascii	"short int\000"
 1413      7420696E 
 1413      7400
 1414              	.LASF62:
 1415 006e 6D61785F 		.ascii	"max_entry_speed_sqr\000"
 1415      656E7472 
 1415      795F7370 
 1415      6565645F 
 1415      73717200 
 1416              	.LASF20:
 1417 0082 73697A65 		.ascii	"sizetype\000"
 1417      74797065 
 1417      00
 1418              	.LASF56:
 1419 008b 73797374 		.ascii	"system_t\000"
 1419      656D5F74 
 1419      00
 1420              	.LASF65:
 1421 0094 72617069 		.ascii	"rapid_rate\000"
 1421      645F7261 
 1421      746500
 1422              	.LASF98:
 1423 009f 706C616E 		.ascii	"plan_get_current_block\000"
 1423      5F676574 
 1423      5F637572 
 1423      72656E74 
 1423      5F626C6F 
 1424              	.LASF34:
 1425 00b6 72706D5F 		.ascii	"rpm_min\000"
 1425      6D696E00 
 1426              	.LASF73:
 1427 00be 706C616E 		.ascii	"plane_select\000"
 1427      655F7365 
 1427      6C656374 
 1427      00
 1428              	.LASF4:
 1429 00cb 5F5F7569 		.ascii	"__uint16_t\000"
 1429      6E743136 
 1429      5F7400
 1430              	.LASF67:
 1431 00d6 706C616E 		.ascii	"plan_block_t\000"
 1431      5F626C6F 
 1431      636B5F74 
 1431      00
 1432              	.LASF64:
 1433 00e3 6D61785F 		.ascii	"max_junction_speed_sqr\000"
 1433      6A756E63 
 1433      74696F6E 
 1433      5F737065 
 1433      65645F73 
 1434              	.LASF29:
 1435 00fa 73746570 		.ascii	"stepper_idle_lock_time\000"
 1435      7065725F 
ARM GAS  C:\Users\miker\AppData\Local\Temp\ccrUC3n8.s 			page 28


 1435      69646C65 
 1435      5F6C6F63 
 1435      6B5F7469 
 1436              	.LASF84:
 1437 0111 70617273 		.ascii	"parser_block_t\000"
 1437      65725F62 
 1437      6C6F636B 
 1437      5F7400
 1438              	.LASF91:
 1439 0120 7379735F 		.ascii	"sys_probe_state\000"
 1439      70726F62 
 1439      655F7374 
 1439      61746500 
 1440              	.LASF13:
 1441 0130 75696E74 		.ascii	"uint8_t\000"
 1441      385F7400 
 1442              	.LASF103:
 1443 0138 73797374 		.ascii	"system_check_travel_limits\000"
 1443      656D5F63 
 1443      6865636B 
 1443      5F747261 
 1443      76656C5F 
 1444              	.LASF40:
 1445 0153 686F6D69 		.ascii	"homing_pulloff\000"
 1445      6E675F70 
 1445      756C6C6F 
 1445      666600
 1446              	.LASF41:
 1447 0162 73657474 		.ascii	"settings_t\000"
 1447      696E6773 
 1447      5F7400
 1448              	.LASF0:
 1449 016d 7369676E 		.ascii	"signed char\000"
 1449      65642063 
 1449      68617200 
 1450              	.LASF76:
 1451 0179 70726F67 		.ascii	"program_flow\000"
 1451      72616D5F 
 1451      666C6F77 
 1451      00
 1452              	.LASF17:
 1453 0186 666C6F61 		.ascii	"float\000"
 1453      7400
 1454              	.LASF74:
 1455 018c 746F6F6C 		.ascii	"tool_length\000"
 1455      5F6C656E 
 1455      67746800 
 1456              	.LASF88:
 1457 0198 73657474 		.ascii	"settings\000"
 1457      696E6773 
 1457      00
 1458              	.LASF10:
 1459 01a1 6C6F6E67 		.ascii	"long long int\000"
 1459      206C6F6E 
 1459      6720696E 
 1459      7400
 1460              	.LASF51:
ARM GAS  C:\Users\miker\AppData\Local\Temp\ccrUC3n8.s 			page 29


 1461 01af 7370696E 		.ascii	"spindle_speed_ovr\000"
 1461      646C655F 
 1461      73706565 
 1461      645F6F76 
 1461      7200
 1462              	.LASF81:
 1463 01c1 6E6F6E5F 		.ascii	"non_modal_command\000"
 1463      6D6F6461 
 1463      6C5F636F 
 1463      6D6D616E 
 1463      6400
 1464              	.LASF89:
 1465 01d3 7379735F 		.ascii	"sys_position\000"
 1465      706F7369 
 1465      74696F6E 
 1465      00
 1466              	.LASF96:
 1467 01e0 65786563 		.ascii	"exec_lcd_status\000"
 1467      5F6C6364 
 1467      5F737461 
 1467      74757300 
 1468              	.LASF22:
 1469 01f0 73746570 		.ascii	"steps_per_mm\000"
 1469      735F7065 
 1469      725F6D6D 
 1469      00
 1470              	.LASF3:
 1471 01fd 5F5F7569 		.ascii	"__uint8_t\000"
 1471      6E74385F 
 1471      7400
 1472              	.LASF53:
 1473 0207 7265706F 		.ascii	"report_ovr_counter\000"
 1473      72745F6F 
 1473      76725F63 
 1473      6F756E74 
 1473      657200
 1474              	.LASF47:
 1475 021a 70726F62 		.ascii	"probe_succeeded\000"
 1475      655F7375 
 1475      63636565 
 1475      64656400 
 1476              	.LASF79:
 1477 022a 67635F6D 		.ascii	"gc_modal_t\000"
 1477      6F64616C 
 1477      5F7400
 1478              	.LASF1:
 1479 0235 756E7369 		.ascii	"unsigned char\000"
 1479      676E6564 
 1479      20636861 
 1479      7200
 1480              	.LASF32:
 1481 0243 6172635F 		.ascii	"arc_tolerance\000"
 1481      746F6C65 
 1481      72616E63 
 1481      6500
 1482              	.LASF77:
 1483 0251 636F6F6C 		.ascii	"coolant\000"
ARM GAS  C:\Users\miker\AppData\Local\Temp\ccrUC3n8.s 			page 30


 1483      616E7400 
 1484              	.LASF21:
 1485 0259 6C6F6E67 		.ascii	"long double\000"
 1485      20646F75 
 1485      626C6500 
 1486              	.LASF70:
 1487 0265 6D6F7469 		.ascii	"motion\000"
 1487      6F6E00
 1488              	.LASF36:
 1489 026c 686F6D69 		.ascii	"homing_dir_mask\000"
 1489      6E675F64 
 1489      69725F6D 
 1489      61736B00 
 1490              	.LASF102:
 1491 027c 6A6F675F 		.ascii	"jog_execute\000"
 1491      65786563 
 1491      75746500 
 1492              	.LASF43:
 1493 0288 61626F72 		.ascii	"abort\000"
 1493      7400
 1494              	.LASF35:
 1495 028e 666C6167 		.ascii	"flags\000"
 1495      7300
 1496              	.LASF11:
 1497 0294 6C6F6E67 		.ascii	"long long unsigned int\000"
 1497      206C6F6E 
 1497      6720756E 
 1497      7369676E 
 1497      65642069 
 1498              	.LASF16:
 1499 02ab 75696E74 		.ascii	"uint32_t\000"
 1499      33325F74 
 1499      00
 1500              	.LASF80:
 1501 02b4 67635F76 		.ascii	"gc_values_t\000"
 1501      616C7565 
 1501      735F7400 
 1502              	.LASF12:
 1503 02c0 756E7369 		.ascii	"unsigned int\000"
 1503      676E6564 
 1503      20696E74 
 1503      00
 1504              	.LASF61:
 1505 02cd 656E7472 		.ascii	"entry_speed_sqr\000"
 1505      795F7370 
 1505      6565645F 
 1505      73717200 
 1506              	.LASF49:
 1507 02dd 665F6F76 		.ascii	"f_override\000"
 1507      65727269 
 1507      646500
 1508              	.LASF55:
 1509 02e8 7370696E 		.ascii	"spindle_speed\000"
 1509      646C655F 
 1509      73706565 
 1509      6400
 1510              	.LASF38:
ARM GAS  C:\Users\miker\AppData\Local\Temp\ccrUC3n8.s 			page 31


 1511 02f6 686F6D69 		.ascii	"homing_seek_rate\000"
 1511      6E675F73 
 1511      65656B5F 
 1511      72617465 
 1511      00
 1512              	.LASF90:
 1513 0307 7379735F 		.ascii	"sys_probe_position\000"
 1513      70726F62 
 1513      655F706F 
 1513      73697469 
 1513      6F6E00
 1514              	.LASF94:
 1515 031a 7379735F 		.ascii	"sys_rt_exec_motion_override\000"
 1515      72745F65 
 1515      7865635F 
 1515      6D6F7469 
 1515      6F6E5F6F 
 1516              	.LASF30:
 1517 0336 73746174 		.ascii	"status_report_mask\000"
 1517      75735F72 
 1517      65706F72 
 1517      745F6D61 
 1517      736B00
 1518              	.LASF48:
 1519 0349 686F6D69 		.ascii	"homing_axis_lock\000"
 1519      6E675F61 
 1519      7869735F 
 1519      6C6F636B 
 1519      00
 1520              	.LASF68:
 1521 035a 66656564 		.ascii	"feed_rate\000"
 1521      5F726174 
 1521      6500
 1522              	.LASF57:
 1523 0364 73746570 		.ascii	"steps\000"
 1523      7300
 1524              	.LASF83:
 1525 036a 76616C75 		.ascii	"values\000"
 1525      657300
 1526              	.LASF105:
 1527 0371 73745F77 		.ascii	"st_wake_up\000"
 1527      616B655F 
 1527      757000
 1528              	.LASF60:
 1529 037c 636F6E64 		.ascii	"condition\000"
 1529      6974696F 
 1529      6E00
 1530              	.LASF78:
 1531 0386 7370696E 		.ascii	"spindle\000"
 1531      646C6500 
 1532              	.LASF69:
 1533 038e 706C616E 		.ascii	"plan_line_data_t\000"
 1533      5F6C696E 
 1533      655F6461 
 1533      74615F74 
 1533      00
 1534              	.LASF19:
ARM GAS  C:\Users\miker\AppData\Local\Temp\ccrUC3n8.s 			page 32


 1535 039f 63686172 		.ascii	"char\000"
 1535      00
 1536              	.LASF72:
 1537 03a4 64697374 		.ascii	"distance\000"
 1537      616E6365 
 1537      00
 1538              	.LASF7:
 1539 03ad 6C6F6E67 		.ascii	"long int\000"
 1539      20696E74 
 1539      00
 1540              	.LASF59:
 1541 03b6 64697265 		.ascii	"direction_bits\000"
 1541      6374696F 
 1541      6E5F6269 
 1541      747300
 1542              	.LASF28:
 1543 03c5 6469725F 		.ascii	"dir_invert_mask\000"
 1543      696E7665 
 1543      72745F6D 
 1543      61736B00 
 1544              	.LASF15:
 1545 03d5 696E7433 		.ascii	"int32_t\000"
 1545      325F7400 
 1546              	.LASF5:
 1547 03dd 73686F72 		.ascii	"short unsigned int\000"
 1547      7420756E 
 1547      7369676E 
 1547      65642069 
 1547      6E7400
 1548              	.LASF63:
 1549 03f0 6D696C6C 		.ascii	"millimeters\000"
 1549      696D6574 
 1549      65727300 
 1550              	.LASF33:
 1551 03fc 72706D5F 		.ascii	"rpm_max\000"
 1551      6D617800 
 1552              	.LASF46:
 1553 0404 73746570 		.ascii	"step_control\000"
 1553      5F636F6E 
 1553      74726F6C 
 1553      00
 1554              	.LASF44:
 1555 0411 73757370 		.ascii	"suspend\000"
 1555      656E6400 
 1556              	.LASF45:
 1557 0419 736F6674 		.ascii	"soft_limit\000"
 1557      5F6C696D 
 1557      697400
 1558              	.LASF39:
 1559 0424 686F6D69 		.ascii	"homing_debounce_delay\000"
 1559      6E675F64 
 1559      65626F75 
 1559      6E63655F 
 1559      64656C61 
 1560              	.LASF26:
 1561 043a 70756C73 		.ascii	"pulse_microseconds\000"
 1561      655F6D69 
ARM GAS  C:\Users\miker\AppData\Local\Temp\ccrUC3n8.s 			page 33


 1561      63726F73 
 1561      65636F6E 
 1561      647300
 1562              	.LASF14:
 1563 044d 75696E74 		.ascii	"uint16_t\000"
 1563      31365F74 
 1563      00
 1564              	.LASF100:
 1565 0456 6A6F672E 		.ascii	"jog.c\000"
 1565      6300
 1566              	.LASF52:
 1567 045c 7370696E 		.ascii	"spindle_stop_ovr\000"
 1567      646C655F 
 1567      73746F70 
 1567      5F6F7672 
 1567      00
 1568              	.LASF9:
 1569 046d 6C6F6E67 		.ascii	"long unsigned int\000"
 1569      20756E73 
 1569      69676E65 
 1569      6420696E 
 1569      7400
 1570              	.LASF18:
 1571 047f 646F7562 		.ascii	"double\000"
 1571      6C6500
 1572              	.LASF82:
 1573 0486 6D6F6461 		.ascii	"modal\000"
 1573      6C00
 1574              	.LASF87:
 1575 048c 49544D5F 		.ascii	"ITM_RxBuffer\000"
 1575      52784275 
 1575      66666572 
 1575      00
 1576              	.LASF8:
 1577 0499 5F5F7569 		.ascii	"__uint32_t\000"
 1577      6E743332 
 1577      5F7400
 1578              	.LASF71:
 1579 04a4 756E6974 		.ascii	"units\000"
 1579      7300
 1580              	.LASF66:
 1581 04aa 70726F67 		.ascii	"programmed_rate\000"
 1581      72616D6D 
 1581      65645F72 
 1581      61746500 
 1582              	.LASF6:
 1583 04ba 5F5F696E 		.ascii	"__int32_t\000"
 1583      7433325F 
 1583      7400
 1584              	.LASF31:
 1585 04c4 6A756E63 		.ascii	"junction_deviation\000"
 1585      74696F6E 
 1585      5F646576 
 1585      69617469 
 1585      6F6E00
 1586              	.LASF99:
 1587 04d7 474E5520 		.ascii	"GNU C 4.9.3 20150303 (release) [ARM/embedded-4_9-br"
ARM GAS  C:\Users\miker\AppData\Local\Temp\ccrUC3n8.s 			page 34


 1587      4320342E 
 1587      392E3320 
 1587      32303135 
 1587      30333033 
 1588 050a 616E6368 		.ascii	"anch revision 221220] -mcpu=cortex-m3 -mthumb -g -O"
 1588      20726576 
 1588      6973696F 
 1588      6E203232 
 1588      31323230 
 1589 053d 67202D66 		.ascii	"g -ffunction-sections -ffat-lto-objects\000"
 1589      66756E63 
 1589      74696F6E 
 1589      2D736563 
 1589      74696F6E 
 1590              	.LASF25:
 1591 0565 6D61785F 		.ascii	"max_travel\000"
 1591      74726176 
 1591      656C00
 1592              	.LASF75:
 1593 0570 636F6F72 		.ascii	"coord_select\000"
 1593      645F7365 
 1593      6C656374 
 1593      00
 1594              	.LASF37:
 1595 057d 686F6D69 		.ascii	"homing_feed_rate\000"
 1595      6E675F66 
 1595      6565645F 
 1595      72617465 
 1595      00
 1596              	.LASF50:
 1597 058e 725F6F76 		.ascii	"r_override\000"
 1597      65727269 
 1597      646500
 1598              	.LASF97:
 1599 0599 6D635F6C 		.ascii	"mc_line\000"
 1599      696E6500 
 1600              	.LASF85:
 1601 05a1 706C5F64 		.ascii	"pl_data\000"
 1601      61746100 
 1602              	.LASF54:
 1603 05a9 7265706F 		.ascii	"report_wco_counter\000"
 1603      72745F77 
 1603      636F5F63 
 1603      6F756E74 
 1603      657200
 1604              	.LASF27:
 1605 05bc 73746570 		.ascii	"step_invert_mask\000"
 1605      5F696E76 
 1605      6572745F 
 1605      6D61736B 
 1605      00
 1606              	.LASF23:
 1607 05cd 6D61785F 		.ascii	"max_rate\000"
 1607      72617465 
 1607      00
 1608              	.LASF92:
 1609 05d6 7379735F 		.ascii	"sys_rt_exec_state\000"
ARM GAS  C:\Users\miker\AppData\Local\Temp\ccrUC3n8.s 			page 35


 1609      72745F65 
 1609      7865635F 
 1609      73746174 
 1609      6500
 1610              	.LASF86:
 1611 05e8 67635F62 		.ascii	"gc_block\000"
 1611      6C6F636B 
 1611      00
 1612              	.LASF101:
 1613 05f1 433A5C55 		.ascii	"C:\\Users\\miker\\Documents\\My Libraries\\Code_Rep"
 1613      73657273 
 1613      5C6D696B 
 1613      65725C44 
 1613      6F63756D 
 1614 061f 6F5C5053 		.ascii	"o\\PSoC_Grbl\\PSoC_Grbl.cydsn\000"
 1614      6F435F47 
 1614      72626C5C 
 1614      50536F43 
 1614      5F477262 
 1615              		.ident	"GCC: (GNU Tools for ARM Embedded Processors) 4.9.3 20150303 (release) [ARM/embedded-4_9-br
