ARM GAS  C:\Users\miker\AppData\Local\Temp\cc8BfQ99.s 			page 1


   1              		.syntax unified
   2              		.cpu cortex-m3
   3              		.fpu softvfp
   4              		.eabi_attribute 20, 1
   5              		.eabi_attribute 21, 1
   6              		.eabi_attribute 23, 3
   7              		.eabi_attribute 24, 1
   8              		.eabi_attribute 25, 1
   9              		.eabi_attribute 26, 1
  10              		.eabi_attribute 30, 1
  11              		.eabi_attribute 34, 1
  12              		.eabi_attribute 18, 4
  13              		.thumb
  14              		.file	"main.c"
  15              		.text
  16              	.Ltext0:
  17              		.cfi_sections	.debug_frame
  18              		.section	.text.main,"ax",%progbits
  19              		.align	2
  20              		.global	main
  21              		.thumb
  22              		.thumb_func
  23              		.type	main, %function
  24              	main:
  25              	.LFB63:
  26              		.file 1 "main.c"
   1:main.c        **** /*
   2:main.c        ****   main.c - An embedded CNC Controller with rs274/ngc (g-code) support
   3:main.c        ****   Part of Grbl
   4:main.c        ****   Copyright (c) 2011-2016 Sungeun K. Jeon for Gnea Research LLC
   5:main.c        ****   Copyright (c) 2009-2011 Simen Svale Skogsrud
   6:main.c        ****   
   7:main.c        ****   Updated For PSOC Barton J. Dring 2017
   8:main.c        ****   
   9:main.c        ****   Grbl is free software: you can redistribute it and/or modify
  10:main.c        ****   it under the terms of the GNU General Public License as published by
  11:main.c        ****   the Free Software Foundation, either version 3 of the License, or
  12:main.c        ****   (at your option) any later version.
  13:main.c        ****   Grbl is distributed in the hope that it will be useful,
  14:main.c        ****   but WITHOUT ANY WARRANTY; without even the implied warranty of
  15:main.c        ****   MERCHANTABILITY or FITNESS FOR A PARTICULAR PURPOSE.  See the
  16:main.c        ****   GNU General Public License for more details.
  17:main.c        ****   You should have received a copy of the GNU General Public License
  18:main.c        ****   along with Grbl.  If not, see <http://www.gnu.org/licenses/>.
  19:main.c        **** */
  20:main.c        ****   
  21:main.c        **** 
  22:main.c        **** #include <project.h>
  23:main.c        **** #include "grbl.h"
  24:main.c        **** 
  25:main.c        **** // Declare system global variable structure
  26:main.c        **** system_t sys; 
  27:main.c        **** #define LED_ON 1u
  28:main.c        **** #define LED_OFF 0u
  29:main.c        **** 
  30:main.c        **** 
  31:main.c        **** int main()
ARM GAS  C:\Users\miker\AppData\Local\Temp\cc8BfQ99.s 			page 2


  32:main.c        **** {
  27              		.loc 1 32 0
  28              		.cfi_startproc
  29              		@ args = 0, pretend = 0, frame = 0
  30              		@ frame_needed = 0, uses_anonymous_args = 0
  31 0000 08B5     		push	{r3, lr}
  32              		.cfi_def_cfa_offset 8
  33              		.cfi_offset 3, -8
  34              		.cfi_offset 14, -4
  33:main.c        **** 
  34:main.c        ****     CyGlobalIntEnable; /* Enable global interrupts. */
  35              		.loc 1 34 0
  36              	@ 34 "main.c" 1
  37 0002 62B6     		CPSIE   i
  38              	@ 0 "" 2
  35:main.c        ****    
  36:main.c        ****       
  37:main.c        ****     /* Place your initialization/startup code here (e.g. MyInst_Start()) */
  38:main.c        ****    
  39:main.c        ****     lcd_init();
  39              		.loc 1 39 0
  40              		.thumb
  41 0004 FFF7FEFF 		bl	lcd_init
  42              	.LVL0:
  40:main.c        ****     serial_init();
  43              		.loc 1 40 0
  44 0008 FFF7FEFF 		bl	serial_init
  45              	.LVL1:
  41:main.c        ****     settings_init(); // Load Grbl settings from EEPROM
  46              		.loc 1 41 0
  47 000c FFF7FEFF 		bl	settings_init
  48              	.LVL2:
  42:main.c        ****     stepper_init();
  49              		.loc 1 42 0
  50 0010 FFF7FEFF 		bl	stepper_init
  51              	.LVL3:
  43:main.c        ****     system_init();
  52              		.loc 1 43 0
  53 0014 FFF7FEFF 		bl	system_init
  54              	.LVL4:
  44:main.c        ****     
  45:main.c        ****     memset(sys_position,0,sizeof(sys_position)); // Clear machine position
  55              		.loc 1 45 0
  56 0018 2849     		ldr	r1, .L5
  57 001a 0B46     		mov	r3, r1
  58 001c 0022     		movs	r2, #0
  59 001e 43F8042B 		str	r2, [r3], #4
  60 0022 4A60     		str	r2, [r1, #4]
  61 0024 5A60     		str	r2, [r3, #4]
  46:main.c        ****     //memset(&sys, 0, sizeof(sys));  // Clear all system variables
  47:main.c        ****     //sys.abort = true;   // Set abort to complete initialization
  48:main.c        ****     
  49:main.c        ****     // Initialize system state.
  50:main.c        ****     #ifdef FORCE_INITIALIZATION_ALARM
  51:main.c        ****       // Force Grbl into an ALARM state upon a power-cycle or hard reset.
  52:main.c        ****       sys.state = STATE_ALARM;
  53:main.c        ****     #else
ARM GAS  C:\Users\miker\AppData\Local\Temp\cc8BfQ99.s 			page 3


  54:main.c        ****       sys.state = STATE_IDLE;
  62              		.loc 1 54 0
  63 0026 264B     		ldr	r3, .L5+4
  64 0028 1A70     		strb	r2, [r3]
  55:main.c        ****     #endif
  56:main.c        ****     
  57:main.c        ****     // Check for power-up and set system alarm if homing is enabled to force homing cycle
  58:main.c        ****     // by setting Grbl's alarm state. Alarm locks out all g-code commands, including the
  59:main.c        ****     // startup scripts, but allows access to settings and internal commands. Only a homing
  60:main.c        ****     // cycle '$H' or kill alarm locks '$X' will disable the alarm.
  61:main.c        ****     // NOTE: The startup script will run after successful completion of the homing cycle, but
  62:main.c        ****     // not after disabling the alarm locks. Prevents motion startup blocks from crashing into
  63:main.c        ****     // things uncontrollably. Very bad.
  64:main.c        ****     #ifdef HOMING_INIT_LOCK
  65:main.c        ****       if (bit_istrue(settings.flags,BITFLAG_HOMING_ENABLE)) { sys.state = STATE_ALARM; }
  65              		.loc 1 65 0
  66 002a 264B     		ldr	r3, .L5+8
  67 002c 93F84830 		ldrb	r3, [r3, #72]	@ zero_extendqisi2
  68 0030 13F0100F 		tst	r3, #16
  69 0034 02D0     		beq	.L2
  70              		.loc 1 65 0 is_stmt 0 discriminator 1
  71 0036 0122     		movs	r2, #1
  72 0038 214B     		ldr	r3, .L5+4
  73 003a 1A70     		strb	r2, [r3]
  74              	.L2:
  66:main.c        ****     #endif
  67:main.c        ****     
  68:main.c        ****     isr_LCD_Update_StartEx(ISR_lcd);
  75              		.loc 1 68 0 is_stmt 1
  76 003c 2248     		ldr	r0, .L5+12
  77 003e FFF7FEFF 		bl	isr_LCD_Update_StartEx
  78              	.LVL5:
  79              	.L3:
  80              	.LBB2:
  69:main.c        ****         
  70:main.c        ****     for(;;)
  71:main.c        ****     {
  72:main.c        ****             
  73:main.c        ****     
  74:main.c        ****       
  75:main.c        ****         // Reset system variables.
  76:main.c        ****         uint8_t prior_state = sys.state;
  81              		.loc 1 76 0 discriminator 1
  82 0042 1F49     		ldr	r1, .L5+4
  83 0044 0878     		ldrb	r0, [r1]	@ zero_extendqisi2
  84              	.LVL6:
  77:main.c        ****         memset(&sys, 0, sizeof(system_t)); // Clear system struct variable.
  85              		.loc 1 77 0 discriminator 1
  86 0046 0A46     		mov	r2, r1
  87 0048 0023     		movs	r3, #0
  88 004a 42F8043B 		str	r3, [r2], #4
  89 004e 4B60     		str	r3, [r1, #4]
  90 0050 0432     		adds	r2, r2, #4
  91 0052 42F8043B 		str	r3, [r2], #4
  92 0056 42F8043B 		str	r3, [r2], #4
  93 005a 1360     		str	r3, [r2]
  78:main.c        ****         sys.state = prior_state;
ARM GAS  C:\Users\miker\AppData\Local\Temp\cc8BfQ99.s 			page 4


  94              		.loc 1 78 0 discriminator 1
  95 005c 0870     		strb	r0, [r1]
  79:main.c        ****         sys.f_override = DEFAULT_FEED_OVERRIDE;  // Set to 100%
  96              		.loc 1 79 0 discriminator 1
  97 005e 6422     		movs	r2, #100
  98 0060 CA71     		strb	r2, [r1, #7]
  80:main.c        ****         sys.r_override = DEFAULT_RAPID_OVERRIDE; // Set to 100%
  99              		.loc 1 80 0 discriminator 1
 100 0062 0A72     		strb	r2, [r1, #8]
  81:main.c        ****         sys.spindle_speed_ovr = DEFAULT_SPINDLE_SPEED_OVERRIDE; // Set to 100%
 101              		.loc 1 81 0 discriminator 1
 102 0064 4A72     		strb	r2, [r1, #9]
  82:main.c        ****     		memset(sys_probe_position,0,sizeof(sys_probe_position)); // Clear probe position.
 103              		.loc 1 82 0 discriminator 1
 104 0066 1949     		ldr	r1, .L5+16
 105 0068 0A46     		mov	r2, r1
 106 006a 42F8043B 		str	r3, [r2], #4
 107 006e 4B60     		str	r3, [r1, #4]
 108 0070 5360     		str	r3, [r2, #4]
  83:main.c        ****         sys_probe_state = 0;
 109              		.loc 1 83 0 discriminator 1
 110 0072 174A     		ldr	r2, .L5+20
 111 0074 1370     		strb	r3, [r2]
  84:main.c        ****         sys_rt_exec_state = 0;
 112              		.loc 1 84 0 discriminator 1
 113 0076 174A     		ldr	r2, .L5+24
 114 0078 1370     		strb	r3, [r2]
  85:main.c        ****         sys_rt_exec_alarm = 0;
 115              		.loc 1 85 0 discriminator 1
 116 007a 174A     		ldr	r2, .L5+28
 117 007c 1370     		strb	r3, [r2]
  86:main.c        ****         sys_rt_exec_motion_override = 0;
 118              		.loc 1 86 0 discriminator 1
 119 007e 174A     		ldr	r2, .L5+32
 120 0080 1370     		strb	r3, [r2]
  87:main.c        ****         sys_rt_exec_accessory_override = 0;
 121              		.loc 1 87 0 discriminator 1
 122 0082 174A     		ldr	r2, .L5+36
 123 0084 1370     		strb	r3, [r2]
  88:main.c        ****       
  89:main.c        ****       
  90:main.c        ****         // Reset Grbl primary systems.
  91:main.c        ****         serial_reset_read_buffer(); // Clear serial read buffer
 124              		.loc 1 91 0 discriminator 1
 125 0086 FFF7FEFF 		bl	serial_reset_read_buffer
 126              	.LVL7:
  92:main.c        ****         gc_init(); // Set g-code parser to default state
 127              		.loc 1 92 0 discriminator 1
 128 008a FFF7FEFF 		bl	gc_init
 129              	.LVL8:
  93:main.c        ****         spindle_init();
 130              		.loc 1 93 0 discriminator 1
 131 008e FFF7FEFF 		bl	spindle_init
 132              	.LVL9:
  94:main.c        ****         coolant_init();
 133              		.loc 1 94 0 discriminator 1
 134 0092 FFF7FEFF 		bl	coolant_init
ARM GAS  C:\Users\miker\AppData\Local\Temp\cc8BfQ99.s 			page 5


 135              	.LVL10:
  95:main.c        ****         limits_init();
 136              		.loc 1 95 0 discriminator 1
 137 0096 FFF7FEFF 		bl	limits_init
 138              	.LVL11:
  96:main.c        ****         probe_init();
 139              		.loc 1 96 0 discriminator 1
 140 009a FFF7FEFF 		bl	probe_init
 141              	.LVL12:
  97:main.c        ****         plan_reset(); // Clear block buffer and planner variables
 142              		.loc 1 97 0 discriminator 1
 143 009e FFF7FEFF 		bl	plan_reset
 144              	.LVL13:
  98:main.c        ****         st_reset(); // Clear stepper subsystem variables.
 145              		.loc 1 98 0 discriminator 1
 146 00a2 FFF7FEFF 		bl	st_reset
 147              	.LVL14:
  99:main.c        ****     
 100:main.c        ****         // Sync cleared gcode and planner positions to current system position.
 101:main.c        ****         plan_sync_position();    
 148              		.loc 1 101 0 discriminator 1
 149 00a6 FFF7FEFF 		bl	plan_sync_position
 150              	.LVL15:
 102:main.c        ****         gc_sync_position();
 151              		.loc 1 102 0 discriminator 1
 152 00aa FFF7FEFF 		bl	gc_sync_position
 153              	.LVL16:
 103:main.c        **** 
 104:main.c        ****         // Print welcome message. Indicates an initialization has occured at power-up or with a res
 105:main.c        ****         report_init_message();
 154              		.loc 1 105 0 discriminator 1
 155 00ae FFF7FEFF 		bl	report_init_message
 156              	.LVL17:
 106:main.c        ****         lcd_report_init_message();
 157              		.loc 1 106 0 discriminator 1
 158 00b2 FFF7FEFF 		bl	lcd_report_init_message
 159              	.LVL18:
 107:main.c        ****         
 108:main.c        ****         // Start Grbl main loop. Processes program inputs and executes them.
 109:main.c        ****         protocol_main_loop();
 160              		.loc 1 109 0 discriminator 1
 161 00b6 FFF7FEFF 		bl	protocol_main_loop
 162              	.LVL19:
 163              	.LBE2:
 110:main.c        ****     }
 164              		.loc 1 110 0 discriminator 1
 165 00ba C2E7     		b	.L3
 166              	.L6:
 167              		.align	2
 168              	.L5:
 169 00bc 00000000 		.word	sys_position
 170 00c0 00000000 		.word	sys
 171 00c4 00000000 		.word	settings
 172 00c8 00000000 		.word	ISR_lcd
 173 00cc 00000000 		.word	sys_probe_position
 174 00d0 00000000 		.word	sys_probe_state
 175 00d4 00000000 		.word	sys_rt_exec_state
ARM GAS  C:\Users\miker\AppData\Local\Temp\cc8BfQ99.s 			page 6


 176 00d8 00000000 		.word	sys_rt_exec_alarm
 177 00dc 00000000 		.word	sys_rt_exec_motion_override
 178 00e0 00000000 		.word	sys_rt_exec_accessory_override
 179              		.cfi_endproc
 180              	.LFE63:
 181              		.size	main, .-main
 182              		.comm	sys,20,4
 183              		.comm	exec_lcd_status,1,1
 184              		.comm	sys_rt_exec_accessory_override,1,1
 185              		.comm	sys_rt_exec_motion_override,1,1
 186              		.comm	sys_rt_exec_alarm,1,1
 187              		.comm	sys_rt_exec_state,1,1
 188              		.comm	sys_probe_state,1,1
 189              		.comm	sys_probe_position,12,4
 190              		.comm	sys_position,12,4
 191              		.text
 192              	.Letext0:
 193              		.file 2 "c:\\program files (x86)\\cypress\\psoc creator\\4.0\\psoc creator\\import\\gnu\\arm\\4.9.
 194              		.file 3 "c:\\program files (x86)\\cypress\\psoc creator\\4.0\\psoc creator\\import\\gnu\\arm\\4.9.
 195              		.file 4 "Generated_Source\\PSoC5/cytypes.h"
 196              		.file 5 "settings.h"
 197              		.file 6 "system.h"
 198              		.file 7 "Generated_Source\\PSoC5/core_cm3.h"
 199              		.file 8 "lcd_report.h"
 200              		.file 9 "serial.h"
 201              		.file 10 "gcode.h"
 202              		.file 11 "spindle_control.h"
 203              		.file 12 "coolant_control.h"
 204              		.file 13 "./limits.h"
 205              		.file 14 "probe.h"
 206              		.file 15 "planner.h"
 207              		.file 16 "stepper.h"
 208              		.file 17 "report.h"
 209              		.file 18 "protocol.h"
 210              		.file 19 "Generated_Source\\PSoC5/isr_LCD_Update.h"
 211              		.section	.debug_info,"",%progbits
 212              	.Ldebug_info0:
 213 0000 47050000 		.4byte	0x547
 214 0004 0400     		.2byte	0x4
 215 0006 00000000 		.4byte	.Ldebug_abbrev0
 216 000a 04       		.byte	0x4
 217 000b 01       		.uleb128 0x1
 218 000c 0E040000 		.4byte	.LASF85
 219 0010 01       		.byte	0x1
 220 0011 93030000 		.4byte	.LASF86
 221 0015 1C050000 		.4byte	.LASF87
 222 0019 00000000 		.4byte	.Ldebug_ranges0+0
 223 001d 00000000 		.4byte	0
 224 0021 00000000 		.4byte	.Ldebug_line0
 225 0025 02       		.uleb128 0x2
 226 0026 01       		.byte	0x1
 227 0027 06       		.byte	0x6
 228 0028 0A020000 		.4byte	.LASF0
 229 002c 03       		.uleb128 0x3
 230 002d 7B010000 		.4byte	.LASF3
 231 0031 02       		.byte	0x2
 232 0032 1D       		.byte	0x1d
ARM GAS  C:\Users\miker\AppData\Local\Temp\cc8BfQ99.s 			page 7


 233 0033 37000000 		.4byte	0x37
 234 0037 02       		.uleb128 0x2
 235 0038 01       		.byte	0x1
 236 0039 08       		.byte	0x8
 237 003a B9010000 		.4byte	.LASF1
 238 003e 02       		.uleb128 0x2
 239 003f 02       		.byte	0x2
 240 0040 05       		.byte	0x5
 241 0041 57000000 		.4byte	.LASF2
 242 0045 03       		.uleb128 0x3
 243 0046 78000000 		.4byte	.LASF4
 244 004a 02       		.byte	0x2
 245 004b 2B       		.byte	0x2b
 246 004c 50000000 		.4byte	0x50
 247 0050 02       		.uleb128 0x2
 248 0051 02       		.byte	0x2
 249 0052 07       		.byte	0x7
 250 0053 D7020000 		.4byte	.LASF5
 251 0057 03       		.uleb128 0x3
 252 0058 F1030000 		.4byte	.LASF6
 253 005c 02       		.byte	0x2
 254 005d 3F       		.byte	0x3f
 255 005e 62000000 		.4byte	0x62
 256 0062 02       		.uleb128 0x2
 257 0063 04       		.byte	0x4
 258 0064 05       		.byte	0x5
 259 0065 06030000 		.4byte	.LASF7
 260 0069 02       		.uleb128 0x2
 261 006a 04       		.byte	0x4
 262 006b 07       		.byte	0x7
 263 006c 9A030000 		.4byte	.LASF8
 264 0070 02       		.uleb128 0x2
 265 0071 08       		.byte	0x8
 266 0072 05       		.byte	0x5
 267 0073 F8000000 		.4byte	.LASF9
 268 0077 02       		.uleb128 0x2
 269 0078 08       		.byte	0x8
 270 0079 07       		.byte	0x7
 271 007a 1C020000 		.4byte	.LASF10
 272 007e 04       		.uleb128 0x4
 273 007f 04       		.byte	0x4
 274 0080 05       		.byte	0x5
 275 0081 696E7400 		.ascii	"int\000"
 276 0085 02       		.uleb128 0x2
 277 0086 04       		.byte	0x4
 278 0087 07       		.byte	0x7
 279 0088 46020000 		.4byte	.LASF11
 280 008c 03       		.uleb128 0x3
 281 008d BC000000 		.4byte	.LASF12
 282 0091 03       		.byte	0x3
 283 0092 15       		.byte	0x15
 284 0093 2C000000 		.4byte	0x2c
 285 0097 03       		.uleb128 0x3
 286 0098 FD020000 		.4byte	.LASF13
 287 009c 03       		.byte	0x3
 288 009d 21       		.byte	0x21
 289 009e 45000000 		.4byte	0x45
ARM GAS  C:\Users\miker\AppData\Local\Temp\cc8BfQ99.s 			page 8


 290 00a2 03       		.uleb128 0x3
 291 00a3 1F030000 		.4byte	.LASF14
 292 00a7 03       		.byte	0x3
 293 00a8 2C       		.byte	0x2c
 294 00a9 57000000 		.4byte	0x57
 295 00ad 02       		.uleb128 0x2
 296 00ae 04       		.byte	0x4
 297 00af 04       		.byte	0x4
 298 00b0 E9000000 		.4byte	.LASF15
 299 00b4 02       		.uleb128 0x2
 300 00b5 08       		.byte	0x8
 301 00b6 04       		.byte	0x4
 302 00b7 B8030000 		.4byte	.LASF16
 303 00bb 02       		.uleb128 0x2
 304 00bc 01       		.byte	0x1
 305 00bd 08       		.byte	0x8
 306 00be F8020000 		.4byte	.LASF17
 307 00c2 05       		.uleb128 0x5
 308 00c3 EF010000 		.4byte	.LASF18
 309 00c7 04       		.byte	0x4
 310 00c8 4E02     		.2byte	0x24e
 311 00ca CE000000 		.4byte	0xce
 312 00ce 06       		.uleb128 0x6
 313 00cf 04       		.byte	0x4
 314 00d0 D4000000 		.4byte	0xd4
 315 00d4 07       		.uleb128 0x7
 316 00d5 02       		.uleb128 0x2
 317 00d6 04       		.byte	0x4
 318 00d7 07       		.byte	0x7
 319 00d8 B8040000 		.4byte	.LASF19
 320 00dc 08       		.uleb128 0x8
 321 00dd 8C000000 		.4byte	0x8c
 322 00e1 02       		.uleb128 0x2
 323 00e2 08       		.byte	0x8
 324 00e3 04       		.byte	0x4
 325 00e4 C7010000 		.4byte	.LASF20
 326 00e8 09       		.uleb128 0x9
 327 00e9 5C       		.byte	0x5c
 328 00ea 05       		.byte	0x5
 329 00eb 4F       		.byte	0x4f
 330 00ec D5010000 		.4byte	0x1d5
 331 00f0 0A       		.uleb128 0xa
 332 00f1 CD000000 		.4byte	.LASF21
 333 00f5 05       		.byte	0x5
 334 00f6 51       		.byte	0x51
 335 00f7 D5010000 		.4byte	0x1d5
 336 00fb 00       		.byte	0
 337 00fc 0A       		.uleb128 0xa
 338 00fd F0040000 		.4byte	.LASF22
 339 0101 05       		.byte	0x5
 340 0102 52       		.byte	0x52
 341 0103 D5010000 		.4byte	0x1d5
 342 0107 0C       		.byte	0xc
 343 0108 0A       		.uleb128 0xa
 344 0109 31000000 		.4byte	.LASF23
 345 010d 05       		.byte	0x5
 346 010e 53       		.byte	0x53
ARM GAS  C:\Users\miker\AppData\Local\Temp\cc8BfQ99.s 			page 9


 347 010f D5010000 		.4byte	0x1d5
 348 0113 18       		.byte	0x18
 349 0114 0A       		.uleb128 0xa
 350 0115 9C040000 		.4byte	.LASF24
 351 0119 05       		.byte	0x5
 352 011a 54       		.byte	0x54
 353 011b D5010000 		.4byte	0x1d5
 354 011f 24       		.byte	0x24
 355 0120 0A       		.uleb128 0xa
 356 0121 70030000 		.4byte	.LASF25
 357 0125 05       		.byte	0x5
 358 0126 57       		.byte	0x57
 359 0127 8C000000 		.4byte	0x8c
 360 012b 30       		.byte	0x30
 361 012c 0A       		.uleb128 0xa
 362 012d DF040000 		.4byte	.LASF26
 363 0131 05       		.byte	0x5
 364 0132 58       		.byte	0x58
 365 0133 8C000000 		.4byte	0x8c
 366 0137 31       		.byte	0x31
 367 0138 0A       		.uleb128 0xa
 368 0139 0F030000 		.4byte	.LASF27
 369 013d 05       		.byte	0x5
 370 013e 59       		.byte	0x59
 371 013f 8C000000 		.4byte	0x8c
 372 0143 32       		.byte	0x32
 373 0144 0A       		.uleb128 0xa
 374 0145 83000000 		.4byte	.LASF28
 375 0149 05       		.byte	0x5
 376 014a 5A       		.byte	0x5a
 377 014b 8C000000 		.4byte	0x8c
 378 014f 33       		.byte	0x33
 379 0150 0A       		.uleb128 0xa
 380 0151 A8020000 		.4byte	.LASF29
 381 0155 05       		.byte	0x5
 382 0156 5B       		.byte	0x5b
 383 0157 8C000000 		.4byte	0x8c
 384 015b 34       		.byte	0x34
 385 015c 0A       		.uleb128 0xa
 386 015d FB030000 		.4byte	.LASF30
 387 0161 05       		.byte	0x5
 388 0162 5C       		.byte	0x5c
 389 0163 AD000000 		.4byte	0xad
 390 0167 38       		.byte	0x38
 391 0168 0A       		.uleb128 0xa
 392 0169 AB010000 		.4byte	.LASF31
 393 016d 05       		.byte	0x5
 394 016e 5D       		.byte	0x5d
 395 016f AD000000 		.4byte	0xad
 396 0173 3C       		.byte	0x3c
 397 0174 0A       		.uleb128 0xa
 398 0175 32030000 		.4byte	.LASF32
 399 0179 05       		.byte	0x5
 400 017a 5F       		.byte	0x5f
 401 017b AD000000 		.4byte	0xad
 402 017f 40       		.byte	0x40
 403 0180 0A       		.uleb128 0xa
ARM GAS  C:\Users\miker\AppData\Local\Temp\cc8BfQ99.s 			page 10


 404 0181 DD030000 		.4byte	.LASF33
 405 0185 05       		.byte	0x5
 406 0186 60       		.byte	0x60
 407 0187 AD000000 		.4byte	0xad
 408 018b 44       		.byte	0x44
 409 018c 0A       		.uleb128 0xa
 410 018d 16020000 		.4byte	.LASF34
 411 0191 05       		.byte	0x5
 412 0192 62       		.byte	0x62
 413 0193 8C000000 		.4byte	0x8c
 414 0197 48       		.byte	0x48
 415 0198 0A       		.uleb128 0xa
 416 0199 DF010000 		.4byte	.LASF35
 417 019d 05       		.byte	0x5
 418 019e 64       		.byte	0x64
 419 019f 8C000000 		.4byte	0x8c
 420 01a3 49       		.byte	0x49
 421 01a4 0A       		.uleb128 0xa
 422 01a5 A7040000 		.4byte	.LASF36
 423 01a9 05       		.byte	0x5
 424 01aa 65       		.byte	0x65
 425 01ab AD000000 		.4byte	0xad
 426 01af 4C       		.byte	0x4c
 427 01b0 0A       		.uleb128 0xa
 428 01b1 BF030000 		.4byte	.LASF37
 429 01b5 05       		.byte	0x5
 430 01b6 66       		.byte	0x66
 431 01b7 AD000000 		.4byte	0xad
 432 01bb 50       		.byte	0x50
 433 01bc 0A       		.uleb128 0xa
 434 01bd 5A030000 		.4byte	.LASF38
 435 01c1 05       		.byte	0x5
 436 01c2 67       		.byte	0x67
 437 01c3 97000000 		.4byte	0x97
 438 01c7 54       		.byte	0x54
 439 01c8 0A       		.uleb128 0xa
 440 01c9 DA000000 		.4byte	.LASF39
 441 01cd 05       		.byte	0x5
 442 01ce 68       		.byte	0x68
 443 01cf AD000000 		.4byte	0xad
 444 01d3 58       		.byte	0x58
 445 01d4 00       		.byte	0
 446 01d5 0B       		.uleb128 0xb
 447 01d6 AD000000 		.4byte	0xad
 448 01da E5010000 		.4byte	0x1e5
 449 01de 0C       		.uleb128 0xc
 450 01df D5000000 		.4byte	0xd5
 451 01e3 02       		.byte	0x2
 452 01e4 00       		.byte	0
 453 01e5 03       		.uleb128 0x3
 454 01e6 CC020000 		.4byte	.LASF40
 455 01ea 05       		.byte	0x5
 456 01eb 69       		.byte	0x69
 457 01ec E8000000 		.4byte	0xe8
 458 01f0 09       		.uleb128 0x9
 459 01f1 14       		.byte	0x14
 460 01f2 06       		.byte	0x6
ARM GAS  C:\Users\miker\AppData\Local\Temp\cc8BfQ99.s 			page 11


 461 01f3 80       		.byte	0x80
 462 01f4 A1020000 		.4byte	0x2a1
 463 01f8 0A       		.uleb128 0xa
 464 01f9 A5010000 		.4byte	.LASF41
 465 01fd 06       		.byte	0x6
 466 01fe 81       		.byte	0x81
 467 01ff 8C000000 		.4byte	0x8c
 468 0203 00       		.byte	0
 469 0204 0A       		.uleb128 0xa
 470 0205 04020000 		.4byte	.LASF42
 471 0209 06       		.byte	0x6
 472 020a 82       		.byte	0x82
 473 020b 8C000000 		.4byte	0x8c
 474 020f 01       		.byte	0x1
 475 0210 0A       		.uleb128 0xa
 476 0211 47030000 		.4byte	.LASF43
 477 0215 06       		.byte	0x6
 478 0216 83       		.byte	0x83
 479 0217 8C000000 		.4byte	0x8c
 480 021b 02       		.byte	0x2
 481 021c 0A       		.uleb128 0xa
 482 021d 4F030000 		.4byte	.LASF44
 483 0221 06       		.byte	0x6
 484 0222 84       		.byte	0x84
 485 0223 8C000000 		.4byte	0x8c
 486 0227 03       		.byte	0x3
 487 0228 0A       		.uleb128 0xa
 488 0229 3A030000 		.4byte	.LASF45
 489 022d 06       		.byte	0x6
 490 022e 85       		.byte	0x85
 491 022f 8C000000 		.4byte	0x8c
 492 0233 04       		.byte	0x4
 493 0234 0A       		.uleb128 0xa
 494 0235 25010000 		.4byte	.LASF46
 495 0239 06       		.byte	0x6
 496 023a 86       		.byte	0x86
 497 023b 8C000000 		.4byte	0x8c
 498 023f 05       		.byte	0x5
 499 0240 0A       		.uleb128 0xa
 500 0241 BB020000 		.4byte	.LASF47
 501 0245 06       		.byte	0x6
 502 0246 87       		.byte	0x87
 503 0247 8C000000 		.4byte	0x8c
 504 024b 06       		.byte	0x6
 505 024c 0A       		.uleb128 0xa
 506 024d 53020000 		.4byte	.LASF48
 507 0251 06       		.byte	0x6
 508 0252 88       		.byte	0x88
 509 0253 8C000000 		.4byte	0x8c
 510 0257 07       		.byte	0x7
 511 0258 0A       		.uleb128 0xa
 512 0259 C1040000 		.4byte	.LASF49
 513 025d 06       		.byte	0x6
 514 025e 89       		.byte	0x89
 515 025f 8C000000 		.4byte	0x8c
 516 0263 08       		.byte	0x8
 517 0264 0A       		.uleb128 0xa
ARM GAS  C:\Users\miker\AppData\Local\Temp\cc8BfQ99.s 			page 12


 518 0265 06010000 		.4byte	.LASF50
 519 0269 06       		.byte	0x6
 520 026a 8A       		.byte	0x8a
 521 026b 8C000000 		.4byte	0x8c
 522 026f 09       		.byte	0x9
 523 0270 0A       		.uleb128 0xa
 524 0271 F9040000 		.4byte	.LASF51
 525 0275 06       		.byte	0x6
 526 0276 8B       		.byte	0x8b
 527 0277 8C000000 		.4byte	0x8c
 528 027b 0A       		.byte	0xa
 529 027c 0A       		.uleb128 0xa
 530 027d 85010000 		.4byte	.LASF52
 531 0281 06       		.byte	0x6
 532 0282 8C       		.byte	0x8c
 533 0283 8C000000 		.4byte	0x8c
 534 0287 0B       		.byte	0xb
 535 0288 0A       		.uleb128 0xa
 536 0289 CC040000 		.4byte	.LASF53
 537 028d 06       		.byte	0x6
 538 028e 8D       		.byte	0x8d
 539 028f 8C000000 		.4byte	0x8c
 540 0293 0C       		.byte	0xc
 541 0294 0A       		.uleb128 0xa
 542 0295 5E020000 		.4byte	.LASF54
 543 0299 06       		.byte	0x6
 544 029a 8F       		.byte	0x8f
 545 029b AD000000 		.4byte	0xad
 546 029f 10       		.byte	0x10
 547 02a0 00       		.byte	0
 548 02a1 03       		.uleb128 0x3
 549 02a2 6A000000 		.4byte	.LASF55
 550 02a6 06       		.byte	0x6
 551 02a7 91       		.byte	0x91
 552 02a8 F0010000 		.4byte	0x1f0
 553 02ac 0D       		.uleb128 0xd
 554 02ad 73000000 		.4byte	.LASF88
 555 02b1 01       		.byte	0x1
 556 02b2 1F       		.byte	0x1f
 557 02b3 7E000000 		.4byte	0x7e
 558 02b7 00000000 		.4byte	.LFB63
 559 02bb E4000000 		.4byte	.LFE63-.LFB63
 560 02bf 01       		.uleb128 0x1
 561 02c0 9C       		.byte	0x9c
 562 02c1 8E030000 		.4byte	0x38e
 563 02c5 0E       		.uleb128 0xe
 564 02c6 42000000 		.4byte	.LBB2
 565 02ca 78000000 		.4byte	.LBE2-.LBB2
 566 02ce 57030000 		.4byte	0x357
 567 02d2 0F       		.uleb128 0xf
 568 02d3 AC030000 		.4byte	.LASF89
 569 02d7 01       		.byte	0x1
 570 02d8 4C       		.byte	0x4c
 571 02d9 8C000000 		.4byte	0x8c
 572 02dd 00000000 		.4byte	.LLST0
 573 02e1 10       		.uleb128 0x10
 574 02e2 8A000000 		.4byte	.LVL7
ARM GAS  C:\Users\miker\AppData\Local\Temp\cc8BfQ99.s 			page 13


 575 02e6 53040000 		.4byte	0x453
 576 02ea 10       		.uleb128 0x10
 577 02eb 8E000000 		.4byte	.LVL8
 578 02ef 60040000 		.4byte	0x460
 579 02f3 10       		.uleb128 0x10
 580 02f4 92000000 		.4byte	.LVL9
 581 02f8 6D040000 		.4byte	0x46d
 582 02fc 10       		.uleb128 0x10
 583 02fd 96000000 		.4byte	.LVL10
 584 0301 7A040000 		.4byte	0x47a
 585 0305 10       		.uleb128 0x10
 586 0306 9A000000 		.4byte	.LVL11
 587 030a 87040000 		.4byte	0x487
 588 030e 10       		.uleb128 0x10
 589 030f 9E000000 		.4byte	.LVL12
 590 0313 94040000 		.4byte	0x494
 591 0317 10       		.uleb128 0x10
 592 0318 A2000000 		.4byte	.LVL13
 593 031c A1040000 		.4byte	0x4a1
 594 0320 10       		.uleb128 0x10
 595 0321 A6000000 		.4byte	.LVL14
 596 0325 AE040000 		.4byte	0x4ae
 597 0329 10       		.uleb128 0x10
 598 032a AA000000 		.4byte	.LVL15
 599 032e BB040000 		.4byte	0x4bb
 600 0332 10       		.uleb128 0x10
 601 0333 AE000000 		.4byte	.LVL16
 602 0337 C8040000 		.4byte	0x4c8
 603 033b 10       		.uleb128 0x10
 604 033c B2000000 		.4byte	.LVL17
 605 0340 D5040000 		.4byte	0x4d5
 606 0344 10       		.uleb128 0x10
 607 0345 B6000000 		.4byte	.LVL18
 608 0349 E2040000 		.4byte	0x4e2
 609 034d 10       		.uleb128 0x10
 610 034e BA000000 		.4byte	.LVL19
 611 0352 EF040000 		.4byte	0x4ef
 612 0356 00       		.byte	0
 613 0357 10       		.uleb128 0x10
 614 0358 08000000 		.4byte	.LVL0
 615 035c FC040000 		.4byte	0x4fc
 616 0360 10       		.uleb128 0x10
 617 0361 0C000000 		.4byte	.LVL1
 618 0365 09050000 		.4byte	0x509
 619 0369 10       		.uleb128 0x10
 620 036a 10000000 		.4byte	.LVL2
 621 036e 16050000 		.4byte	0x516
 622 0372 10       		.uleb128 0x10
 623 0373 14000000 		.4byte	.LVL3
 624 0377 23050000 		.4byte	0x523
 625 037b 10       		.uleb128 0x10
 626 037c 18000000 		.4byte	.LVL4
 627 0380 30050000 		.4byte	0x530
 628 0384 10       		.uleb128 0x10
 629 0385 42000000 		.4byte	.LVL5
 630 0389 3D050000 		.4byte	0x53d
 631 038d 00       		.byte	0
ARM GAS  C:\Users\miker\AppData\Local\Temp\cc8BfQ99.s 			page 14


 632 038e 11       		.uleb128 0x11
 633 038f D0030000 		.4byte	.LASF56
 634 0393 07       		.byte	0x7
 635 0394 9606     		.2byte	0x696
 636 0396 9A030000 		.4byte	0x39a
 637 039a 08       		.uleb128 0x8
 638 039b A2000000 		.4byte	0xa2
 639 039f 12       		.uleb128 0x12
 640 03a0 EF000000 		.4byte	.LASF57
 641 03a4 05       		.byte	0x5
 642 03a5 6A       		.byte	0x6a
 643 03a6 E5010000 		.4byte	0x1e5
 644 03aa 13       		.uleb128 0x13
 645 03ab 73797300 		.ascii	"sys\000"
 646 03af 01       		.byte	0x1
 647 03b0 1A       		.byte	0x1a
 648 03b1 A1020000 		.4byte	0x2a1
 649 03b5 05       		.uleb128 0x5
 650 03b6 03       		.byte	0x3
 651 03b7 00000000 		.4byte	sys
 652 03bb 0B       		.uleb128 0xb
 653 03bc A2000000 		.4byte	0xa2
 654 03c0 CB030000 		.4byte	0x3cb
 655 03c4 0C       		.uleb128 0xc
 656 03c5 D5000000 		.4byte	0xd5
 657 03c9 02       		.byte	0x2
 658 03ca 00       		.byte	0
 659 03cb 14       		.uleb128 0x14
 660 03cc 18010000 		.4byte	.LASF58
 661 03d0 06       		.byte	0x6
 662 03d1 95       		.byte	0x95
 663 03d2 BB030000 		.4byte	0x3bb
 664 03d6 05       		.uleb128 0x5
 665 03d7 03       		.byte	0x3
 666 03d8 00000000 		.4byte	sys_position
 667 03dc 14       		.uleb128 0x14
 668 03dd 6C020000 		.4byte	.LASF59
 669 03e1 06       		.byte	0x6
 670 03e2 96       		.byte	0x96
 671 03e3 BB030000 		.4byte	0x3bb
 672 03e7 05       		.uleb128 0x5
 673 03e8 03       		.byte	0x3
 674 03e9 00000000 		.4byte	sys_probe_position
 675 03ed 14       		.uleb128 0x14
 676 03ee 83030000 		.4byte	.LASF60
 677 03f2 06       		.byte	0x6
 678 03f3 98       		.byte	0x98
 679 03f4 DC000000 		.4byte	0xdc
 680 03f8 05       		.uleb128 0x5
 681 03f9 03       		.byte	0x3
 682 03fa 00000000 		.4byte	sys_probe_state
 683 03fe 14       		.uleb128 0x14
 684 03ff 0A050000 		.4byte	.LASF61
 685 0403 06       		.byte	0x6
 686 0404 99       		.byte	0x99
 687 0405 DC000000 		.4byte	0xdc
 688 0409 05       		.uleb128 0x5
ARM GAS  C:\Users\miker\AppData\Local\Temp\cc8BfQ99.s 			page 15


 689 040a 03       		.byte	0x3
 690 040b 00000000 		.4byte	sys_rt_exec_state
 691 040f 14       		.uleb128 0x14
 692 0410 00000000 		.4byte	.LASF62
 693 0414 06       		.byte	0x6
 694 0415 9A       		.byte	0x9a
 695 0416 DC000000 		.4byte	0xdc
 696 041a 05       		.uleb128 0x5
 697 041b 03       		.byte	0x3
 698 041c 00000000 		.4byte	sys_rt_exec_alarm
 699 0420 14       		.uleb128 0x14
 700 0421 7F020000 		.4byte	.LASF63
 701 0425 06       		.byte	0x6
 702 0426 9B       		.byte	0x9b
 703 0427 DC000000 		.4byte	0xdc
 704 042b 05       		.uleb128 0x5
 705 042c 03       		.byte	0x3
 706 042d 00000000 		.4byte	sys_rt_exec_motion_override
 707 0431 14       		.uleb128 0x14
 708 0432 12000000 		.4byte	.LASF64
 709 0436 06       		.byte	0x6
 710 0437 9C       		.byte	0x9c
 711 0438 DC000000 		.4byte	0xdc
 712 043c 05       		.uleb128 0x5
 713 043d 03       		.byte	0x3
 714 043e 00000000 		.4byte	sys_rt_exec_accessory_override
 715 0442 14       		.uleb128 0x14
 716 0443 35010000 		.4byte	.LASF65
 717 0447 08       		.byte	0x8
 718 0448 11       		.byte	0x11
 719 0449 8C000000 		.4byte	0x8c
 720 044d 05       		.uleb128 0x5
 721 044e 03       		.byte	0x3
 722 044f 00000000 		.4byte	exec_lcd_status
 723 0453 15       		.uleb128 0x15
 724 0454 3E000000 		.4byte	.LASF66
 725 0458 09       		.byte	0x9
 726 0459 34       		.byte	0x34
 727 045a 60040000 		.4byte	0x460
 728 045e 16       		.uleb128 0x16
 729 045f 00       		.byte	0
 730 0460 15       		.uleb128 0x15
 731 0461 FC010000 		.4byte	.LASF67
 732 0465 0A       		.byte	0xa
 733 0466 EA       		.byte	0xea
 734 0467 6D040000 		.4byte	0x46d
 735 046b 16       		.uleb128 0x16
 736 046c 00       		.byte	0
 737 046d 15       		.uleb128 0x15
 738 046e 9B020000 		.4byte	.LASF68
 739 0472 0B       		.byte	0xb
 740 0473 25       		.byte	0x25
 741 0474 7A040000 		.4byte	0x47a
 742 0478 16       		.uleb128 0x16
 743 0479 00       		.byte	0
 744 047a 15       		.uleb128 0x15
 745 047b 98010000 		.4byte	.LASF69
ARM GAS  C:\Users\miker\AppData\Local\Temp\cc8BfQ99.s 			page 16


 746 047f 0C       		.byte	0xc
 747 0480 25       		.byte	0x25
 748 0481 87040000 		.4byte	0x487
 749 0485 16       		.uleb128 0x16
 750 0486 00       		.byte	0
 751 0487 15       		.uleb128 0x15
 752 0488 E5030000 		.4byte	.LASF70
 753 048c 0D       		.byte	0xd
 754 048d 22       		.byte	0x22
 755 048e 94040000 		.4byte	0x494
 756 0492 16       		.uleb128 0x16
 757 0493 00       		.byte	0
 758 0494 15       		.uleb128 0x15
 759 0495 B1000000 		.4byte	.LASF71
 760 0499 0E       		.byte	0xe
 761 049a 22       		.byte	0x22
 762 049b A1040000 		.4byte	0x4a1
 763 049f 16       		.uleb128 0x16
 764 04a0 00       		.byte	0
 765 04a1 15       		.uleb128 0x15
 766 04a2 27030000 		.4byte	.LASF72
 767 04a6 0F       		.byte	0xf
 768 04a7 67       		.byte	0x67
 769 04a8 AE040000 		.4byte	0x4ae
 770 04ac 16       		.uleb128 0x16
 771 04ad 00       		.byte	0
 772 04ae 15       		.uleb128 0x15
 773 04af C4000000 		.4byte	.LASF73
 774 04b3 10       		.byte	0x10
 775 04b4 2C       		.byte	0x2c
 776 04b5 BB040000 		.4byte	0x4bb
 777 04b9 16       		.uleb128 0x16
 778 04ba 00       		.byte	0
 779 04bb 15       		.uleb128 0x15
 780 04bc 66050000 		.4byte	.LASF74
 781 04c0 0F       		.byte	0xf
 782 04c1 86       		.byte	0x86
 783 04c2 C8040000 		.4byte	0x4c8
 784 04c6 16       		.uleb128 0x16
 785 04c7 00       		.byte	0
 786 04c8 15       		.uleb128 0x15
 787 04c9 45010000 		.4byte	.LASF75
 788 04cd 0A       		.byte	0xa
 789 04ce F0       		.byte	0xf0
 790 04cf D5040000 		.4byte	0x4d5
 791 04d3 16       		.uleb128 0x16
 792 04d4 00       		.byte	0
 793 04d5 15       		.uleb128 0x15
 794 04d6 85050000 		.4byte	.LASF76
 795 04da 11       		.byte	0x11
 796 04db 68       		.byte	0x68
 797 04dc E2040000 		.4byte	0x4e2
 798 04e0 16       		.uleb128 0x16
 799 04e1 00       		.byte	0
 800 04e2 15       		.uleb128 0x15
 801 04e3 63010000 		.4byte	.LASF77
 802 04e7 08       		.byte	0x8
ARM GAS  C:\Users\miker\AppData\Local\Temp\cc8BfQ99.s 			page 17


 803 04e8 40       		.byte	0x40
 804 04e9 EF040000 		.4byte	0x4ef
 805 04ed 16       		.uleb128 0x16
 806 04ee 00       		.byte	0
 807 04ef 15       		.uleb128 0x15
 808 04f0 33020000 		.4byte	.LASF78
 809 04f4 12       		.byte	0x12
 810 04f5 26       		.byte	0x26
 811 04f6 FC040000 		.4byte	0x4fc
 812 04fa 16       		.uleb128 0x16
 813 04fb 00       		.byte	0
 814 04fc 15       		.uleb128 0x15
 815 04fd 61000000 		.4byte	.LASF79
 816 0501 08       		.byte	0x8
 817 0502 3D       		.byte	0x3d
 818 0503 09050000 		.4byte	0x509
 819 0507 16       		.uleb128 0x16
 820 0508 00       		.byte	0
 821 0509 15       		.uleb128 0x15
 822 050a 79050000 		.4byte	.LASF80
 823 050e 09       		.byte	0x9
 824 050f 2B       		.byte	0x2b
 825 0510 16050000 		.4byte	0x516
 826 0514 16       		.uleb128 0x16
 827 0515 00       		.byte	0
 828 0516 15       		.uleb128 0x15
 829 0517 EA020000 		.4byte	.LASF81
 830 051b 05       		.byte	0x5
 831 051c 6D       		.byte	0x6d
 832 051d 23050000 		.4byte	0x523
 833 0521 16       		.uleb128 0x16
 834 0522 00       		.byte	0
 835 0523 15       		.uleb128 0x15
 836 0524 56010000 		.4byte	.LASF82
 837 0528 10       		.byte	0x10
 838 0529 20       		.byte	0x20
 839 052a 30050000 		.4byte	0x530
 840 052e 16       		.uleb128 0x16
 841 052f 00       		.byte	0
 842 0530 15       		.uleb128 0x15
 843 0531 D3010000 		.4byte	.LASF83
 844 0535 06       		.byte	0x6
 845 0536 A4       		.byte	0xa4
 846 0537 3D050000 		.4byte	0x53d
 847 053b 16       		.uleb128 0x16
 848 053c 00       		.byte	0
 849 053d 17       		.uleb128 0x17
 850 053e 9A000000 		.4byte	.LASF84
 851 0542 13       		.byte	0x13
 852 0543 18       		.byte	0x18
 853 0544 18       		.uleb128 0x18
 854 0545 C2000000 		.4byte	0xc2
 855 0549 00       		.byte	0
 856 054a 00       		.byte	0
 857              		.section	.debug_abbrev,"",%progbits
 858              	.Ldebug_abbrev0:
 859 0000 01       		.uleb128 0x1
ARM GAS  C:\Users\miker\AppData\Local\Temp\cc8BfQ99.s 			page 18


 860 0001 11       		.uleb128 0x11
 861 0002 01       		.byte	0x1
 862 0003 25       		.uleb128 0x25
 863 0004 0E       		.uleb128 0xe
 864 0005 13       		.uleb128 0x13
 865 0006 0B       		.uleb128 0xb
 866 0007 03       		.uleb128 0x3
 867 0008 0E       		.uleb128 0xe
 868 0009 1B       		.uleb128 0x1b
 869 000a 0E       		.uleb128 0xe
 870 000b 55       		.uleb128 0x55
 871 000c 17       		.uleb128 0x17
 872 000d 11       		.uleb128 0x11
 873 000e 01       		.uleb128 0x1
 874 000f 10       		.uleb128 0x10
 875 0010 17       		.uleb128 0x17
 876 0011 00       		.byte	0
 877 0012 00       		.byte	0
 878 0013 02       		.uleb128 0x2
 879 0014 24       		.uleb128 0x24
 880 0015 00       		.byte	0
 881 0016 0B       		.uleb128 0xb
 882 0017 0B       		.uleb128 0xb
 883 0018 3E       		.uleb128 0x3e
 884 0019 0B       		.uleb128 0xb
 885 001a 03       		.uleb128 0x3
 886 001b 0E       		.uleb128 0xe
 887 001c 00       		.byte	0
 888 001d 00       		.byte	0
 889 001e 03       		.uleb128 0x3
 890 001f 16       		.uleb128 0x16
 891 0020 00       		.byte	0
 892 0021 03       		.uleb128 0x3
 893 0022 0E       		.uleb128 0xe
 894 0023 3A       		.uleb128 0x3a
 895 0024 0B       		.uleb128 0xb
 896 0025 3B       		.uleb128 0x3b
 897 0026 0B       		.uleb128 0xb
 898 0027 49       		.uleb128 0x49
 899 0028 13       		.uleb128 0x13
 900 0029 00       		.byte	0
 901 002a 00       		.byte	0
 902 002b 04       		.uleb128 0x4
 903 002c 24       		.uleb128 0x24
 904 002d 00       		.byte	0
 905 002e 0B       		.uleb128 0xb
 906 002f 0B       		.uleb128 0xb
 907 0030 3E       		.uleb128 0x3e
 908 0031 0B       		.uleb128 0xb
 909 0032 03       		.uleb128 0x3
 910 0033 08       		.uleb128 0x8
 911 0034 00       		.byte	0
 912 0035 00       		.byte	0
 913 0036 05       		.uleb128 0x5
 914 0037 16       		.uleb128 0x16
 915 0038 00       		.byte	0
 916 0039 03       		.uleb128 0x3
ARM GAS  C:\Users\miker\AppData\Local\Temp\cc8BfQ99.s 			page 19


 917 003a 0E       		.uleb128 0xe
 918 003b 3A       		.uleb128 0x3a
 919 003c 0B       		.uleb128 0xb
 920 003d 3B       		.uleb128 0x3b
 921 003e 05       		.uleb128 0x5
 922 003f 49       		.uleb128 0x49
 923 0040 13       		.uleb128 0x13
 924 0041 00       		.byte	0
 925 0042 00       		.byte	0
 926 0043 06       		.uleb128 0x6
 927 0044 0F       		.uleb128 0xf
 928 0045 00       		.byte	0
 929 0046 0B       		.uleb128 0xb
 930 0047 0B       		.uleb128 0xb
 931 0048 49       		.uleb128 0x49
 932 0049 13       		.uleb128 0x13
 933 004a 00       		.byte	0
 934 004b 00       		.byte	0
 935 004c 07       		.uleb128 0x7
 936 004d 15       		.uleb128 0x15
 937 004e 00       		.byte	0
 938 004f 27       		.uleb128 0x27
 939 0050 19       		.uleb128 0x19
 940 0051 00       		.byte	0
 941 0052 00       		.byte	0
 942 0053 08       		.uleb128 0x8
 943 0054 35       		.uleb128 0x35
 944 0055 00       		.byte	0
 945 0056 49       		.uleb128 0x49
 946 0057 13       		.uleb128 0x13
 947 0058 00       		.byte	0
 948 0059 00       		.byte	0
 949 005a 09       		.uleb128 0x9
 950 005b 13       		.uleb128 0x13
 951 005c 01       		.byte	0x1
 952 005d 0B       		.uleb128 0xb
 953 005e 0B       		.uleb128 0xb
 954 005f 3A       		.uleb128 0x3a
 955 0060 0B       		.uleb128 0xb
 956 0061 3B       		.uleb128 0x3b
 957 0062 0B       		.uleb128 0xb
 958 0063 01       		.uleb128 0x1
 959 0064 13       		.uleb128 0x13
 960 0065 00       		.byte	0
 961 0066 00       		.byte	0
 962 0067 0A       		.uleb128 0xa
 963 0068 0D       		.uleb128 0xd
 964 0069 00       		.byte	0
 965 006a 03       		.uleb128 0x3
 966 006b 0E       		.uleb128 0xe
 967 006c 3A       		.uleb128 0x3a
 968 006d 0B       		.uleb128 0xb
 969 006e 3B       		.uleb128 0x3b
 970 006f 0B       		.uleb128 0xb
 971 0070 49       		.uleb128 0x49
 972 0071 13       		.uleb128 0x13
 973 0072 38       		.uleb128 0x38
ARM GAS  C:\Users\miker\AppData\Local\Temp\cc8BfQ99.s 			page 20


 974 0073 0B       		.uleb128 0xb
 975 0074 00       		.byte	0
 976 0075 00       		.byte	0
 977 0076 0B       		.uleb128 0xb
 978 0077 01       		.uleb128 0x1
 979 0078 01       		.byte	0x1
 980 0079 49       		.uleb128 0x49
 981 007a 13       		.uleb128 0x13
 982 007b 01       		.uleb128 0x1
 983 007c 13       		.uleb128 0x13
 984 007d 00       		.byte	0
 985 007e 00       		.byte	0
 986 007f 0C       		.uleb128 0xc
 987 0080 21       		.uleb128 0x21
 988 0081 00       		.byte	0
 989 0082 49       		.uleb128 0x49
 990 0083 13       		.uleb128 0x13
 991 0084 2F       		.uleb128 0x2f
 992 0085 0B       		.uleb128 0xb
 993 0086 00       		.byte	0
 994 0087 00       		.byte	0
 995 0088 0D       		.uleb128 0xd
 996 0089 2E       		.uleb128 0x2e
 997 008a 01       		.byte	0x1
 998 008b 3F       		.uleb128 0x3f
 999 008c 19       		.uleb128 0x19
 1000 008d 03       		.uleb128 0x3
 1001 008e 0E       		.uleb128 0xe
 1002 008f 3A       		.uleb128 0x3a
 1003 0090 0B       		.uleb128 0xb
 1004 0091 3B       		.uleb128 0x3b
 1005 0092 0B       		.uleb128 0xb
 1006 0093 49       		.uleb128 0x49
 1007 0094 13       		.uleb128 0x13
 1008 0095 11       		.uleb128 0x11
 1009 0096 01       		.uleb128 0x1
 1010 0097 12       		.uleb128 0x12
 1011 0098 06       		.uleb128 0x6
 1012 0099 40       		.uleb128 0x40
 1013 009a 18       		.uleb128 0x18
 1014 009b 9742     		.uleb128 0x2117
 1015 009d 19       		.uleb128 0x19
 1016 009e 01       		.uleb128 0x1
 1017 009f 13       		.uleb128 0x13
 1018 00a0 00       		.byte	0
 1019 00a1 00       		.byte	0
 1020 00a2 0E       		.uleb128 0xe
 1021 00a3 0B       		.uleb128 0xb
 1022 00a4 01       		.byte	0x1
 1023 00a5 11       		.uleb128 0x11
 1024 00a6 01       		.uleb128 0x1
 1025 00a7 12       		.uleb128 0x12
 1026 00a8 06       		.uleb128 0x6
 1027 00a9 01       		.uleb128 0x1
 1028 00aa 13       		.uleb128 0x13
 1029 00ab 00       		.byte	0
 1030 00ac 00       		.byte	0
ARM GAS  C:\Users\miker\AppData\Local\Temp\cc8BfQ99.s 			page 21


 1031 00ad 0F       		.uleb128 0xf
 1032 00ae 34       		.uleb128 0x34
 1033 00af 00       		.byte	0
 1034 00b0 03       		.uleb128 0x3
 1035 00b1 0E       		.uleb128 0xe
 1036 00b2 3A       		.uleb128 0x3a
 1037 00b3 0B       		.uleb128 0xb
 1038 00b4 3B       		.uleb128 0x3b
 1039 00b5 0B       		.uleb128 0xb
 1040 00b6 49       		.uleb128 0x49
 1041 00b7 13       		.uleb128 0x13
 1042 00b8 02       		.uleb128 0x2
 1043 00b9 17       		.uleb128 0x17
 1044 00ba 00       		.byte	0
 1045 00bb 00       		.byte	0
 1046 00bc 10       		.uleb128 0x10
 1047 00bd 898201   		.uleb128 0x4109
 1048 00c0 00       		.byte	0
 1049 00c1 11       		.uleb128 0x11
 1050 00c2 01       		.uleb128 0x1
 1051 00c3 31       		.uleb128 0x31
 1052 00c4 13       		.uleb128 0x13
 1053 00c5 00       		.byte	0
 1054 00c6 00       		.byte	0
 1055 00c7 11       		.uleb128 0x11
 1056 00c8 34       		.uleb128 0x34
 1057 00c9 00       		.byte	0
 1058 00ca 03       		.uleb128 0x3
 1059 00cb 0E       		.uleb128 0xe
 1060 00cc 3A       		.uleb128 0x3a
 1061 00cd 0B       		.uleb128 0xb
 1062 00ce 3B       		.uleb128 0x3b
 1063 00cf 05       		.uleb128 0x5
 1064 00d0 49       		.uleb128 0x49
 1065 00d1 13       		.uleb128 0x13
 1066 00d2 3F       		.uleb128 0x3f
 1067 00d3 19       		.uleb128 0x19
 1068 00d4 3C       		.uleb128 0x3c
 1069 00d5 19       		.uleb128 0x19
 1070 00d6 00       		.byte	0
 1071 00d7 00       		.byte	0
 1072 00d8 12       		.uleb128 0x12
 1073 00d9 34       		.uleb128 0x34
 1074 00da 00       		.byte	0
 1075 00db 03       		.uleb128 0x3
 1076 00dc 0E       		.uleb128 0xe
 1077 00dd 3A       		.uleb128 0x3a
 1078 00de 0B       		.uleb128 0xb
 1079 00df 3B       		.uleb128 0x3b
 1080 00e0 0B       		.uleb128 0xb
 1081 00e1 49       		.uleb128 0x49
 1082 00e2 13       		.uleb128 0x13
 1083 00e3 3F       		.uleb128 0x3f
 1084 00e4 19       		.uleb128 0x19
 1085 00e5 3C       		.uleb128 0x3c
 1086 00e6 19       		.uleb128 0x19
 1087 00e7 00       		.byte	0
ARM GAS  C:\Users\miker\AppData\Local\Temp\cc8BfQ99.s 			page 22


 1088 00e8 00       		.byte	0
 1089 00e9 13       		.uleb128 0x13
 1090 00ea 34       		.uleb128 0x34
 1091 00eb 00       		.byte	0
 1092 00ec 03       		.uleb128 0x3
 1093 00ed 08       		.uleb128 0x8
 1094 00ee 3A       		.uleb128 0x3a
 1095 00ef 0B       		.uleb128 0xb
 1096 00f0 3B       		.uleb128 0x3b
 1097 00f1 0B       		.uleb128 0xb
 1098 00f2 49       		.uleb128 0x49
 1099 00f3 13       		.uleb128 0x13
 1100 00f4 3F       		.uleb128 0x3f
 1101 00f5 19       		.uleb128 0x19
 1102 00f6 02       		.uleb128 0x2
 1103 00f7 18       		.uleb128 0x18
 1104 00f8 00       		.byte	0
 1105 00f9 00       		.byte	0
 1106 00fa 14       		.uleb128 0x14
 1107 00fb 34       		.uleb128 0x34
 1108 00fc 00       		.byte	0
 1109 00fd 03       		.uleb128 0x3
 1110 00fe 0E       		.uleb128 0xe
 1111 00ff 3A       		.uleb128 0x3a
 1112 0100 0B       		.uleb128 0xb
 1113 0101 3B       		.uleb128 0x3b
 1114 0102 0B       		.uleb128 0xb
 1115 0103 49       		.uleb128 0x49
 1116 0104 13       		.uleb128 0x13
 1117 0105 3F       		.uleb128 0x3f
 1118 0106 19       		.uleb128 0x19
 1119 0107 02       		.uleb128 0x2
 1120 0108 18       		.uleb128 0x18
 1121 0109 00       		.byte	0
 1122 010a 00       		.byte	0
 1123 010b 15       		.uleb128 0x15
 1124 010c 2E       		.uleb128 0x2e
 1125 010d 01       		.byte	0x1
 1126 010e 3F       		.uleb128 0x3f
 1127 010f 19       		.uleb128 0x19
 1128 0110 03       		.uleb128 0x3
 1129 0111 0E       		.uleb128 0xe
 1130 0112 3A       		.uleb128 0x3a
 1131 0113 0B       		.uleb128 0xb
 1132 0114 3B       		.uleb128 0x3b
 1133 0115 0B       		.uleb128 0xb
 1134 0116 3C       		.uleb128 0x3c
 1135 0117 19       		.uleb128 0x19
 1136 0118 01       		.uleb128 0x1
 1137 0119 13       		.uleb128 0x13
 1138 011a 00       		.byte	0
 1139 011b 00       		.byte	0
 1140 011c 16       		.uleb128 0x16
 1141 011d 18       		.uleb128 0x18
 1142 011e 00       		.byte	0
 1143 011f 00       		.byte	0
 1144 0120 00       		.byte	0
ARM GAS  C:\Users\miker\AppData\Local\Temp\cc8BfQ99.s 			page 23


 1145 0121 17       		.uleb128 0x17
 1146 0122 2E       		.uleb128 0x2e
 1147 0123 01       		.byte	0x1
 1148 0124 3F       		.uleb128 0x3f
 1149 0125 19       		.uleb128 0x19
 1150 0126 03       		.uleb128 0x3
 1151 0127 0E       		.uleb128 0xe
 1152 0128 3A       		.uleb128 0x3a
 1153 0129 0B       		.uleb128 0xb
 1154 012a 3B       		.uleb128 0x3b
 1155 012b 0B       		.uleb128 0xb
 1156 012c 27       		.uleb128 0x27
 1157 012d 19       		.uleb128 0x19
 1158 012e 3C       		.uleb128 0x3c
 1159 012f 19       		.uleb128 0x19
 1160 0130 00       		.byte	0
 1161 0131 00       		.byte	0
 1162 0132 18       		.uleb128 0x18
 1163 0133 05       		.uleb128 0x5
 1164 0134 00       		.byte	0
 1165 0135 49       		.uleb128 0x49
 1166 0136 13       		.uleb128 0x13
 1167 0137 00       		.byte	0
 1168 0138 00       		.byte	0
 1169 0139 00       		.byte	0
 1170              		.section	.debug_loc,"",%progbits
 1171              	.Ldebug_loc0:
 1172              	.LLST0:
 1173 0000 46000000 		.4byte	.LVL6
 1174 0004 89000000 		.4byte	.LVL7-1
 1175 0008 0100     		.2byte	0x1
 1176 000a 50       		.byte	0x50
 1177 000b 00000000 		.4byte	0
 1178 000f 00000000 		.4byte	0
 1179              		.section	.debug_aranges,"",%progbits
 1180 0000 1C000000 		.4byte	0x1c
 1181 0004 0200     		.2byte	0x2
 1182 0006 00000000 		.4byte	.Ldebug_info0
 1183 000a 04       		.byte	0x4
 1184 000b 00       		.byte	0
 1185 000c 0000     		.2byte	0
 1186 000e 0000     		.2byte	0
 1187 0010 00000000 		.4byte	.LFB63
 1188 0014 E4000000 		.4byte	.LFE63-.LFB63
 1189 0018 00000000 		.4byte	0
 1190 001c 00000000 		.4byte	0
 1191              		.section	.debug_ranges,"",%progbits
 1192              	.Ldebug_ranges0:
 1193 0000 00000000 		.4byte	.LFB63
 1194 0004 E4000000 		.4byte	.LFE63
 1195 0008 00000000 		.4byte	0
 1196 000c 00000000 		.4byte	0
 1197              		.section	.debug_line,"",%progbits
 1198              	.Ldebug_line0:
 1199 0000 BF020000 		.section	.debug_str,"MS",%progbits,1
 1199      02001302 
 1199      00000201 
ARM GAS  C:\Users\miker\AppData\Local\Temp\cc8BfQ99.s 			page 24


 1199      FB0E0D00 
 1199      01010101 
 1200              	.LASF62:
 1201 0000 7379735F 		.ascii	"sys_rt_exec_alarm\000"
 1201      72745F65 
 1201      7865635F 
 1201      616C6172 
 1201      6D00
 1202              	.LASF64:
 1203 0012 7379735F 		.ascii	"sys_rt_exec_accessory_override\000"
 1203      72745F65 
 1203      7865635F 
 1203      61636365 
 1203      73736F72 
 1204              	.LASF23:
 1205 0031 61636365 		.ascii	"acceleration\000"
 1205      6C657261 
 1205      74696F6E 
 1205      00
 1206              	.LASF66:
 1207 003e 73657269 		.ascii	"serial_reset_read_buffer\000"
 1207      616C5F72 
 1207      65736574 
 1207      5F726561 
 1207      645F6275 
 1208              	.LASF2:
 1209 0057 73686F72 		.ascii	"short int\000"
 1209      7420696E 
 1209      7400
 1210              	.LASF79:
 1211 0061 6C63645F 		.ascii	"lcd_init\000"
 1211      696E6974 
 1211      00
 1212              	.LASF55:
 1213 006a 73797374 		.ascii	"system_t\000"
 1213      656D5F74 
 1213      00
 1214              	.LASF88:
 1215 0073 6D61696E 		.ascii	"main\000"
 1215      00
 1216              	.LASF4:
 1217 0078 5F5F7569 		.ascii	"__uint16_t\000"
 1217      6E743136 
 1217      5F7400
 1218              	.LASF28:
 1219 0083 73746570 		.ascii	"stepper_idle_lock_time\000"
 1219      7065725F 
 1219      69646C65 
 1219      5F6C6F63 
 1219      6B5F7469 
 1220              	.LASF84:
 1221 009a 6973725F 		.ascii	"isr_LCD_Update_StartEx\000"
 1221      4C43445F 
 1221      55706461 
 1221      74655F53 
 1221      74617274 
 1222              	.LASF71:
ARM GAS  C:\Users\miker\AppData\Local\Temp\cc8BfQ99.s 			page 25


 1223 00b1 70726F62 		.ascii	"probe_init\000"
 1223      655F696E 
 1223      697400
 1224              	.LASF12:
 1225 00bc 75696E74 		.ascii	"uint8_t\000"
 1225      385F7400 
 1226              	.LASF73:
 1227 00c4 73745F72 		.ascii	"st_reset\000"
 1227      65736574 
 1227      00
 1228              	.LASF21:
 1229 00cd 73746570 		.ascii	"steps_per_mm\000"
 1229      735F7065 
 1229      725F6D6D 
 1229      00
 1230              	.LASF39:
 1231 00da 686F6D69 		.ascii	"homing_pulloff\000"
 1231      6E675F70 
 1231      756C6C6F 
 1231      666600
 1232              	.LASF15:
 1233 00e9 666C6F61 		.ascii	"float\000"
 1233      7400
 1234              	.LASF57:
 1235 00ef 73657474 		.ascii	"settings\000"
 1235      696E6773 
 1235      00
 1236              	.LASF9:
 1237 00f8 6C6F6E67 		.ascii	"long long int\000"
 1237      206C6F6E 
 1237      6720696E 
 1237      7400
 1238              	.LASF50:
 1239 0106 7370696E 		.ascii	"spindle_speed_ovr\000"
 1239      646C655F 
 1239      73706565 
 1239      645F6F76 
 1239      7200
 1240              	.LASF58:
 1241 0118 7379735F 		.ascii	"sys_position\000"
 1241      706F7369 
 1241      74696F6E 
 1241      00
 1242              	.LASF46:
 1243 0125 70726F62 		.ascii	"probe_succeeded\000"
 1243      655F7375 
 1243      63636565 
 1243      64656400 
 1244              	.LASF65:
 1245 0135 65786563 		.ascii	"exec_lcd_status\000"
 1245      5F6C6364 
 1245      5F737461 
 1245      74757300 
 1246              	.LASF75:
 1247 0145 67635F73 		.ascii	"gc_sync_position\000"
 1247      796E635F 
 1247      706F7369 
ARM GAS  C:\Users\miker\AppData\Local\Temp\cc8BfQ99.s 			page 26


 1247      74696F6E 
 1247      00
 1248              	.LASF82:
 1249 0156 73746570 		.ascii	"stepper_init\000"
 1249      7065725F 
 1249      696E6974 
 1249      00
 1250              	.LASF77:
 1251 0163 6C63645F 		.ascii	"lcd_report_init_message\000"
 1251      7265706F 
 1251      72745F69 
 1251      6E69745F 
 1251      6D657373 
 1252              	.LASF3:
 1253 017b 5F5F7569 		.ascii	"__uint8_t\000"
 1253      6E74385F 
 1253      7400
 1254              	.LASF52:
 1255 0185 7265706F 		.ascii	"report_ovr_counter\000"
 1255      72745F6F 
 1255      76725F63 
 1255      6F756E74 
 1255      657200
 1256              	.LASF69:
 1257 0198 636F6F6C 		.ascii	"coolant_init\000"
 1257      616E745F 
 1257      696E6974 
 1257      00
 1258              	.LASF41:
 1259 01a5 73746174 		.ascii	"state\000"
 1259      6500
 1260              	.LASF31:
 1261 01ab 6172635F 		.ascii	"arc_tolerance\000"
 1261      746F6C65 
 1261      72616E63 
 1261      6500
 1262              	.LASF1:
 1263 01b9 756E7369 		.ascii	"unsigned char\000"
 1263      676E6564 
 1263      20636861 
 1263      7200
 1264              	.LASF20:
 1265 01c7 6C6F6E67 		.ascii	"long double\000"
 1265      20646F75 
 1265      626C6500 
 1266              	.LASF83:
 1267 01d3 73797374 		.ascii	"system_init\000"
 1267      656D5F69 
 1267      6E697400 
 1268              	.LASF35:
 1269 01df 686F6D69 		.ascii	"homing_dir_mask\000"
 1269      6E675F64 
 1269      69725F6D 
 1269      61736B00 
 1270              	.LASF18:
 1271 01ef 63796973 		.ascii	"cyisraddress\000"
 1271      72616464 
ARM GAS  C:\Users\miker\AppData\Local\Temp\cc8BfQ99.s 			page 27


 1271      72657373 
 1271      00
 1272              	.LASF67:
 1273 01fc 67635F69 		.ascii	"gc_init\000"
 1273      6E697400 
 1274              	.LASF42:
 1275 0204 61626F72 		.ascii	"abort\000"
 1275      7400
 1276              	.LASF0:
 1277 020a 7369676E 		.ascii	"signed char\000"
 1277      65642063 
 1277      68617200 
 1278              	.LASF34:
 1279 0216 666C6167 		.ascii	"flags\000"
 1279      7300
 1280              	.LASF10:
 1281 021c 6C6F6E67 		.ascii	"long long unsigned int\000"
 1281      206C6F6E 
 1281      6720756E 
 1281      7369676E 
 1281      65642069 
 1282              	.LASF78:
 1283 0233 70726F74 		.ascii	"protocol_main_loop\000"
 1283      6F636F6C 
 1283      5F6D6169 
 1283      6E5F6C6F 
 1283      6F7000
 1284              	.LASF11:
 1285 0246 756E7369 		.ascii	"unsigned int\000"
 1285      676E6564 
 1285      20696E74 
 1285      00
 1286              	.LASF48:
 1287 0253 665F6F76 		.ascii	"f_override\000"
 1287      65727269 
 1287      646500
 1288              	.LASF54:
 1289 025e 7370696E 		.ascii	"spindle_speed\000"
 1289      646C655F 
 1289      73706565 
 1289      6400
 1290              	.LASF59:
 1291 026c 7379735F 		.ascii	"sys_probe_position\000"
 1291      70726F62 
 1291      655F706F 
 1291      73697469 
 1291      6F6E00
 1292              	.LASF63:
 1293 027f 7379735F 		.ascii	"sys_rt_exec_motion_override\000"
 1293      72745F65 
 1293      7865635F 
 1293      6D6F7469 
 1293      6F6E5F6F 
 1294              	.LASF68:
 1295 029b 7370696E 		.ascii	"spindle_init\000"
 1295      646C655F 
 1295      696E6974 
ARM GAS  C:\Users\miker\AppData\Local\Temp\cc8BfQ99.s 			page 28


 1295      00
 1296              	.LASF29:
 1297 02a8 73746174 		.ascii	"status_report_mask\000"
 1297      75735F72 
 1297      65706F72 
 1297      745F6D61 
 1297      736B00
 1298              	.LASF47:
 1299 02bb 686F6D69 		.ascii	"homing_axis_lock\000"
 1299      6E675F61 
 1299      7869735F 
 1299      6C6F636B 
 1299      00
 1300              	.LASF40:
 1301 02cc 73657474 		.ascii	"settings_t\000"
 1301      696E6773 
 1301      5F7400
 1302              	.LASF5:
 1303 02d7 73686F72 		.ascii	"short unsigned int\000"
 1303      7420756E 
 1303      7369676E 
 1303      65642069 
 1303      6E7400
 1304              	.LASF81:
 1305 02ea 73657474 		.ascii	"settings_init\000"
 1305      696E6773 
 1305      5F696E69 
 1305      7400
 1306              	.LASF17:
 1307 02f8 63686172 		.ascii	"char\000"
 1307      00
 1308              	.LASF13:
 1309 02fd 75696E74 		.ascii	"uint16_t\000"
 1309      31365F74 
 1309      00
 1310              	.LASF7:
 1311 0306 6C6F6E67 		.ascii	"long int\000"
 1311      20696E74 
 1311      00
 1312              	.LASF27:
 1313 030f 6469725F 		.ascii	"dir_invert_mask\000"
 1313      696E7665 
 1313      72745F6D 
 1313      61736B00 
 1314              	.LASF14:
 1315 031f 696E7433 		.ascii	"int32_t\000"
 1315      325F7400 
 1316              	.LASF72:
 1317 0327 706C616E 		.ascii	"plan_reset\000"
 1317      5F726573 
 1317      657400
 1318              	.LASF32:
 1319 0332 72706D5F 		.ascii	"rpm_max\000"
 1319      6D617800 
 1320              	.LASF45:
 1321 033a 73746570 		.ascii	"step_control\000"
 1321      5F636F6E 
ARM GAS  C:\Users\miker\AppData\Local\Temp\cc8BfQ99.s 			page 29


 1321      74726F6C 
 1321      00
 1322              	.LASF43:
 1323 0347 73757370 		.ascii	"suspend\000"
 1323      656E6400 
 1324              	.LASF44:
 1325 034f 736F6674 		.ascii	"soft_limit\000"
 1325      5F6C696D 
 1325      697400
 1326              	.LASF38:
 1327 035a 686F6D69 		.ascii	"homing_debounce_delay\000"
 1327      6E675F64 
 1327      65626F75 
 1327      6E63655F 
 1327      64656C61 
 1328              	.LASF25:
 1329 0370 70756C73 		.ascii	"pulse_microseconds\000"
 1329      655F6D69 
 1329      63726F73 
 1329      65636F6E 
 1329      647300
 1330              	.LASF60:
 1331 0383 7379735F 		.ascii	"sys_probe_state\000"
 1331      70726F62 
 1331      655F7374 
 1331      61746500 
 1332              	.LASF86:
 1333 0393 6D61696E 		.ascii	"main.c\000"
 1333      2E6300
 1334              	.LASF8:
 1335 039a 6C6F6E67 		.ascii	"long unsigned int\000"
 1335      20756E73 
 1335      69676E65 
 1335      6420696E 
 1335      7400
 1336              	.LASF89:
 1337 03ac 7072696F 		.ascii	"prior_state\000"
 1337      725F7374 
 1337      61746500 
 1338              	.LASF16:
 1339 03b8 646F7562 		.ascii	"double\000"
 1339      6C6500
 1340              	.LASF37:
 1341 03bf 686F6D69 		.ascii	"homing_seek_rate\000"
 1341      6E675F73 
 1341      65656B5F 
 1341      72617465 
 1341      00
 1342              	.LASF56:
 1343 03d0 49544D5F 		.ascii	"ITM_RxBuffer\000"
 1343      52784275 
 1343      66666572 
 1343      00
 1344              	.LASF33:
 1345 03dd 72706D5F 		.ascii	"rpm_min\000"
 1345      6D696E00 
 1346              	.LASF70:
ARM GAS  C:\Users\miker\AppData\Local\Temp\cc8BfQ99.s 			page 30


 1347 03e5 6C696D69 		.ascii	"limits_init\000"
 1347      74735F69 
 1347      6E697400 
 1348              	.LASF6:
 1349 03f1 5F5F696E 		.ascii	"__int32_t\000"
 1349      7433325F 
 1349      7400
 1350              	.LASF30:
 1351 03fb 6A756E63 		.ascii	"junction_deviation\000"
 1351      74696F6E 
 1351      5F646576 
 1351      69617469 
 1351      6F6E00
 1352              	.LASF85:
 1353 040e 474E5520 		.ascii	"GNU C 4.9.3 20150303 (release) [ARM/embedded-4_9-br"
 1353      4320342E 
 1353      392E3320 
 1353      32303135 
 1353      30333033 
 1354 0441 616E6368 		.ascii	"anch revision 221220] -mcpu=cortex-m3 -mthumb -g -O"
 1354      20726576 
 1354      6973696F 
 1354      6E203232 
 1354      31323230 
 1355 0474 67202D66 		.ascii	"g -ffunction-sections -ffat-lto-objects\000"
 1355      66756E63 
 1355      74696F6E 
 1355      2D736563 
 1355      74696F6E 
 1356              	.LASF24:
 1357 049c 6D61785F 		.ascii	"max_travel\000"
 1357      74726176 
 1357      656C00
 1358              	.LASF36:
 1359 04a7 686F6D69 		.ascii	"homing_feed_rate\000"
 1359      6E675F66 
 1359      6565645F 
 1359      72617465 
 1359      00
 1360              	.LASF19:
 1361 04b8 73697A65 		.ascii	"sizetype\000"
 1361      74797065 
 1361      00
 1362              	.LASF49:
 1363 04c1 725F6F76 		.ascii	"r_override\000"
 1363      65727269 
 1363      646500
 1364              	.LASF53:
 1365 04cc 7265706F 		.ascii	"report_wco_counter\000"
 1365      72745F77 
 1365      636F5F63 
 1365      6F756E74 
 1365      657200
 1366              	.LASF26:
 1367 04df 73746570 		.ascii	"step_invert_mask\000"
 1367      5F696E76 
 1367      6572745F 
ARM GAS  C:\Users\miker\AppData\Local\Temp\cc8BfQ99.s 			page 31


 1367      6D61736B 
 1367      00
 1368              	.LASF22:
 1369 04f0 6D61785F 		.ascii	"max_rate\000"
 1369      72617465 
 1369      00
 1370              	.LASF51:
 1371 04f9 7370696E 		.ascii	"spindle_stop_ovr\000"
 1371      646C655F 
 1371      73746F70 
 1371      5F6F7672 
 1371      00
 1372              	.LASF61:
 1373 050a 7379735F 		.ascii	"sys_rt_exec_state\000"
 1373      72745F65 
 1373      7865635F 
 1373      73746174 
 1373      6500
 1374              	.LASF87:
 1375 051c 433A5C55 		.ascii	"C:\\Users\\miker\\Documents\\My Libraries\\Code_Rep"
 1375      73657273 
 1375      5C6D696B 
 1375      65725C44 
 1375      6F63756D 
 1376 054a 6F5C5053 		.ascii	"o\\PSoC_Grbl\\PSoC_Grbl.cydsn\000"
 1376      6F435F47 
 1376      72626C5C 
 1376      50536F43 
 1376      5F477262 
 1377              	.LASF74:
 1378 0566 706C616E 		.ascii	"plan_sync_position\000"
 1378      5F73796E 
 1378      635F706F 
 1378      73697469 
 1378      6F6E00
 1379              	.LASF80:
 1380 0579 73657269 		.ascii	"serial_init\000"
 1380      616C5F69 
 1380      6E697400 
 1381              	.LASF76:
 1382 0585 7265706F 		.ascii	"report_init_message\000"
 1382      72745F69 
 1382      6E69745F 
 1382      6D657373 
 1382      61676500 
 1383              		.ident	"GCC: (GNU Tools for ARM Embedded Processors) 4.9.3 20150303 (release) [ARM/embedded-4_9-br
