ARM GAS  C:\Users\miker\AppData\Local\Temp\ccGdfMnS.s 			page 1


   1              		.syntax unified
   2              		.cpu cortex-m3
   3              		.fpu softvfp
   4              		.eabi_attribute 20, 1
   5              		.eabi_attribute 21, 1
   6              		.eabi_attribute 23, 3
   7              		.eabi_attribute 24, 1
   8              		.eabi_attribute 25, 1
   9              		.eabi_attribute 26, 1
  10              		.eabi_attribute 30, 1
  11              		.eabi_attribute 34, 1
  12              		.eabi_attribute 18, 4
  13              		.thumb
  14              		.file	"nut_bolts.c"
  15              		.text
  16              	.Ltext0:
  17              		.cfi_sections	.debug_frame
  18              		.global	__aeabi_ui2f
  19              		.global	__aeabi_fcmpeq
  20              		.global	__aeabi_f2d
  21              		.global	__aeabi_dmul
  22              		.global	__aeabi_d2f
  23              		.global	__aeabi_fmul
  24              		.section	.text.read_float,"ax",%progbits
  25              		.align	2
  26              		.global	read_float
  27              		.thumb
  28              		.thumb_func
  29              		.type	read_float, %function
  30              	read_float:
  31              	.LFB63:
  32              		.file 1 "nut_bolts.c"
   1:nut_bolts.c   **** /*
   2:nut_bolts.c   ****   nuts_bolts.c - Shared functions
   3:nut_bolts.c   ****   Part of Grbl
   4:nut_bolts.c   **** 
   5:nut_bolts.c   ****   Copyright (c) 2011-2016 Sungeun K. Jeon for Gnea Research LLC
   6:nut_bolts.c   ****   Copyright (c) 2009-2011 Simen Svale Skogsrud
   7:nut_bolts.c   **** 
   8:nut_bolts.c   ****   Grbl is free software: you can redistribute it and/or modify
   9:nut_bolts.c   ****   it under the terms of the GNU General Public License as published by
  10:nut_bolts.c   ****   the Free Software Foundation, either version 3 of the License, or
  11:nut_bolts.c   ****   (at your option) any later version.
  12:nut_bolts.c   **** 
  13:nut_bolts.c   ****   Grbl is distributed in the hope that it will be useful,
  14:nut_bolts.c   ****   but WITHOUT ANY WARRANTY; without even the implied warranty of
  15:nut_bolts.c   ****   MERCHANTABILITY or FITNESS FOR A PARTICULAR PURPOSE.  See the
  16:nut_bolts.c   ****   GNU General Public License for more details.
  17:nut_bolts.c   **** 
  18:nut_bolts.c   ****   You should have received a copy of the GNU General Public License
  19:nut_bolts.c   ****   along with Grbl.  If not, see <http://www.gnu.org/licenses/>.
  20:nut_bolts.c   **** */
  21:nut_bolts.c   **** 
  22:nut_bolts.c   **** #include "grbl.h"
  23:nut_bolts.c   **** 
  24:nut_bolts.c   **** 
  25:nut_bolts.c   **** #define MAX_INT_DIGITS 8 // Maximum number of digits in int32 (and float)
ARM GAS  C:\Users\miker\AppData\Local\Temp\ccGdfMnS.s 			page 2


  26:nut_bolts.c   **** 
  27:nut_bolts.c   **** 
  28:nut_bolts.c   **** // Extracts a floating point value from a string. The following code is based loosely on
  29:nut_bolts.c   **** // the avr-libc strtod() function by Michael Stumpf and Dmitry Xmelkov and many freely
  30:nut_bolts.c   **** // available conversion method examples, but has been highly optimized for Grbl. For known
  31:nut_bolts.c   **** // CNC applications, the typical decimal value is expected to be in the range of E0 to E-4.
  32:nut_bolts.c   **** // Scientific notation is officially not supported by g-code, and the 'E' character may
  33:nut_bolts.c   **** // be a g-code word on some CNC systems. So, 'E' notation will not be recognized.
  34:nut_bolts.c   **** // NOTE: Thanks to Radu-Eosif Mihailescu for identifying the issues with using strtod().
  35:nut_bolts.c   **** uint8_t read_float(char *line, uint8_t *char_counter, float *float_ptr)
  36:nut_bolts.c   **** {
  33              		.loc 1 36 0
  34              		.cfi_startproc
  35              		@ args = 0, pretend = 0, frame = 0
  36              		@ frame_needed = 0, uses_anonymous_args = 0
  37              	.LVL0:
  38 0000 2DE9F047 		push	{r4, r5, r6, r7, r8, r9, r10, lr}
  39              		.cfi_def_cfa_offset 32
  40              		.cfi_offset 4, -32
  41              		.cfi_offset 5, -28
  42              		.cfi_offset 6, -24
  43              		.cfi_offset 7, -20
  44              		.cfi_offset 8, -16
  45              		.cfi_offset 9, -12
  46              		.cfi_offset 10, -8
  47              		.cfi_offset 14, -4
  48 0004 9146     		mov	r9, r2
  37:nut_bolts.c   ****   char *ptr = line + *char_counter;
  49              		.loc 1 37 0
  50 0006 0B78     		ldrb	r3, [r1]	@ zero_extendqisi2
  51 0008 C218     		adds	r2, r0, r3
  52              	.LVL1:
  38:nut_bolts.c   ****   unsigned char c;
  39:nut_bolts.c   **** 
  40:nut_bolts.c   ****   // Grab first character and increment pointer. No spaces assumed in line.
  41:nut_bolts.c   ****   c = *ptr++;
  53              		.loc 1 41 0
  54 000a 541C     		adds	r4, r2, #1
  55              	.LVL2:
  56 000c C35C     		ldrb	r3, [r0, r3]	@ zero_extendqisi2
  57              	.LVL3:
  42:nut_bolts.c   **** 
  43:nut_bolts.c   ****   // Capture initial positive/minus character
  44:nut_bolts.c   ****   bool isnegative = false;
  45:nut_bolts.c   ****   if (c == '-') {
  58              		.loc 1 45 0
  59 000e 2D2B     		cmp	r3, #45
  60 0010 03D1     		bne	.L2
  61              	.LVL4:
  46:nut_bolts.c   ****     isnegative = true;
  47:nut_bolts.c   ****     c = *ptr++;
  62              		.loc 1 47 0
  63 0012 941C     		adds	r4, r2, #2
  64              	.LVL5:
  65 0014 5378     		ldrb	r3, [r2, #1]	@ zero_extendqisi2
  66              	.LVL6:
  46:nut_bolts.c   ****     isnegative = true;
ARM GAS  C:\Users\miker\AppData\Local\Temp\ccGdfMnS.s 			page 3


  67              		.loc 1 46 0
  68 0016 0127     		movs	r7, #1
  69 0018 06E0     		b	.L3
  70              	.LVL7:
  71              	.L2:
  48:nut_bolts.c   ****   } else if (c == '+') {
  72              		.loc 1 48 0
  73 001a 2B2B     		cmp	r3, #43
  74 001c 03D1     		bne	.L19
  49:nut_bolts.c   ****     c = *ptr++;
  75              		.loc 1 49 0
  76 001e 941C     		adds	r4, r2, #2
  77              	.LVL8:
  78 0020 5378     		ldrb	r3, [r2, #1]	@ zero_extendqisi2
  79              	.LVL9:
  44:nut_bolts.c   ****   if (c == '-') {
  80              		.loc 1 44 0
  81 0022 0027     		movs	r7, #0
  82 0024 00E0     		b	.L3
  83              	.L19:
  84 0026 0027     		movs	r7, #0
  85              	.LVL10:
  86              	.L3:
  50:nut_bolts.c   ****   }
  51:nut_bolts.c   **** 
  52:nut_bolts.c   ****   // Extract number into fast integer. Track decimal in terms of exponent value.
  53:nut_bolts.c   ****   uint32_t intval = 0;
  54:nut_bolts.c   ****   int8_t exp = 0;
  55:nut_bolts.c   ****   uint8_t ndigit = 0;
  56:nut_bolts.c   ****   bool isdecimal = false;
  87              		.loc 1 56 0
  88 0028 0022     		movs	r2, #0
  55:nut_bolts.c   ****   bool isdecimal = false;
  89              		.loc 1 55 0
  90 002a 1546     		mov	r5, r2
  54:nut_bolts.c   ****   uint8_t ndigit = 0;
  91              		.loc 1 54 0
  92 002c 1646     		mov	r6, r2
  53:nut_bolts.c   ****   int8_t exp = 0;
  93              		.loc 1 53 0
  94 002e 9646     		mov	lr, r2
  95              	.LVL11:
  96              	.L9:
  57:nut_bolts.c   ****   while(1) {
  58:nut_bolts.c   ****     c -= '0';
  97              		.loc 1 58 0
  98 0030 303B     		subs	r3, r3, #48
  99              	.LVL12:
 100 0032 DBB2     		uxtb	r3, r3
 101              	.LVL13:
  59:nut_bolts.c   ****     if (c <= 9) {
 102              		.loc 1 59 0
 103 0034 092B     		cmp	r3, #9
 104 0036 0FD8     		bhi	.L4
  60:nut_bolts.c   ****       ndigit++;
 105              		.loc 1 60 0
 106 0038 0135     		adds	r5, r5, #1
ARM GAS  C:\Users\miker\AppData\Local\Temp\ccGdfMnS.s 			page 4


 107              	.LVL14:
 108 003a EDB2     		uxtb	r5, r5
 109              	.LVL15:
  61:nut_bolts.c   ****       if (ndigit <= MAX_INT_DIGITS) {
 110              		.loc 1 61 0
 111 003c 082D     		cmp	r5, #8
 112 003e 07D8     		bhi	.L5
  62:nut_bolts.c   ****         if (isdecimal) { exp--; }
 113              		.loc 1 62 0
 114 0040 0AB1     		cbz	r2, .L6
 115              		.loc 1 62 0 is_stmt 0 discriminator 1
 116 0042 013E     		subs	r6, r6, #1
 117              	.LVL16:
 118 0044 F6B2     		uxtb	r6, r6
 119              	.LVL17:
 120              	.L6:
  63:nut_bolts.c   ****         intval = (((intval << 2) + intval) << 1) + c; // intval*10 + c
 121              		.loc 1 63 0 is_stmt 1
 122 0046 0EEB8E0E 		add	lr, lr, lr, lsl #2
 123              	.LVL18:
 124 004a 03EB4E0E 		add	lr, r3, lr, lsl #1
 125              	.LVL19:
 126 004e 07E0     		b	.L7
 127              	.L5:
  64:nut_bolts.c   ****       } else {
  65:nut_bolts.c   ****         if (!(isdecimal)) { exp++; }  // Drop overflow digits
 128              		.loc 1 65 0
 129 0050 32B9     		cbnz	r2, .L7
 130              		.loc 1 65 0 is_stmt 0 discriminator 1
 131 0052 0136     		adds	r6, r6, #1
 132              	.LVL20:
 133 0054 F6B2     		uxtb	r6, r6
 134              	.LVL21:
 135 0056 03E0     		b	.L7
 136              	.L4:
  66:nut_bolts.c   ****       }
  67:nut_bolts.c   ****     } else if (c == (('.'-'0') & 0xff)  &&  !(isdecimal)) {
 137              		.loc 1 67 0 is_stmt 1
 138 0058 FE2B     		cmp	r3, #254
 139 005a 04D1     		bne	.L8
 140              		.loc 1 67 0 is_stmt 0 discriminator 1
 141 005c 1AB9     		cbnz	r2, .L8
  68:nut_bolts.c   ****       isdecimal = true;
 142              		.loc 1 68 0 is_stmt 1
 143 005e 0122     		movs	r2, #1
 144              	.LVL22:
 145              	.L7:
  69:nut_bolts.c   ****     } else {
  70:nut_bolts.c   ****       break;
  71:nut_bolts.c   ****     }
  72:nut_bolts.c   ****     c = *ptr++;
 146              		.loc 1 72 0
 147 0060 2378     		ldrb	r3, [r4]	@ zero_extendqisi2
 148              	.LVL23:
 149 0062 0134     		adds	r4, r4, #1
 150              	.LVL24:
  73:nut_bolts.c   ****   }
ARM GAS  C:\Users\miker\AppData\Local\Temp\ccGdfMnS.s 			page 5


 151              		.loc 1 73 0
 152 0064 E4E7     		b	.L9
 153              	.L8:
  74:nut_bolts.c   **** 
  75:nut_bolts.c   ****   // Return if no digits have been read.
  76:nut_bolts.c   ****   if (!ndigit) { return(false); };
 154              		.loc 1 76 0
 155 0066 002D     		cmp	r5, #0
 156 0068 47D0     		beq	.L20
 157 006a 8846     		mov	r8, r1
 158 006c 8246     		mov	r10, r0
  77:nut_bolts.c   **** 
  78:nut_bolts.c   ****   // Convert integer into floating point.
  79:nut_bolts.c   ****   float fval;
  80:nut_bolts.c   ****   fval = (float)intval;
 159              		.loc 1 80 0
 160 006e 7046     		mov	r0, lr
 161              	.LVL25:
 162 0070 FFF7FEFF 		bl	__aeabi_ui2f
 163              	.LVL26:
 164 0074 0546     		mov	r5, r0
 165              	.LVL27:
  81:nut_bolts.c   **** 
  82:nut_bolts.c   ****   // Apply decimal. Should perform no more than two floating point multiplications for the
  83:nut_bolts.c   ****   // expected range of E0 to E-4.
  84:nut_bolts.c   ****   if (fval != 0) {
 166              		.loc 1 84 0
 167 0076 0021     		movs	r1, #0
 168 0078 FFF7FEFF 		bl	__aeabi_fcmpeq
 169              	.LVL28:
 170 007c 68B1     		cbz	r0, .L13
 171 007e 2CE0     		b	.L11
 172              	.L14:
  85:nut_bolts.c   ****     while (exp <= -2) {
  86:nut_bolts.c   ****       fval *= 0.01;
 173              		.loc 1 86 0
 174 0080 2846     		mov	r0, r5
 175 0082 FFF7FEFF 		bl	__aeabi_f2d
 176              	.LVL29:
 177 0086 1EA3     		adr	r3, .L23
 178 0088 D3E90023 		ldrd	r2, [r3]
 179 008c FFF7FEFF 		bl	__aeabi_dmul
 180              	.LVL30:
 181 0090 FFF7FEFF 		bl	__aeabi_d2f
 182              	.LVL31:
 183 0094 0546     		mov	r5, r0
 184              	.LVL32:
  87:nut_bolts.c   ****       exp += 2;
 185              		.loc 1 87 0
 186 0096 0236     		adds	r6, r6, #2
 187              	.LVL33:
 188 0098 F6B2     		uxtb	r6, r6
 189              	.LVL34:
 190              	.L13:
  85:nut_bolts.c   ****     while (exp <= -2) {
 191              		.loc 1 85 0
 192 009a 73B2     		sxtb	r3, r6
ARM GAS  C:\Users\miker\AppData\Local\Temp\ccGdfMnS.s 			page 6


 193 009c B3F1FF3F 		cmp	r3, #-1
 194 00a0 EEDB     		blt	.L14
  88:nut_bolts.c   ****     }
  89:nut_bolts.c   ****     if (exp < 0) {
 195              		.loc 1 89 0
 196 00a2 16F0800F 		tst	r6, #128
 197 00a6 0BD0     		beq	.L15
  90:nut_bolts.c   ****       fval *= 0.1;
 198              		.loc 1 90 0
 199 00a8 2846     		mov	r0, r5
 200 00aa FFF7FEFF 		bl	__aeabi_f2d
 201              	.LVL35:
 202 00ae 16A3     		adr	r3, .L23+8
 203 00b0 D3E90023 		ldrd	r2, [r3]
 204 00b4 FFF7FEFF 		bl	__aeabi_dmul
 205              	.LVL36:
 206 00b8 FFF7FEFF 		bl	__aeabi_d2f
 207              	.LVL37:
 208 00bc 0546     		mov	r5, r0
 209              	.LVL38:
 210 00be 0CE0     		b	.L11
 211              	.LVL39:
 212              	.L15:
  91:nut_bolts.c   ****     } else if (exp > 0) {
 213              		.loc 1 91 0
 214 00c0 73B2     		sxtb	r3, r6
 215 00c2 002B     		cmp	r3, #0
 216 00c4 09DD     		ble	.L11
 217              	.L16:
  92:nut_bolts.c   ****       do {
  93:nut_bolts.c   ****         fval *= 10.0;
 218              		.loc 1 93 0 discriminator 1
 219 00c6 2846     		mov	r0, r5
 220 00c8 1149     		ldr	r1, .L23+16
 221 00ca FFF7FEFF 		bl	__aeabi_fmul
 222              	.LVL40:
 223 00ce 0546     		mov	r5, r0
 224              	.LVL41:
  94:nut_bolts.c   ****       } while (--exp > 0);
 225              		.loc 1 94 0 discriminator 1
 226 00d0 013E     		subs	r6, r6, #1
 227              	.LVL42:
 228 00d2 F6B2     		uxtb	r6, r6
 229              	.LVL43:
 230 00d4 73B2     		sxtb	r3, r6
 231 00d6 002B     		cmp	r3, #0
 232 00d8 F5DC     		bgt	.L16
 233              	.LVL44:
 234              	.L11:
  95:nut_bolts.c   ****     }
  96:nut_bolts.c   ****   }
  97:nut_bolts.c   **** 
  98:nut_bolts.c   ****   // Assign floating point value with correct sign.
  99:nut_bolts.c   ****   if (isnegative) {
 235              		.loc 1 99 0
 236 00da 27B1     		cbz	r7, .L17
 100:nut_bolts.c   ****     *float_ptr = -fval;
ARM GAS  C:\Users\miker\AppData\Local\Temp\ccGdfMnS.s 			page 7


 237              		.loc 1 100 0
 238 00dc 05F10045 		add	r5, r5, #-2147483648
 239              	.LVL45:
 240 00e0 C9F80050 		str	r5, [r9]	@ float
 241 00e4 01E0     		b	.L18
 242              	.LVL46:
 243              	.L17:
 101:nut_bolts.c   ****   } else {
 102:nut_bolts.c   ****     *float_ptr = fval;
 244              		.loc 1 102 0
 245 00e6 C9F80050 		str	r5, [r9]	@ float
 246              	.LVL47:
 247              	.L18:
 103:nut_bolts.c   ****   }
 104:nut_bolts.c   **** 
 105:nut_bolts.c   ****   *char_counter = ptr - line - 1; // Set char_counter to next statement
 248              		.loc 1 105 0
 249 00ea CAEB0404 		rsb	r4, r10, r4
 250              	.LVL48:
 251 00ee 013C     		subs	r4, r4, #1
 252 00f0 88F80040 		strb	r4, [r8]
 106:nut_bolts.c   **** 
 107:nut_bolts.c   ****   return(true);
 253              		.loc 1 107 0
 254 00f4 0120     		movs	r0, #1
 255 00f6 BDE8F087 		pop	{r4, r5, r6, r7, r8, r9, r10, pc}
 256              	.LVL49:
 257              	.L20:
  76:nut_bolts.c   **** 
 258              		.loc 1 76 0
 259 00fa 0020     		movs	r0, #0
 260              	.LVL50:
 108:nut_bolts.c   **** }
 261              		.loc 1 108 0
 262 00fc BDE8F087 		pop	{r4, r5, r6, r7, r8, r9, r10, pc}
 263              	.LVL51:
 264              	.L24:
 265              		.align	3
 266              	.L23:
 267 0100 7B14AE47 		.word	1202590843
 268 0104 E17A843F 		.word	1065646817
 269 0108 9A999999 		.word	-1717986918
 270 010c 9999B93F 		.word	1069128089
 271 0110 00002041 		.word	1092616192
 272              		.cfi_endproc
 273              	.LFE63:
 274              		.size	read_float, .-read_float
 275              		.global	__aeabi_d2uiz
 276 0114 AFF30080 		.section	.text.delay_sec,"ax",%progbits
 277              		.align	2
 278              		.global	delay_sec
 279              		.thumb
 280              		.thumb_func
 281              		.type	delay_sec, %function
 282              	delay_sec:
 283              	.LFB64:
 109:nut_bolts.c   **** 
ARM GAS  C:\Users\miker\AppData\Local\Temp\ccGdfMnS.s 			page 8


 110:nut_bolts.c   **** 
 111:nut_bolts.c   **** // Non-blocking delay function used for general operation and suspend features.
 112:nut_bolts.c   **** void delay_sec(float seconds, uint8_t mode)
 113:nut_bolts.c   **** {
 284              		.loc 1 113 0
 285              		.cfi_startproc
 286              		@ args = 0, pretend = 0, frame = 0
 287              		@ frame_needed = 0, uses_anonymous_args = 0
 288              	.LVL52:
 289 0000 38B5     		push	{r3, r4, r5, lr}
 290              		.cfi_def_cfa_offset 16
 291              		.cfi_offset 3, -16
 292              		.cfi_offset 4, -12
 293              		.cfi_offset 5, -8
 294              		.cfi_offset 14, -4
 295 0002 0D46     		mov	r5, r1
 114:nut_bolts.c   ****  	uint16_t i = ceil(1000/DWELL_TIME_STEP*seconds);
 296              		.loc 1 114 0
 297 0004 1049     		ldr	r1, .L32
 298              	.LVL53:
 299 0006 FFF7FEFF 		bl	__aeabi_fmul
 300              	.LVL54:
 301 000a FFF7FEFF 		bl	__aeabi_f2d
 302              	.LVL55:
 303 000e FFF7FEFF 		bl	ceil
 304              	.LVL56:
 305 0012 FFF7FEFF 		bl	__aeabi_d2uiz
 306              	.LVL57:
 307 0016 80B2     		uxth	r0, r0
 308              	.LVL58:
 115:nut_bolts.c   **** 	while (i-- > 0) {
 309              		.loc 1 115 0
 310 0018 11E0     		b	.L26
 311              	.LVL59:
 312              	.L30:
 116:nut_bolts.c   **** 		if (sys.abort) { return; }
 313              		.loc 1 116 0
 314 001a 0C4B     		ldr	r3, .L32+4
 315 001c 5B78     		ldrb	r3, [r3, #1]	@ zero_extendqisi2
 316 001e 93B9     		cbnz	r3, .L25
 117:nut_bolts.c   **** 		if (mode == DELAY_MODE_DWELL) {
 317              		.loc 1 117 0
 318 0020 15B9     		cbnz	r5, .L28
 118:nut_bolts.c   **** 			protocol_execute_realtime();
 319              		.loc 1 118 0
 320 0022 FFF7FEFF 		bl	protocol_execute_realtime
 321              	.LVL60:
 322 0026 06E0     		b	.L29
 323              	.L28:
 119:nut_bolts.c   **** 		} else { // DELAY_MODE_SYS_SUSPEND
 120:nut_bolts.c   **** 		  // Execute rt_system() only to avoid nesting suspend loops.
 121:nut_bolts.c   **** 		  protocol_exec_rt_system();
 324              		.loc 1 121 0
 325 0028 FFF7FEFF 		bl	protocol_exec_rt_system
 326              	.LVL61:
 122:nut_bolts.c   **** 		  if (sys.suspend & SUSPEND_RESTART_RETRACT) { return; } // Bail, if safety door reopens.
 327              		.loc 1 122 0
ARM GAS  C:\Users\miker\AppData\Local\Temp\ccGdfMnS.s 			page 9


 328 002c 074B     		ldr	r3, .L32+4
 329 002e 9B78     		ldrb	r3, [r3, #2]	@ zero_extendqisi2
 330 0030 13F0020F 		tst	r3, #2
 331 0034 07D1     		bne	.L25
 332              	.L29:
 123:nut_bolts.c   **** 		}
 124:nut_bolts.c   **** 		delay_ms(DWELL_TIME_STEP); // Delay DWELL_TIME_STEP increment
 333              		.loc 1 124 0
 334 0036 3220     		movs	r0, #50
 335 0038 FFF7FEFF 		bl	CyDelay
 336              	.LVL62:
 115:nut_bolts.c   **** 		if (sys.abort) { return; }
 337              		.loc 1 115 0
 338 003c 2046     		mov	r0, r4
 339              	.LVL63:
 340              	.L26:
 341 003e 431E     		subs	r3, r0, #1
 342 0040 9CB2     		uxth	r4, r3
 343              	.LVL64:
 344 0042 0028     		cmp	r0, #0
 345 0044 E9D1     		bne	.L30
 346              	.L25:
 347 0046 38BD     		pop	{r3, r4, r5, pc}
 348              	.LVL65:
 349              	.L33:
 350              		.align	2
 351              	.L32:
 352 0048 0000A041 		.word	1101004800
 353 004c 00000000 		.word	sys
 354              		.cfi_endproc
 355              	.LFE64:
 356              		.size	delay_sec, .-delay_sec
 357              		.global	__aeabi_fadd
 358              		.section	.text.hypot_f,"ax",%progbits
 359              		.align	2
 360              		.global	hypot_f
 361              		.thumb
 362              		.thumb_func
 363              		.type	hypot_f, %function
 364              	hypot_f:
 365              	.LFB65:
 125:nut_bolts.c   **** 	}
 126:nut_bolts.c   **** }
 127:nut_bolts.c   **** 
 128:nut_bolts.c   **** 
 129:nut_bolts.c   **** 
 130:nut_bolts.c   **** 
 131:nut_bolts.c   **** 
 132:nut_bolts.c   **** // Simple hypotenuse computation function.
 133:nut_bolts.c   **** float hypot_f(float x, float y) { return(sqrt(x*x + y*y)); }
 366              		.loc 1 133 0
 367              		.cfi_startproc
 368              		@ args = 0, pretend = 0, frame = 0
 369              		@ frame_needed = 0, uses_anonymous_args = 0
 370              	.LVL66:
 371 0000 38B5     		push	{r3, r4, r5, lr}
 372              		.cfi_def_cfa_offset 16
ARM GAS  C:\Users\miker\AppData\Local\Temp\ccGdfMnS.s 			page 10


 373              		.cfi_offset 3, -16
 374              		.cfi_offset 4, -12
 375              		.cfi_offset 5, -8
 376              		.cfi_offset 14, -4
 377 0002 0C46     		mov	r4, r1
 378              		.loc 1 133 0
 379 0004 0146     		mov	r1, r0
 380              	.LVL67:
 381 0006 FFF7FEFF 		bl	__aeabi_fmul
 382              	.LVL68:
 383 000a 0546     		mov	r5, r0
 384 000c 2046     		mov	r0, r4
 385 000e 2146     		mov	r1, r4
 386 0010 FFF7FEFF 		bl	__aeabi_fmul
 387              	.LVL69:
 388 0014 0146     		mov	r1, r0
 389 0016 2846     		mov	r0, r5
 390 0018 FFF7FEFF 		bl	__aeabi_fadd
 391              	.LVL70:
 392 001c 0446     		mov	r4, r0
 393              	.LVL71:
 394 001e 2046     		mov	r0, r4
 395 0020 FFF7FEFF 		bl	__aeabi_f2d
 396              	.LVL72:
 397 0024 FFF7FEFF 		bl	sqrt
 398              	.LVL73:
 399 0028 FFF7FEFF 		bl	__aeabi_d2f
 400              	.LVL74:
 401 002c 38BD     		pop	{r3, r4, r5, pc}
 402              		.cfi_endproc
 403              	.LFE65:
 404              		.size	hypot_f, .-hypot_f
 405              		.global	__aeabi_fdiv
 406 002e 00BF     		.section	.text.convert_delta_vector_to_unit_vector,"ax",%progbits
 407              		.align	2
 408              		.global	convert_delta_vector_to_unit_vector
 409              		.thumb
 410              		.thumb_func
 411              		.type	convert_delta_vector_to_unit_vector, %function
 412              	convert_delta_vector_to_unit_vector:
 413              	.LFB66:
 134:nut_bolts.c   **** 
 135:nut_bolts.c   **** 
 136:nut_bolts.c   **** float convert_delta_vector_to_unit_vector(float *vector)
 137:nut_bolts.c   **** {
 414              		.loc 1 137 0
 415              		.cfi_startproc
 416              		@ args = 0, pretend = 0, frame = 0
 417              		@ frame_needed = 0, uses_anonymous_args = 0
 418              	.LVL75:
 419 0000 F8B5     		push	{r3, r4, r5, r6, r7, lr}
 420              		.cfi_def_cfa_offset 24
 421              		.cfi_offset 3, -24
 422              		.cfi_offset 4, -20
 423              		.cfi_offset 5, -16
 424              		.cfi_offset 6, -12
 425              		.cfi_offset 7, -8
ARM GAS  C:\Users\miker\AppData\Local\Temp\ccGdfMnS.s 			page 11


 426              		.cfi_offset 14, -4
 427 0002 0546     		mov	r5, r0
 428              	.LVL76:
 138:nut_bolts.c   ****   uint8_t idx;
 139:nut_bolts.c   ****   float magnitude = 0.0;
 429              		.loc 1 139 0
 430 0004 0027     		movs	r7, #0
 140:nut_bolts.c   ****   for (idx=0; idx<N_AXIS; idx++) {
 431              		.loc 1 140 0
 432 0006 0024     		movs	r4, #0
 433 0008 11E0     		b	.L37
 434              	.LVL77:
 435              	.L40:
 141:nut_bolts.c   ****     if (vector[idx] != 0.0) {
 436              		.loc 1 141 0
 437 000a 55F82460 		ldr	r6, [r5, r4, lsl #2]	@ float
 438 000e 3046     		mov	r0, r6
 439 0010 0021     		movs	r1, #0
 440 0012 FFF7FEFF 		bl	__aeabi_fcmpeq
 441              	.LVL78:
 442 0016 40B9     		cbnz	r0, .L38
 142:nut_bolts.c   ****       magnitude += vector[idx]*vector[idx];
 443              		.loc 1 142 0
 444 0018 3046     		mov	r0, r6
 445 001a 3146     		mov	r1, r6
 446 001c FFF7FEFF 		bl	__aeabi_fmul
 447              	.LVL79:
 448 0020 0146     		mov	r1, r0
 449 0022 3846     		mov	r0, r7
 450 0024 FFF7FEFF 		bl	__aeabi_fadd
 451              	.LVL80:
 452 0028 0746     		mov	r7, r0
 453              	.LVL81:
 454              	.L38:
 140:nut_bolts.c   ****   for (idx=0; idx<N_AXIS; idx++) {
 455              		.loc 1 140 0 discriminator 2
 456 002a 0134     		adds	r4, r4, #1
 457              	.LVL82:
 458 002c E4B2     		uxtb	r4, r4
 459              	.LVL83:
 460              	.L37:
 140:nut_bolts.c   ****   for (idx=0; idx<N_AXIS; idx++) {
 461              		.loc 1 140 0 is_stmt 0 discriminator 1
 462 002e 022C     		cmp	r4, #2
 463 0030 EBD9     		bls	.L40
 143:nut_bolts.c   ****     }
 144:nut_bolts.c   ****   }
 145:nut_bolts.c   ****   magnitude = sqrt(magnitude);
 464              		.loc 1 145 0 is_stmt 1
 465 0032 3846     		mov	r0, r7
 466 0034 FFF7FEFF 		bl	__aeabi_f2d
 467              	.LVL84:
 468 0038 FFF7FEFF 		bl	sqrt
 469              	.LVL85:
 470 003c FFF7FEFF 		bl	__aeabi_d2f
 471              	.LVL86:
 472 0040 0746     		mov	r7, r0
ARM GAS  C:\Users\miker\AppData\Local\Temp\ccGdfMnS.s 			page 12


 473              	.LVL87:
 146:nut_bolts.c   ****   float inv_magnitude = 1.0/magnitude;
 474              		.loc 1 146 0
 475 0042 4FF07E50 		mov	r0, #1065353216
 476              	.LVL88:
 477 0046 3946     		mov	r1, r7
 478 0048 FFF7FEFF 		bl	__aeabi_fdiv
 479              	.LVL89:
 480 004c 0646     		mov	r6, r0
 481              	.LVL90:
 147:nut_bolts.c   ****   for (idx=0; idx<N_AXIS; idx++) { vector[idx] *= inv_magnitude; }
 482              		.loc 1 147 0
 483 004e 0024     		movs	r4, #0
 484 0050 08E0     		b	.L41
 485              	.LVL91:
 486              	.L42:
 487              		.loc 1 147 0 is_stmt 0 discriminator 3
 488 0052 55F82400 		ldr	r0, [r5, r4, lsl #2]	@ float
 489 0056 3146     		mov	r1, r6
 490 0058 FFF7FEFF 		bl	__aeabi_fmul
 491              	.LVL92:
 492 005c 45F82400 		str	r0, [r5, r4, lsl #2]	@ float
 493 0060 0134     		adds	r4, r4, #1
 494              	.LVL93:
 495 0062 E4B2     		uxtb	r4, r4
 496              	.LVL94:
 497              	.L41:
 498              		.loc 1 147 0 discriminator 1
 499 0064 022C     		cmp	r4, #2
 500 0066 F4D9     		bls	.L42
 148:nut_bolts.c   ****   return(magnitude);
 149:nut_bolts.c   **** }
 501              		.loc 1 149 0 is_stmt 1
 502 0068 3846     		mov	r0, r7
 503 006a F8BD     		pop	{r3, r4, r5, r6, r7, pc}
 504              		.cfi_endproc
 505              	.LFE66:
 506              		.size	convert_delta_vector_to_unit_vector, .-convert_delta_vector_to_unit_vector
 507              		.global	__aeabi_fcmpgt
 508              		.section	.text.limit_value_by_axis_maximum,"ax",%progbits
 509              		.align	2
 510              		.global	limit_value_by_axis_maximum
 511              		.thumb
 512              		.thumb_func
 513              		.type	limit_value_by_axis_maximum, %function
 514              	limit_value_by_axis_maximum:
 515              	.LFB67:
 150:nut_bolts.c   **** 
 151:nut_bolts.c   **** 
 152:nut_bolts.c   **** float limit_value_by_axis_maximum(float *max_value, float *unit_vec)
 153:nut_bolts.c   **** {
 516              		.loc 1 153 0
 517              		.cfi_startproc
 518              		@ args = 0, pretend = 0, frame = 0
 519              		@ frame_needed = 0, uses_anonymous_args = 0
 520              	.LVL95:
 521 0000 2DE9F041 		push	{r4, r5, r6, r7, r8, lr}
ARM GAS  C:\Users\miker\AppData\Local\Temp\ccGdfMnS.s 			page 13


 522              		.cfi_def_cfa_offset 24
 523              		.cfi_offset 4, -24
 524              		.cfi_offset 5, -20
 525              		.cfi_offset 6, -16
 526              		.cfi_offset 7, -12
 527              		.cfi_offset 8, -8
 528              		.cfi_offset 14, -4
 529 0004 8046     		mov	r8, r0
 530 0006 0F46     		mov	r7, r1
 531              	.LVL96:
 154:nut_bolts.c   ****   uint8_t idx;
 155:nut_bolts.c   ****   float limit_value = SOME_LARGE_VALUE;
 532              		.loc 1 155 0
 533 0008 0E4E     		ldr	r6, .L55
 156:nut_bolts.c   ****   for (idx=0; idx<N_AXIS; idx++) {
 534              		.loc 1 156 0
 535 000a 0024     		movs	r4, #0
 536 000c 15E0     		b	.L46
 537              	.LVL97:
 538              	.L51:
 157:nut_bolts.c   ****     if (unit_vec[idx] != 0) {  // Avoid divide by zero.
 539              		.loc 1 157 0
 540 000e 57F82450 		ldr	r5, [r7, r4, lsl #2]	@ float
 541 0012 2846     		mov	r0, r5
 542 0014 0021     		movs	r1, #0
 543 0016 FFF7FEFF 		bl	__aeabi_fcmpeq
 544              	.LVL98:
 545 001a 60B9     		cbnz	r0, .L47
 158:nut_bolts.c   ****       limit_value = min(limit_value,fabs(max_value[idx]/unit_vec[idx]));
 546              		.loc 1 158 0
 547 001c 58F82400 		ldr	r0, [r8, r4, lsl #2]	@ float
 548 0020 2946     		mov	r1, r5
 549 0022 FFF7FEFF 		bl	__aeabi_fdiv
 550              	.LVL99:
 551 0026 20F00045 		bic	r5, r0, #-2147483648
 552 002a 2846     		mov	r0, r5
 553 002c 3146     		mov	r1, r6
 554 002e FFF7FEFF 		bl	__aeabi_fcmpgt
 555              	.LVL100:
 556 0032 00B9     		cbnz	r0, .L47
 557 0034 2E46     		mov	r6, r5
 558              	.LVL101:
 559              	.L47:
 156:nut_bolts.c   ****   for (idx=0; idx<N_AXIS; idx++) {
 560              		.loc 1 156 0 discriminator 2
 561 0036 0134     		adds	r4, r4, #1
 562              	.LVL102:
 563 0038 E4B2     		uxtb	r4, r4
 564              	.LVL103:
 565              	.L46:
 156:nut_bolts.c   ****   for (idx=0; idx<N_AXIS; idx++) {
 566              		.loc 1 156 0 is_stmt 0 discriminator 1
 567 003a 022C     		cmp	r4, #2
 568 003c E7D9     		bls	.L51
 159:nut_bolts.c   ****     }
 160:nut_bolts.c   ****   }
 161:nut_bolts.c   ****   return(limit_value);
ARM GAS  C:\Users\miker\AppData\Local\Temp\ccGdfMnS.s 			page 14


 162:nut_bolts.c   **** }
 569              		.loc 1 162 0 is_stmt 1
 570 003e 3046     		mov	r0, r6
 571 0040 BDE8F081 		pop	{r4, r5, r6, r7, r8, pc}
 572              	.LVL104:
 573              	.L56:
 574              		.align	2
 575              	.L55:
 576 0044 9976967E 		.word	2123789977
 577              		.cfi_endproc
 578              	.LFE67:
 579              		.size	limit_value_by_axis_maximum, .-limit_value_by_axis_maximum
 580              		.comm	exec_lcd_status,1,1
 581              		.comm	sys_rt_exec_accessory_override,1,1
 582              		.comm	sys_rt_exec_motion_override,1,1
 583              		.comm	sys_rt_exec_alarm,1,1
 584              		.comm	sys_rt_exec_state,1,1
 585              		.comm	sys_probe_state,1,1
 586              		.comm	sys_probe_position,12,4
 587              		.comm	sys_position,12,4
 588              		.text
 589              	.Letext0:
 590              		.file 2 "c:\\program files (x86)\\cypress\\psoc creator\\4.0\\psoc creator\\import\\gnu\\arm\\4.9.
 591              		.file 3 "c:\\program files (x86)\\cypress\\psoc creator\\4.0\\psoc creator\\import\\gnu\\arm\\4.9.
 592              		.file 4 "Generated_Source\\PSoC5/cytypes.h"
 593              		.file 5 "system.h"
 594              		.file 6 "Generated_Source\\PSoC5/core_cm3.h"
 595              		.file 7 "lcd_report.h"
 596              		.file 8 "protocol.h"
 597              		.file 9 "Generated_Source\\PSoC5/CyLib.h"
 598              		.file 10 "c:\\program files (x86)\\cypress\\psoc creator\\4.0\\psoc creator\\import\\gnu\\arm\\4.9
 599              		.section	.debug_info,"",%progbits
 600              	.Ldebug_info0:
 601 0000 FF040000 		.4byte	0x4ff
 602 0004 0400     		.2byte	0x4
 603 0006 00000000 		.4byte	.Ldebug_abbrev0
 604 000a 04       		.byte	0x4
 605 000b 01       		.uleb128 0x1
 606 000c 34030000 		.4byte	.LASF74
 607 0010 01       		.byte	0x1
 608 0011 12000000 		.4byte	.LASF75
 609 0015 3F040000 		.4byte	.LASF76
 610 0019 00000000 		.4byte	.Ldebug_ranges0+0
 611 001d 00000000 		.4byte	0
 612 0021 00000000 		.4byte	.Ldebug_line0
 613 0025 02       		.uleb128 0x2
 614 0026 04       		.byte	0x4
 615 0027 04       		.byte	0x4
 616 0028 C8000000 		.4byte	.LASF0
 617 002c 03       		.uleb128 0x3
 618 002d 55020000 		.4byte	.LASF2
 619 0031 02       		.byte	0x2
 620 0032 1B       		.byte	0x1b
 621 0033 37000000 		.4byte	0x37
 622 0037 02       		.uleb128 0x2
 623 0038 01       		.byte	0x1
 624 0039 06       		.byte	0x6
ARM GAS  C:\Users\miker\AppData\Local\Temp\ccGdfMnS.s 			page 15


 625 003a A9010000 		.4byte	.LASF1
 626 003e 03       		.uleb128 0x3
 627 003f 50010000 		.4byte	.LASF3
 628 0043 02       		.byte	0x2
 629 0044 1D       		.byte	0x1d
 630 0045 49000000 		.4byte	0x49
 631 0049 02       		.uleb128 0x2
 632 004a 01       		.byte	0x1
 633 004b 08       		.byte	0x8
 634 004c 8D010000 		.4byte	.LASF4
 635 0050 02       		.uleb128 0x2
 636 0051 02       		.byte	0x2
 637 0052 05       		.byte	0x5
 638 0053 69000000 		.4byte	.LASF5
 639 0057 03       		.uleb128 0x3
 640 0058 9F000000 		.4byte	.LASF6
 641 005c 02       		.byte	0x2
 642 005d 2B       		.byte	0x2b
 643 005e 62000000 		.4byte	0x62
 644 0062 02       		.uleb128 0x2
 645 0063 02       		.byte	0x2
 646 0064 07       		.byte	0x7
 647 0065 42020000 		.4byte	.LASF7
 648 0069 03       		.uleb128 0x3
 649 006a 2A030000 		.4byte	.LASF8
 650 006e 02       		.byte	0x2
 651 006f 3F       		.byte	0x3f
 652 0070 74000000 		.4byte	0x74
 653 0074 02       		.uleb128 0x2
 654 0075 04       		.byte	0x4
 655 0076 05       		.byte	0x5
 656 0077 74020000 		.4byte	.LASF9
 657 007b 03       		.uleb128 0x3
 658 007c 8F000000 		.4byte	.LASF10
 659 0080 02       		.byte	0x2
 660 0081 41       		.byte	0x41
 661 0082 86000000 		.4byte	0x86
 662 0086 02       		.uleb128 0x2
 663 0087 04       		.byte	0x4
 664 0088 07       		.byte	0x7
 665 0089 EF020000 		.4byte	.LASF11
 666 008d 02       		.uleb128 0x2
 667 008e 08       		.byte	0x8
 668 008f 05       		.byte	0x5
 669 0090 DA000000 		.4byte	.LASF12
 670 0094 02       		.uleb128 0x2
 671 0095 08       		.byte	0x8
 672 0096 07       		.byte	0x7
 673 0097 B5010000 		.4byte	.LASF13
 674 009b 04       		.uleb128 0x4
 675 009c 04       		.byte	0x4
 676 009d 05       		.byte	0x5
 677 009e 696E7400 		.ascii	"int\000"
 678 00a2 02       		.uleb128 0x2
 679 00a3 04       		.byte	0x4
 680 00a4 07       		.byte	0x7
 681 00a5 D5010000 		.4byte	.LASF14
ARM GAS  C:\Users\miker\AppData\Local\Temp\ccGdfMnS.s 			page 16


 682 00a9 03       		.uleb128 0x3
 683 00aa 44000000 		.4byte	.LASF15
 684 00ae 03       		.byte	0x3
 685 00af 14       		.byte	0x14
 686 00b0 2C000000 		.4byte	0x2c
 687 00b4 03       		.uleb128 0x3
 688 00b5 B4000000 		.4byte	.LASF16
 689 00b9 03       		.byte	0x3
 690 00ba 15       		.byte	0x15
 691 00bb 3E000000 		.4byte	0x3e
 692 00bf 03       		.uleb128 0x3
 693 00c0 6B020000 		.4byte	.LASF17
 694 00c4 03       		.byte	0x3
 695 00c5 21       		.byte	0x21
 696 00c6 57000000 		.4byte	0x57
 697 00ca 03       		.uleb128 0x3
 698 00cb 7D020000 		.4byte	.LASF18
 699 00cf 03       		.byte	0x3
 700 00d0 2C       		.byte	0x2c
 701 00d1 69000000 		.4byte	0x69
 702 00d5 03       		.uleb128 0x3
 703 00d6 CC010000 		.4byte	.LASF19
 704 00da 03       		.byte	0x3
 705 00db 2D       		.byte	0x2d
 706 00dc 7B000000 		.4byte	0x7b
 707 00e0 05       		.uleb128 0x5
 708 00e1 D7020000 		.4byte	.LASF20
 709 00e5 04       		.byte	0x4
 710 00e6 9401     		.2byte	0x194
 711 00e8 86000000 		.4byte	0x86
 712 00ec 02       		.uleb128 0x2
 713 00ed 08       		.byte	0x8
 714 00ee 04       		.byte	0x4
 715 00ef 0C030000 		.4byte	.LASF21
 716 00f3 02       		.uleb128 0x2
 717 00f4 01       		.byte	0x1
 718 00f5 08       		.byte	0x8
 719 00f6 66020000 		.4byte	.LASF22
 720 00fa 02       		.uleb128 0x2
 721 00fb 04       		.byte	0x4
 722 00fc 07       		.byte	0x7
 723 00fd 73000000 		.4byte	.LASF23
 724 0101 06       		.uleb128 0x6
 725 0102 04       		.byte	0x4
 726 0103 F3000000 		.4byte	0xf3
 727 0107 07       		.uleb128 0x7
 728 0108 B4000000 		.4byte	0xb4
 729 010c 02       		.uleb128 0x2
 730 010d 08       		.byte	0x8
 731 010e 04       		.byte	0x4
 732 010f 77010000 		.4byte	.LASF24
 733 0113 08       		.uleb128 0x8
 734 0114 14       		.byte	0x14
 735 0115 05       		.byte	0x5
 736 0116 80       		.byte	0x80
 737 0117 C4010000 		.4byte	0x1c4
 738 011b 09       		.uleb128 0x9
ARM GAS  C:\Users\miker\AppData\Local\Temp\ccGdfMnS.s 			page 17


 739 011c 4B000000 		.4byte	.LASF25
 740 0120 05       		.byte	0x5
 741 0121 81       		.byte	0x81
 742 0122 B4000000 		.4byte	0xb4
 743 0126 00       		.byte	0
 744 0127 09       		.uleb128 0x9
 745 0128 A3010000 		.4byte	.LASF26
 746 012c 05       		.byte	0x5
 747 012d 82       		.byte	0x82
 748 012e B4000000 		.4byte	0xb4
 749 0132 01       		.byte	0x1
 750 0133 09       		.uleb128 0x9
 751 0134 B4020000 		.4byte	.LASF27
 752 0138 05       		.byte	0x5
 753 0139 83       		.byte	0x83
 754 013a B4000000 		.4byte	0xb4
 755 013e 02       		.byte	0x2
 756 013f 09       		.uleb128 0x9
 757 0140 BC020000 		.4byte	.LASF28
 758 0144 05       		.byte	0x5
 759 0145 84       		.byte	0x84
 760 0146 B4000000 		.4byte	0xb4
 761 014a 03       		.byte	0x3
 762 014b 09       		.uleb128 0x9
 763 014c A7020000 		.4byte	.LASF29
 764 0150 05       		.byte	0x5
 765 0151 85       		.byte	0x85
 766 0152 B4000000 		.4byte	0xb4
 767 0156 04       		.byte	0x4
 768 0157 09       		.uleb128 0x9
 769 0158 07010000 		.4byte	.LASF30
 770 015c 05       		.byte	0x5
 771 015d 86       		.byte	0x86
 772 015e B4000000 		.4byte	0xb4
 773 0162 05       		.byte	0x5
 774 0163 09       		.uleb128 0x9
 775 0164 31020000 		.4byte	.LASF31
 776 0168 05       		.byte	0x5
 777 0169 87       		.byte	0x87
 778 016a B4000000 		.4byte	0xb4
 779 016e 06       		.byte	0x6
 780 016f 09       		.uleb128 0x9
 781 0170 E2010000 		.4byte	.LASF32
 782 0174 05       		.byte	0x5
 783 0175 88       		.byte	0x88
 784 0176 B4000000 		.4byte	0xb4
 785 017a 07       		.byte	0x7
 786 017b 09       		.uleb128 0x9
 787 017c D6030000 		.4byte	.LASF33
 788 0180 05       		.byte	0x5
 789 0181 89       		.byte	0x89
 790 0182 B4000000 		.4byte	0xb4
 791 0186 08       		.byte	0x8
 792 0187 09       		.uleb128 0x9
 793 0188 E8000000 		.4byte	.LASF34
 794 018c 05       		.byte	0x5
 795 018d 8A       		.byte	0x8a
ARM GAS  C:\Users\miker\AppData\Local\Temp\ccGdfMnS.s 			page 18


 796 018e B4000000 		.4byte	0xb4
 797 0192 09       		.byte	0x9
 798 0193 09       		.uleb128 0x9
 799 0194 DE020000 		.4byte	.LASF35
 800 0198 05       		.byte	0x5
 801 0199 8B       		.byte	0x8b
 802 019a B4000000 		.4byte	0xb4
 803 019e 0A       		.byte	0xa
 804 019f 09       		.uleb128 0x9
 805 01a0 5A010000 		.4byte	.LASF36
 806 01a4 05       		.byte	0x5
 807 01a5 8C       		.byte	0x8c
 808 01a6 B4000000 		.4byte	0xb4
 809 01aa 0B       		.byte	0xb
 810 01ab 09       		.uleb128 0x9
 811 01ac E1030000 		.4byte	.LASF37
 812 01b0 05       		.byte	0x5
 813 01b1 8D       		.byte	0x8d
 814 01b2 B4000000 		.4byte	0xb4
 815 01b6 0C       		.byte	0xc
 816 01b7 09       		.uleb128 0x9
 817 01b8 ED010000 		.4byte	.LASF38
 818 01bc 05       		.byte	0x5
 819 01bd 8F       		.byte	0x8f
 820 01be 25000000 		.4byte	0x25
 821 01c2 10       		.byte	0x10
 822 01c3 00       		.byte	0
 823 01c4 03       		.uleb128 0x3
 824 01c5 86000000 		.4byte	.LASF39
 825 01c9 05       		.byte	0x5
 826 01ca 91       		.byte	0x91
 827 01cb 13010000 		.4byte	0x113
 828 01cf 0A       		.uleb128 0xa
 829 01d0 CB030000 		.4byte	.LASF51
 830 01d4 01       		.byte	0x1
 831 01d5 23       		.byte	0x23
 832 01d6 B4000000 		.4byte	0xb4
 833 01da 00000000 		.4byte	.LFB63
 834 01de 14010000 		.4byte	.LFE63-.LFB63
 835 01e2 01       		.uleb128 0x1
 836 01e3 9C       		.byte	0x9c
 837 01e4 8C020000 		.4byte	0x28c
 838 01e8 0B       		.uleb128 0xb
 839 01e9 C3000000 		.4byte	.LASF40
 840 01ed 01       		.byte	0x1
 841 01ee 23       		.byte	0x23
 842 01ef 01010000 		.4byte	0x101
 843 01f3 00000000 		.4byte	.LLST0
 844 01f7 0B       		.uleb128 0xb
 845 01f8 1D030000 		.4byte	.LASF41
 846 01fc 01       		.byte	0x1
 847 01fd 23       		.byte	0x23
 848 01fe 8C020000 		.4byte	0x28c
 849 0202 37000000 		.4byte	.LLST1
 850 0206 0B       		.uleb128 0xb
 851 0207 AA000000 		.4byte	.LASF42
 852 020b 01       		.byte	0x1
ARM GAS  C:\Users\miker\AppData\Local\Temp\ccGdfMnS.s 			page 19


 853 020c 23       		.byte	0x23
 854 020d 92020000 		.4byte	0x292
 855 0211 60000000 		.4byte	.LLST2
 856 0215 0C       		.uleb128 0xc
 857 0216 70747200 		.ascii	"ptr\000"
 858 021a 01       		.byte	0x1
 859 021b 25       		.byte	0x25
 860 021c 01010000 		.4byte	0x101
 861 0220 8C000000 		.4byte	.LLST3
 862 0224 0C       		.uleb128 0xc
 863 0225 6300     		.ascii	"c\000"
 864 0227 01       		.byte	0x1
 865 0228 26       		.byte	0x26
 866 0229 49000000 		.4byte	0x49
 867 022d CD000000 		.4byte	.LLST4
 868 0231 0D       		.uleb128 0xd
 869 0232 01030000 		.4byte	.LASF43
 870 0236 01       		.byte	0x1
 871 0237 2C       		.byte	0x2c
 872 0238 98020000 		.4byte	0x298
 873 023c F6000000 		.4byte	.LLST5
 874 0240 0D       		.uleb128 0xd
 875 0241 3D000000 		.4byte	.LASF44
 876 0245 01       		.byte	0x1
 877 0246 35       		.byte	0x35
 878 0247 D5000000 		.4byte	0xd5
 879 024b 2D010000 		.4byte	.LLST6
 880 024f 0C       		.uleb128 0xc
 881 0250 65787000 		.ascii	"exp\000"
 882 0254 01       		.byte	0x1
 883 0255 36       		.byte	0x36
 884 0256 A9000000 		.4byte	0xa9
 885 025a 62010000 		.4byte	.LLST7
 886 025e 0D       		.uleb128 0xd
 887 025f 2A020000 		.4byte	.LASF45
 888 0263 01       		.byte	0x1
 889 0264 37       		.byte	0x37
 890 0265 B4000000 		.4byte	0xb4
 891 0269 AD010000 		.4byte	.LLST8
 892 026d 0D       		.uleb128 0xd
 893 026e 7C000000 		.4byte	.LASF46
 894 0272 01       		.byte	0x1
 895 0273 38       		.byte	0x38
 896 0274 98020000 		.4byte	0x298
 897 0278 E2010000 		.4byte	.LLST9
 898 027c 0D       		.uleb128 0xd
 899 027d 13030000 		.4byte	.LASF47
 900 0281 01       		.byte	0x1
 901 0282 4F       		.byte	0x4f
 902 0283 25000000 		.4byte	0x25
 903 0287 0C020000 		.4byte	.LLST10
 904 028b 00       		.byte	0
 905 028c 06       		.uleb128 0x6
 906 028d 04       		.byte	0x4
 907 028e B4000000 		.4byte	0xb4
 908 0292 06       		.uleb128 0x6
 909 0293 04       		.byte	0x4
ARM GAS  C:\Users\miker\AppData\Local\Temp\ccGdfMnS.s 			page 20


 910 0294 25000000 		.4byte	0x25
 911 0298 02       		.uleb128 0x2
 912 0299 01       		.byte	0x1
 913 029a 02       		.byte	0x2
 914 029b 85020000 		.4byte	.LASF48
 915 029f 0E       		.uleb128 0xe
 916 02a0 35040000 		.4byte	.LASF77
 917 02a4 01       		.byte	0x1
 918 02a5 70       		.byte	0x70
 919 02a6 00000000 		.4byte	.LFB64
 920 02aa 50000000 		.4byte	.LFE64-.LFB64
 921 02ae 01       		.uleb128 0x1
 922 02af 9C       		.byte	0x9c
 923 02b0 0B030000 		.4byte	0x30b
 924 02b4 0B       		.uleb128 0xb
 925 02b5 5E020000 		.4byte	.LASF49
 926 02b9 01       		.byte	0x1
 927 02ba 70       		.byte	0x70
 928 02bb 25000000 		.4byte	0x25
 929 02bf 77020000 		.4byte	.LLST11
 930 02c3 0B       		.uleb128 0xb
 931 02c4 9A000000 		.4byte	.LASF50
 932 02c8 01       		.byte	0x1
 933 02c9 70       		.byte	0x70
 934 02ca B4000000 		.4byte	0xb4
 935 02ce 9A020000 		.4byte	.LLST12
 936 02d2 0C       		.uleb128 0xc
 937 02d3 6900     		.ascii	"i\000"
 938 02d5 01       		.byte	0x1
 939 02d6 72       		.byte	0x72
 940 02d7 BF000000 		.4byte	0xbf
 941 02db BB020000 		.4byte	.LLST13
 942 02df 0F       		.uleb128 0xf
 943 02e0 12000000 		.4byte	.LVL56
 944 02e4 B1040000 		.4byte	0x4b1
 945 02e8 0F       		.uleb128 0xf
 946 02e9 26000000 		.4byte	.LVL60
 947 02ed C6040000 		.4byte	0x4c6
 948 02f1 0F       		.uleb128 0xf
 949 02f2 2C000000 		.4byte	.LVL61
 950 02f6 D3040000 		.4byte	0x4d3
 951 02fa 10       		.uleb128 0x10
 952 02fb 3C000000 		.4byte	.LVL62
 953 02ff E0040000 		.4byte	0x4e0
 954 0303 11       		.uleb128 0x11
 955 0304 01       		.uleb128 0x1
 956 0305 50       		.byte	0x50
 957 0306 02       		.uleb128 0x2
 958 0307 08       		.byte	0x8
 959 0308 32       		.byte	0x32
 960 0309 00       		.byte	0
 961 030a 00       		.byte	0
 962 030b 0A       		.uleb128 0xa
 963 030c 9B010000 		.4byte	.LASF52
 964 0310 01       		.byte	0x1
 965 0311 85       		.byte	0x85
 966 0312 25000000 		.4byte	0x25
ARM GAS  C:\Users\miker\AppData\Local\Temp\ccGdfMnS.s 			page 21


 967 0316 00000000 		.4byte	.LFB65
 968 031a 2E000000 		.4byte	.LFE65-.LFB65
 969 031e 01       		.uleb128 0x1
 970 031f 9C       		.byte	0x9c
 971 0320 48030000 		.4byte	0x348
 972 0324 12       		.uleb128 0x12
 973 0325 7800     		.ascii	"x\000"
 974 0327 01       		.byte	0x1
 975 0328 85       		.byte	0x85
 976 0329 25000000 		.4byte	0x25
 977 032d EF020000 		.4byte	.LLST14
 978 0331 12       		.uleb128 0x12
 979 0332 7900     		.ascii	"y\000"
 980 0334 01       		.byte	0x1
 981 0335 85       		.byte	0x85
 982 0336 25000000 		.4byte	0x25
 983 033a 12030000 		.4byte	.LLST15
 984 033e 0F       		.uleb128 0xf
 985 033f 28000000 		.4byte	.LVL73
 986 0343 F1040000 		.4byte	0x4f1
 987 0347 00       		.byte	0
 988 0348 0A       		.uleb128 0xa
 989 0349 2C010000 		.4byte	.LASF53
 990 034d 01       		.byte	0x1
 991 034e 88       		.byte	0x88
 992 034f 25000000 		.4byte	0x25
 993 0353 00000000 		.4byte	.LFB66
 994 0357 6C000000 		.4byte	.LFE66-.LFB66
 995 035b 01       		.uleb128 0x1
 996 035c 9C       		.byte	0x9c
 997 035d A7030000 		.4byte	0x3a7
 998 0361 0B       		.uleb128 0xb
 999 0362 BC000000 		.4byte	.LASF54
 1000 0366 01       		.byte	0x1
 1001 0367 88       		.byte	0x88
 1002 0368 92020000 		.4byte	0x292
 1003 036c 40030000 		.4byte	.LLST16
 1004 0370 0C       		.uleb128 0xc
 1005 0371 69647800 		.ascii	"idx\000"
 1006 0375 01       		.byte	0x1
 1007 0376 8A       		.byte	0x8a
 1008 0377 B4000000 		.4byte	0xb4
 1009 037b 5E030000 		.4byte	.LLST17
 1010 037f 0D       		.uleb128 0xd
 1011 0380 6D010000 		.4byte	.LASF55
 1012 0384 01       		.byte	0x1
 1013 0385 8B       		.byte	0x8b
 1014 0386 25000000 		.4byte	0x25
 1015 038a AA030000 		.4byte	.LLST18
 1016 038e 0D       		.uleb128 0xd
 1017 038f 89040000 		.4byte	.LASF56
 1018 0393 01       		.byte	0x1
 1019 0394 92       		.byte	0x92
 1020 0395 25000000 		.4byte	0x25
 1021 0399 E3030000 		.4byte	.LLST19
 1022 039d 0F       		.uleb128 0xf
 1023 039e 3C000000 		.4byte	.LVL85
ARM GAS  C:\Users\miker\AppData\Local\Temp\ccGdfMnS.s 			page 22


 1024 03a2 F1040000 		.4byte	0x4f1
 1025 03a6 00       		.byte	0
 1026 03a7 0A       		.uleb128 0xa
 1027 03a8 8B020000 		.4byte	.LASF57
 1028 03ac 01       		.byte	0x1
 1029 03ad 98       		.byte	0x98
 1030 03ae 25000000 		.4byte	0x25
 1031 03b2 00000000 		.4byte	.LFB67
 1032 03b6 48000000 		.4byte	.LFE67-.LFB67
 1033 03ba 01       		.uleb128 0x1
 1034 03bb 9C       		.byte	0x9c
 1035 03bc FD030000 		.4byte	0x3fd
 1036 03c0 0B       		.uleb128 0xb
 1037 03c1 83010000 		.4byte	.LASF58
 1038 03c5 01       		.byte	0x1
 1039 03c6 98       		.byte	0x98
 1040 03c7 92020000 		.4byte	0x292
 1041 03cb 01040000 		.4byte	.LLST20
 1042 03cf 0B       		.uleb128 0xb
 1043 03d0 C2030000 		.4byte	.LASF59
 1044 03d4 01       		.byte	0x1
 1045 03d5 98       		.byte	0x98
 1046 03d6 92020000 		.4byte	0x292
 1047 03da 2D040000 		.4byte	.LLST21
 1048 03de 0C       		.uleb128 0xc
 1049 03df 69647800 		.ascii	"idx\000"
 1050 03e3 01       		.byte	0x1
 1051 03e4 9A       		.byte	0x9a
 1052 03e5 B4000000 		.4byte	0xb4
 1053 03e9 59040000 		.4byte	.LLST22
 1054 03ed 0D       		.uleb128 0xd
 1055 03ee CE000000 		.4byte	.LASF60
 1056 03f2 01       		.byte	0x1
 1057 03f3 9B       		.byte	0x9b
 1058 03f4 25000000 		.4byte	0x25
 1059 03f8 83040000 		.4byte	.LLST23
 1060 03fc 00       		.byte	0
 1061 03fd 13       		.uleb128 0x13
 1062 03fe 0E040000 		.4byte	.LASF61
 1063 0402 06       		.byte	0x6
 1064 0403 9606     		.2byte	0x696
 1065 0405 09040000 		.4byte	0x409
 1066 0409 07       		.uleb128 0x7
 1067 040a CA000000 		.4byte	0xca
 1068 040e 14       		.uleb128 0x14
 1069 040f 73797300 		.ascii	"sys\000"
 1070 0413 05       		.byte	0x5
 1071 0414 92       		.byte	0x92
 1072 0415 C4010000 		.4byte	0x1c4
 1073 0419 15       		.uleb128 0x15
 1074 041a CA000000 		.4byte	0xca
 1075 041e 29040000 		.4byte	0x429
 1076 0422 16       		.uleb128 0x16
 1077 0423 FA000000 		.4byte	0xfa
 1078 0427 02       		.byte	0x2
 1079 0428 00       		.byte	0
 1080 0429 17       		.uleb128 0x17
ARM GAS  C:\Users\miker\AppData\Local\Temp\ccGdfMnS.s 			page 23


 1081 042a FA000000 		.4byte	.LASF62
 1082 042e 05       		.byte	0x5
 1083 042f 95       		.byte	0x95
 1084 0430 19040000 		.4byte	0x419
 1085 0434 05       		.uleb128 0x5
 1086 0435 03       		.byte	0x3
 1087 0436 00000000 		.4byte	sys_position
 1088 043a 17       		.uleb128 0x17
 1089 043b FB010000 		.4byte	.LASF63
 1090 043f 05       		.byte	0x5
 1091 0440 96       		.byte	0x96
 1092 0441 19040000 		.4byte	0x419
 1093 0445 05       		.uleb128 0x5
 1094 0446 03       		.byte	0x3
 1095 0447 00000000 		.4byte	sys_probe_position
 1096 044b 17       		.uleb128 0x17
 1097 044c C7020000 		.4byte	.LASF64
 1098 0450 05       		.byte	0x5
 1099 0451 98       		.byte	0x98
 1100 0452 07010000 		.4byte	0x107
 1101 0456 05       		.uleb128 0x5
 1102 0457 03       		.byte	0x3
 1103 0458 00000000 		.4byte	sys_probe_state
 1104 045c 17       		.uleb128 0x17
 1105 045d 23040000 		.4byte	.LASF65
 1106 0461 05       		.byte	0x5
 1107 0462 99       		.byte	0x99
 1108 0463 07010000 		.4byte	0x107
 1109 0467 05       		.uleb128 0x5
 1110 0468 03       		.byte	0x3
 1111 0469 00000000 		.4byte	sys_rt_exec_state
 1112 046d 17       		.uleb128 0x17
 1113 046e 00000000 		.4byte	.LASF66
 1114 0472 05       		.byte	0x5
 1115 0473 9A       		.byte	0x9a
 1116 0474 07010000 		.4byte	0x107
 1117 0478 05       		.uleb128 0x5
 1118 0479 03       		.byte	0x3
 1119 047a 00000000 		.4byte	sys_rt_exec_alarm
 1120 047e 17       		.uleb128 0x17
 1121 047f 0E020000 		.4byte	.LASF67
 1122 0483 05       		.byte	0x5
 1123 0484 9B       		.byte	0x9b
 1124 0485 07010000 		.4byte	0x107
 1125 0489 05       		.uleb128 0x5
 1126 048a 03       		.byte	0x3
 1127 048b 00000000 		.4byte	sys_rt_exec_motion_override
 1128 048f 17       		.uleb128 0x17
 1129 0490 1E000000 		.4byte	.LASF68
 1130 0494 05       		.byte	0x5
 1131 0495 9C       		.byte	0x9c
 1132 0496 07010000 		.4byte	0x107
 1133 049a 05       		.uleb128 0x5
 1134 049b 03       		.byte	0x3
 1135 049c 00000000 		.4byte	sys_rt_exec_accessory_override
 1136 04a0 17       		.uleb128 0x17
 1137 04a1 17010000 		.4byte	.LASF69
ARM GAS  C:\Users\miker\AppData\Local\Temp\ccGdfMnS.s 			page 24


 1138 04a5 07       		.byte	0x7
 1139 04a6 11       		.byte	0x11
 1140 04a7 B4000000 		.4byte	0xb4
 1141 04ab 05       		.uleb128 0x5
 1142 04ac 03       		.byte	0x3
 1143 04ad 00000000 		.4byte	exec_lcd_status
 1144 04b1 18       		.uleb128 0x18
 1145 04b2 27010000 		.4byte	.LASF78
 1146 04b6 0A       		.byte	0xa
 1147 04b7 73       		.byte	0x73
 1148 04b8 EC000000 		.4byte	0xec
 1149 04bc C6040000 		.4byte	0x4c6
 1150 04c0 19       		.uleb128 0x19
 1151 04c1 EC000000 		.4byte	0xec
 1152 04c5 00       		.byte	0
 1153 04c6 1A       		.uleb128 0x1a
 1154 04c7 F4030000 		.4byte	.LASF70
 1155 04cb 08       		.byte	0x8
 1156 04cc 29       		.byte	0x29
 1157 04cd D3040000 		.4byte	0x4d3
 1158 04d1 1B       		.uleb128 0x1b
 1159 04d2 00       		.byte	0
 1160 04d3 1A       		.uleb128 0x1a
 1161 04d4 51000000 		.4byte	.LASF71
 1162 04d8 08       		.byte	0x8
 1163 04d9 2A       		.byte	0x2a
 1164 04da E0040000 		.4byte	0x4e0
 1165 04de 1B       		.uleb128 0x1b
 1166 04df 00       		.byte	0
 1167 04e0 1C       		.uleb128 0x1c
 1168 04e1 1B040000 		.4byte	.LASF72
 1169 04e5 09       		.byte	0x9
 1170 04e6 76       		.byte	0x76
 1171 04e7 F1040000 		.4byte	0x4f1
 1172 04eb 19       		.uleb128 0x19
 1173 04ec E0000000 		.4byte	0xe0
 1174 04f0 00       		.byte	0
 1175 04f1 1D       		.uleb128 0x1d
 1176 04f2 18030000 		.4byte	.LASF73
 1177 04f6 0A       		.byte	0xa
 1178 04f7 86       		.byte	0x86
 1179 04f8 EC000000 		.4byte	0xec
 1180 04fc 19       		.uleb128 0x19
 1181 04fd EC000000 		.4byte	0xec
 1182 0501 00       		.byte	0
 1183 0502 00       		.byte	0
 1184              		.section	.debug_abbrev,"",%progbits
 1185              	.Ldebug_abbrev0:
 1186 0000 01       		.uleb128 0x1
 1187 0001 11       		.uleb128 0x11
 1188 0002 01       		.byte	0x1
 1189 0003 25       		.uleb128 0x25
 1190 0004 0E       		.uleb128 0xe
 1191 0005 13       		.uleb128 0x13
 1192 0006 0B       		.uleb128 0xb
 1193 0007 03       		.uleb128 0x3
 1194 0008 0E       		.uleb128 0xe
ARM GAS  C:\Users\miker\AppData\Local\Temp\ccGdfMnS.s 			page 25


 1195 0009 1B       		.uleb128 0x1b
 1196 000a 0E       		.uleb128 0xe
 1197 000b 55       		.uleb128 0x55
 1198 000c 17       		.uleb128 0x17
 1199 000d 11       		.uleb128 0x11
 1200 000e 01       		.uleb128 0x1
 1201 000f 10       		.uleb128 0x10
 1202 0010 17       		.uleb128 0x17
 1203 0011 00       		.byte	0
 1204 0012 00       		.byte	0
 1205 0013 02       		.uleb128 0x2
 1206 0014 24       		.uleb128 0x24
 1207 0015 00       		.byte	0
 1208 0016 0B       		.uleb128 0xb
 1209 0017 0B       		.uleb128 0xb
 1210 0018 3E       		.uleb128 0x3e
 1211 0019 0B       		.uleb128 0xb
 1212 001a 03       		.uleb128 0x3
 1213 001b 0E       		.uleb128 0xe
 1214 001c 00       		.byte	0
 1215 001d 00       		.byte	0
 1216 001e 03       		.uleb128 0x3
 1217 001f 16       		.uleb128 0x16
 1218 0020 00       		.byte	0
 1219 0021 03       		.uleb128 0x3
 1220 0022 0E       		.uleb128 0xe
 1221 0023 3A       		.uleb128 0x3a
 1222 0024 0B       		.uleb128 0xb
 1223 0025 3B       		.uleb128 0x3b
 1224 0026 0B       		.uleb128 0xb
 1225 0027 49       		.uleb128 0x49
 1226 0028 13       		.uleb128 0x13
 1227 0029 00       		.byte	0
 1228 002a 00       		.byte	0
 1229 002b 04       		.uleb128 0x4
 1230 002c 24       		.uleb128 0x24
 1231 002d 00       		.byte	0
 1232 002e 0B       		.uleb128 0xb
 1233 002f 0B       		.uleb128 0xb
 1234 0030 3E       		.uleb128 0x3e
 1235 0031 0B       		.uleb128 0xb
 1236 0032 03       		.uleb128 0x3
 1237 0033 08       		.uleb128 0x8
 1238 0034 00       		.byte	0
 1239 0035 00       		.byte	0
 1240 0036 05       		.uleb128 0x5
 1241 0037 16       		.uleb128 0x16
 1242 0038 00       		.byte	0
 1243 0039 03       		.uleb128 0x3
 1244 003a 0E       		.uleb128 0xe
 1245 003b 3A       		.uleb128 0x3a
 1246 003c 0B       		.uleb128 0xb
 1247 003d 3B       		.uleb128 0x3b
 1248 003e 05       		.uleb128 0x5
 1249 003f 49       		.uleb128 0x49
 1250 0040 13       		.uleb128 0x13
 1251 0041 00       		.byte	0
ARM GAS  C:\Users\miker\AppData\Local\Temp\ccGdfMnS.s 			page 26


 1252 0042 00       		.byte	0
 1253 0043 06       		.uleb128 0x6
 1254 0044 0F       		.uleb128 0xf
 1255 0045 00       		.byte	0
 1256 0046 0B       		.uleb128 0xb
 1257 0047 0B       		.uleb128 0xb
 1258 0048 49       		.uleb128 0x49
 1259 0049 13       		.uleb128 0x13
 1260 004a 00       		.byte	0
 1261 004b 00       		.byte	0
 1262 004c 07       		.uleb128 0x7
 1263 004d 35       		.uleb128 0x35
 1264 004e 00       		.byte	0
 1265 004f 49       		.uleb128 0x49
 1266 0050 13       		.uleb128 0x13
 1267 0051 00       		.byte	0
 1268 0052 00       		.byte	0
 1269 0053 08       		.uleb128 0x8
 1270 0054 13       		.uleb128 0x13
 1271 0055 01       		.byte	0x1
 1272 0056 0B       		.uleb128 0xb
 1273 0057 0B       		.uleb128 0xb
 1274 0058 3A       		.uleb128 0x3a
 1275 0059 0B       		.uleb128 0xb
 1276 005a 3B       		.uleb128 0x3b
 1277 005b 0B       		.uleb128 0xb
 1278 005c 01       		.uleb128 0x1
 1279 005d 13       		.uleb128 0x13
 1280 005e 00       		.byte	0
 1281 005f 00       		.byte	0
 1282 0060 09       		.uleb128 0x9
 1283 0061 0D       		.uleb128 0xd
 1284 0062 00       		.byte	0
 1285 0063 03       		.uleb128 0x3
 1286 0064 0E       		.uleb128 0xe
 1287 0065 3A       		.uleb128 0x3a
 1288 0066 0B       		.uleb128 0xb
 1289 0067 3B       		.uleb128 0x3b
 1290 0068 0B       		.uleb128 0xb
 1291 0069 49       		.uleb128 0x49
 1292 006a 13       		.uleb128 0x13
 1293 006b 38       		.uleb128 0x38
 1294 006c 0B       		.uleb128 0xb
 1295 006d 00       		.byte	0
 1296 006e 00       		.byte	0
 1297 006f 0A       		.uleb128 0xa
 1298 0070 2E       		.uleb128 0x2e
 1299 0071 01       		.byte	0x1
 1300 0072 3F       		.uleb128 0x3f
 1301 0073 19       		.uleb128 0x19
 1302 0074 03       		.uleb128 0x3
 1303 0075 0E       		.uleb128 0xe
 1304 0076 3A       		.uleb128 0x3a
 1305 0077 0B       		.uleb128 0xb
 1306 0078 3B       		.uleb128 0x3b
 1307 0079 0B       		.uleb128 0xb
 1308 007a 27       		.uleb128 0x27
ARM GAS  C:\Users\miker\AppData\Local\Temp\ccGdfMnS.s 			page 27


 1309 007b 19       		.uleb128 0x19
 1310 007c 49       		.uleb128 0x49
 1311 007d 13       		.uleb128 0x13
 1312 007e 11       		.uleb128 0x11
 1313 007f 01       		.uleb128 0x1
 1314 0080 12       		.uleb128 0x12
 1315 0081 06       		.uleb128 0x6
 1316 0082 40       		.uleb128 0x40
 1317 0083 18       		.uleb128 0x18
 1318 0084 9642     		.uleb128 0x2116
 1319 0086 19       		.uleb128 0x19
 1320 0087 01       		.uleb128 0x1
 1321 0088 13       		.uleb128 0x13
 1322 0089 00       		.byte	0
 1323 008a 00       		.byte	0
 1324 008b 0B       		.uleb128 0xb
 1325 008c 05       		.uleb128 0x5
 1326 008d 00       		.byte	0
 1327 008e 03       		.uleb128 0x3
 1328 008f 0E       		.uleb128 0xe
 1329 0090 3A       		.uleb128 0x3a
 1330 0091 0B       		.uleb128 0xb
 1331 0092 3B       		.uleb128 0x3b
 1332 0093 0B       		.uleb128 0xb
 1333 0094 49       		.uleb128 0x49
 1334 0095 13       		.uleb128 0x13
 1335 0096 02       		.uleb128 0x2
 1336 0097 17       		.uleb128 0x17
 1337 0098 00       		.byte	0
 1338 0099 00       		.byte	0
 1339 009a 0C       		.uleb128 0xc
 1340 009b 34       		.uleb128 0x34
 1341 009c 00       		.byte	0
 1342 009d 03       		.uleb128 0x3
 1343 009e 08       		.uleb128 0x8
 1344 009f 3A       		.uleb128 0x3a
 1345 00a0 0B       		.uleb128 0xb
 1346 00a1 3B       		.uleb128 0x3b
 1347 00a2 0B       		.uleb128 0xb
 1348 00a3 49       		.uleb128 0x49
 1349 00a4 13       		.uleb128 0x13
 1350 00a5 02       		.uleb128 0x2
 1351 00a6 17       		.uleb128 0x17
 1352 00a7 00       		.byte	0
 1353 00a8 00       		.byte	0
 1354 00a9 0D       		.uleb128 0xd
 1355 00aa 34       		.uleb128 0x34
 1356 00ab 00       		.byte	0
 1357 00ac 03       		.uleb128 0x3
 1358 00ad 0E       		.uleb128 0xe
 1359 00ae 3A       		.uleb128 0x3a
 1360 00af 0B       		.uleb128 0xb
 1361 00b0 3B       		.uleb128 0x3b
 1362 00b1 0B       		.uleb128 0xb
 1363 00b2 49       		.uleb128 0x49
 1364 00b3 13       		.uleb128 0x13
 1365 00b4 02       		.uleb128 0x2
ARM GAS  C:\Users\miker\AppData\Local\Temp\ccGdfMnS.s 			page 28


 1366 00b5 17       		.uleb128 0x17
 1367 00b6 00       		.byte	0
 1368 00b7 00       		.byte	0
 1369 00b8 0E       		.uleb128 0xe
 1370 00b9 2E       		.uleb128 0x2e
 1371 00ba 01       		.byte	0x1
 1372 00bb 3F       		.uleb128 0x3f
 1373 00bc 19       		.uleb128 0x19
 1374 00bd 03       		.uleb128 0x3
 1375 00be 0E       		.uleb128 0xe
 1376 00bf 3A       		.uleb128 0x3a
 1377 00c0 0B       		.uleb128 0xb
 1378 00c1 3B       		.uleb128 0x3b
 1379 00c2 0B       		.uleb128 0xb
 1380 00c3 27       		.uleb128 0x27
 1381 00c4 19       		.uleb128 0x19
 1382 00c5 11       		.uleb128 0x11
 1383 00c6 01       		.uleb128 0x1
 1384 00c7 12       		.uleb128 0x12
 1385 00c8 06       		.uleb128 0x6
 1386 00c9 40       		.uleb128 0x40
 1387 00ca 18       		.uleb128 0x18
 1388 00cb 9642     		.uleb128 0x2116
 1389 00cd 19       		.uleb128 0x19
 1390 00ce 01       		.uleb128 0x1
 1391 00cf 13       		.uleb128 0x13
 1392 00d0 00       		.byte	0
 1393 00d1 00       		.byte	0
 1394 00d2 0F       		.uleb128 0xf
 1395 00d3 898201   		.uleb128 0x4109
 1396 00d6 00       		.byte	0
 1397 00d7 11       		.uleb128 0x11
 1398 00d8 01       		.uleb128 0x1
 1399 00d9 31       		.uleb128 0x31
 1400 00da 13       		.uleb128 0x13
 1401 00db 00       		.byte	0
 1402 00dc 00       		.byte	0
 1403 00dd 10       		.uleb128 0x10
 1404 00de 898201   		.uleb128 0x4109
 1405 00e1 01       		.byte	0x1
 1406 00e2 11       		.uleb128 0x11
 1407 00e3 01       		.uleb128 0x1
 1408 00e4 31       		.uleb128 0x31
 1409 00e5 13       		.uleb128 0x13
 1410 00e6 00       		.byte	0
 1411 00e7 00       		.byte	0
 1412 00e8 11       		.uleb128 0x11
 1413 00e9 8A8201   		.uleb128 0x410a
 1414 00ec 00       		.byte	0
 1415 00ed 02       		.uleb128 0x2
 1416 00ee 18       		.uleb128 0x18
 1417 00ef 9142     		.uleb128 0x2111
 1418 00f1 18       		.uleb128 0x18
 1419 00f2 00       		.byte	0
 1420 00f3 00       		.byte	0
 1421 00f4 12       		.uleb128 0x12
 1422 00f5 05       		.uleb128 0x5
ARM GAS  C:\Users\miker\AppData\Local\Temp\ccGdfMnS.s 			page 29


 1423 00f6 00       		.byte	0
 1424 00f7 03       		.uleb128 0x3
 1425 00f8 08       		.uleb128 0x8
 1426 00f9 3A       		.uleb128 0x3a
 1427 00fa 0B       		.uleb128 0xb
 1428 00fb 3B       		.uleb128 0x3b
 1429 00fc 0B       		.uleb128 0xb
 1430 00fd 49       		.uleb128 0x49
 1431 00fe 13       		.uleb128 0x13
 1432 00ff 02       		.uleb128 0x2
 1433 0100 17       		.uleb128 0x17
 1434 0101 00       		.byte	0
 1435 0102 00       		.byte	0
 1436 0103 13       		.uleb128 0x13
 1437 0104 34       		.uleb128 0x34
 1438 0105 00       		.byte	0
 1439 0106 03       		.uleb128 0x3
 1440 0107 0E       		.uleb128 0xe
 1441 0108 3A       		.uleb128 0x3a
 1442 0109 0B       		.uleb128 0xb
 1443 010a 3B       		.uleb128 0x3b
 1444 010b 05       		.uleb128 0x5
 1445 010c 49       		.uleb128 0x49
 1446 010d 13       		.uleb128 0x13
 1447 010e 3F       		.uleb128 0x3f
 1448 010f 19       		.uleb128 0x19
 1449 0110 3C       		.uleb128 0x3c
 1450 0111 19       		.uleb128 0x19
 1451 0112 00       		.byte	0
 1452 0113 00       		.byte	0
 1453 0114 14       		.uleb128 0x14
 1454 0115 34       		.uleb128 0x34
 1455 0116 00       		.byte	0
 1456 0117 03       		.uleb128 0x3
 1457 0118 08       		.uleb128 0x8
 1458 0119 3A       		.uleb128 0x3a
 1459 011a 0B       		.uleb128 0xb
 1460 011b 3B       		.uleb128 0x3b
 1461 011c 0B       		.uleb128 0xb
 1462 011d 49       		.uleb128 0x49
 1463 011e 13       		.uleb128 0x13
 1464 011f 3F       		.uleb128 0x3f
 1465 0120 19       		.uleb128 0x19
 1466 0121 3C       		.uleb128 0x3c
 1467 0122 19       		.uleb128 0x19
 1468 0123 00       		.byte	0
 1469 0124 00       		.byte	0
 1470 0125 15       		.uleb128 0x15
 1471 0126 01       		.uleb128 0x1
 1472 0127 01       		.byte	0x1
 1473 0128 49       		.uleb128 0x49
 1474 0129 13       		.uleb128 0x13
 1475 012a 01       		.uleb128 0x1
 1476 012b 13       		.uleb128 0x13
 1477 012c 00       		.byte	0
 1478 012d 00       		.byte	0
 1479 012e 16       		.uleb128 0x16
ARM GAS  C:\Users\miker\AppData\Local\Temp\ccGdfMnS.s 			page 30


 1480 012f 21       		.uleb128 0x21
 1481 0130 00       		.byte	0
 1482 0131 49       		.uleb128 0x49
 1483 0132 13       		.uleb128 0x13
 1484 0133 2F       		.uleb128 0x2f
 1485 0134 0B       		.uleb128 0xb
 1486 0135 00       		.byte	0
 1487 0136 00       		.byte	0
 1488 0137 17       		.uleb128 0x17
 1489 0138 34       		.uleb128 0x34
 1490 0139 00       		.byte	0
 1491 013a 03       		.uleb128 0x3
 1492 013b 0E       		.uleb128 0xe
 1493 013c 3A       		.uleb128 0x3a
 1494 013d 0B       		.uleb128 0xb
 1495 013e 3B       		.uleb128 0x3b
 1496 013f 0B       		.uleb128 0xb
 1497 0140 49       		.uleb128 0x49
 1498 0141 13       		.uleb128 0x13
 1499 0142 3F       		.uleb128 0x3f
 1500 0143 19       		.uleb128 0x19
 1501 0144 02       		.uleb128 0x2
 1502 0145 18       		.uleb128 0x18
 1503 0146 00       		.byte	0
 1504 0147 00       		.byte	0
 1505 0148 18       		.uleb128 0x18
 1506 0149 2E       		.uleb128 0x2e
 1507 014a 01       		.byte	0x1
 1508 014b 3F       		.uleb128 0x3f
 1509 014c 19       		.uleb128 0x19
 1510 014d 03       		.uleb128 0x3
 1511 014e 0E       		.uleb128 0xe
 1512 014f 3A       		.uleb128 0x3a
 1513 0150 0B       		.uleb128 0xb
 1514 0151 3B       		.uleb128 0x3b
 1515 0152 0B       		.uleb128 0xb
 1516 0153 27       		.uleb128 0x27
 1517 0154 19       		.uleb128 0x19
 1518 0155 49       		.uleb128 0x49
 1519 0156 13       		.uleb128 0x13
 1520 0157 3C       		.uleb128 0x3c
 1521 0158 19       		.uleb128 0x19
 1522 0159 01       		.uleb128 0x1
 1523 015a 13       		.uleb128 0x13
 1524 015b 00       		.byte	0
 1525 015c 00       		.byte	0
 1526 015d 19       		.uleb128 0x19
 1527 015e 05       		.uleb128 0x5
 1528 015f 00       		.byte	0
 1529 0160 49       		.uleb128 0x49
 1530 0161 13       		.uleb128 0x13
 1531 0162 00       		.byte	0
 1532 0163 00       		.byte	0
 1533 0164 1A       		.uleb128 0x1a
 1534 0165 2E       		.uleb128 0x2e
 1535 0166 01       		.byte	0x1
 1536 0167 3F       		.uleb128 0x3f
ARM GAS  C:\Users\miker\AppData\Local\Temp\ccGdfMnS.s 			page 31


 1537 0168 19       		.uleb128 0x19
 1538 0169 03       		.uleb128 0x3
 1539 016a 0E       		.uleb128 0xe
 1540 016b 3A       		.uleb128 0x3a
 1541 016c 0B       		.uleb128 0xb
 1542 016d 3B       		.uleb128 0x3b
 1543 016e 0B       		.uleb128 0xb
 1544 016f 3C       		.uleb128 0x3c
 1545 0170 19       		.uleb128 0x19
 1546 0171 01       		.uleb128 0x1
 1547 0172 13       		.uleb128 0x13
 1548 0173 00       		.byte	0
 1549 0174 00       		.byte	0
 1550 0175 1B       		.uleb128 0x1b
 1551 0176 18       		.uleb128 0x18
 1552 0177 00       		.byte	0
 1553 0178 00       		.byte	0
 1554 0179 00       		.byte	0
 1555 017a 1C       		.uleb128 0x1c
 1556 017b 2E       		.uleb128 0x2e
 1557 017c 01       		.byte	0x1
 1558 017d 3F       		.uleb128 0x3f
 1559 017e 19       		.uleb128 0x19
 1560 017f 03       		.uleb128 0x3
 1561 0180 0E       		.uleb128 0xe
 1562 0181 3A       		.uleb128 0x3a
 1563 0182 0B       		.uleb128 0xb
 1564 0183 3B       		.uleb128 0x3b
 1565 0184 0B       		.uleb128 0xb
 1566 0185 27       		.uleb128 0x27
 1567 0186 19       		.uleb128 0x19
 1568 0187 3C       		.uleb128 0x3c
 1569 0188 19       		.uleb128 0x19
 1570 0189 01       		.uleb128 0x1
 1571 018a 13       		.uleb128 0x13
 1572 018b 00       		.byte	0
 1573 018c 00       		.byte	0
 1574 018d 1D       		.uleb128 0x1d
 1575 018e 2E       		.uleb128 0x2e
 1576 018f 01       		.byte	0x1
 1577 0190 3F       		.uleb128 0x3f
 1578 0191 19       		.uleb128 0x19
 1579 0192 03       		.uleb128 0x3
 1580 0193 0E       		.uleb128 0xe
 1581 0194 3A       		.uleb128 0x3a
 1582 0195 0B       		.uleb128 0xb
 1583 0196 3B       		.uleb128 0x3b
 1584 0197 0B       		.uleb128 0xb
 1585 0198 27       		.uleb128 0x27
 1586 0199 19       		.uleb128 0x19
 1587 019a 49       		.uleb128 0x49
 1588 019b 13       		.uleb128 0x13
 1589 019c 3C       		.uleb128 0x3c
 1590 019d 19       		.uleb128 0x19
 1591 019e 00       		.byte	0
 1592 019f 00       		.byte	0
 1593 01a0 00       		.byte	0
ARM GAS  C:\Users\miker\AppData\Local\Temp\ccGdfMnS.s 			page 32


 1594              		.section	.debug_loc,"",%progbits
 1595              	.Ldebug_loc0:
 1596              	.LLST0:
 1597 0000 00000000 		.4byte	.LVL0
 1598 0004 70000000 		.4byte	.LVL25
 1599 0008 0100     		.2byte	0x1
 1600 000a 50       		.byte	0x50
 1601 000b 70000000 		.4byte	.LVL25
 1602 000f FA000000 		.4byte	.LVL49
 1603 0013 0100     		.2byte	0x1
 1604 0015 5A       		.byte	0x5a
 1605 0016 FA000000 		.4byte	.LVL49
 1606 001a FC000000 		.4byte	.LVL50
 1607 001e 0100     		.2byte	0x1
 1608 0020 50       		.byte	0x50
 1609 0021 FC000000 		.4byte	.LVL50
 1610 0025 14010000 		.4byte	.LFE63
 1611 0029 0400     		.2byte	0x4
 1612 002b F3       		.byte	0xf3
 1613 002c 01       		.uleb128 0x1
 1614 002d 50       		.byte	0x50
 1615 002e 9F       		.byte	0x9f
 1616 002f 00000000 		.4byte	0
 1617 0033 00000000 		.4byte	0
 1618              	.LLST1:
 1619 0037 00000000 		.4byte	.LVL0
 1620 003b 73000000 		.4byte	.LVL26-1
 1621 003f 0100     		.2byte	0x1
 1622 0041 51       		.byte	0x51
 1623 0042 73000000 		.4byte	.LVL26-1
 1624 0046 FA000000 		.4byte	.LVL49
 1625 004a 0100     		.2byte	0x1
 1626 004c 58       		.byte	0x58
 1627 004d FA000000 		.4byte	.LVL49
 1628 0051 14010000 		.4byte	.LFE63
 1629 0055 0100     		.2byte	0x1
 1630 0057 51       		.byte	0x51
 1631 0058 00000000 		.4byte	0
 1632 005c 00000000 		.4byte	0
 1633              	.LLST2:
 1634 0060 00000000 		.4byte	.LVL0
 1635 0064 0A000000 		.4byte	.LVL1
 1636 0068 0100     		.2byte	0x1
 1637 006a 52       		.byte	0x52
 1638 006b 0A000000 		.4byte	.LVL1
 1639 006f 00010000 		.4byte	.LVL51
 1640 0073 0100     		.2byte	0x1
 1641 0075 59       		.byte	0x59
 1642 0076 00010000 		.4byte	.LVL51
 1643 007a 14010000 		.4byte	.LFE63
 1644 007e 0400     		.2byte	0x4
 1645 0080 F3       		.byte	0xf3
 1646 0081 01       		.uleb128 0x1
 1647 0082 52       		.byte	0x52
 1648 0083 9F       		.byte	0x9f
 1649 0084 00000000 		.4byte	0
 1650 0088 00000000 		.4byte	0
ARM GAS  C:\Users\miker\AppData\Local\Temp\ccGdfMnS.s 			page 33


 1651              	.LLST3:
 1652 008c 0A000000 		.4byte	.LVL1
 1653 0090 0C000000 		.4byte	.LVL2
 1654 0094 0100     		.2byte	0x1
 1655 0096 52       		.byte	0x52
 1656 0097 0C000000 		.4byte	.LVL2
 1657 009b 60000000 		.4byte	.LVL22
 1658 009f 0100     		.2byte	0x1
 1659 00a1 54       		.byte	0x54
 1660 00a2 60000000 		.4byte	.LVL22
 1661 00a6 64000000 		.4byte	.LVL24
 1662 00aa 0300     		.2byte	0x3
 1663 00ac 74       		.byte	0x74
 1664 00ad 01       		.sleb128 1
 1665 00ae 9F       		.byte	0x9f
 1666 00af 64000000 		.4byte	.LVL24
 1667 00b3 EE000000 		.4byte	.LVL48
 1668 00b7 0100     		.2byte	0x1
 1669 00b9 54       		.byte	0x54
 1670 00ba FA000000 		.4byte	.LVL49
 1671 00be 00010000 		.4byte	.LVL51
 1672 00c2 0100     		.2byte	0x1
 1673 00c4 54       		.byte	0x54
 1674 00c5 00000000 		.4byte	0
 1675 00c9 00000000 		.4byte	0
 1676              	.LLST4:
 1677 00cd 0E000000 		.4byte	.LVL3
 1678 00d1 32000000 		.4byte	.LVL12
 1679 00d5 0100     		.2byte	0x1
 1680 00d7 53       		.byte	0x53
 1681 00d8 34000000 		.4byte	.LVL13
 1682 00dc 73000000 		.4byte	.LVL26-1
 1683 00e0 0100     		.2byte	0x1
 1684 00e2 53       		.byte	0x53
 1685 00e3 FA000000 		.4byte	.LVL49
 1686 00e7 14010000 		.4byte	.LFE63
 1687 00eb 0100     		.2byte	0x1
 1688 00ed 53       		.byte	0x53
 1689 00ee 00000000 		.4byte	0
 1690 00f2 00000000 		.4byte	0
 1691              	.LLST5:
 1692 00f6 0E000000 		.4byte	.LVL3
 1693 00fa 12000000 		.4byte	.LVL4
 1694 00fe 0200     		.2byte	0x2
 1695 0100 30       		.byte	0x30
 1696 0101 9F       		.byte	0x9f
 1697 0102 12000000 		.4byte	.LVL4
 1698 0106 1A000000 		.4byte	.LVL7
 1699 010a 0200     		.2byte	0x2
 1700 010c 31       		.byte	0x31
 1701 010d 9F       		.byte	0x9f
 1702 010e 1A000000 		.4byte	.LVL7
 1703 0112 28000000 		.4byte	.LVL10
 1704 0116 0200     		.2byte	0x2
 1705 0118 30       		.byte	0x30
 1706 0119 9F       		.byte	0x9f
 1707 011a 28000000 		.4byte	.LVL10
ARM GAS  C:\Users\miker\AppData\Local\Temp\ccGdfMnS.s 			page 34


 1708 011e 00010000 		.4byte	.LVL51
 1709 0122 0100     		.2byte	0x1
 1710 0124 57       		.byte	0x57
 1711 0125 00000000 		.4byte	0
 1712 0129 00000000 		.4byte	0
 1713              	.LLST6:
 1714 012d 28000000 		.4byte	.LVL10
 1715 0131 30000000 		.4byte	.LVL11
 1716 0135 0200     		.2byte	0x2
 1717 0137 30       		.byte	0x30
 1718 0138 9F       		.byte	0x9f
 1719 0139 30000000 		.4byte	.LVL11
 1720 013d 4A000000 		.4byte	.LVL18
 1721 0141 0100     		.2byte	0x1
 1722 0143 5E       		.byte	0x5e
 1723 0144 4E000000 		.4byte	.LVL19
 1724 0148 73000000 		.4byte	.LVL26-1
 1725 014c 0100     		.2byte	0x1
 1726 014e 5E       		.byte	0x5e
 1727 014f FA000000 		.4byte	.LVL49
 1728 0153 14010000 		.4byte	.LFE63
 1729 0157 0100     		.2byte	0x1
 1730 0159 5E       		.byte	0x5e
 1731 015a 00000000 		.4byte	0
 1732 015e 00000000 		.4byte	0
 1733              	.LLST7:
 1734 0162 28000000 		.4byte	.LVL10
 1735 0166 30000000 		.4byte	.LVL11
 1736 016a 0200     		.2byte	0x2
 1737 016c 30       		.byte	0x30
 1738 016d 9F       		.byte	0x9f
 1739 016e 30000000 		.4byte	.LVL11
 1740 0172 44000000 		.4byte	.LVL16
 1741 0176 0100     		.2byte	0x1
 1742 0178 56       		.byte	0x56
 1743 0179 46000000 		.4byte	.LVL17
 1744 017d 54000000 		.4byte	.LVL20
 1745 0181 0100     		.2byte	0x1
 1746 0183 56       		.byte	0x56
 1747 0184 56000000 		.4byte	.LVL21
 1748 0188 98000000 		.4byte	.LVL33
 1749 018c 0100     		.2byte	0x1
 1750 018e 56       		.byte	0x56
 1751 018f 9A000000 		.4byte	.LVL34
 1752 0193 D2000000 		.4byte	.LVL42
 1753 0197 0100     		.2byte	0x1
 1754 0199 56       		.byte	0x56
 1755 019a D4000000 		.4byte	.LVL43
 1756 019e 00010000 		.4byte	.LVL51
 1757 01a2 0100     		.2byte	0x1
 1758 01a4 56       		.byte	0x56
 1759 01a5 00000000 		.4byte	0
 1760 01a9 00000000 		.4byte	0
 1761              	.LLST8:
 1762 01ad 28000000 		.4byte	.LVL10
 1763 01b1 30000000 		.4byte	.LVL11
 1764 01b5 0200     		.2byte	0x2
ARM GAS  C:\Users\miker\AppData\Local\Temp\ccGdfMnS.s 			page 35


 1765 01b7 30       		.byte	0x30
 1766 01b8 9F       		.byte	0x9f
 1767 01b9 30000000 		.4byte	.LVL11
 1768 01bd 3A000000 		.4byte	.LVL14
 1769 01c1 0100     		.2byte	0x1
 1770 01c3 55       		.byte	0x55
 1771 01c4 3C000000 		.4byte	.LVL15
 1772 01c8 76000000 		.4byte	.LVL27
 1773 01cc 0100     		.2byte	0x1
 1774 01ce 55       		.byte	0x55
 1775 01cf FA000000 		.4byte	.LVL49
 1776 01d3 00010000 		.4byte	.LVL51
 1777 01d7 0100     		.2byte	0x1
 1778 01d9 55       		.byte	0x55
 1779 01da 00000000 		.4byte	0
 1780 01de 00000000 		.4byte	0
 1781              	.LLST9:
 1782 01e2 28000000 		.4byte	.LVL10
 1783 01e6 30000000 		.4byte	.LVL11
 1784 01ea 0200     		.2byte	0x2
 1785 01ec 30       		.byte	0x30
 1786 01ed 9F       		.byte	0x9f
 1787 01ee 30000000 		.4byte	.LVL11
 1788 01f2 73000000 		.4byte	.LVL26-1
 1789 01f6 0100     		.2byte	0x1
 1790 01f8 52       		.byte	0x52
 1791 01f9 FA000000 		.4byte	.LVL49
 1792 01fd 14010000 		.4byte	.LFE63
 1793 0201 0100     		.2byte	0x1
 1794 0203 52       		.byte	0x52
 1795 0204 00000000 		.4byte	0
 1796 0208 00000000 		.4byte	0
 1797              	.LLST10:
 1798 020c 76000000 		.4byte	.LVL27
 1799 0210 7B000000 		.4byte	.LVL28-1
 1800 0214 0100     		.2byte	0x1
 1801 0216 50       		.byte	0x50
 1802 0217 7B000000 		.4byte	.LVL28-1
 1803 021b 96000000 		.4byte	.LVL32
 1804 021f 0100     		.2byte	0x1
 1805 0221 55       		.byte	0x55
 1806 0222 96000000 		.4byte	.LVL32
 1807 0226 9A000000 		.4byte	.LVL34
 1808 022a 0100     		.2byte	0x1
 1809 022c 50       		.byte	0x50
 1810 022d 9A000000 		.4byte	.LVL34
 1811 0231 BE000000 		.4byte	.LVL38
 1812 0235 0100     		.2byte	0x1
 1813 0237 55       		.byte	0x55
 1814 0238 BE000000 		.4byte	.LVL38
 1815 023c C0000000 		.4byte	.LVL39
 1816 0240 0100     		.2byte	0x1
 1817 0242 50       		.byte	0x50
 1818 0243 C0000000 		.4byte	.LVL39
 1819 0247 D0000000 		.4byte	.LVL41
 1820 024b 0100     		.2byte	0x1
 1821 024d 55       		.byte	0x55
ARM GAS  C:\Users\miker\AppData\Local\Temp\ccGdfMnS.s 			page 36


 1822 024e D0000000 		.4byte	.LVL41
 1823 0252 DA000000 		.4byte	.LVL44
 1824 0256 0100     		.2byte	0x1
 1825 0258 50       		.byte	0x50
 1826 0259 DA000000 		.4byte	.LVL44
 1827 025d E0000000 		.4byte	.LVL45
 1828 0261 0100     		.2byte	0x1
 1829 0263 55       		.byte	0x55
 1830 0264 E6000000 		.4byte	.LVL46
 1831 0268 EA000000 		.4byte	.LVL47
 1832 026c 0100     		.2byte	0x1
 1833 026e 55       		.byte	0x55
 1834 026f 00000000 		.4byte	0
 1835 0273 00000000 		.4byte	0
 1836              	.LLST11:
 1837 0277 00000000 		.4byte	.LVL52
 1838 027b 09000000 		.4byte	.LVL54-1
 1839 027f 0100     		.2byte	0x1
 1840 0281 50       		.byte	0x50
 1841 0282 09000000 		.4byte	.LVL54-1
 1842 0286 50000000 		.4byte	.LFE64
 1843 028a 0600     		.2byte	0x6
 1844 028c F3       		.byte	0xf3
 1845 028d 03       		.uleb128 0x3
 1846 028e F5       		.byte	0xf5
 1847 028f 00       		.uleb128 0
 1848 0290 25       		.uleb128 0x25
 1849 0291 9F       		.byte	0x9f
 1850 0292 00000000 		.4byte	0
 1851 0296 00000000 		.4byte	0
 1852              	.LLST12:
 1853 029a 00000000 		.4byte	.LVL52
 1854 029e 06000000 		.4byte	.LVL53
 1855 02a2 0100     		.2byte	0x1
 1856 02a4 51       		.byte	0x51
 1857 02a5 06000000 		.4byte	.LVL53
 1858 02a9 50000000 		.4byte	.LFE64
 1859 02ad 0400     		.2byte	0x4
 1860 02af F3       		.byte	0xf3
 1861 02b0 01       		.uleb128 0x1
 1862 02b1 51       		.byte	0x51
 1863 02b2 9F       		.byte	0x9f
 1864 02b3 00000000 		.4byte	0
 1865 02b7 00000000 		.4byte	0
 1866              	.LLST13:
 1867 02bb 18000000 		.4byte	.LVL58
 1868 02bf 1A000000 		.4byte	.LVL59
 1869 02c3 0100     		.2byte	0x1
 1870 02c5 50       		.byte	0x50
 1871 02c6 1A000000 		.4byte	.LVL59
 1872 02ca 3E000000 		.4byte	.LVL63
 1873 02ce 0100     		.2byte	0x1
 1874 02d0 54       		.byte	0x54
 1875 02d1 3E000000 		.4byte	.LVL63
 1876 02d5 42000000 		.4byte	.LVL64
 1877 02d9 0100     		.2byte	0x1
 1878 02db 50       		.byte	0x50
ARM GAS  C:\Users\miker\AppData\Local\Temp\ccGdfMnS.s 			page 37


 1879 02dc 42000000 		.4byte	.LVL64
 1880 02e0 48000000 		.4byte	.LVL65
 1881 02e4 0100     		.2byte	0x1
 1882 02e6 54       		.byte	0x54
 1883 02e7 00000000 		.4byte	0
 1884 02eb 00000000 		.4byte	0
 1885              	.LLST14:
 1886 02ef 00000000 		.4byte	.LVL66
 1887 02f3 09000000 		.4byte	.LVL68-1
 1888 02f7 0100     		.2byte	0x1
 1889 02f9 50       		.byte	0x50
 1890 02fa 09000000 		.4byte	.LVL68-1
 1891 02fe 2E000000 		.4byte	.LFE65
 1892 0302 0600     		.2byte	0x6
 1893 0304 F3       		.byte	0xf3
 1894 0305 03       		.uleb128 0x3
 1895 0306 F5       		.byte	0xf5
 1896 0307 00       		.uleb128 0
 1897 0308 25       		.uleb128 0x25
 1898 0309 9F       		.byte	0x9f
 1899 030a 00000000 		.4byte	0
 1900 030e 00000000 		.4byte	0
 1901              	.LLST15:
 1902 0312 00000000 		.4byte	.LVL66
 1903 0316 06000000 		.4byte	.LVL67
 1904 031a 0100     		.2byte	0x1
 1905 031c 51       		.byte	0x51
 1906 031d 06000000 		.4byte	.LVL67
 1907 0321 1E000000 		.4byte	.LVL71
 1908 0325 0100     		.2byte	0x1
 1909 0327 54       		.byte	0x54
 1910 0328 1E000000 		.4byte	.LVL71
 1911 032c 2E000000 		.4byte	.LFE65
 1912 0330 0600     		.2byte	0x6
 1913 0332 F3       		.byte	0xf3
 1914 0333 03       		.uleb128 0x3
 1915 0334 F5       		.byte	0xf5
 1916 0335 01       		.uleb128 0x1
 1917 0336 25       		.uleb128 0x25
 1918 0337 9F       		.byte	0x9f
 1919 0338 00000000 		.4byte	0
 1920 033c 00000000 		.4byte	0
 1921              	.LLST16:
 1922 0340 00000000 		.4byte	.LVL75
 1923 0344 0A000000 		.4byte	.LVL77
 1924 0348 0100     		.2byte	0x1
 1925 034a 50       		.byte	0x50
 1926 034b 0A000000 		.4byte	.LVL77
 1927 034f 6C000000 		.4byte	.LFE66
 1928 0353 0100     		.2byte	0x1
 1929 0355 55       		.byte	0x55
 1930 0356 00000000 		.4byte	0
 1931 035a 00000000 		.4byte	0
 1932              	.LLST17:
 1933 035e 04000000 		.4byte	.LVL76
 1934 0362 0A000000 		.4byte	.LVL77
 1935 0366 0200     		.2byte	0x2
ARM GAS  C:\Users\miker\AppData\Local\Temp\ccGdfMnS.s 			page 38


 1936 0368 30       		.byte	0x30
 1937 0369 9F       		.byte	0x9f
 1938 036a 0A000000 		.4byte	.LVL77
 1939 036e 2C000000 		.4byte	.LVL82
 1940 0372 0100     		.2byte	0x1
 1941 0374 54       		.byte	0x54
 1942 0375 2E000000 		.4byte	.LVL83
 1943 0379 4E000000 		.4byte	.LVL90
 1944 037d 0100     		.2byte	0x1
 1945 037f 54       		.byte	0x54
 1946 0380 4E000000 		.4byte	.LVL90
 1947 0384 52000000 		.4byte	.LVL91
 1948 0388 0200     		.2byte	0x2
 1949 038a 30       		.byte	0x30
 1950 038b 9F       		.byte	0x9f
 1951 038c 52000000 		.4byte	.LVL91
 1952 0390 62000000 		.4byte	.LVL93
 1953 0394 0100     		.2byte	0x1
 1954 0396 54       		.byte	0x54
 1955 0397 64000000 		.4byte	.LVL94
 1956 039b 6C000000 		.4byte	.LFE66
 1957 039f 0100     		.2byte	0x1
 1958 03a1 54       		.byte	0x54
 1959 03a2 00000000 		.4byte	0
 1960 03a6 00000000 		.4byte	0
 1961              	.LLST18:
 1962 03aa 04000000 		.4byte	.LVL76
 1963 03ae 0A000000 		.4byte	.LVL77
 1964 03b2 0600     		.2byte	0x6
 1965 03b4 9E       		.byte	0x9e
 1966 03b5 04       		.uleb128 0x4
 1967 03b6 00000000 		.4byte	0
 1968 03ba 0A000000 		.4byte	.LVL77
 1969 03be 42000000 		.4byte	.LVL87
 1970 03c2 0100     		.2byte	0x1
 1971 03c4 57       		.byte	0x57
 1972 03c5 42000000 		.4byte	.LVL87
 1973 03c9 46000000 		.4byte	.LVL88
 1974 03cd 0100     		.2byte	0x1
 1975 03cf 50       		.byte	0x50
 1976 03d0 46000000 		.4byte	.LVL88
 1977 03d4 6C000000 		.4byte	.LFE66
 1978 03d8 0100     		.2byte	0x1
 1979 03da 57       		.byte	0x57
 1980 03db 00000000 		.4byte	0
 1981 03df 00000000 		.4byte	0
 1982              	.LLST19:
 1983 03e3 4E000000 		.4byte	.LVL90
 1984 03e7 52000000 		.4byte	.LVL91
 1985 03eb 0100     		.2byte	0x1
 1986 03ed 50       		.byte	0x50
 1987 03ee 52000000 		.4byte	.LVL91
 1988 03f2 6C000000 		.4byte	.LFE66
 1989 03f6 0100     		.2byte	0x1
 1990 03f8 56       		.byte	0x56
 1991 03f9 00000000 		.4byte	0
 1992 03fd 00000000 		.4byte	0
ARM GAS  C:\Users\miker\AppData\Local\Temp\ccGdfMnS.s 			page 39


 1993              	.LLST20:
 1994 0401 00000000 		.4byte	.LVL95
 1995 0405 0E000000 		.4byte	.LVL97
 1996 0409 0100     		.2byte	0x1
 1997 040b 50       		.byte	0x50
 1998 040c 0E000000 		.4byte	.LVL97
 1999 0410 44000000 		.4byte	.LVL104
 2000 0414 0100     		.2byte	0x1
 2001 0416 58       		.byte	0x58
 2002 0417 44000000 		.4byte	.LVL104
 2003 041b 48000000 		.4byte	.LFE67
 2004 041f 0400     		.2byte	0x4
 2005 0421 F3       		.byte	0xf3
 2006 0422 01       		.uleb128 0x1
 2007 0423 50       		.byte	0x50
 2008 0424 9F       		.byte	0x9f
 2009 0425 00000000 		.4byte	0
 2010 0429 00000000 		.4byte	0
 2011              	.LLST21:
 2012 042d 00000000 		.4byte	.LVL95
 2013 0431 0E000000 		.4byte	.LVL97
 2014 0435 0100     		.2byte	0x1
 2015 0437 51       		.byte	0x51
 2016 0438 0E000000 		.4byte	.LVL97
 2017 043c 44000000 		.4byte	.LVL104
 2018 0440 0100     		.2byte	0x1
 2019 0442 57       		.byte	0x57
 2020 0443 44000000 		.4byte	.LVL104
 2021 0447 48000000 		.4byte	.LFE67
 2022 044b 0400     		.2byte	0x4
 2023 044d F3       		.byte	0xf3
 2024 044e 01       		.uleb128 0x1
 2025 044f 51       		.byte	0x51
 2026 0450 9F       		.byte	0x9f
 2027 0451 00000000 		.4byte	0
 2028 0455 00000000 		.4byte	0
 2029              	.LLST22:
 2030 0459 08000000 		.4byte	.LVL96
 2031 045d 0E000000 		.4byte	.LVL97
 2032 0461 0200     		.2byte	0x2
 2033 0463 30       		.byte	0x30
 2034 0464 9F       		.byte	0x9f
 2035 0465 0E000000 		.4byte	.LVL97
 2036 0469 38000000 		.4byte	.LVL102
 2037 046d 0100     		.2byte	0x1
 2038 046f 54       		.byte	0x54
 2039 0470 3A000000 		.4byte	.LVL103
 2040 0474 44000000 		.4byte	.LVL104
 2041 0478 0100     		.2byte	0x1
 2042 047a 54       		.byte	0x54
 2043 047b 00000000 		.4byte	0
 2044 047f 00000000 		.4byte	0
 2045              	.LLST23:
 2046 0483 08000000 		.4byte	.LVL96
 2047 0487 0E000000 		.4byte	.LVL97
 2048 048b 0600     		.2byte	0x6
 2049 048d 9E       		.byte	0x9e
ARM GAS  C:\Users\miker\AppData\Local\Temp\ccGdfMnS.s 			page 40


 2050 048e 04       		.uleb128 0x4
 2051 048f 9976967E 		.4byte	0x7e967699
 2052 0493 0E000000 		.4byte	.LVL97
 2053 0497 44000000 		.4byte	.LVL104
 2054 049b 0100     		.2byte	0x1
 2055 049d 56       		.byte	0x56
 2056 049e 44000000 		.4byte	.LVL104
 2057 04a2 48000000 		.4byte	.LFE67
 2058 04a6 0100     		.2byte	0x1
 2059 04a8 50       		.byte	0x50
 2060 04a9 00000000 		.4byte	0
 2061 04ad 00000000 		.4byte	0
 2062              		.section	.debug_aranges,"",%progbits
 2063 0000 3C000000 		.4byte	0x3c
 2064 0004 0200     		.2byte	0x2
 2065 0006 00000000 		.4byte	.Ldebug_info0
 2066 000a 04       		.byte	0x4
 2067 000b 00       		.byte	0
 2068 000c 0000     		.2byte	0
 2069 000e 0000     		.2byte	0
 2070 0010 00000000 		.4byte	.LFB63
 2071 0014 14010000 		.4byte	.LFE63-.LFB63
 2072 0018 00000000 		.4byte	.LFB64
 2073 001c 50000000 		.4byte	.LFE64-.LFB64
 2074 0020 00000000 		.4byte	.LFB65
 2075 0024 2E000000 		.4byte	.LFE65-.LFB65
 2076 0028 00000000 		.4byte	.LFB66
 2077 002c 6C000000 		.4byte	.LFE66-.LFB66
 2078 0030 00000000 		.4byte	.LFB67
 2079 0034 48000000 		.4byte	.LFE67-.LFB67
 2080 0038 00000000 		.4byte	0
 2081 003c 00000000 		.4byte	0
 2082              		.section	.debug_ranges,"",%progbits
 2083              	.Ldebug_ranges0:
 2084 0000 00000000 		.4byte	.LFB63
 2085 0004 14010000 		.4byte	.LFE63
 2086 0008 00000000 		.4byte	.LFB64
 2087 000c 50000000 		.4byte	.LFE64
 2088 0010 00000000 		.4byte	.LFB65
 2089 0014 2E000000 		.4byte	.LFE65
 2090 0018 00000000 		.4byte	.LFB66
 2091 001c 6C000000 		.4byte	.LFE66
 2092 0020 00000000 		.4byte	.LFB67
 2093 0024 48000000 		.4byte	.LFE67
 2094 0028 00000000 		.4byte	0
 2095 002c 00000000 		.4byte	0
 2096              		.section	.debug_line,"",%progbits
 2097              	.Ldebug_line0:
 2098 0000 69020000 		.section	.debug_str,"MS",%progbits,1
 2098      02008B01 
 2098      00000201 
 2098      FB0E0D00 
 2098      01010101 
 2099              	.LASF66:
 2100 0000 7379735F 		.ascii	"sys_rt_exec_alarm\000"
 2100      72745F65 
 2100      7865635F 
ARM GAS  C:\Users\miker\AppData\Local\Temp\ccGdfMnS.s 			page 41


 2100      616C6172 
 2100      6D00
 2101              	.LASF75:
 2102 0012 6E75745F 		.ascii	"nut_bolts.c\000"
 2102      626F6C74 
 2102      732E6300 
 2103              	.LASF68:
 2104 001e 7379735F 		.ascii	"sys_rt_exec_accessory_override\000"
 2104      72745F65 
 2104      7865635F 
 2104      61636365 
 2104      73736F72 
 2105              	.LASF44:
 2106 003d 696E7476 		.ascii	"intval\000"
 2106      616C00
 2107              	.LASF15:
 2108 0044 696E7438 		.ascii	"int8_t\000"
 2108      5F7400
 2109              	.LASF25:
 2110 004b 73746174 		.ascii	"state\000"
 2110      6500
 2111              	.LASF71:
 2112 0051 70726F74 		.ascii	"protocol_exec_rt_system\000"
 2112      6F636F6C 
 2112      5F657865 
 2112      635F7274 
 2112      5F737973 
 2113              	.LASF5:
 2114 0069 73686F72 		.ascii	"short int\000"
 2114      7420696E 
 2114      7400
 2115              	.LASF23:
 2116 0073 73697A65 		.ascii	"sizetype\000"
 2116      74797065 
 2116      00
 2117              	.LASF46:
 2118 007c 69736465 		.ascii	"isdecimal\000"
 2118      63696D61 
 2118      6C00
 2119              	.LASF39:
 2120 0086 73797374 		.ascii	"system_t\000"
 2120      656D5F74 
 2120      00
 2121              	.LASF10:
 2122 008f 5F5F7569 		.ascii	"__uint32_t\000"
 2122      6E743332 
 2122      5F7400
 2123              	.LASF50:
 2124 009a 6D6F6465 		.ascii	"mode\000"
 2124      00
 2125              	.LASF6:
 2126 009f 5F5F7569 		.ascii	"__uint16_t\000"
 2126      6E743136 
 2126      5F7400
 2127              	.LASF42:
 2128 00aa 666C6F61 		.ascii	"float_ptr\000"
 2128      745F7074 
ARM GAS  C:\Users\miker\AppData\Local\Temp\ccGdfMnS.s 			page 42


 2128      7200
 2129              	.LASF16:
 2130 00b4 75696E74 		.ascii	"uint8_t\000"
 2130      385F7400 
 2131              	.LASF54:
 2132 00bc 76656374 		.ascii	"vector\000"
 2132      6F7200
 2133              	.LASF40:
 2134 00c3 6C696E65 		.ascii	"line\000"
 2134      00
 2135              	.LASF0:
 2136 00c8 666C6F61 		.ascii	"float\000"
 2136      7400
 2137              	.LASF60:
 2138 00ce 6C696D69 		.ascii	"limit_value\000"
 2138      745F7661 
 2138      6C756500 
 2139              	.LASF12:
 2140 00da 6C6F6E67 		.ascii	"long long int\000"
 2140      206C6F6E 
 2140      6720696E 
 2140      7400
 2141              	.LASF34:
 2142 00e8 7370696E 		.ascii	"spindle_speed_ovr\000"
 2142      646C655F 
 2142      73706565 
 2142      645F6F76 
 2142      7200
 2143              	.LASF62:
 2144 00fa 7379735F 		.ascii	"sys_position\000"
 2144      706F7369 
 2144      74696F6E 
 2144      00
 2145              	.LASF30:
 2146 0107 70726F62 		.ascii	"probe_succeeded\000"
 2146      655F7375 
 2146      63636565 
 2146      64656400 
 2147              	.LASF69:
 2148 0117 65786563 		.ascii	"exec_lcd_status\000"
 2148      5F6C6364 
 2148      5F737461 
 2148      74757300 
 2149              	.LASF78:
 2150 0127 6365696C 		.ascii	"ceil\000"
 2150      00
 2151              	.LASF53:
 2152 012c 636F6E76 		.ascii	"convert_delta_vector_to_unit_vector\000"
 2152      6572745F 
 2152      64656C74 
 2152      615F7665 
 2152      63746F72 
 2153              	.LASF3:
 2154 0150 5F5F7569 		.ascii	"__uint8_t\000"
 2154      6E74385F 
 2154      7400
 2155              	.LASF36:
ARM GAS  C:\Users\miker\AppData\Local\Temp\ccGdfMnS.s 			page 43


 2156 015a 7265706F 		.ascii	"report_ovr_counter\000"
 2156      72745F6F 
 2156      76725F63 
 2156      6F756E74 
 2156      657200
 2157              	.LASF55:
 2158 016d 6D61676E 		.ascii	"magnitude\000"
 2158      69747564 
 2158      6500
 2159              	.LASF24:
 2160 0177 6C6F6E67 		.ascii	"long double\000"
 2160      20646F75 
 2160      626C6500 
 2161              	.LASF58:
 2162 0183 6D61785F 		.ascii	"max_value\000"
 2162      76616C75 
 2162      6500
 2163              	.LASF4:
 2164 018d 756E7369 		.ascii	"unsigned char\000"
 2164      676E6564 
 2164      20636861 
 2164      7200
 2165              	.LASF52:
 2166 019b 6879706F 		.ascii	"hypot_f\000"
 2166      745F6600 
 2167              	.LASF26:
 2168 01a3 61626F72 		.ascii	"abort\000"
 2168      7400
 2169              	.LASF1:
 2170 01a9 7369676E 		.ascii	"signed char\000"
 2170      65642063 
 2170      68617200 
 2171              	.LASF13:
 2172 01b5 6C6F6E67 		.ascii	"long long unsigned int\000"
 2172      206C6F6E 
 2172      6720756E 
 2172      7369676E 
 2172      65642069 
 2173              	.LASF19:
 2174 01cc 75696E74 		.ascii	"uint32_t\000"
 2174      33325F74 
 2174      00
 2175              	.LASF14:
 2176 01d5 756E7369 		.ascii	"unsigned int\000"
 2176      676E6564 
 2176      20696E74 
 2176      00
 2177              	.LASF32:
 2178 01e2 665F6F76 		.ascii	"f_override\000"
 2178      65727269 
 2178      646500
 2179              	.LASF38:
 2180 01ed 7370696E 		.ascii	"spindle_speed\000"
 2180      646C655F 
 2180      73706565 
 2180      6400
 2181              	.LASF63:
ARM GAS  C:\Users\miker\AppData\Local\Temp\ccGdfMnS.s 			page 44


 2182 01fb 7379735F 		.ascii	"sys_probe_position\000"
 2182      70726F62 
 2182      655F706F 
 2182      73697469 
 2182      6F6E00
 2183              	.LASF67:
 2184 020e 7379735F 		.ascii	"sys_rt_exec_motion_override\000"
 2184      72745F65 
 2184      7865635F 
 2184      6D6F7469 
 2184      6F6E5F6F 
 2185              	.LASF45:
 2186 022a 6E646967 		.ascii	"ndigit\000"
 2186      697400
 2187              	.LASF31:
 2188 0231 686F6D69 		.ascii	"homing_axis_lock\000"
 2188      6E675F61 
 2188      7869735F 
 2188      6C6F636B 
 2188      00
 2189              	.LASF7:
 2190 0242 73686F72 		.ascii	"short unsigned int\000"
 2190      7420756E 
 2190      7369676E 
 2190      65642069 
 2190      6E7400
 2191              	.LASF2:
 2192 0255 5F5F696E 		.ascii	"__int8_t\000"
 2192      74385F74 
 2192      00
 2193              	.LASF49:
 2194 025e 7365636F 		.ascii	"seconds\000"
 2194      6E647300 
 2195              	.LASF22:
 2196 0266 63686172 		.ascii	"char\000"
 2196      00
 2197              	.LASF17:
 2198 026b 75696E74 		.ascii	"uint16_t\000"
 2198      31365F74 
 2198      00
 2199              	.LASF9:
 2200 0274 6C6F6E67 		.ascii	"long int\000"
 2200      20696E74 
 2200      00
 2201              	.LASF18:
 2202 027d 696E7433 		.ascii	"int32_t\000"
 2202      325F7400 
 2203              	.LASF48:
 2204 0285 5F426F6F 		.ascii	"_Bool\000"
 2204      6C00
 2205              	.LASF57:
 2206 028b 6C696D69 		.ascii	"limit_value_by_axis_maximum\000"
 2206      745F7661 
 2206      6C75655F 
 2206      62795F61 
 2206      7869735F 
 2207              	.LASF29:
ARM GAS  C:\Users\miker\AppData\Local\Temp\ccGdfMnS.s 			page 45


 2208 02a7 73746570 		.ascii	"step_control\000"
 2208      5F636F6E 
 2208      74726F6C 
 2208      00
 2209              	.LASF27:
 2210 02b4 73757370 		.ascii	"suspend\000"
 2210      656E6400 
 2211              	.LASF28:
 2212 02bc 736F6674 		.ascii	"soft_limit\000"
 2212      5F6C696D 
 2212      697400
 2213              	.LASF64:
 2214 02c7 7379735F 		.ascii	"sys_probe_state\000"
 2214      70726F62 
 2214      655F7374 
 2214      61746500 
 2215              	.LASF20:
 2216 02d7 75696E74 		.ascii	"uint32\000"
 2216      333200
 2217              	.LASF35:
 2218 02de 7370696E 		.ascii	"spindle_stop_ovr\000"
 2218      646C655F 
 2218      73746F70 
 2218      5F6F7672 
 2218      00
 2219              	.LASF11:
 2220 02ef 6C6F6E67 		.ascii	"long unsigned int\000"
 2220      20756E73 
 2220      69676E65 
 2220      6420696E 
 2220      7400
 2221              	.LASF43:
 2222 0301 69736E65 		.ascii	"isnegative\000"
 2222      67617469 
 2222      766500
 2223              	.LASF21:
 2224 030c 646F7562 		.ascii	"double\000"
 2224      6C6500
 2225              	.LASF47:
 2226 0313 6676616C 		.ascii	"fval\000"
 2226      00
 2227              	.LASF73:
 2228 0318 73717274 		.ascii	"sqrt\000"
 2228      00
 2229              	.LASF41:
 2230 031d 63686172 		.ascii	"char_counter\000"
 2230      5F636F75 
 2230      6E746572 
 2230      00
 2231              	.LASF8:
 2232 032a 5F5F696E 		.ascii	"__int32_t\000"
 2232      7433325F 
 2232      7400
 2233              	.LASF74:
 2234 0334 474E5520 		.ascii	"GNU C 4.9.3 20150303 (release) [ARM/embedded-4_9-br"
 2234      4320342E 
 2234      392E3320 
ARM GAS  C:\Users\miker\AppData\Local\Temp\ccGdfMnS.s 			page 46


 2234      32303135 
 2234      30333033 
 2235 0367 616E6368 		.ascii	"anch revision 221220] -mcpu=cortex-m3 -mthumb -g -O"
 2235      20726576 
 2235      6973696F 
 2235      6E203232 
 2235      31323230 
 2236 039a 67202D66 		.ascii	"g -ffunction-sections -ffat-lto-objects\000"
 2236      66756E63 
 2236      74696F6E 
 2236      2D736563 
 2236      74696F6E 
 2237              	.LASF59:
 2238 03c2 756E6974 		.ascii	"unit_vec\000"
 2238      5F766563 
 2238      00
 2239              	.LASF51:
 2240 03cb 72656164 		.ascii	"read_float\000"
 2240      5F666C6F 
 2240      617400
 2241              	.LASF33:
 2242 03d6 725F6F76 		.ascii	"r_override\000"
 2242      65727269 
 2242      646500
 2243              	.LASF37:
 2244 03e1 7265706F 		.ascii	"report_wco_counter\000"
 2244      72745F77 
 2244      636F5F63 
 2244      6F756E74 
 2244      657200
 2245              	.LASF70:
 2246 03f4 70726F74 		.ascii	"protocol_execute_realtime\000"
 2246      6F636F6C 
 2246      5F657865 
 2246      63757465 
 2246      5F726561 
 2247              	.LASF61:
 2248 040e 49544D5F 		.ascii	"ITM_RxBuffer\000"
 2248      52784275 
 2248      66666572 
 2248      00
 2249              	.LASF72:
 2250 041b 43794465 		.ascii	"CyDelay\000"
 2250      6C617900 
 2251              	.LASF65:
 2252 0423 7379735F 		.ascii	"sys_rt_exec_state\000"
 2252      72745F65 
 2252      7865635F 
 2252      73746174 
 2252      6500
 2253              	.LASF77:
 2254 0435 64656C61 		.ascii	"delay_sec\000"
 2254      795F7365 
 2254      6300
 2255              	.LASF76:
 2256 043f 433A5C55 		.ascii	"C:\\Users\\miker\\Documents\\My Libraries\\Code_Rep"
 2256      73657273 
ARM GAS  C:\Users\miker\AppData\Local\Temp\ccGdfMnS.s 			page 47


 2256      5C6D696B 
 2256      65725C44 
 2256      6F63756D 
 2257 046d 6F5C5053 		.ascii	"o\\PSoC_Grbl\\PSoC_Grbl.cydsn\000"
 2257      6F435F47 
 2257      72626C5C 
 2257      50536F43 
 2257      5F477262 
 2258              	.LASF56:
 2259 0489 696E765F 		.ascii	"inv_magnitude\000"
 2259      6D61676E 
 2259      69747564 
 2259      6500
 2260              		.ident	"GCC: (GNU Tools for ARM Embedded Processors) 4.9.3 20150303 (release) [ARM/embedded-4_9-br
