ARM GAS  C:\Users\miker\AppData\Local\Temp\ccNuP8kN.s 			page 1


   1              		.syntax unified
   2              		.cpu cortex-m3
   3              		.fpu softvfp
   4              		.eabi_attribute 20, 1
   5              		.eabi_attribute 21, 1
   6              		.eabi_attribute 23, 3
   7              		.eabi_attribute 24, 1
   8              		.eabi_attribute 25, 1
   9              		.eabi_attribute 26, 1
  10              		.eabi_attribute 30, 1
  11              		.eabi_attribute 34, 1
  12              		.eabi_attribute 18, 4
  13              		.thumb
  14              		.file	"probe.c"
  15              		.text
  16              	.Ltext0:
  17              		.cfi_sections	.debug_frame
  18              		.section	.text.probe_init,"ax",%progbits
  19              		.align	2
  20              		.global	probe_init
  21              		.thumb
  22              		.thumb_func
  23              		.type	probe_init, %function
  24              	probe_init:
  25              	.LFB63:
  26              		.file 1 "probe.c"
   1:probe.c       **** /*
   2:probe.c       ****   probe.c - code pertaining to probing methods
   3:probe.c       ****   Part of Grbl
   4:probe.c       **** 
   5:probe.c       ****   Copyright (c) 2014-2016 Sungeun K. Jeon for Gnea Research LLC
   6:probe.c       **** 
   7:probe.c       ****   Grbl is free software: you can redistribute it and/or modify
   8:probe.c       ****   it under the terms of the GNU General Public License as published by
   9:probe.c       ****   the Free Software Foundation, either version 3 of the License, or
  10:probe.c       ****   (at your option) any later version.
  11:probe.c       **** 
  12:probe.c       ****   Grbl is distributed in the hope that it will be useful,
  13:probe.c       ****   but WITHOUT ANY WARRANTY; without even the implied warranty of
  14:probe.c       ****   MERCHANTABILITY or FITNESS FOR A PARTICULAR PURPOSE.  See the
  15:probe.c       ****   GNU General Public License for more details.
  16:probe.c       **** 
  17:probe.c       ****   You should have received a copy of the GNU General Public License
  18:probe.c       ****   along with Grbl.  If not, see <http://www.gnu.org/licenses/>.
  19:probe.c       **** */
  20:probe.c       **** 
  21:probe.c       **** #include "grbl.h"
  22:probe.c       **** 
  23:probe.c       **** 
  24:probe.c       **** // Inverts the probe pin state depending on user settings and probing cycle mode.
  25:probe.c       **** uint8_t probe_invert_mask;
  26:probe.c       **** 
  27:probe.c       **** 
  28:probe.c       **** // Probe pin initialization routine.
  29:probe.c       **** // PSoC not required, but leave in for compatibility.
  30:probe.c       **** void probe_init()
  31:probe.c       **** {
ARM GAS  C:\Users\miker\AppData\Local\Temp\ccNuP8kN.s 			page 2


  27              		.loc 1 31 0
  28              		.cfi_startproc
  29              		@ args = 0, pretend = 0, frame = 0
  30              		@ frame_needed = 0, uses_anonymous_args = 0
  31              		@ link register save eliminated.
  32 0000 7047     		bx	lr
  33              		.cfi_endproc
  34              	.LFE63:
  35              		.size	probe_init, .-probe_init
  36 0002 00BF     		.section	.text.probe_configure_invert_mask,"ax",%progbits
  37              		.align	2
  38              		.global	probe_configure_invert_mask
  39              		.thumb
  40              		.thumb_func
  41              		.type	probe_configure_invert_mask, %function
  42              	probe_configure_invert_mask:
  43              	.LFB64:
  32:probe.c       ****  
  33:probe.c       **** }
  34:probe.c       **** 
  35:probe.c       **** 
  36:probe.c       **** // Called by probe_init() and the mc_probe() routines. Sets up the probe pin invert mask to
  37:probe.c       **** // appropriately set the pin logic according to setting for normal-high/normal-low operation
  38:probe.c       **** // and the probing cycle modes for toward-workpiece/away-from-workpiece.
  39:probe.c       **** void probe_configure_invert_mask(uint8_t is_probe_away)
  40:probe.c       **** {
  44              		.loc 1 40 0
  45              		.cfi_startproc
  46              		@ args = 0, pretend = 0, frame = 0
  47              		@ frame_needed = 0, uses_anonymous_args = 0
  48              		@ link register save eliminated.
  49              	.LVL0:
  50 0000 7047     		bx	lr
  51              		.cfi_endproc
  52              	.LFE64:
  53              		.size	probe_configure_invert_mask, .-probe_configure_invert_mask
  54 0002 00BF     		.section	.text.probe_get_state,"ax",%progbits
  55              		.align	2
  56              		.global	probe_get_state
  57              		.thumb
  58              		.thumb_func
  59              		.type	probe_get_state, %function
  60              	probe_get_state:
  61              	.LFB65:
  41:probe.c       ****  // PSoC Not required
  42:probe.c       **** }
  43:probe.c       **** 
  44:probe.c       **** 
  45:probe.c       **** // Returns the probe pin state. Triggered = true. Called by gcode parser and probe state monitor.
  46:probe.c       **** // PSoC Rewrite
  47:probe.c       **** uint8_t probe_get_state() { return Status_Probe_Read(); }
  62              		.loc 1 47 0
  63              		.cfi_startproc
  64              		@ args = 0, pretend = 0, frame = 0
  65              		@ frame_needed = 0, uses_anonymous_args = 0
  66              		.loc 1 47 0
  67 0000 08B5     		push	{r3, lr}
ARM GAS  C:\Users\miker\AppData\Local\Temp\ccNuP8kN.s 			page 3


  68              		.cfi_def_cfa_offset 8
  69              		.cfi_offset 3, -8
  70              		.cfi_offset 14, -4
  71              		.loc 1 47 0
  72 0002 FFF7FEFF 		bl	Status_Probe_Read
  73              	.LVL1:
  74 0006 08BD     		pop	{r3, pc}
  75              		.cfi_endproc
  76              	.LFE65:
  77              		.size	probe_get_state, .-probe_get_state
  78              		.section	.text.probe_state_monitor,"ax",%progbits
  79              		.align	2
  80              		.global	probe_state_monitor
  81              		.thumb
  82              		.thumb_func
  83              		.type	probe_state_monitor, %function
  84              	probe_state_monitor:
  85              	.LFB66:
  48:probe.c       **** 
  49:probe.c       **** 
  50:probe.c       **** // Monitors probe pin state and records the system position when detected. Called by the
  51:probe.c       **** // stepper ISR per ISR tick.
  52:probe.c       **** // NOTE: This function must be extremely efficient as to not bog down the stepper ISR.
  53:probe.c       **** void probe_state_monitor()
  54:probe.c       **** {
  86              		.loc 1 54 0
  87              		.cfi_startproc
  88              		@ args = 0, pretend = 0, frame = 0
  89              		@ frame_needed = 0, uses_anonymous_args = 0
  90 0000 08B5     		push	{r3, lr}
  91              		.cfi_def_cfa_offset 8
  92              		.cfi_offset 3, -8
  93              		.cfi_offset 14, -4
  55:probe.c       ****   if (probe_get_state()) {
  94              		.loc 1 55 0
  95 0002 FFF7FEFF 		bl	probe_get_state
  96              	.LVL2:
  97 0006 60B1     		cbz	r0, .L5
  56:probe.c       ****     sys_probe_state = PROBE_OFF;
  98              		.loc 1 56 0
  99 0008 0022     		movs	r2, #0
 100 000a 064B     		ldr	r3, .L8
 101 000c 1A70     		strb	r2, [r3]
  57:probe.c       ****     memcpy(sys_probe_position, sys_position, sizeof(sys_position));
 102              		.loc 1 57 0
 103 000e 064B     		ldr	r3, .L8+4
 104 0010 064A     		ldr	r2, .L8+8
 105 0012 07CA     		ldmia	r2, {r0, r1, r2}
 106 0014 83E80700 		stmia	r3, {r0, r1, r2}
  58:probe.c       ****     bit_true(sys_rt_exec_state, EXEC_MOTION_CANCEL);
 107              		.loc 1 58 0
 108 0018 054A     		ldr	r2, .L8+12
 109 001a 1378     		ldrb	r3, [r2]	@ zero_extendqisi2
 110 001c 43F04003 		orr	r3, r3, #64
 111 0020 1370     		strb	r3, [r2]
 112              	.L5:
 113 0022 08BD     		pop	{r3, pc}
ARM GAS  C:\Users\miker\AppData\Local\Temp\ccNuP8kN.s 			page 4


 114              	.L9:
 115              		.align	2
 116              	.L8:
 117 0024 00000000 		.word	sys_probe_state
 118 0028 00000000 		.word	sys_probe_position
 119 002c 00000000 		.word	sys_position
 120 0030 00000000 		.word	sys_rt_exec_state
 121              		.cfi_endproc
 122              	.LFE66:
 123              		.size	probe_state_monitor, .-probe_state_monitor
 124              		.comm	probe_invert_mask,1,1
 125              		.comm	exec_lcd_status,1,1
 126              		.comm	sys_rt_exec_accessory_override,1,1
 127              		.comm	sys_rt_exec_motion_override,1,1
 128              		.comm	sys_rt_exec_alarm,1,1
 129              		.comm	sys_rt_exec_state,1,1
 130              		.comm	sys_probe_state,1,1
 131              		.comm	sys_probe_position,12,4
 132              		.comm	sys_position,12,4
 133              		.text
 134              	.Letext0:
 135              		.file 2 "c:\\program files (x86)\\cypress\\psoc creator\\4.0\\psoc creator\\import\\gnu\\arm\\4.9.
 136              		.file 3 "c:\\program files (x86)\\cypress\\psoc creator\\4.0\\psoc creator\\import\\gnu\\arm\\4.9.
 137              		.file 4 "Generated_Source\\PSoC5/cytypes.h"
 138              		.file 5 "Generated_Source\\PSoC5/core_cm3.h"
 139              		.file 6 "system.h"
 140              		.file 7 "lcd_report.h"
 141              		.file 8 "Generated_Source\\PSoC5/Status_Probe.h"
 142              		.section	.debug_info,"",%progbits
 143              	.Ldebug_info0:
 144 0000 03020000 		.4byte	0x203
 145 0004 0400     		.2byte	0x4
 146 0006 00000000 		.4byte	.Ldebug_abbrev0
 147 000a 04       		.byte	0x4
 148 000b 01       		.uleb128 0x1
 149 000c 25010000 		.4byte	.LASF31
 150 0010 01       		.byte	0x1
 151 0011 D6020000 		.4byte	.LASF32
 152 0015 19020000 		.4byte	.LASF33
 153 0019 00000000 		.4byte	.Ldebug_ranges0+0
 154 001d 00000000 		.4byte	0
 155 0021 00000000 		.4byte	.Ldebug_line0
 156 0025 02       		.uleb128 0x2
 157 0026 01       		.byte	0x1
 158 0027 06       		.byte	0x6
 159 0028 B8020000 		.4byte	.LASF0
 160 002c 03       		.uleb128 0x3
 161 002d 00000000 		.4byte	.LASF4
 162 0031 02       		.byte	0x2
 163 0032 1D       		.byte	0x1d
 164 0033 37000000 		.4byte	0x37
 165 0037 02       		.uleb128 0x2
 166 0038 01       		.byte	0x1
 167 0039 08       		.byte	0x8
 168 003a AC000000 		.4byte	.LASF1
 169 003e 02       		.uleb128 0x2
 170 003f 02       		.byte	0x2
ARM GAS  C:\Users\miker\AppData\Local\Temp\ccNuP8kN.s 			page 5


 171 0040 05       		.byte	0x5
 172 0041 63020000 		.4byte	.LASF2
 173 0045 02       		.uleb128 0x2
 174 0046 02       		.byte	0x2
 175 0047 07       		.byte	0x7
 176 0048 CC000000 		.4byte	.LASF3
 177 004c 03       		.uleb128 0x3
 178 004d 26000000 		.4byte	.LASF5
 179 0051 02       		.byte	0x2
 180 0052 3F       		.byte	0x3f
 181 0053 57000000 		.4byte	0x57
 182 0057 02       		.uleb128 0x2
 183 0058 04       		.byte	0x4
 184 0059 05       		.byte	0x5
 185 005a 30000000 		.4byte	.LASF6
 186 005e 02       		.uleb128 0x2
 187 005f 04       		.byte	0x4
 188 0060 07       		.byte	0x7
 189 0061 BA000000 		.4byte	.LASF7
 190 0065 02       		.uleb128 0x2
 191 0066 08       		.byte	0x8
 192 0067 05       		.byte	0x5
 193 0068 F0010000 		.4byte	.LASF8
 194 006c 02       		.uleb128 0x2
 195 006d 08       		.byte	0x8
 196 006e 07       		.byte	0x7
 197 006f C0010000 		.4byte	.LASF9
 198 0073 04       		.uleb128 0x4
 199 0074 04       		.byte	0x4
 200 0075 05       		.byte	0x5
 201 0076 696E7400 		.ascii	"int\000"
 202 007a 02       		.uleb128 0x2
 203 007b 04       		.byte	0x4
 204 007c 07       		.byte	0x7
 205 007d B3010000 		.4byte	.LASF10
 206 0081 03       		.uleb128 0x3
 207 0082 D7010000 		.4byte	.LASF11
 208 0086 03       		.byte	0x3
 209 0087 15       		.byte	0x15
 210 0088 2C000000 		.4byte	0x2c
 211 008c 03       		.uleb128 0x3
 212 008d DF010000 		.4byte	.LASF12
 213 0091 03       		.byte	0x3
 214 0092 2C       		.byte	0x2c
 215 0093 4C000000 		.4byte	0x4c
 216 0097 05       		.uleb128 0x5
 217 0098 6D020000 		.4byte	.LASF13
 218 009c 04       		.byte	0x4
 219 009d 9201     		.2byte	0x192
 220 009f 37000000 		.4byte	0x37
 221 00a3 02       		.uleb128 0x2
 222 00a4 04       		.byte	0x4
 223 00a5 04       		.byte	0x4
 224 00a6 8B000000 		.4byte	.LASF14
 225 00aa 02       		.uleb128 0x2
 226 00ab 08       		.byte	0x8
 227 00ac 04       		.byte	0x4
ARM GAS  C:\Users\miker\AppData\Local\Temp\ccNuP8kN.s 			page 6


 228 00ad EC000000 		.4byte	.LASF15
 229 00b1 02       		.uleb128 0x2
 230 00b2 01       		.byte	0x1
 231 00b3 08       		.byte	0x8
 232 00b4 A7020000 		.4byte	.LASF16
 233 00b8 02       		.uleb128 0x2
 234 00b9 04       		.byte	0x4
 235 00ba 07       		.byte	0x7
 236 00bb E7010000 		.4byte	.LASF17
 237 00bf 06       		.uleb128 0x6
 238 00c0 81000000 		.4byte	0x81
 239 00c4 02       		.uleb128 0x2
 240 00c5 08       		.byte	0x8
 241 00c6 04       		.byte	0x4
 242 00c7 AC020000 		.4byte	.LASF18
 243 00cb 07       		.uleb128 0x7
 244 00cc A1000000 		.4byte	.LASF34
 245 00d0 01       		.byte	0x1
 246 00d1 1E       		.byte	0x1e
 247 00d2 00000000 		.4byte	.LFB63
 248 00d6 02000000 		.4byte	.LFE63-.LFB63
 249 00da 01       		.uleb128 0x1
 250 00db 9C       		.byte	0x9c
 251 00dc 08       		.uleb128 0x8
 252 00dd 39000000 		.4byte	.LASF19
 253 00e1 01       		.byte	0x1
 254 00e2 27       		.byte	0x27
 255 00e3 00000000 		.4byte	.LFB64
 256 00e7 02000000 		.4byte	.LFE64-.LFB64
 257 00eb 01       		.uleb128 0x1
 258 00ec 9C       		.byte	0x9c
 259 00ed FF000000 		.4byte	0xff
 260 00f1 09       		.uleb128 0x9
 261 00f2 0B020000 		.4byte	.LASF35
 262 00f6 01       		.byte	0x1
 263 00f7 27       		.byte	0x27
 264 00f8 81000000 		.4byte	0x81
 265 00fc 01       		.uleb128 0x1
 266 00fd 50       		.byte	0x50
 267 00fe 00       		.byte	0
 268 00ff 0A       		.uleb128 0xa
 269 0100 73020000 		.4byte	.LASF20
 270 0104 01       		.byte	0x1
 271 0105 2F       		.byte	0x2f
 272 0106 81000000 		.4byte	0x81
 273 010a 00000000 		.4byte	.LFB65
 274 010e 08000000 		.4byte	.LFE65-.LFB65
 275 0112 01       		.uleb128 0x1
 276 0113 9C       		.byte	0x9c
 277 0114 22010000 		.4byte	0x122
 278 0118 0B       		.uleb128 0xb
 279 0119 06000000 		.4byte	.LVL1
 280 011d FB010000 		.4byte	0x1fb
 281 0121 00       		.byte	0
 282 0122 0C       		.uleb128 0xc
 283 0123 77000000 		.4byte	.LASF36
 284 0127 01       		.byte	0x1
ARM GAS  C:\Users\miker\AppData\Local\Temp\ccNuP8kN.s 			page 7


 285 0128 35       		.byte	0x35
 286 0129 00000000 		.4byte	.LFB66
 287 012d 34000000 		.4byte	.LFE66-.LFB66
 288 0131 01       		.uleb128 0x1
 289 0132 9C       		.byte	0x9c
 290 0133 41010000 		.4byte	0x141
 291 0137 0B       		.uleb128 0xb
 292 0138 06000000 		.4byte	.LVL2
 293 013c FF000000 		.4byte	0xff
 294 0140 00       		.byte	0
 295 0141 0D       		.uleb128 0xd
 296 0142 DF000000 		.4byte	.LASF21
 297 0146 05       		.byte	0x5
 298 0147 9606     		.2byte	0x696
 299 0149 4D010000 		.4byte	0x14d
 300 014d 06       		.uleb128 0x6
 301 014e 8C000000 		.4byte	0x8c
 302 0152 0E       		.uleb128 0xe
 303 0153 8C000000 		.4byte	0x8c
 304 0157 62010000 		.4byte	0x162
 305 015b 0F       		.uleb128 0xf
 306 015c B8000000 		.4byte	0xb8
 307 0160 02       		.byte	0x2
 308 0161 00       		.byte	0
 309 0162 10       		.uleb128 0x10
 310 0163 FE010000 		.4byte	.LASF22
 311 0167 06       		.byte	0x6
 312 0168 95       		.byte	0x95
 313 0169 52010000 		.4byte	0x152
 314 016d 05       		.uleb128 0x5
 315 016e 03       		.byte	0x3
 316 016f 00000000 		.4byte	sys_position
 317 0173 10       		.uleb128 0x10
 318 0174 12010000 		.4byte	.LASF23
 319 0178 06       		.byte	0x6
 320 0179 96       		.byte	0x96
 321 017a 52010000 		.4byte	0x152
 322 017e 05       		.uleb128 0x5
 323 017f 03       		.byte	0x3
 324 0180 00000000 		.4byte	sys_probe_position
 325 0184 10       		.uleb128 0x10
 326 0185 91000000 		.4byte	.LASF24
 327 0189 06       		.byte	0x6
 328 018a 98       		.byte	0x98
 329 018b BF000000 		.4byte	0xbf
 330 018f 05       		.uleb128 0x5
 331 0190 03       		.byte	0x3
 332 0191 00000000 		.4byte	sys_probe_state
 333 0195 10       		.uleb128 0x10
 334 0196 C4020000 		.4byte	.LASF25
 335 019a 06       		.byte	0x6
 336 019b 99       		.byte	0x99
 337 019c BF000000 		.4byte	0xbf
 338 01a0 05       		.uleb128 0x5
 339 01a1 03       		.byte	0x3
 340 01a2 00000000 		.4byte	sys_rt_exec_state
 341 01a6 10       		.uleb128 0x10
ARM GAS  C:\Users\miker\AppData\Local\Temp\ccNuP8kN.s 			page 8


 342 01a7 83020000 		.4byte	.LASF26
 343 01ab 06       		.byte	0x6
 344 01ac 9A       		.byte	0x9a
 345 01ad BF000000 		.4byte	0xbf
 346 01b1 05       		.uleb128 0x5
 347 01b2 03       		.byte	0x3
 348 01b3 00000000 		.4byte	sys_rt_exec_alarm
 349 01b7 10       		.uleb128 0x10
 350 01b8 0A000000 		.4byte	.LASF27
 351 01bc 06       		.byte	0x6
 352 01bd 9B       		.byte	0x9b
 353 01be BF000000 		.4byte	0xbf
 354 01c2 05       		.uleb128 0x5
 355 01c3 03       		.byte	0x3
 356 01c4 00000000 		.4byte	sys_rt_exec_motion_override
 357 01c8 10       		.uleb128 0x10
 358 01c9 F3000000 		.4byte	.LASF28
 359 01cd 06       		.byte	0x6
 360 01ce 9C       		.byte	0x9c
 361 01cf BF000000 		.4byte	0xbf
 362 01d3 05       		.uleb128 0x5
 363 01d4 03       		.byte	0x3
 364 01d5 00000000 		.4byte	sys_rt_exec_accessory_override
 365 01d9 10       		.uleb128 0x10
 366 01da 55000000 		.4byte	.LASF29
 367 01de 07       		.byte	0x7
 368 01df 11       		.byte	0x11
 369 01e0 81000000 		.4byte	0x81
 370 01e4 05       		.uleb128 0x5
 371 01e5 03       		.byte	0x3
 372 01e6 00000000 		.4byte	exec_lcd_status
 373 01ea 10       		.uleb128 0x10
 374 01eb 95020000 		.4byte	.LASF30
 375 01ef 01       		.byte	0x1
 376 01f0 19       		.byte	0x19
 377 01f1 81000000 		.4byte	0x81
 378 01f5 05       		.uleb128 0x5
 379 01f6 03       		.byte	0x3
 380 01f7 00000000 		.4byte	probe_invert_mask
 381 01fb 11       		.uleb128 0x11
 382 01fc 65000000 		.4byte	.LASF37
 383 0200 08       		.byte	0x8
 384 0201 28       		.byte	0x28
 385 0202 97000000 		.4byte	0x97
 386 0206 00       		.byte	0
 387              		.section	.debug_abbrev,"",%progbits
 388              	.Ldebug_abbrev0:
 389 0000 01       		.uleb128 0x1
 390 0001 11       		.uleb128 0x11
 391 0002 01       		.byte	0x1
 392 0003 25       		.uleb128 0x25
 393 0004 0E       		.uleb128 0xe
 394 0005 13       		.uleb128 0x13
 395 0006 0B       		.uleb128 0xb
 396 0007 03       		.uleb128 0x3
 397 0008 0E       		.uleb128 0xe
 398 0009 1B       		.uleb128 0x1b
ARM GAS  C:\Users\miker\AppData\Local\Temp\ccNuP8kN.s 			page 9


 399 000a 0E       		.uleb128 0xe
 400 000b 55       		.uleb128 0x55
 401 000c 17       		.uleb128 0x17
 402 000d 11       		.uleb128 0x11
 403 000e 01       		.uleb128 0x1
 404 000f 10       		.uleb128 0x10
 405 0010 17       		.uleb128 0x17
 406 0011 00       		.byte	0
 407 0012 00       		.byte	0
 408 0013 02       		.uleb128 0x2
 409 0014 24       		.uleb128 0x24
 410 0015 00       		.byte	0
 411 0016 0B       		.uleb128 0xb
 412 0017 0B       		.uleb128 0xb
 413 0018 3E       		.uleb128 0x3e
 414 0019 0B       		.uleb128 0xb
 415 001a 03       		.uleb128 0x3
 416 001b 0E       		.uleb128 0xe
 417 001c 00       		.byte	0
 418 001d 00       		.byte	0
 419 001e 03       		.uleb128 0x3
 420 001f 16       		.uleb128 0x16
 421 0020 00       		.byte	0
 422 0021 03       		.uleb128 0x3
 423 0022 0E       		.uleb128 0xe
 424 0023 3A       		.uleb128 0x3a
 425 0024 0B       		.uleb128 0xb
 426 0025 3B       		.uleb128 0x3b
 427 0026 0B       		.uleb128 0xb
 428 0027 49       		.uleb128 0x49
 429 0028 13       		.uleb128 0x13
 430 0029 00       		.byte	0
 431 002a 00       		.byte	0
 432 002b 04       		.uleb128 0x4
 433 002c 24       		.uleb128 0x24
 434 002d 00       		.byte	0
 435 002e 0B       		.uleb128 0xb
 436 002f 0B       		.uleb128 0xb
 437 0030 3E       		.uleb128 0x3e
 438 0031 0B       		.uleb128 0xb
 439 0032 03       		.uleb128 0x3
 440 0033 08       		.uleb128 0x8
 441 0034 00       		.byte	0
 442 0035 00       		.byte	0
 443 0036 05       		.uleb128 0x5
 444 0037 16       		.uleb128 0x16
 445 0038 00       		.byte	0
 446 0039 03       		.uleb128 0x3
 447 003a 0E       		.uleb128 0xe
 448 003b 3A       		.uleb128 0x3a
 449 003c 0B       		.uleb128 0xb
 450 003d 3B       		.uleb128 0x3b
 451 003e 05       		.uleb128 0x5
 452 003f 49       		.uleb128 0x49
 453 0040 13       		.uleb128 0x13
 454 0041 00       		.byte	0
 455 0042 00       		.byte	0
ARM GAS  C:\Users\miker\AppData\Local\Temp\ccNuP8kN.s 			page 10


 456 0043 06       		.uleb128 0x6
 457 0044 35       		.uleb128 0x35
 458 0045 00       		.byte	0
 459 0046 49       		.uleb128 0x49
 460 0047 13       		.uleb128 0x13
 461 0048 00       		.byte	0
 462 0049 00       		.byte	0
 463 004a 07       		.uleb128 0x7
 464 004b 2E       		.uleb128 0x2e
 465 004c 00       		.byte	0
 466 004d 3F       		.uleb128 0x3f
 467 004e 19       		.uleb128 0x19
 468 004f 03       		.uleb128 0x3
 469 0050 0E       		.uleb128 0xe
 470 0051 3A       		.uleb128 0x3a
 471 0052 0B       		.uleb128 0xb
 472 0053 3B       		.uleb128 0x3b
 473 0054 0B       		.uleb128 0xb
 474 0055 11       		.uleb128 0x11
 475 0056 01       		.uleb128 0x1
 476 0057 12       		.uleb128 0x12
 477 0058 06       		.uleb128 0x6
 478 0059 40       		.uleb128 0x40
 479 005a 18       		.uleb128 0x18
 480 005b 9742     		.uleb128 0x2117
 481 005d 19       		.uleb128 0x19
 482 005e 00       		.byte	0
 483 005f 00       		.byte	0
 484 0060 08       		.uleb128 0x8
 485 0061 2E       		.uleb128 0x2e
 486 0062 01       		.byte	0x1
 487 0063 3F       		.uleb128 0x3f
 488 0064 19       		.uleb128 0x19
 489 0065 03       		.uleb128 0x3
 490 0066 0E       		.uleb128 0xe
 491 0067 3A       		.uleb128 0x3a
 492 0068 0B       		.uleb128 0xb
 493 0069 3B       		.uleb128 0x3b
 494 006a 0B       		.uleb128 0xb
 495 006b 27       		.uleb128 0x27
 496 006c 19       		.uleb128 0x19
 497 006d 11       		.uleb128 0x11
 498 006e 01       		.uleb128 0x1
 499 006f 12       		.uleb128 0x12
 500 0070 06       		.uleb128 0x6
 501 0071 40       		.uleb128 0x40
 502 0072 18       		.uleb128 0x18
 503 0073 9742     		.uleb128 0x2117
 504 0075 19       		.uleb128 0x19
 505 0076 01       		.uleb128 0x1
 506 0077 13       		.uleb128 0x13
 507 0078 00       		.byte	0
 508 0079 00       		.byte	0
 509 007a 09       		.uleb128 0x9
 510 007b 05       		.uleb128 0x5
 511 007c 00       		.byte	0
 512 007d 03       		.uleb128 0x3
ARM GAS  C:\Users\miker\AppData\Local\Temp\ccNuP8kN.s 			page 11


 513 007e 0E       		.uleb128 0xe
 514 007f 3A       		.uleb128 0x3a
 515 0080 0B       		.uleb128 0xb
 516 0081 3B       		.uleb128 0x3b
 517 0082 0B       		.uleb128 0xb
 518 0083 49       		.uleb128 0x49
 519 0084 13       		.uleb128 0x13
 520 0085 02       		.uleb128 0x2
 521 0086 18       		.uleb128 0x18
 522 0087 00       		.byte	0
 523 0088 00       		.byte	0
 524 0089 0A       		.uleb128 0xa
 525 008a 2E       		.uleb128 0x2e
 526 008b 01       		.byte	0x1
 527 008c 3F       		.uleb128 0x3f
 528 008d 19       		.uleb128 0x19
 529 008e 03       		.uleb128 0x3
 530 008f 0E       		.uleb128 0xe
 531 0090 3A       		.uleb128 0x3a
 532 0091 0B       		.uleb128 0xb
 533 0092 3B       		.uleb128 0x3b
 534 0093 0B       		.uleb128 0xb
 535 0094 49       		.uleb128 0x49
 536 0095 13       		.uleb128 0x13
 537 0096 11       		.uleb128 0x11
 538 0097 01       		.uleb128 0x1
 539 0098 12       		.uleb128 0x12
 540 0099 06       		.uleb128 0x6
 541 009a 40       		.uleb128 0x40
 542 009b 18       		.uleb128 0x18
 543 009c 9742     		.uleb128 0x2117
 544 009e 19       		.uleb128 0x19
 545 009f 01       		.uleb128 0x1
 546 00a0 13       		.uleb128 0x13
 547 00a1 00       		.byte	0
 548 00a2 00       		.byte	0
 549 00a3 0B       		.uleb128 0xb
 550 00a4 898201   		.uleb128 0x4109
 551 00a7 00       		.byte	0
 552 00a8 11       		.uleb128 0x11
 553 00a9 01       		.uleb128 0x1
 554 00aa 31       		.uleb128 0x31
 555 00ab 13       		.uleb128 0x13
 556 00ac 00       		.byte	0
 557 00ad 00       		.byte	0
 558 00ae 0C       		.uleb128 0xc
 559 00af 2E       		.uleb128 0x2e
 560 00b0 01       		.byte	0x1
 561 00b1 3F       		.uleb128 0x3f
 562 00b2 19       		.uleb128 0x19
 563 00b3 03       		.uleb128 0x3
 564 00b4 0E       		.uleb128 0xe
 565 00b5 3A       		.uleb128 0x3a
 566 00b6 0B       		.uleb128 0xb
 567 00b7 3B       		.uleb128 0x3b
 568 00b8 0B       		.uleb128 0xb
 569 00b9 11       		.uleb128 0x11
ARM GAS  C:\Users\miker\AppData\Local\Temp\ccNuP8kN.s 			page 12


 570 00ba 01       		.uleb128 0x1
 571 00bb 12       		.uleb128 0x12
 572 00bc 06       		.uleb128 0x6
 573 00bd 40       		.uleb128 0x40
 574 00be 18       		.uleb128 0x18
 575 00bf 9742     		.uleb128 0x2117
 576 00c1 19       		.uleb128 0x19
 577 00c2 01       		.uleb128 0x1
 578 00c3 13       		.uleb128 0x13
 579 00c4 00       		.byte	0
 580 00c5 00       		.byte	0
 581 00c6 0D       		.uleb128 0xd
 582 00c7 34       		.uleb128 0x34
 583 00c8 00       		.byte	0
 584 00c9 03       		.uleb128 0x3
 585 00ca 0E       		.uleb128 0xe
 586 00cb 3A       		.uleb128 0x3a
 587 00cc 0B       		.uleb128 0xb
 588 00cd 3B       		.uleb128 0x3b
 589 00ce 05       		.uleb128 0x5
 590 00cf 49       		.uleb128 0x49
 591 00d0 13       		.uleb128 0x13
 592 00d1 3F       		.uleb128 0x3f
 593 00d2 19       		.uleb128 0x19
 594 00d3 3C       		.uleb128 0x3c
 595 00d4 19       		.uleb128 0x19
 596 00d5 00       		.byte	0
 597 00d6 00       		.byte	0
 598 00d7 0E       		.uleb128 0xe
 599 00d8 01       		.uleb128 0x1
 600 00d9 01       		.byte	0x1
 601 00da 49       		.uleb128 0x49
 602 00db 13       		.uleb128 0x13
 603 00dc 01       		.uleb128 0x1
 604 00dd 13       		.uleb128 0x13
 605 00de 00       		.byte	0
 606 00df 00       		.byte	0
 607 00e0 0F       		.uleb128 0xf
 608 00e1 21       		.uleb128 0x21
 609 00e2 00       		.byte	0
 610 00e3 49       		.uleb128 0x49
 611 00e4 13       		.uleb128 0x13
 612 00e5 2F       		.uleb128 0x2f
 613 00e6 0B       		.uleb128 0xb
 614 00e7 00       		.byte	0
 615 00e8 00       		.byte	0
 616 00e9 10       		.uleb128 0x10
 617 00ea 34       		.uleb128 0x34
 618 00eb 00       		.byte	0
 619 00ec 03       		.uleb128 0x3
 620 00ed 0E       		.uleb128 0xe
 621 00ee 3A       		.uleb128 0x3a
 622 00ef 0B       		.uleb128 0xb
 623 00f0 3B       		.uleb128 0x3b
 624 00f1 0B       		.uleb128 0xb
 625 00f2 49       		.uleb128 0x49
 626 00f3 13       		.uleb128 0x13
ARM GAS  C:\Users\miker\AppData\Local\Temp\ccNuP8kN.s 			page 13


 627 00f4 3F       		.uleb128 0x3f
 628 00f5 19       		.uleb128 0x19
 629 00f6 02       		.uleb128 0x2
 630 00f7 18       		.uleb128 0x18
 631 00f8 00       		.byte	0
 632 00f9 00       		.byte	0
 633 00fa 11       		.uleb128 0x11
 634 00fb 2E       		.uleb128 0x2e
 635 00fc 00       		.byte	0
 636 00fd 3F       		.uleb128 0x3f
 637 00fe 19       		.uleb128 0x19
 638 00ff 03       		.uleb128 0x3
 639 0100 0E       		.uleb128 0xe
 640 0101 3A       		.uleb128 0x3a
 641 0102 0B       		.uleb128 0xb
 642 0103 3B       		.uleb128 0x3b
 643 0104 0B       		.uleb128 0xb
 644 0105 27       		.uleb128 0x27
 645 0106 19       		.uleb128 0x19
 646 0107 49       		.uleb128 0x49
 647 0108 13       		.uleb128 0x13
 648 0109 3C       		.uleb128 0x3c
 649 010a 19       		.uleb128 0x19
 650 010b 00       		.byte	0
 651 010c 00       		.byte	0
 652 010d 00       		.byte	0
 653              		.section	.debug_aranges,"",%progbits
 654 0000 34000000 		.4byte	0x34
 655 0004 0200     		.2byte	0x2
 656 0006 00000000 		.4byte	.Ldebug_info0
 657 000a 04       		.byte	0x4
 658 000b 00       		.byte	0
 659 000c 0000     		.2byte	0
 660 000e 0000     		.2byte	0
 661 0010 00000000 		.4byte	.LFB63
 662 0014 02000000 		.4byte	.LFE63-.LFB63
 663 0018 00000000 		.4byte	.LFB64
 664 001c 02000000 		.4byte	.LFE64-.LFB64
 665 0020 00000000 		.4byte	.LFB65
 666 0024 08000000 		.4byte	.LFE65-.LFB65
 667 0028 00000000 		.4byte	.LFB66
 668 002c 34000000 		.4byte	.LFE66-.LFB66
 669 0030 00000000 		.4byte	0
 670 0034 00000000 		.4byte	0
 671              		.section	.debug_ranges,"",%progbits
 672              	.Ldebug_ranges0:
 673 0000 00000000 		.4byte	.LFB63
 674 0004 02000000 		.4byte	.LFE63
 675 0008 00000000 		.4byte	.LFB64
 676 000c 02000000 		.4byte	.LFE64
 677 0010 00000000 		.4byte	.LFB65
 678 0014 08000000 		.4byte	.LFE65
 679 0018 00000000 		.4byte	.LFB66
 680 001c 34000000 		.4byte	.LFE66
 681 0020 00000000 		.4byte	0
 682 0024 00000000 		.4byte	0
 683              		.section	.debug_line,"",%progbits
ARM GAS  C:\Users\miker\AppData\Local\Temp\ccNuP8kN.s 			page 14


 684              	.Ldebug_line0:
 685 0000 BE010000 		.section	.debug_str,"MS",%progbits,1
 685      02007601 
 685      00000201 
 685      FB0E0D00 
 685      01010101 
 686              	.LASF4:
 687 0000 5F5F7569 		.ascii	"__uint8_t\000"
 687      6E74385F 
 687      7400
 688              	.LASF27:
 689 000a 7379735F 		.ascii	"sys_rt_exec_motion_override\000"
 689      72745F65 
 689      7865635F 
 689      6D6F7469 
 689      6F6E5F6F 
 690              	.LASF5:
 691 0026 5F5F696E 		.ascii	"__int32_t\000"
 691      7433325F 
 691      7400
 692              	.LASF6:
 693 0030 6C6F6E67 		.ascii	"long int\000"
 693      20696E74 
 693      00
 694              	.LASF19:
 695 0039 70726F62 		.ascii	"probe_configure_invert_mask\000"
 695      655F636F 
 695      6E666967 
 695      7572655F 
 695      696E7665 
 696              	.LASF29:
 697 0055 65786563 		.ascii	"exec_lcd_status\000"
 697      5F6C6364 
 697      5F737461 
 697      74757300 
 698              	.LASF37:
 699 0065 53746174 		.ascii	"Status_Probe_Read\000"
 699      75735F50 
 699      726F6265 
 699      5F526561 
 699      6400
 700              	.LASF36:
 701 0077 70726F62 		.ascii	"probe_state_monitor\000"
 701      655F7374 
 701      6174655F 
 701      6D6F6E69 
 701      746F7200 
 702              	.LASF14:
 703 008b 666C6F61 		.ascii	"float\000"
 703      7400
 704              	.LASF24:
 705 0091 7379735F 		.ascii	"sys_probe_state\000"
 705      70726F62 
 705      655F7374 
 705      61746500 
 706              	.LASF34:
 707 00a1 70726F62 		.ascii	"probe_init\000"
ARM GAS  C:\Users\miker\AppData\Local\Temp\ccNuP8kN.s 			page 15


 707      655F696E 
 707      697400
 708              	.LASF1:
 709 00ac 756E7369 		.ascii	"unsigned char\000"
 709      676E6564 
 709      20636861 
 709      7200
 710              	.LASF7:
 711 00ba 6C6F6E67 		.ascii	"long unsigned int\000"
 711      20756E73 
 711      69676E65 
 711      6420696E 
 711      7400
 712              	.LASF3:
 713 00cc 73686F72 		.ascii	"short unsigned int\000"
 713      7420756E 
 713      7369676E 
 713      65642069 
 713      6E7400
 714              	.LASF21:
 715 00df 49544D5F 		.ascii	"ITM_RxBuffer\000"
 715      52784275 
 715      66666572 
 715      00
 716              	.LASF15:
 717 00ec 646F7562 		.ascii	"double\000"
 717      6C6500
 718              	.LASF28:
 719 00f3 7379735F 		.ascii	"sys_rt_exec_accessory_override\000"
 719      72745F65 
 719      7865635F 
 719      61636365 
 719      73736F72 
 720              	.LASF23:
 721 0112 7379735F 		.ascii	"sys_probe_position\000"
 721      70726F62 
 721      655F706F 
 721      73697469 
 721      6F6E00
 722              	.LASF31:
 723 0125 474E5520 		.ascii	"GNU C 4.9.3 20150303 (release) [ARM/embedded-4_9-br"
 723      4320342E 
 723      392E3320 
 723      32303135 
 723      30333033 
 724 0158 616E6368 		.ascii	"anch revision 221220] -mcpu=cortex-m3 -mthumb -g -O"
 724      20726576 
 724      6973696F 
 724      6E203232 
 724      31323230 
 725 018b 67202D66 		.ascii	"g -ffunction-sections -ffat-lto-objects\000"
 725      66756E63 
 725      74696F6E 
 725      2D736563 
 725      74696F6E 
 726              	.LASF10:
 727 01b3 756E7369 		.ascii	"unsigned int\000"
ARM GAS  C:\Users\miker\AppData\Local\Temp\ccNuP8kN.s 			page 16


 727      676E6564 
 727      20696E74 
 727      00
 728              	.LASF9:
 729 01c0 6C6F6E67 		.ascii	"long long unsigned int\000"
 729      206C6F6E 
 729      6720756E 
 729      7369676E 
 729      65642069 
 730              	.LASF11:
 731 01d7 75696E74 		.ascii	"uint8_t\000"
 731      385F7400 
 732              	.LASF12:
 733 01df 696E7433 		.ascii	"int32_t\000"
 733      325F7400 
 734              	.LASF17:
 735 01e7 73697A65 		.ascii	"sizetype\000"
 735      74797065 
 735      00
 736              	.LASF8:
 737 01f0 6C6F6E67 		.ascii	"long long int\000"
 737      206C6F6E 
 737      6720696E 
 737      7400
 738              	.LASF22:
 739 01fe 7379735F 		.ascii	"sys_position\000"
 739      706F7369 
 739      74696F6E 
 739      00
 740              	.LASF35:
 741 020b 69735F70 		.ascii	"is_probe_away\000"
 741      726F6265 
 741      5F617761 
 741      7900
 742              	.LASF33:
 743 0219 433A5C55 		.ascii	"C:\\Users\\miker\\Documents\\My Libraries\\Code_Rep"
 743      73657273 
 743      5C6D696B 
 743      65725C44 
 743      6F63756D 
 744 0247 6F5C5053 		.ascii	"o\\PSoC_Grbl\\PSoC_Grbl.cydsn\000"
 744      6F435F47 
 744      72626C5C 
 744      50536F43 
 744      5F477262 
 745              	.LASF2:
 746 0263 73686F72 		.ascii	"short int\000"
 746      7420696E 
 746      7400
 747              	.LASF13:
 748 026d 75696E74 		.ascii	"uint8\000"
 748      3800
 749              	.LASF20:
 750 0273 70726F62 		.ascii	"probe_get_state\000"
 750      655F6765 
 750      745F7374 
 750      61746500 
ARM GAS  C:\Users\miker\AppData\Local\Temp\ccNuP8kN.s 			page 17


 751              	.LASF26:
 752 0283 7379735F 		.ascii	"sys_rt_exec_alarm\000"
 752      72745F65 
 752      7865635F 
 752      616C6172 
 752      6D00
 753              	.LASF30:
 754 0295 70726F62 		.ascii	"probe_invert_mask\000"
 754      655F696E 
 754      76657274 
 754      5F6D6173 
 754      6B00
 755              	.LASF16:
 756 02a7 63686172 		.ascii	"char\000"
 756      00
 757              	.LASF18:
 758 02ac 6C6F6E67 		.ascii	"long double\000"
 758      20646F75 
 758      626C6500 
 759              	.LASF0:
 760 02b8 7369676E 		.ascii	"signed char\000"
 760      65642063 
 760      68617200 
 761              	.LASF25:
 762 02c4 7379735F 		.ascii	"sys_rt_exec_state\000"
 762      72745F65 
 762      7865635F 
 762      73746174 
 762      6500
 763              	.LASF32:
 764 02d6 70726F62 		.ascii	"probe.c\000"
 764      652E6300 
 765              		.ident	"GCC: (GNU Tools for ARM Embedded Processors) 4.9.3 20150303 (release) [ARM/embedded-4_9-br
