--------------- Rebuild Started: 07/01/2018 16:35:10 Project: PSoC_Grbl, Configuration: ARM GCC 4.9-2015-q1-update Debug ---------------
Deleting file ".\PSoC_Grbl.cycdx"
Deleting file ".\PSoC_Grbl.svd"
Deleting file ".\PSoC_Grbl.rpt"
Deleting file ".\PSoC_Grbl_timing.html"
cydsfit.exe -.appdatapath "C:\Users\miker\AppData\Local\Cypress Semiconductor\PSoC Creator\4.0" -.fdsnotice -.fdswarpdepfile=warp_dependencies.txt -.fdselabdepfile=elab_dependencies.txt -.fdsbldfile=generated_files.txt -.fdsreffile=referenced_files.txt -p "C:\Users\miker\Documents\My Libraries\Code_Repo\PSoC_Grbl\PSoC_Grbl.cydsn\PSoC_Grbl.cyprj" -d CY8C5868AXI-LP035 -s "C:\Users\miker\Documents\My Libraries\Code_Repo\PSoC_Grbl\PSoC_Grbl.cydsn\Generated_Source\PSoC5" -- -yv2 -q10 -ygs -o2 -v3 -.fftcfgtype=LE
Elaborating Design...
ADD: fit.M0032: warning: Clock Warning: (Clock_Sw_DB's accuracy range '10  Hz -55% +100%, (4.5  Hz - 20  Hz)' is not within the specified tolerance range '10  Hz +/- 5%, (9.5  Hz - 10.5  Hz)'.).
 * C:\Users\miker\Documents\My Libraries\Code_Repo\PSoC_Grbl\PSoC_Grbl.cydsn\PSoC_Grbl.cydwr (Clock_Sw_DB)
 * C:\Users\miker\Documents\My Libraries\Code_Repo\PSoC_Grbl\PSoC_Grbl.cydsn\TopDesign\TopDesign.cysch (Instance:Clock_Sw_DB)
ADD: fit.M0032: warning: Clock Warning: (Clock_Lim_DB's accuracy range '10  Hz -55% +100%, (4.5  Hz - 20  Hz)' is not within the specified tolerance range '10  Hz +/- 5%, (9.5  Hz - 10.5  Hz)'.).
 * C:\Users\miker\Documents\My Libraries\Code_Repo\PSoC_Grbl\PSoC_Grbl.cydsn\PSoC_Grbl.cydwr (Clock_Lim_DB)
 * C:\Users\miker\Documents\My Libraries\Code_Repo\PSoC_Grbl\PSoC_Grbl.cydsn\TopDesign\TopDesign.cysch (Instance:Clock_Lim_DB)
ADD: fit.M0032: warning: Clock Warning: (PWM_Clock's accuracy range '100  Hz -55% +100%, (45  Hz - 200  Hz)' is not within the specified tolerance range '100  Hz +/- 5%, (95  Hz - 105  Hz)'.).
 * C:\Users\miker\Documents\My Libraries\Code_Repo\PSoC_Grbl\PSoC_Grbl.cydsn\PSoC_Grbl.cydwr (PWM_Clock)
 * C:\Users\miker\Documents\My Libraries\Code_Repo\PSoC_Grbl\PSoC_Grbl.cydsn\TopDesign\TopDesign.cysch (Instance:PWM_Clock)
HDL Generation...
Synthesis...
Tech Mapping...
ADD: pft.M0040: information: The following 2 pin(s) will be assigned a location by the fitter: \USBUART:Dm(0)\, \USBUART:Dp(0)\
Analog Placement...
Analog Routing...
Analog Code Generation...
Digital Placement...
Digital Routing...
Bitstream Generation...
Bitstream Verification...
Static timing analysis...
API Generation...
Dependency Generation...
Cleanup...
arm-none-eabi-gcc.exe -mcpu=cortex-m3 -mthumb -I. -IGenerated_Source\PSoC5 -Wa,-alh=.\CortexM3\ARM_GCC_493\Debug/main.lst -g -Wall -ffunction-sections -Og -ffat-lto-objects -c main.c -o .\CortexM3\ARM_GCC_493\Debug\main.o
arm-none-eabi-gcc.exe -mcpu=cortex-m3 -mthumb -I. -IGenerated_Source\PSoC5 -Wa,-alh=.\CortexM3\ARM_GCC_493\Debug/lcd_report.lst -g -Wall -ffunction-sections -Og -ffat-lto-objects -c lcd_report.c -o .\CortexM3\ARM_GCC_493\Debug\lcd_report.o
arm-none-eabi-gcc.exe -mcpu=cortex-m3 -mthumb -I. -IGenerated_Source\PSoC5 -Wa,-alh=.\CortexM3\ARM_GCC_493\Debug/serial.lst -g -Wall -ffunction-sections -Og -ffat-lto-objects -c serial.c -o .\CortexM3\ARM_GCC_493\Debug\serial.o
arm-none-eabi-gcc.exe -mcpu=cortex-m3 -mthumb -I. -IGenerated_Source\PSoC5 -Wa,-alh=.\CortexM3\ARM_GCC_493\Debug/report.lst -g -Wall -ffunction-sections -Og -ffat-lto-objects -c report.c -o .\CortexM3\ARM_GCC_493\Debug\report.o
arm-none-eabi-gcc.exe -mcpu=cortex-m3 -mthumb -I. -IGenerated_Source\PSoC5 -Wa,-alh=.\CortexM3\ARM_GCC_493\Debug/settings.lst -g -Wall -ffunction-sections -Og -ffat-lto-objects -c settings.c -o .\CortexM3\ARM_GCC_493\Debug\settings.o
arm-none-eabi-gcc.exe -mcpu=cortex-m3 -mthumb -I. -IGenerated_Source\PSoC5 -Wa,-alh=.\CortexM3\ARM_GCC_493\Debug/eeprom.lst -g -Wall -ffunction-sections -Og -ffat-lto-objects -c eeprom.c -o .\CortexM3\ARM_GCC_493\Debug\eeprom.o
arm-none-eabi-gcc.exe -mcpu=cortex-m3 -mthumb -I. -IGenerated_Source\PSoC5 -Wa,-alh=.\CortexM3\ARM_GCC_493\Debug/coolant_control.lst -g -Wall -ffunction-sections -Og -ffat-lto-objects -c coolant_control.c -o .\CortexM3\ARM_GCC_493\Debug\coolant_control.o
arm-none-eabi-gcc.exe -mcpu=cortex-m3 -mthumb -I. -IGenerated_Source\PSoC5 -Wa,-alh=.\CortexM3\ARM_GCC_493\Debug/gcode.lst -g -Wall -ffunction-sections -Og -ffat-lto-objects -c gcode.c -o .\CortexM3\ARM_GCC_493\Debug\gcode.o
arm-none-eabi-gcc.exe -mcpu=cortex-m3 -mthumb -I. -IGenerated_Source\PSoC5 -Wa,-alh=.\CortexM3\ARM_GCC_493\Debug/limits.lst -g -Wall -ffunction-sections -Og -ffat-lto-objects -c limits.c -o .\CortexM3\ARM_GCC_493\Debug\limits.o
arm-none-eabi-gcc.exe -mcpu=cortex-m3 -mthumb -I. -IGenerated_Source\PSoC5 -Wa,-alh=.\CortexM3\ARM_GCC_493\Debug/nut_bolts.lst -g -Wall -ffunction-sections -Og -ffat-lto-objects -c nut_bolts.c -o .\CortexM3\ARM_GCC_493\Debug\nut_bolts.o
arm-none-eabi-gcc.exe -mcpu=cortex-m3 -mthumb -I. -IGenerated_Source\PSoC5 -Wa,-alh=.\CortexM3\ARM_GCC_493\Debug/planner.lst -g -Wall -ffunction-sections -Og -ffat-lto-objects -c planner.c -o .\CortexM3\ARM_GCC_493\Debug\planner.o
arm-none-eabi-gcc.exe -mcpu=cortex-m3 -mthumb -I. -IGenerated_Source\PSoC5 -Wa,-alh=.\CortexM3\ARM_GCC_493\Debug/print.lst -g -Wall -ffunction-sections -Og -ffat-lto-objects -c print.c -o .\CortexM3\ARM_GCC_493\Debug\print.o
arm-none-eabi-gcc.exe -mcpu=cortex-m3 -mthumb -I. -IGenerated_Source\PSoC5 -Wa,-alh=.\CortexM3\ARM_GCC_493\Debug/probe.lst -g -Wall -ffunction-sections -Og -ffat-lto-objects -c probe.c -o .\CortexM3\ARM_GCC_493\Debug\probe.o
arm-none-eabi-gcc.exe -mcpu=cortex-m3 -mthumb -I. -IGenerated_Source\PSoC5 -Wa,-alh=.\CortexM3\ARM_GCC_493\Debug/protocol.lst -g -Wall -ffunction-sections -Og -ffat-lto-objects -c protocol.c -o .\CortexM3\ARM_GCC_493\Debug\protocol.o
arm-none-eabi-gcc.exe -mcpu=cortex-m3 -mthumb -I. -IGenerated_Source\PSoC5 -Wa,-alh=.\CortexM3\ARM_GCC_493\Debug/spindle_control.lst -g -Wall -ffunction-sections -Og -ffat-lto-objects -c spindle_control.c -o .\CortexM3\ARM_GCC_493\Debug\spindle_control.o
arm-none-eabi-gcc.exe -mcpu=cortex-m3 -mthumb -I. -IGenerated_Source\PSoC5 -Wa,-alh=.\CortexM3\ARM_GCC_493\Debug/stepper.lst -g -Wall -ffunction-sections -Og -ffat-lto-objects -c stepper.c -o .\CortexM3\ARM_GCC_493\Debug\stepper.o
stepper.c: In function 'st_go_idle':
stepper.c:240:8: warning: variable 'pin_state' set but not used [-Wunused-but-set-variable]
   bool pin_state = false; // Keep enabled.
        ^
arm-none-eabi-gcc.exe -mcpu=cortex-m3 -mthumb -I. -IGenerated_Source\PSoC5 -Wa,-alh=.\CortexM3\ARM_GCC_493\Debug/system.lst -g -Wall -ffunction-sections -Og -ffat-lto-objects -c system.c -o .\CortexM3\ARM_GCC_493\Debug\system.o
arm-none-eabi-gcc.exe -mcpu=cortex-m3 -mthumb -I. -IGenerated_Source\PSoC5 -Wa,-alh=.\CortexM3\ARM_GCC_493\Debug/motion_control.lst -g -Wall -ffunction-sections -Og -ffat-lto-objects -c motion_control.c -o .\CortexM3\ARM_GCC_493\Debug\motion_control.o
arm-none-eabi-gcc.exe -mcpu=cortex-m3 -mthumb -I. -IGenerated_Source\PSoC5 -Wa,-alh=.\CortexM3\ARM_GCC_493\Debug/jog.lst -g -Wall -ffunction-sections -Og -ffat-lto-objects -c jog.c -o .\CortexM3\ARM_GCC_493\Debug\jog.o
arm-none-eabi-gcc.exe -mcpu=cortex-m3 -mthumb -I. -IGenerated_Source\PSoC5 -Wa,-alh=.\CortexM3\ARM_GCC_493\Debug/cyfitter_cfg.lst -g -Wall -ffunction-sections -Og -ffat-lto-objects -c Generated_Source\PSoC5\cyfitter_cfg.c -o .\CortexM3\ARM_GCC_493\Debug\cyfitter_cfg.o
arm-none-eabi-gcc.exe -mcpu=cortex-m3 -mthumb -I. -IGenerated_Source\PSoC5 -Wa,-alh=.\CortexM3\ARM_GCC_493\Debug/cymetadata.lst -g -Wall -ffunction-sections -Og -ffat-lto-objects -c Generated_Source\PSoC5\cymetadata.c -o .\CortexM3\ARM_GCC_493\Debug\cymetadata.o
arm-none-eabi-gcc.exe -mcpu=cortex-m3 -mthumb -I. -IGenerated_Source\PSoC5 -Wa,-alh=.\CortexM3\ARM_GCC_493\Debug/LCD.lst -g -Wall -ffunction-sections -Og -ffat-lto-objects -c Generated_Source\PSoC5\LCD.c -o .\CortexM3\ARM_GCC_493\Debug\LCD.o
arm-none-eabi-gcc.exe -mcpu=cortex-m3 -mthumb -I. -IGenerated_Source\PSoC5 -Wa,-alh=.\CortexM3\ARM_GCC_493\Debug/LCD_PM.lst -g -Wall -ffunction-sections -Og -ffat-lto-objects -c Generated_Source\PSoC5\LCD_PM.c -o .\CortexM3\ARM_GCC_493\Debug\LCD_PM.o
arm-none-eabi-gcc.exe -mcpu=cortex-m3 -mthumb -I. -IGenerated_Source\PSoC5 -Wa,-alh=.\CortexM3\ARM_GCC_493\Debug/LCD_CustChars.lst -g -Wall -ffunction-sections -Og -ffat-lto-objects -c Generated_Source\PSoC5\LCD_CustChars.c -o .\CortexM3\ARM_GCC_493\Debug\LCD_CustChars.o
arm-none-eabi-gcc.exe -mcpu=cortex-m3 -mthumb -I. -IGenerated_Source\PSoC5 -Wa,-alh=.\CortexM3\ARM_GCC_493\Debug/LCD_LCDPort.lst -g -Wall -ffunction-sections -Og -ffat-lto-objects -c Generated_Source\PSoC5\LCD_LCDPort.c -o .\CortexM3\ARM_GCC_493\Debug\LCD_LCDPort.o
arm-none-eabi-gcc.exe -mcpu=cortex-m3 -mthumb -I. -IGenerated_Source\PSoC5 -Wa,-alh=.\CortexM3\ARM_GCC_493\Debug/Cm3Start.lst -g -Wall -ffunction-sections -Og -ffat-lto-objects -c Generated_Source\PSoC5\Cm3Start.c -o .\CortexM3\ARM_GCC_493\Debug\Cm3Start.o
arm-none-eabi-gcc.exe -mcpu=cortex-m3 -mthumb -I. -IGenerated_Source\PSoC5 -Wa,-alh=.\CortexM3\ARM_GCC_493\Debug/CyDmac.lst -g -Wall -ffunction-sections -Og -ffat-lto-objects -c Generated_Source\PSoC5\CyDmac.c -o .\CortexM3\ARM_GCC_493\Debug\CyDmac.o
arm-none-eabi-gcc.exe -mcpu=cortex-m3 -mthumb -I. -IGenerated_Source\PSoC5 -Wa,-alh=.\CortexM3\ARM_GCC_493\Debug/CyFlash.lst -g -Wall -ffunction-sections -Og -ffat-lto-objects -c Generated_Source\PSoC5\CyFlash.c -o .\CortexM3\ARM_GCC_493\Debug\CyFlash.o
arm-none-eabi-gcc.exe -mcpu=cortex-m3 -mthumb -I. -IGenerated_Source\PSoC5 -Wa,-alh=.\CortexM3\ARM_GCC_493\Debug/CyLib.lst -g -Wall -ffunction-sections -Og -ffat-lto-objects -c Generated_Source\PSoC5\CyLib.c -o .\CortexM3\ARM_GCC_493\Debug\CyLib.o
arm-none-eabi-gcc.exe -mcpu=cortex-m3 -mthumb -I. -IGenerated_Source\PSoC5 -Wa,-alh=.\CortexM3\ARM_GCC_493\Debug/cyPm.lst -g -Wall -ffunction-sections -Og -ffat-lto-objects -c Generated_Source\PSoC5\cyPm.c -o .\CortexM3\ARM_GCC_493\Debug\cyPm.o
arm-none-eabi-gcc.exe -mcpu=cortex-m3 -mthumb -I. -IGenerated_Source\PSoC5 -Wa,-alh=.\CortexM3\ARM_GCC_493\Debug/CySpc.lst -g -Wall -ffunction-sections -Og -ffat-lto-objects -c Generated_Source\PSoC5\CySpc.c -o .\CortexM3\ARM_GCC_493\Debug\CySpc.o
arm-none-eabi-gcc.exe -mcpu=cortex-m3 -mthumb -I. -IGenerated_Source\PSoC5 -Wa,-alh=.\CortexM3\ARM_GCC_493\Debug/cyutils.lst -g -Wall -ffunction-sections -Og -ffat-lto-objects -c Generated_Source\PSoC5\cyutils.c -o .\CortexM3\ARM_GCC_493\Debug\cyutils.o
arm-none-eabi-gcc.exe -mcpu=cortex-m3 -mthumb -I. -IGenerated_Source\PSoC5 -Wa,-alh=.\CortexM3\ARM_GCC_493\Debug/EEPROM_PSoC.lst -g -Wall -ffunction-sections -Og -ffat-lto-objects -c Generated_Source\PSoC5\EEPROM_PSoC.c -o .\CortexM3\ARM_GCC_493\Debug\EEPROM_PSoC.o
arm-none-eabi-gcc.exe -mcpu=cortex-m3 -mthumb -I. -IGenerated_Source\PSoC5 -Wa,-alh=.\CortexM3\ARM_GCC_493\Debug/Control_Reg_Step.lst -g -Wall -ffunction-sections -Og -ffat-lto-objects -c Generated_Source\PSoC5\Control_Reg_Step.c -o .\CortexM3\ARM_GCC_493\Debug\Control_Reg_Step.o
arm-none-eabi-gcc.exe -mcpu=cortex-m3 -mthumb -I. -IGenerated_Source\PSoC5 -Wa,-alh=.\CortexM3\ARM_GCC_493\Debug/Control_Reg_Step_PM.lst -g -Wall -ffunction-sections -Og -ffat-lto-objects -c Generated_Source\PSoC5\Control_Reg_Step_PM.c -o .\CortexM3\ARM_GCC_493\Debug\Control_Reg_Step_PM.o
arm-none-eabi-gcc.exe -mcpu=cortex-m3 -mthumb -I. -IGenerated_Source\PSoC5 -Wa,-alh=.\CortexM3\ARM_GCC_493\Debug/Clock_Step_Pulse.lst -g -Wall -ffunction-sections -Og -ffat-lto-objects -c Generated_Source\PSoC5\Clock_Step_Pulse.c -o .\CortexM3\ARM_GCC_493\Debug\Clock_Step_Pulse.o
arm-none-eabi-gcc.exe -mcpu=cortex-m3 -mthumb -I. -IGenerated_Source\PSoC5 -Wa,-alh=.\CortexM3\ARM_GCC_493\Debug/Control_Reg_Dir.lst -g -Wall -ffunction-sections -Og -ffat-lto-objects -c Generated_Source\PSoC5\Control_Reg_Dir.c -o .\CortexM3\ARM_GCC_493\Debug\Control_Reg_Dir.o
arm-none-eabi-gcc.exe -mcpu=cortex-m3 -mthumb -I. -IGenerated_Source\PSoC5 -Wa,-alh=.\CortexM3\ARM_GCC_493\Debug/Control_Reg_Dir_PM.lst -g -Wall -ffunction-sections -Og -ffat-lto-objects -c Generated_Source\PSoC5\Control_Reg_Dir_PM.c -o .\CortexM3\ARM_GCC_493\Debug\Control_Reg_Dir_PM.o
arm-none-eabi-gcc.exe -mcpu=cortex-m3 -mthumb -I. -IGenerated_Source\PSoC5 -Wa,-alh=.\CortexM3\ARM_GCC_493\Debug/Stepper_Enable_Pin.lst -g -Wall -ffunction-sections -Og -ffat-lto-objects -c Generated_Source\PSoC5\Stepper_Enable_Pin.c -o .\CortexM3\ARM_GCC_493\Debug\Stepper_Enable_Pin.o
arm-none-eabi-gcc.exe -mcpu=cortex-m3 -mthumb -I. -IGenerated_Source\PSoC5 -Wa,-alh=.\CortexM3\ARM_GCC_493\Debug/isr_Limits.lst -g -Wall -ffunction-sections -Og -ffat-lto-objects -c Generated_Source\PSoC5\isr_Limits.c -o .\CortexM3\ARM_GCC_493\Debug\isr_Limits.o
arm-none-eabi-gcc.exe -mcpu=cortex-m3 -mthumb -I. -IGenerated_Source\PSoC5 -Wa,-alh=.\CortexM3\ARM_GCC_493\Debug/Probe_Pin.lst -g -Wall -ffunction-sections -Og -ffat-lto-objects -c Generated_Source\PSoC5\Probe_Pin.c -o .\CortexM3\ARM_GCC_493\Debug\Probe_Pin.o
arm-none-eabi-gcc.exe -mcpu=cortex-m3 -mthumb -I. -IGenerated_Source\PSoC5 -Wa,-alh=.\CortexM3\ARM_GCC_493\Debug/Control_Pin.lst -g -Wall -ffunction-sections -Og -ffat-lto-objects -c Generated_Source\PSoC5\Control_Pin.c -o .\CortexM3\ARM_GCC_493\Debug\Control_Pin.o
arm-none-eabi-gcc.exe -mcpu=cortex-m3 -mthumb -I. -IGenerated_Source\PSoC5 -Wa,-alh=.\CortexM3\ARM_GCC_493\Debug/isr_Control.lst -g -Wall -ffunction-sections -Og -ffat-lto-objects -c Generated_Source\PSoC5\isr_Control.c -o .\CortexM3\ARM_GCC_493\Debug\isr_Control.o
arm-none-eabi-gcc.exe -mcpu=cortex-m3 -mthumb -I. -IGenerated_Source\PSoC5 -Wa,-alh=.\CortexM3\ARM_GCC_493\Debug/Status_Control.lst -g -Wall -ffunction-sections -Og -ffat-lto-objects -c Generated_Source\PSoC5\Status_Control.c -o .\CortexM3\ARM_GCC_493\Debug\Status_Control.o
arm-none-eabi-gcc.exe -mcpu=cortex-m3 -mthumb -I. -IGenerated_Source\PSoC5 -Wa,-alh=.\CortexM3\ARM_GCC_493\Debug/Status_Limit.lst -g -Wall -ffunction-sections -Og -ffat-lto-objects -c Generated_Source\PSoC5\Status_Limit.c -o .\CortexM3\ARM_GCC_493\Debug\Status_Limit.o
arm-none-eabi-gcc.exe -mcpu=cortex-m3 -mthumb -I. -IGenerated_Source\PSoC5 -Wa,-alh=.\CortexM3\ARM_GCC_493\Debug/Status_Probe.lst -g -Wall -ffunction-sections -Og -ffat-lto-objects -c Generated_Source\PSoC5\Status_Probe.c -o .\CortexM3\ARM_GCC_493\Debug\Status_Probe.o
arm-none-eabi-gcc.exe -mcpu=cortex-m3 -mthumb -I. -IGenerated_Source\PSoC5 -Wa,-alh=.\CortexM3\ARM_GCC_493\Debug/isr_Probe.lst -g -Wall -ffunction-sections -Og -ffat-lto-objects -c Generated_Source\PSoC5\isr_Probe.c -o .\CortexM3\ARM_GCC_493\Debug\isr_Probe.o
arm-none-eabi-gcc.exe -mcpu=cortex-m3 -mthumb -I. -IGenerated_Source\PSoC5 -Wa,-alh=.\CortexM3\ARM_GCC_493\Debug/Control_Step_Enable.lst -g -Wall -ffunction-sections -Og -ffat-lto-objects -c Generated_Source\PSoC5\Control_Step_Enable.c -o .\CortexM3\ARM_GCC_493\Debug\Control_Step_Enable.o
arm-none-eabi-gcc.exe -mcpu=cortex-m3 -mthumb -I. -IGenerated_Source\PSoC5 -Wa,-alh=.\CortexM3\ARM_GCC_493\Debug/Control_Step_Enable_PM.lst -g -Wall -ffunction-sections -Og -ffat-lto-objects -c Generated_Source\PSoC5\Control_Step_Enable_PM.c -o .\CortexM3\ARM_GCC_493\Debug\Control_Step_Enable_PM.o
arm-none-eabi-gcc.exe -mcpu=cortex-m3 -mthumb -I. -IGenerated_Source\PSoC5 -Wa,-alh=.\CortexM3\ARM_GCC_493\Debug/Pin_Step_X.lst -g -Wall -ffunction-sections -Og -ffat-lto-objects -c Generated_Source\PSoC5\Pin_Step_X.c -o .\CortexM3\ARM_GCC_493\Debug\Pin_Step_X.o
arm-none-eabi-gcc.exe -mcpu=cortex-m3 -mthumb -I. -IGenerated_Source\PSoC5 -Wa,-alh=.\CortexM3\ARM_GCC_493\Debug/Pin_Step_Y.lst -g -Wall -ffunction-sections -Og -ffat-lto-objects -c Generated_Source\PSoC5\Pin_Step_Y.c -o .\CortexM3\ARM_GCC_493\Debug\Pin_Step_Y.o
arm-none-eabi-gcc.exe -mcpu=cortex-m3 -mthumb -I. -IGenerated_Source\PSoC5 -Wa,-alh=.\CortexM3\ARM_GCC_493\Debug/Pin_Step_Z.lst -g -Wall -ffunction-sections -Og -ffat-lto-objects -c Generated_Source\PSoC5\Pin_Step_Z.c -o .\CortexM3\ARM_GCC_493\Debug\Pin_Step_Z.o
arm-none-eabi-gcc.exe -mcpu=cortex-m3 -mthumb -I. -IGenerated_Source\PSoC5 -Wa,-alh=.\CortexM3\ARM_GCC_493\Debug/Pin_Dir_X.lst -g -Wall -ffunction-sections -Og -ffat-lto-objects -c Generated_Source\PSoC5\Pin_Dir_X.c -o .\CortexM3\ARM_GCC_493\Debug\Pin_Dir_X.o
arm-none-eabi-gcc.exe -mcpu=cortex-m3 -mthumb -I. -IGenerated_Source\PSoC5 -Wa,-alh=.\CortexM3\ARM_GCC_493\Debug/Pin_Dir_Y.lst -g -Wall -ffunction-sections -Og -ffat-lto-objects -c Generated_Source\PSoC5\Pin_Dir_Y.c -o .\CortexM3\ARM_GCC_493\Debug\Pin_Dir_Y.o
arm-none-eabi-gcc.exe -mcpu=cortex-m3 -mthumb -I. -IGenerated_Source\PSoC5 -Wa,-alh=.\CortexM3\ARM_GCC_493\Debug/Pin_Dir_Z.lst -g -Wall -ffunction-sections -Og -ffat-lto-objects -c Generated_Source\PSoC5\Pin_Dir_Z.c -o .\CortexM3\ARM_GCC_493\Debug\Pin_Dir_Z.o
arm-none-eabi-gcc.exe -mcpu=cortex-m3 -mthumb -I. -IGenerated_Source\PSoC5 -Wa,-alh=.\CortexM3\ARM_GCC_493\Debug/PWM_Spindle.lst -g -Wall -ffunction-sections -Og -ffat-lto-objects -c Generated_Source\PSoC5\PWM_Spindle.c -o .\CortexM3\ARM_GCC_493\Debug\PWM_Spindle.o
arm-none-eabi-gcc.exe -mcpu=cortex-m3 -mthumb -I. -IGenerated_Source\PSoC5 -Wa,-alh=.\CortexM3\ARM_GCC_493\Debug/PWM_Spindle_PM.lst -g -Wall -ffunction-sections -Og -ffat-lto-objects -c Generated_Source\PSoC5\PWM_Spindle_PM.c -o .\CortexM3\ARM_GCC_493\Debug\PWM_Spindle_PM.o
arm-none-eabi-gcc.exe -mcpu=cortex-m3 -mthumb -I. -IGenerated_Source\PSoC5 -Wa,-alh=.\CortexM3\ARM_GCC_493\Debug/Clock_1.lst -g -Wall -ffunction-sections -Og -ffat-lto-objects -c Generated_Source\PSoC5\Clock_1.c -o .\CortexM3\ARM_GCC_493\Debug\Clock_1.o
arm-none-eabi-gcc.exe -mcpu=cortex-m3 -mthumb -I. -IGenerated_Source\PSoC5 -Wa,-alh=.\CortexM3\ARM_GCC_493\Debug/Pin_Spindle.lst -g -Wall -ffunction-sections -Og -ffat-lto-objects -c Generated_Source\PSoC5\Pin_Spindle.c -o .\CortexM3\ARM_GCC_493\Debug\Pin_Spindle.o
arm-none-eabi-gcc.exe -mcpu=cortex-m3 -mthumb -I. -IGenerated_Source\PSoC5 -Wa,-alh=.\CortexM3\ARM_GCC_493\Debug/Pin_Spindle_Direction.lst -g -Wall -ffunction-sections -Og -ffat-lto-objects -c Generated_Source\PSoC5\Pin_Spindle_Direction.c -o .\CortexM3\ARM_GCC_493\Debug\Pin_Spindle_Direction.o
arm-none-eabi-gcc.exe -mcpu=cortex-m3 -mthumb -I. -IGenerated_Source\PSoC5 -Wa,-alh=.\CortexM3\ARM_GCC_493\Debug/Pin_Spindle_Enable.lst -g -Wall -ffunction-sections -Og -ffat-lto-objects -c Generated_Source\PSoC5\Pin_Spindle_Enable.c -o .\CortexM3\ARM_GCC_493\Debug\Pin_Spindle_Enable.o
arm-none-eabi-gcc.exe -mcpu=cortex-m3 -mthumb -I. -IGenerated_Source\PSoC5 -Wa,-alh=.\CortexM3\ARM_GCC_493\Debug/Stepper_Timer.lst -g -Wall -ffunction-sections -Og -ffat-lto-objects -c Generated_Source\PSoC5\Stepper_Timer.c -o .\CortexM3\ARM_GCC_493\Debug\Stepper_Timer.o
arm-none-eabi-gcc.exe -mcpu=cortex-m3 -mthumb -I. -IGenerated_Source\PSoC5 -Wa,-alh=.\CortexM3\ARM_GCC_493\Debug/Stepper_Timer_PM.lst -g -Wall -ffunction-sections -Og -ffat-lto-objects -c Generated_Source\PSoC5\Stepper_Timer_PM.c -o .\CortexM3\ARM_GCC_493\Debug\Stepper_Timer_PM.o
arm-none-eabi-gcc.exe -mcpu=cortex-m3 -mthumb -I. -IGenerated_Source\PSoC5 -Wa,-alh=.\CortexM3\ARM_GCC_493\Debug/isr_Step.lst -g -Wall -ffunction-sections -Og -ffat-lto-objects -c Generated_Source\PSoC5\isr_Step.c -o .\CortexM3\ARM_GCC_493\Debug\isr_Step.o
arm-none-eabi-gcc.exe -mcpu=cortex-m3 -mthumb -I. -IGenerated_Source\PSoC5 -Wa,-alh=.\CortexM3\ARM_GCC_493\Debug/Clock_LCD_Update.lst -g -Wall -ffunction-sections -Og -ffat-lto-objects -c Generated_Source\PSoC5\Clock_LCD_Update.c -o .\CortexM3\ARM_GCC_493\Debug\Clock_LCD_Update.o
arm-none-eabi-gcc.exe -mcpu=cortex-m3 -mthumb -I. -IGenerated_Source\PSoC5 -Wa,-alh=.\CortexM3\ARM_GCC_493\Debug/isr_LCD_Update.lst -g -Wall -ffunction-sections -Og -ffat-lto-objects -c Generated_Source\PSoC5\isr_LCD_Update.c -o .\CortexM3\ARM_GCC_493\Debug\isr_LCD_Update.o
arm-none-eabi-gcc.exe -mcpu=cortex-m3 -mthumb -I. -IGenerated_Source\PSoC5 -Wa,-alh=.\CortexM3\ARM_GCC_493\Debug/Flood_Coolant_Pin.lst -g -Wall -ffunction-sections -Og -ffat-lto-objects -c Generated_Source\PSoC5\Flood_Coolant_Pin.c -o .\CortexM3\ARM_GCC_493\Debug\Flood_Coolant_Pin.o
arm-none-eabi-gcc.exe -mcpu=cortex-m3 -mthumb -I. -IGenerated_Source\PSoC5 -Wa,-alh=.\CortexM3\ARM_GCC_493\Debug/Mist_Coolant_Pin.lst -g -Wall -ffunction-sections -Og -ffat-lto-objects -c Generated_Source\PSoC5\Mist_Coolant_Pin.c -o .\CortexM3\ARM_GCC_493\Debug\Mist_Coolant_Pin.o
arm-none-eabi-gcc.exe -mcpu=cortex-m3 -mthumb -I. -IGenerated_Source\PSoC5 -Wa,-alh=.\CortexM3\ARM_GCC_493\Debug/QuadDec.lst -g -Wall -ffunction-sections -Og -ffat-lto-objects -c Generated_Source\PSoC5\QuadDec.c -o .\CortexM3\ARM_GCC_493\Debug\QuadDec.o
arm-none-eabi-gcc.exe -mcpu=cortex-m3 -mthumb -I. -IGenerated_Source\PSoC5 -Wa,-alh=.\CortexM3\ARM_GCC_493\Debug/QuadDec_PM.lst -g -Wall -ffunction-sections -Og -ffat-lto-objects -c Generated_Source\PSoC5\QuadDec_PM.c -o .\CortexM3\ARM_GCC_493\Debug\QuadDec_PM.o
arm-none-eabi-gcc.exe -mcpu=cortex-m3 -mthumb -I. -IGenerated_Source\PSoC5 -Wa,-alh=.\CortexM3\ARM_GCC_493\Debug/Pin_Quad_A.lst -g -Wall -ffunction-sections -Og -ffat-lto-objects -c Generated_Source\PSoC5\Pin_Quad_A.c -o .\CortexM3\ARM_GCC_493\Debug\Pin_Quad_A.o
arm-none-eabi-gcc.exe -mcpu=cortex-m3 -mthumb -I. -IGenerated_Source\PSoC5 -Wa,-alh=.\CortexM3\ARM_GCC_493\Debug/Pin_Quad_B.lst -g -Wall -ffunction-sections -Og -ffat-lto-objects -c Generated_Source\PSoC5\Pin_Quad_B.c -o .\CortexM3\ARM_GCC_493\Debug\Pin_Quad_B.o
arm-none-eabi-gcc.exe -mcpu=cortex-m3 -mthumb -I. -IGenerated_Source\PSoC5 -Wa,-alh=.\CortexM3\ARM_GCC_493\Debug/QuadDec_Cnt16.lst -g -Wall -ffunction-sections -Og -ffat-lto-objects -c Generated_Source\PSoC5\QuadDec_Cnt16.c -o .\CortexM3\ARM_GCC_493\Debug\QuadDec_Cnt16.o
arm-none-eabi-gcc.exe -mcpu=cortex-m3 -mthumb -I. -IGenerated_Source\PSoC5 -Wa,-alh=.\CortexM3\ARM_GCC_493\Debug/QuadDec_Cnt16_PM.lst -g -Wall -ffunction-sections -Og -ffat-lto-objects -c Generated_Source\PSoC5\QuadDec_Cnt16_PM.c -o .\CortexM3\ARM_GCC_493\Debug\QuadDec_Cnt16_PM.o
arm-none-eabi-gcc.exe -mcpu=cortex-m3 -mthumb -I. -IGenerated_Source\PSoC5 -Wa,-alh=.\CortexM3\ARM_GCC_493\Debug/Pin_Encoder_Sw.lst -g -Wall -ffunction-sections -Og -ffat-lto-objects -c Generated_Source\PSoC5\Pin_Encoder_Sw.c -o .\CortexM3\ARM_GCC_493\Debug\Pin_Encoder_Sw.o
arm-none-eabi-gcc.exe -mcpu=cortex-m3 -mthumb -I. -IGenerated_Source\PSoC5 -Wa,-alh=.\CortexM3\ARM_GCC_493\Debug/Clock_Sw_DB.lst -g -Wall -ffunction-sections -Og -ffat-lto-objects -c Generated_Source\PSoC5\Clock_Sw_DB.c -o .\CortexM3\ARM_GCC_493\Debug\Clock_Sw_DB.o
arm-none-eabi-gcc.exe -mcpu=cortex-m3 -mthumb -I. -IGenerated_Source\PSoC5 -Wa,-alh=.\CortexM3\ARM_GCC_493\Debug/isr_Enc_Sw.lst -g -Wall -ffunction-sections -Og -ffat-lto-objects -c Generated_Source\PSoC5\isr_Enc_Sw.c -o .\CortexM3\ARM_GCC_493\Debug\isr_Enc_Sw.o
arm-none-eabi-gcc.exe -mcpu=cortex-m3 -mthumb -I. -IGenerated_Source\PSoC5 -Wa,-alh=.\CortexM3\ARM_GCC_493\Debug/Pin_X_Lim.lst -g -Wall -ffunction-sections -Og -ffat-lto-objects -c Generated_Source\PSoC5\Pin_X_Lim.c -o .\CortexM3\ARM_GCC_493\Debug\Pin_X_Lim.o
arm-none-eabi-gcc.exe -mcpu=cortex-m3 -mthumb -I. -IGenerated_Source\PSoC5 -Wa,-alh=.\CortexM3\ARM_GCC_493\Debug/Pin_Y_Lim.lst -g -Wall -ffunction-sections -Og -ffat-lto-objects -c Generated_Source\PSoC5\Pin_Y_Lim.c -o .\CortexM3\ARM_GCC_493\Debug\Pin_Y_Lim.o
arm-none-eabi-gcc.exe -mcpu=cortex-m3 -mthumb -I. -IGenerated_Source\PSoC5 -Wa,-alh=.\CortexM3\ARM_GCC_493\Debug/Pin_Z_Lim.lst -g -Wall -ffunction-sections -Og -ffat-lto-objects -c Generated_Source\PSoC5\Pin_Z_Lim.c -o .\CortexM3\ARM_GCC_493\Debug\Pin_Z_Lim.o
arm-none-eabi-gcc.exe -mcpu=cortex-m3 -mthumb -I. -IGenerated_Source\PSoC5 -Wa,-alh=.\CortexM3\ARM_GCC_493\Debug/Clock_Lim_DB.lst -g -Wall -ffunction-sections -Og -ffat-lto-objects -c Generated_Source\PSoC5\Clock_Lim_DB.c -o .\CortexM3\ARM_GCC_493\Debug\Clock_Lim_DB.o
arm-none-eabi-gcc.exe -mcpu=cortex-m3 -mthumb -I. -IGenerated_Source\PSoC5 -Wa,-alh=.\CortexM3\ARM_GCC_493\Debug/USBUART.lst -g -Wall -ffunction-sections -Og -ffat-lto-objects -c Generated_Source\PSoC5\USBUART.c -o .\CortexM3\ARM_GCC_493\Debug\USBUART.o
arm-none-eabi-gcc.exe -mcpu=cortex-m3 -mthumb -I. -IGenerated_Source\PSoC5 -Wa,-alh=.\CortexM3\ARM_GCC_493\Debug/USBUART_audio.lst -g -Wall -ffunction-sections -Og -ffat-lto-objects -c Generated_Source\PSoC5\USBUART_audio.c -o .\CortexM3\ARM_GCC_493\Debug\USBUART_audio.o
arm-none-eabi-gcc.exe -mcpu=cortex-m3 -mthumb -I. -IGenerated_Source\PSoC5 -Wa,-alh=.\CortexM3\ARM_GCC_493\Debug/USBUART_boot.lst -g -Wall -ffunction-sections -Og -ffat-lto-objects -c Generated_Source\PSoC5\USBUART_boot.c -o .\CortexM3\ARM_GCC_493\Debug\USBUART_boot.o
arm-none-eabi-gcc.exe -mcpu=cortex-m3 -mthumb -I. -IGenerated_Source\PSoC5 -Wa,-alh=.\CortexM3\ARM_GCC_493\Debug/USBUART_cdc.lst -g -Wall -ffunction-sections -Og -ffat-lto-objects -c Generated_Source\PSoC5\USBUART_cdc.c -o .\CortexM3\ARM_GCC_493\Debug\USBUART_cdc.o
arm-none-eabi-gcc.exe -mcpu=cortex-m3 -mthumb -I. -IGenerated_Source\PSoC5 -Wa,-alh=.\CortexM3\ARM_GCC_493\Debug/USBUART_cls.lst -g -Wall -ffunction-sections -Og -ffat-lto-objects -c Generated_Source\PSoC5\USBUART_cls.c -o .\CortexM3\ARM_GCC_493\Debug\USBUART_cls.o
arm-none-eabi-gcc.exe -mcpu=cortex-m3 -mthumb -I. -IGenerated_Source\PSoC5 -Wa,-alh=.\CortexM3\ARM_GCC_493\Debug/USBUART_descr.lst -g -Wall -ffunction-sections -Og -ffat-lto-objects -c Generated_Source\PSoC5\USBUART_descr.c -o .\CortexM3\ARM_GCC_493\Debug\USBUART_descr.o
arm-none-eabi-gcc.exe -mcpu=cortex-m3 -mthumb -I. -IGenerated_Source\PSoC5 -Wa,-alh=.\CortexM3\ARM_GCC_493\Debug/USBUART_drv.lst -g -Wall -ffunction-sections -Og -ffat-lto-objects -c Generated_Source\PSoC5\USBUART_drv.c -o .\CortexM3\ARM_GCC_493\Debug\USBUART_drv.o
arm-none-eabi-gcc.exe -mcpu=cortex-m3 -mthumb -I. -IGenerated_Source\PSoC5 -Wa,-alh=.\CortexM3\ARM_GCC_493\Debug/USBUART_episr.lst -g -Wall -ffunction-sections -Og -ffat-lto-objects -c Generated_Source\PSoC5\USBUART_episr.c -o .\CortexM3\ARM_GCC_493\Debug\USBUART_episr.o
arm-none-eabi-gcc.exe -mcpu=cortex-m3 -mthumb -I. -IGenerated_Source\PSoC5 -Wa,-alh=.\CortexM3\ARM_GCC_493\Debug/USBUART_hid.lst -g -Wall -ffunction-sections -Og -ffat-lto-objects -c Generated_Source\PSoC5\USBUART_hid.c -o .\CortexM3\ARM_GCC_493\Debug\USBUART_hid.o
arm-none-eabi-gcc.exe -mcpu=cortex-m3 -mthumb -I. -IGenerated_Source\PSoC5 -Wa,-alh=.\CortexM3\ARM_GCC_493\Debug/USBUART_pm.lst -g -Wall -ffunction-sections -Og -ffat-lto-objects -c Generated_Source\PSoC5\USBUART_pm.c -o .\CortexM3\ARM_GCC_493\Debug\USBUART_pm.o
arm-none-eabi-gcc.exe -mcpu=cortex-m3 -mthumb -I. -IGenerated_Source\PSoC5 -Wa,-alh=.\CortexM3\ARM_GCC_493\Debug/USBUART_std.lst -g -Wall -ffunction-sections -Og -ffat-lto-objects -c Generated_Source\PSoC5\USBUART_std.c -o .\CortexM3\ARM_GCC_493\Debug\USBUART_std.o
arm-none-eabi-gcc.exe -mcpu=cortex-m3 -mthumb -I. -IGenerated_Source\PSoC5 -Wa,-alh=.\CortexM3\ARM_GCC_493\Debug/USBUART_vnd.lst -g -Wall -ffunction-sections -Og -ffat-lto-objects -c Generated_Source\PSoC5\USBUART_vnd.c -o .\CortexM3\ARM_GCC_493\Debug\USBUART_vnd.o
arm-none-eabi-gcc.exe -mcpu=cortex-m3 -mthumb -I. -IGenerated_Source\PSoC5 -Wa,-alh=.\CortexM3\ARM_GCC_493\Debug/USBUART_midi.lst -g -Wall -ffunction-sections -Og -ffat-lto-objects -c Generated_Source\PSoC5\USBUART_midi.c -o .\CortexM3\ARM_GCC_493\Debug\USBUART_midi.o
arm-none-eabi-gcc.exe -mcpu=cortex-m3 -mthumb -I. -IGenerated_Source\PSoC5 -Wa,-alh=.\CortexM3\ARM_GCC_493\Debug/USBUART_msc.lst -g -Wall -ffunction-sections -Og -ffat-lto-objects -c Generated_Source\PSoC5\USBUART_msc.c -o .\CortexM3\ARM_GCC_493\Debug\USBUART_msc.o
arm-none-eabi-gcc.exe -mcpu=cortex-m3 -mthumb -I. -IGenerated_Source\PSoC5 -Wa,-alh=.\CortexM3\ARM_GCC_493\Debug/USBUART_Dm.lst -g -Wall -ffunction-sections -Og -ffat-lto-objects -c Generated_Source\PSoC5\USBUART_Dm.c -o .\CortexM3\ARM_GCC_493\Debug\USBUART_Dm.o
arm-none-eabi-gcc.exe -mcpu=cortex-m3 -mthumb -I. -IGenerated_Source\PSoC5 -Wa,-alh=.\CortexM3\ARM_GCC_493\Debug/USBUART_Dp.lst -g -Wall -ffunction-sections -Og -ffat-lto-objects -c Generated_Source\PSoC5\USBUART_Dp.c -o .\CortexM3\ARM_GCC_493\Debug\USBUART_Dp.o
arm-none-eabi-gcc.exe -mcpu=cortex-m3 -mthumb -I. -IGenerated_Source\PSoC5 -Wa,-alh=.\CortexM3\ARM_GCC_493\Debug/LED_PWM.lst -g -Wall -ffunction-sections -Og -ffat-lto-objects -c Generated_Source\PSoC5\LED_PWM.c -o .\CortexM3\ARM_GCC_493\Debug\LED_PWM.o
arm-none-eabi-gcc.exe -mcpu=cortex-m3 -mthumb -I. -IGenerated_Source\PSoC5 -Wa,-alh=.\CortexM3\ARM_GCC_493\Debug/LED_PWM_PM.lst -g -Wall -ffunction-sections -Og -ffat-lto-objects -c Generated_Source\PSoC5\LED_PWM_PM.c -o .\CortexM3\ARM_GCC_493\Debug\LED_PWM_PM.o
arm-none-eabi-gcc.exe -mcpu=cortex-m3 -mthumb -I. -IGenerated_Source\PSoC5 -Wa,-alh=.\CortexM3\ARM_GCC_493\Debug/LED.lst -g -Wall -ffunction-sections -Og -ffat-lto-objects -c Generated_Source\PSoC5\LED.c -o .\CortexM3\ARM_GCC_493\Debug\LED.o
arm-none-eabi-gcc.exe -mcpu=cortex-m3 -mthumb -I. -IGenerated_Source\PSoC5 -Wa,-alh=.\CortexM3\ARM_GCC_493\Debug/CyScBoostClk.lst -g -Wall -ffunction-sections -Og -ffat-lto-objects -c Generated_Source\PSoC5\CyScBoostClk.c -o .\CortexM3\ARM_GCC_493\Debug\CyScBoostClk.o
arm-none-eabi-gcc.exe -mcpu=cortex-m3 -mthumb -I. -IGenerated_Source\PSoC5 -Wa,-alh=.\CortexM3\ARM_GCC_493\Debug/PWM_Clock.lst -g -Wall -ffunction-sections -Og -ffat-lto-objects -c Generated_Source\PSoC5\PWM_Clock.c -o .\CortexM3\ARM_GCC_493\Debug\PWM_Clock.o
arm-none-eabi-as.exe -mcpu=cortex-m3 -mthumb -I. -IGenerated_Source\PSoC5 -alh=.\CortexM3\ARM_GCC_493\Debug/CyBootAsmGnu.lst -g -W -o .\CortexM3\ARM_GCC_493\Debug\CyBootAsmGnu.o Generated_Source\PSoC5\CyBootAsmGnu.s
arm-none-eabi-ar.exe -rs .\CortexM3\ARM_GCC_493\Debug\PSoC_Grbl.a .\CortexM3\ARM_GCC_493\Debug\cyfitter_cfg.o .\CortexM3\ARM_GCC_493\Debug\LCD.o .\CortexM3\ARM_GCC_493\Debug\LCD_PM.o .\CortexM3\ARM_GCC_493\Debug\LCD_CustChars.o .\CortexM3\ARM_GCC_493\Debug\LCD_LCDPort.o .\CortexM3\ARM_GCC_493\Debug\CyDmac.o .\CortexM3\ARM_GCC_493\Debug\CyFlash.o .\CortexM3\ARM_GCC_493\Debug\CyLib.o .\CortexM3\ARM_GCC_493\Debug\cyPm.o .\CortexM3\ARM_GCC_493\Debug\CySpc.o .\CortexM3\ARM_GCC_493\Debug\cyutils.o .\CortexM3\ARM_GCC_493\Debug\EEPROM_PSoC.o .\CortexM3\ARM_GCC_493\Debug\Control_Reg_Step.o .\CortexM3\ARM_GCC_493\Debug\Control_Reg_Step_PM.o .\CortexM3\ARM_GCC_493\Debug\Clock_Step_Pulse.o .\CortexM3\ARM_GCC_493\Debug\Control_Reg_Dir.o .\CortexM3\ARM_GCC_493\Debug\Control_Reg_Dir_PM.o .\CortexM3\ARM_GCC_493\Debug\Stepper_Enable_Pin.o .\CortexM3\ARM_GCC_493\Debug\isr_Limits.o .\CortexM3\ARM_GCC_493\Debug\Probe_Pin.o .\CortexM3\ARM_GCC_493\Debug\Control_Pin.o .\CortexM3\ARM_GCC_493\Debug\isr_Control.o .\CortexM3\ARM_GCC_493\Debug\Status_Control.o .\CortexM3\ARM_GCC_493\Debug\Status_Limit.o .\CortexM3\ARM_GCC_493\Debug\Status_Probe.o .\CortexM3\ARM_GCC_493\Debug\isr_Probe.o .\CortexM3\ARM_GCC_493\Debug\Control_Step_Enable.o .\CortexM3\ARM_GCC_493\Debug\Control_Step_Enable_PM.o .\CortexM3\ARM_GCC_493\Debug\Pin_Step_X.o .\CortexM3\ARM_GCC_493\Debug\Pin_Step_Y.o .\CortexM3\ARM_GCC_493\Debug\Pin_Step_Z.o .\CortexM3\ARM_GCC_493\Debug\Pin_Dir_X.o .\CortexM3\ARM_GCC_493\Debug\Pin_Dir_Y.o .\CortexM3\ARM_GCC_493\Debug\Pin_Dir_Z.o .\CortexM3\ARM_GCC_493\Debug\PWM_Spindle.o .\CortexM3\ARM_GCC_493\Debug\PWM_Spindle_PM.o .\CortexM3\ARM_GCC_493\Debug\Clock_1.o .\CortexM3\ARM_GCC_493\Debug\Pin_Spindle.o .\CortexM3\ARM_GCC_493\Debug\Pin_Spindle_Direction.o .\CortexM3\ARM_GCC_493\Debug\Pin_Spindle_Enable.o .\CortexM3\ARM_GCC_493\Debug\Stepper_Timer.o .\CortexM3\ARM_GCC_493\Debug\Stepper_Timer_PM.o .\CortexM3\ARM_GCC_493\Debug\isr_Step.o .\CortexM3\ARM_GCC_493\Debug\Clock_LCD_Update.o .\CortexM3\ARM_GCC_493\Debug\isr_LCD_Update.o .\CortexM3\ARM_GCC_493\Debug\Flood_Coolant_Pin.o .\CortexM3\ARM_GCC_493\Debug\Mist_Coolant_Pin.o .\CortexM3\ARM_GCC_493\Debug\QuadDec.o .\CortexM3\ARM_GCC_493\Debug\QuadDec_PM.o .\CortexM3\ARM_GCC_493\Debug\Pin_Quad_A.o .\CortexM3\ARM_GCC_493\Debug\Pin_Quad_B.o .\CortexM3\ARM_GCC_493\Debug\QuadDec_Cnt16.o .\CortexM3\ARM_GCC_493\Debug\QuadDec_Cnt16_PM.o .\CortexM3\ARM_GCC_493\Debug\Pin_Encoder_Sw.o .\CortexM3\ARM_GCC_493\Debug\Clock_Sw_DB.o .\CortexM3\ARM_GCC_493\Debug\isr_Enc_Sw.o .\CortexM3\ARM_GCC_493\Debug\Pin_X_Lim.o .\CortexM3\ARM_GCC_493\Debug\Pin_Y_Lim.o .\CortexM3\ARM_GCC_493\Debug\Pin_Z_Lim.o .\CortexM3\ARM_GCC_493\Debug\Clock_Lim_DB.o .\CortexM3\ARM_GCC_493\Debug\USBUART.o .\CortexM3\ARM_GCC_493\Debug\USBUART_audio.o .\CortexM3\ARM_GCC_493\Debug\USBUART_boot.o .\CortexM3\ARM_GCC_493\Debug\USBUART_cdc.o .\CortexM3\ARM_GCC_493\Debug\USBUART_cls.o .\CortexM3\ARM_GCC_493\Debug\USBUART_descr.o .\CortexM3\ARM_GCC_493\Debug\USBUART_drv.o .\CortexM3\ARM_GCC_493\Debug\USBUART_episr.o .\CortexM3\ARM_GCC_493\Debug\USBUART_hid.o .\CortexM3\ARM_GCC_493\Debug\USBUART_pm.o .\CortexM3\ARM_GCC_493\Debug\USBUART_std.o .\CortexM3\ARM_GCC_493\Debug\USBUART_vnd.o .\CortexM3\ARM_GCC_493\Debug\USBUART_midi.o .\CortexM3\ARM_GCC_493\Debug\USBUART_msc.o .\CortexM3\ARM_GCC_493\Debug\USBUART_Dm.o .\CortexM3\ARM_GCC_493\Debug\USBUART_Dp.o .\CortexM3\ARM_GCC_493\Debug\LED_PWM.o .\CortexM3\ARM_GCC_493\Debug\LED_PWM_PM.o .\CortexM3\ARM_GCC_493\Debug\LED.o .\CortexM3\ARM_GCC_493\Debug\CyScBoostClk.o .\CortexM3\ARM_GCC_493\Debug\PWM_Clock.o .\CortexM3\ARM_GCC_493\Debug\CyBootAsmGnu.o
arm-none-eabi-ar.exe: creating .\CortexM3\ARM_GCC_493\Debug\PSoC_Grbl.a
arm-none-eabi-gcc.exe -Wl,--start-group -o .\CortexM3\ARM_GCC_493\Debug\PSoC_Grbl.elf .\CortexM3\ARM_GCC_493\Debug\main.o .\CortexM3\ARM_GCC_493\Debug\lcd_report.o .\CortexM3\ARM_GCC_493\Debug\serial.o .\CortexM3\ARM_GCC_493\Debug\report.o .\CortexM3\ARM_GCC_493\Debug\settings.o .\CortexM3\ARM_GCC_493\Debug\eeprom.o .\CortexM3\ARM_GCC_493\Debug\coolant_control.o .\CortexM3\ARM_GCC_493\Debug\gcode.o .\CortexM3\ARM_GCC_493\Debug\limits.o .\CortexM3\ARM_GCC_493\Debug\nut_bolts.o .\CortexM3\ARM_GCC_493\Debug\planner.o .\CortexM3\ARM_GCC_493\Debug\print.o .\CortexM3\ARM_GCC_493\Debug\probe.o .\CortexM3\ARM_GCC_493\Debug\protocol.o .\CortexM3\ARM_GCC_493\Debug\spindle_control.o .\CortexM3\ARM_GCC_493\Debug\stepper.o .\CortexM3\ARM_GCC_493\Debug\system.o .\CortexM3\ARM_GCC_493\Debug\motion_control.o .\CortexM3\ARM_GCC_493\Debug\jog.o .\CortexM3\ARM_GCC_493\Debug\cymetadata.o .\CortexM3\ARM_GCC_493\Debug\Cm3Start.o .\CortexM3\ARM_GCC_493\Debug\PSoC_Grbl.a "C:\Program Files (x86)\Cypress\PSoC Creator\4.0\PSoC Creator\psoc\content\cycomponentlibrary\CyComponentLibrary.cylib\CortexM3\ARM_GCC_493\Debug\CyComponentLibrary.a" -mcpu=cortex-m3 -mthumb -g -ffunction-sections -Og -ffat-lto-objects -l m -L Generated_Source\PSoC5 -Wl,-Map,.\CortexM3\ARM_GCC_493\Debug/PSoC_Grbl.map -T "C:\Users\miker\Documents\My Libraries\Code_Repo\PSoC_Grbl\PSoC_Grbl.cydsn\Generated_Source\PSoC5\cm3gcc.ld" -specs=nano.specs -u _printf_float -Wl,--gc-sections -Wl,--end-group
cyelftool.exe -C "C:\Users\miker\Documents\My Libraries\Code_Repo\PSoC_Grbl\PSoC_Grbl.cydsn\CortexM3\ARM_GCC_493\Debug\PSoC_Grbl.elf" --flash_row_size 256 --flash_size 262144
cyelftool.exe -S "C:\Users\miker\Documents\My Libraries\Code_Repo\PSoC_Grbl\PSoC_Grbl.cydsn\CortexM3\ARM_GCC_493\Debug\PSoC_Grbl.elf"
Flash used: 60098 of 262144 bytes (22.9%).
SRAM used: 4597 of 65536 bytes (7.0%). Stack: 2048 bytes. Heap: 128 bytes.
--------------- Rebuild Succeeded: 07/01/2018 16:36:00 ---------------
