ARM GAS  C:\Users\miker\AppData\Local\Temp\ccaEowWn.s 			page 1


   1              		.syntax unified
   2              		.cpu cortex-m3
   3              		.fpu softvfp
   4              		.eabi_attribute 20, 1
   5              		.eabi_attribute 21, 1
   6              		.eabi_attribute 23, 3
   7              		.eabi_attribute 24, 1
   8              		.eabi_attribute 25, 1
   9              		.eabi_attribute 26, 1
  10              		.eabi_attribute 30, 1
  11              		.eabi_attribute 34, 1
  12              		.eabi_attribute 18, 4
  13              		.thumb
  14              		.file	"spindle_control.c"
  15              		.text
  16              	.Ltext0:
  17              		.cfi_sections	.debug_frame
  18              		.section	.text.spindle_get_state,"ax",%progbits
  19              		.align	2
  20              		.global	spindle_get_state
  21              		.thumb
  22              		.thumb_func
  23              		.type	spindle_get_state, %function
  24              	spindle_get_state:
  25              	.LFB64:
  26              		.file 1 "spindle_control.c"
   1:spindle_control.c **** /*
   2:spindle_control.c ****   spindle_control.c - spindle control methods
   3:spindle_control.c ****   Part of Grbl
   4:spindle_control.c **** 
   5:spindle_control.c ****   Copyright (c) 2012-2016 Sungeun K. Jeon for Gnea Research LLC
   6:spindle_control.c ****   Copyright (c) 2009-2011 Simen Svale Skogsrud
   7:spindle_control.c **** 
   8:spindle_control.c ****   Grbl is free software: you can redistribute it and/or modify
   9:spindle_control.c ****   it under the terms of the GNU General Public License as published by
  10:spindle_control.c ****   the Free Software Foundation, either version 3 of the License, or
  11:spindle_control.c ****   (at your option) any later version.
  12:spindle_control.c **** 
  13:spindle_control.c ****   Grbl is distributed in the hope that it will be useful,
  14:spindle_control.c ****   but WITHOUT ANY WARRANTY; without even the implied warranty of
  15:spindle_control.c ****   MERCHANTABILITY or FITNESS FOR A PARTICULAR PURPOSE.  See the
  16:spindle_control.c ****   GNU General Public License for more details.
  17:spindle_control.c **** 
  18:spindle_control.c ****   You should have received a copy of the GNU General Public License
  19:spindle_control.c ****   along with Grbl.  If not, see <http://www.gnu.org/licenses/>.
  20:spindle_control.c **** */
  21:spindle_control.c **** 
  22:spindle_control.c **** #include "grbl.h"
  23:spindle_control.c **** 
  24:spindle_control.c **** 
  25:spindle_control.c **** #ifdef VARIABLE_SPINDLE
  26:spindle_control.c ****   static float pwm_gradient; // Precalulated value to speed up rpm to PWM conversions.
  27:spindle_control.c **** #endif
  28:spindle_control.c **** 
  29:spindle_control.c **** // PSoc Rewrite
  30:spindle_control.c **** void spindle_init()
  31:spindle_control.c **** {
ARM GAS  C:\Users\miker\AppData\Local\Temp\ccaEowWn.s 			page 2


  32:spindle_control.c ****   #ifdef VARIABLE_SPINDLE
  33:spindle_control.c **** 
  34:spindle_control.c ****     PWM_Spindle_Start();
  35:spindle_control.c **** 
  36:spindle_control.c ****   #else
  37:spindle_control.c **** 
  38:spindle_control.c ****     // Configure no variable spindle and only enable pin.
  39:spindle_control.c ****     // TO DO Unsupported PSoC option right now
  40:spindle_control.c **** 
  41:spindle_control.c ****   #endif
  42:spindle_control.c **** 
  43:spindle_control.c ****   spindle_stop();
  44:spindle_control.c **** }
  45:spindle_control.c **** 
  46:spindle_control.c **** 
  47:spindle_control.c **** uint8_t spindle_get_state()
  48:spindle_control.c **** {
  27              		.loc 1 48 0
  28              		.cfi_startproc
  29              		@ args = 0, pretend = 0, frame = 0
  30              		@ frame_needed = 0, uses_anonymous_args = 0
  31 0000 08B5     		push	{r3, lr}
  32              		.cfi_def_cfa_offset 8
  33              		.cfi_offset 3, -8
  34              		.cfi_offset 14, -4
  49:spindle_control.c **** 	#ifdef VARIABLE_SPINDLE
  50:spindle_control.c ****     #ifdef USE_SPINDLE_DIR_AS_ENABLE_PIN
  51:spindle_control.c **** 		  // Not Supported in PSoC Yet
  52:spindle_control.c ****     #else
  53:spindle_control.c ****       
  54:spindle_control.c ****       if (Pin_Spindle_Enable_Read()) 
  35              		.loc 1 54 0
  36 0002 FFF7FEFF 		bl	Pin_Spindle_Enable_Read
  37              	.LVL0:
  38 0006 0346     		mov	r3, r0
  39 0008 28B1     		cbz	r0, .L2
  55:spindle_control.c ****       { // Check if PWM is enabled.
  56:spindle_control.c ****         if (Pin_Spindle_Direction_Read())
  40              		.loc 1 56 0
  41 000a FFF7FEFF 		bl	Pin_Spindle_Direction_Read
  42              	.LVL1:
  43 000e 08B1     		cbz	r0, .L3
  57:spindle_control.c ****           { return(SPINDLE_STATE_CCW); }
  44              		.loc 1 57 0
  45 0010 0223     		movs	r3, #2
  46 0012 00E0     		b	.L2
  47              	.L3:
  58:spindle_control.c ****         else 
  59:spindle_control.c ****           { return(SPINDLE_STATE_CW); }
  48              		.loc 1 59 0
  49 0014 0123     		movs	r3, #1
  50              	.L2:
  60:spindle_control.c ****       }
  61:spindle_control.c ****     #endif
  62:spindle_control.c **** 	#else
  63:spindle_control.c **** 		// Not Supported in PSoC Yet
  64:spindle_control.c **** 	#endif
ARM GAS  C:\Users\miker\AppData\Local\Temp\ccaEowWn.s 			page 3


  65:spindle_control.c **** 	return(SPINDLE_STATE_DISABLE);
  66:spindle_control.c **** }
  51              		.loc 1 66 0
  52 0016 1846     		mov	r0, r3
  53 0018 08BD     		pop	{r3, pc}
  54              		.cfi_endproc
  55              	.LFE64:
  56              		.size	spindle_get_state, .-spindle_get_state
  57 001a 00BF     		.section	.text.spindle_stop,"ax",%progbits
  58              		.align	2
  59              		.global	spindle_stop
  60              		.thumb
  61              		.thumb_func
  62              		.type	spindle_stop, %function
  63              	spindle_stop:
  64              	.LFB65:
  67:spindle_control.c **** 
  68:spindle_control.c **** 
  69:spindle_control.c **** // Disables the spindle and sets PWM output to zero when PWM variable spindle speed is enabled.
  70:spindle_control.c **** // Called by various main program and ISR routines. Keep routine small, fast, and efficient.
  71:spindle_control.c **** // Called by spindle_init(), spindle_set_speed(), spindle_set_state(), and mc_reset().
  72:spindle_control.c ****       // PSoC rewrite
  73:spindle_control.c **** void spindle_stop()
  74:spindle_control.c **** {
  65              		.loc 1 74 0
  66              		.cfi_startproc
  67              		@ args = 0, pretend = 0, frame = 0
  68              		@ frame_needed = 0, uses_anonymous_args = 0
  69 0000 08B5     		push	{r3, lr}
  70              		.cfi_def_cfa_offset 8
  71              		.cfi_offset 3, -8
  72              		.cfi_offset 14, -4
  75:spindle_control.c ****   #ifdef VARIABLE_SPINDLE
  76:spindle_control.c ****     PWM_Spindle_WriteCompare(0);
  73              		.loc 1 76 0
  74 0002 0020     		movs	r0, #0
  75 0004 FFF7FEFF 		bl	PWM_Spindle_WriteCompare
  76              	.LVL2:
  77 0008 08BD     		pop	{r3, pc}
  78              		.cfi_endproc
  79              	.LFE65:
  80              		.size	spindle_stop, .-spindle_stop
  81 000a 00BF     		.section	.text.spindle_init,"ax",%progbits
  82              		.align	2
  83              		.global	spindle_init
  84              		.thumb
  85              		.thumb_func
  86              		.type	spindle_init, %function
  87              	spindle_init:
  88              	.LFB63:
  31:spindle_control.c ****   #ifdef VARIABLE_SPINDLE
  89              		.loc 1 31 0
  90              		.cfi_startproc
  91              		@ args = 0, pretend = 0, frame = 0
  92              		@ frame_needed = 0, uses_anonymous_args = 0
  93 0000 08B5     		push	{r3, lr}
  94              		.cfi_def_cfa_offset 8
ARM GAS  C:\Users\miker\AppData\Local\Temp\ccaEowWn.s 			page 4


  95              		.cfi_offset 3, -8
  96              		.cfi_offset 14, -4
  34:spindle_control.c **** 
  97              		.loc 1 34 0
  98 0002 FFF7FEFF 		bl	PWM_Spindle_Start
  99              	.LVL3:
  43:spindle_control.c **** }
 100              		.loc 1 43 0
 101 0006 FFF7FEFF 		bl	spindle_stop
 102              	.LVL4:
 103 000a 08BD     		pop	{r3, pc}
 104              		.cfi_endproc
 105              	.LFE63:
 106              		.size	spindle_init, .-spindle_init
 107              		.section	.text.spindle_set_speed,"ax",%progbits
 108              		.align	2
 109              		.global	spindle_set_speed
 110              		.thumb
 111              		.thumb_func
 112              		.type	spindle_set_speed, %function
 113              	spindle_set_speed:
 114              	.LFB66:
  77:spindle_control.c ****   #else
  78:spindle_control.c ****     // TO DO Unsupported in PSoC
  79:spindle_control.c ****   #endif
  80:spindle_control.c **** }
  81:spindle_control.c **** 
  82:spindle_control.c **** 
  83:spindle_control.c **** #ifdef VARIABLE_SPINDLE
  84:spindle_control.c ****   // Sets spindle speed PWM output and enable pin, if configured. Called by spindle_set_state()
  85:spindle_control.c ****   // and stepper ISR. Keep routine small and efficient.
  86:spindle_control.c ****   // PSoC Rewrite
  87:spindle_control.c ****   void spindle_set_speed(uint8_t pwm_value)
  88:spindle_control.c ****   {
 115              		.loc 1 88 0
 116              		.cfi_startproc
 117              		@ args = 0, pretend = 0, frame = 0
 118              		@ frame_needed = 0, uses_anonymous_args = 0
 119              	.LVL5:
 120 0000 08B5     		push	{r3, lr}
 121              		.cfi_def_cfa_offset 8
 122              		.cfi_offset 3, -8
 123              		.cfi_offset 14, -4
  89:spindle_control.c ****     PWM_Spindle_WriteCompare(pwm_value);
 124              		.loc 1 89 0
 125 0002 FFF7FEFF 		bl	PWM_Spindle_WriteCompare
 126              	.LVL6:
 127 0006 08BD     		pop	{r3, pc}
 128              		.cfi_endproc
 129              	.LFE66:
 130              		.size	spindle_set_speed, .-spindle_set_speed
 131              		.global	__aeabi_i2d
 132              		.global	__aeabi_dmul
 133              		.global	__aeabi_f2d
 134              		.global	__aeabi_d2f
 135              		.global	__aeabi_fcmpge
 136              		.global	__aeabi_fcmple
ARM GAS  C:\Users\miker\AppData\Local\Temp\ccaEowWn.s 			page 5


 137              		.global	__aeabi_fcmpeq
 138              		.global	__aeabi_fsub
 139              		.global	__aeabi_fmul
 140              		.global	__aeabi_dadd
 141              		.global	__aeabi_d2uiz
 142              		.section	.text.spindle_compute_pwm_value,"ax",%progbits
 143              		.align	2
 144              		.global	spindle_compute_pwm_value
 145              		.thumb
 146              		.thumb_func
 147              		.type	spindle_compute_pwm_value, %function
 148              	spindle_compute_pwm_value:
 149              	.LFB67:
  90:spindle_control.c ****   }
  91:spindle_control.c **** 
  92:spindle_control.c **** 
  93:spindle_control.c ****   // Called by spindle_set_state() and step segment generator. Keep routine small and efficient.
  94:spindle_control.c ****   uint8_t spindle_compute_pwm_value(float rpm) // 328p PWM register is 8-bit.
  95:spindle_control.c ****   {
 150              		.loc 1 95 0
 151              		.cfi_startproc
 152              		@ args = 0, pretend = 0, frame = 0
 153              		@ frame_needed = 0, uses_anonymous_args = 0
 154              	.LVL7:
 155 0000 70B5     		push	{r4, r5, r6, lr}
 156              		.cfi_def_cfa_offset 16
 157              		.cfi_offset 4, -16
 158              		.cfi_offset 5, -12
 159              		.cfi_offset 6, -8
 160              		.cfi_offset 14, -4
 161 0002 0646     		mov	r6, r0
  96:spindle_control.c ****     uint8_t pwm_value;
  97:spindle_control.c ****     rpm *= (0.010*sys.spindle_speed_ovr); // Scale by spindle speed override value.
 162              		.loc 1 97 0
 163 0004 284B     		ldr	r3, .L26+8
 164 0006 587A     		ldrb	r0, [r3, #9]	@ zero_extendqisi2
 165              	.LVL8:
 166 0008 FFF7FEFF 		bl	__aeabi_i2d
 167              	.LVL9:
 168 000c 24A3     		adr	r3, .L26
 169 000e D3E90023 		ldrd	r2, [r3]
 170 0012 FFF7FEFF 		bl	__aeabi_dmul
 171              	.LVL10:
 172 0016 0446     		mov	r4, r0
 173 0018 0D46     		mov	r5, r1
 174 001a 3046     		mov	r0, r6
 175 001c FFF7FEFF 		bl	__aeabi_f2d
 176              	.LVL11:
 177 0020 2246     		mov	r2, r4
 178 0022 2B46     		mov	r3, r5
 179 0024 FFF7FEFF 		bl	__aeabi_dmul
 180              	.LVL12:
 181 0028 FFF7FEFF 		bl	__aeabi_d2f
 182              	.LVL13:
 183 002c 0646     		mov	r6, r0
 184              	.LVL14:
  98:spindle_control.c ****     // Calculate PWM register value based on rpm max/min settings and programmed rpm.
ARM GAS  C:\Users\miker\AppData\Local\Temp\ccaEowWn.s 			page 6


  99:spindle_control.c ****     if ((settings.rpm_min >= settings.rpm_max) || (rpm >= settings.rpm_max)) {
 185              		.loc 1 99 0
 186 002e 1F4B     		ldr	r3, .L26+12
 187 0030 5D6C     		ldr	r5, [r3, #68]	@ float
 188 0032 1C6C     		ldr	r4, [r3, #64]	@ float
 189 0034 2846     		mov	r0, r5
 190              	.LVL15:
 191 0036 2146     		mov	r1, r4
 192 0038 FFF7FEFF 		bl	__aeabi_fcmpge
 193              	.LVL16:
 194 003c 20B9     		cbnz	r0, .L12
 195              		.loc 1 99 0 is_stmt 0 discriminator 1
 196 003e 3046     		mov	r0, r6
 197 0040 2146     		mov	r1, r4
 198 0042 FFF7FEFF 		bl	__aeabi_fcmpge
 199              	.LVL17:
 200 0046 18B1     		cbz	r0, .L22
 201              	.L12:
 100:spindle_control.c ****       // No PWM range possible. Set simple on/off spindle control pin state.
 101:spindle_control.c ****       sys.spindle_speed = settings.rpm_max;
 202              		.loc 1 101 0 is_stmt 1
 203 0048 174B     		ldr	r3, .L26+8
 204 004a 1C61     		str	r4, [r3, #16]	@ float
 205              	.LVL18:
 102:spindle_control.c ****       pwm_value = SPINDLE_PWM_MAX_VALUE;
 206              		.loc 1 102 0
 207 004c FF20     		movs	r0, #255
 208 004e 70BD     		pop	{r4, r5, r6, pc}
 209              	.LVL19:
 210              	.L22:
 103:spindle_control.c ****     } else if (rpm <= settings.rpm_min) {
 211              		.loc 1 103 0
 212 0050 3046     		mov	r0, r6
 213 0052 2946     		mov	r1, r5
 214 0054 FFF7FEFF 		bl	__aeabi_fcmple
 215              	.LVL20:
 216 0058 68B1     		cbz	r0, .L23
 104:spindle_control.c ****       if (rpm == 0.0) { // S0 disables spindle
 217              		.loc 1 104 0
 218 005a 3046     		mov	r0, r6
 219 005c 0021     		movs	r1, #0
 220 005e FFF7FEFF 		bl	__aeabi_fcmpeq
 221              	.LVL21:
 222 0062 20B1     		cbz	r0, .L24
 105:spindle_control.c ****         sys.spindle_speed = 0.0;
 223              		.loc 1 105 0
 224 0064 0022     		movs	r2, #0
 225 0066 104B     		ldr	r3, .L26+8
 226 0068 1A61     		str	r2, [r3, #16]	@ float
 227              	.LVL22:
 106:spindle_control.c ****         pwm_value = SPINDLE_PWM_OFF_VALUE;
 228              		.loc 1 106 0
 229 006a 0020     		movs	r0, #0
 230 006c 70BD     		pop	{r4, r5, r6, pc}
 231              	.LVL23:
 232              	.L24:
 107:spindle_control.c ****       } else { // Set minimum PWM output
ARM GAS  C:\Users\miker\AppData\Local\Temp\ccaEowWn.s 			page 7


 108:spindle_control.c ****         sys.spindle_speed = settings.rpm_min;
 233              		.loc 1 108 0
 234 006e 0E4B     		ldr	r3, .L26+8
 235 0070 1D61     		str	r5, [r3, #16]	@ float
 236              	.LVL24:
 109:spindle_control.c ****         pwm_value = SPINDLE_PWM_MIN_VALUE;
 237              		.loc 1 109 0
 238 0072 0120     		movs	r0, #1
 239 0074 70BD     		pop	{r4, r5, r6, pc}
 240              	.LVL25:
 241              	.L23:
 110:spindle_control.c ****       }
 111:spindle_control.c ****     } else { 
 112:spindle_control.c ****       // Compute intermediate PWM value with linear spindle speed model.
 113:spindle_control.c ****       // NOTE: A nonlinear model could be installed here, if required, but keep it VERY light-weigh
 114:spindle_control.c ****       sys.spindle_speed = rpm;
 242              		.loc 1 114 0
 243 0076 0C4B     		ldr	r3, .L26+8
 244 0078 1E61     		str	r6, [r3, #16]	@ float
 115:spindle_control.c ****       pwm_value = floor((rpm-settings.rpm_min)*pwm_gradient) + SPINDLE_PWM_MIN_VALUE;
 245              		.loc 1 115 0
 246 007a 3046     		mov	r0, r6
 247 007c 2946     		mov	r1, r5
 248 007e FFF7FEFF 		bl	__aeabi_fsub
 249              	.LVL26:
 250 0082 0021     		movs	r1, #0
 251 0084 FFF7FEFF 		bl	__aeabi_fmul
 252              	.LVL27:
 253 0088 FFF7FEFF 		bl	__aeabi_f2d
 254              	.LVL28:
 255 008c FFF7FEFF 		bl	floor
 256              	.LVL29:
 257 0090 0022     		movs	r2, #0
 258 0092 074B     		ldr	r3, .L26+16
 259 0094 FFF7FEFF 		bl	__aeabi_dadd
 260              	.LVL30:
 261 0098 FFF7FEFF 		bl	__aeabi_d2uiz
 262              	.LVL31:
 263 009c C0B2     		uxtb	r0, r0
 264              	.LVL32:
 116:spindle_control.c ****     }
 117:spindle_control.c ****     return(pwm_value);
 118:spindle_control.c ****   }
 265              		.loc 1 118 0
 266 009e 70BD     		pop	{r4, r5, r6, pc}
 267              	.LVL33:
 268              	.L27:
 269              		.align	3
 270              	.L26:
 271 00a0 7B14AE47 		.word	1202590843
 272 00a4 E17A843F 		.word	1065646817
 273 00a8 00000000 		.word	sys
 274 00ac 00000000 		.word	settings
 275 00b0 0000F03F 		.word	1072693248
 276              		.cfi_endproc
 277              	.LFE67:
 278              		.size	spindle_compute_pwm_value, .-spindle_compute_pwm_value
ARM GAS  C:\Users\miker\AppData\Local\Temp\ccaEowWn.s 			page 8


 279 00b4 AFF30080 		.section	.text.spindle_set_state,"ax",%progbits
 280              		.align	2
 281              		.global	spindle_set_state
 282              		.thumb
 283              		.thumb_func
 284              		.type	spindle_set_state, %function
 285              	spindle_set_state:
 286              	.LFB68:
 119:spindle_control.c **** #endif
 120:spindle_control.c **** 
 121:spindle_control.c **** 
 122:spindle_control.c **** // Immediately sets spindle running state with direction and spindle rpm via PWM, if enabled.
 123:spindle_control.c **** // Called by g-code parser spindle_sync(), parking retract and restore, g-code program end,
 124:spindle_control.c **** // sleep, and spindle stop override.
 125:spindle_control.c **** #ifdef VARIABLE_SPINDLE
 126:spindle_control.c ****   void spindle_set_state(uint8_t state, float rpm)
 127:spindle_control.c **** #else
 128:spindle_control.c ****   void _spindle_set_state(uint8_t state)
 129:spindle_control.c **** #endif
 130:spindle_control.c **** {
 287              		.loc 1 130 0
 288              		.cfi_startproc
 289              		@ args = 0, pretend = 0, frame = 0
 290              		@ frame_needed = 0, uses_anonymous_args = 0
 291              	.LVL34:
 292 0000 38B5     		push	{r3, r4, r5, lr}
 293              		.cfi_def_cfa_offset 16
 294              		.cfi_offset 3, -16
 295              		.cfi_offset 4, -12
 296              		.cfi_offset 5, -8
 297              		.cfi_offset 14, -4
 131:spindle_control.c ****   if (sys.abort) { return; } // Block during abort.
 298              		.loc 1 131 0
 299 0002 124B     		ldr	r3, .L35
 300 0004 5B78     		ldrb	r3, [r3, #1]	@ zero_extendqisi2
 301 0006 FBB9     		cbnz	r3, .L28
 302 0008 0446     		mov	r4, r0
 303 000a 0D46     		mov	r5, r1
 132:spindle_control.c ****   if (state == SPINDLE_DISABLE) { // Halt or set spindle direction and rpm.
 304              		.loc 1 132 0
 305 000c 28B9     		cbnz	r0, .L30
 133:spindle_control.c ****   
 134:spindle_control.c ****     #ifdef VARIABLE_SPINDLE
 135:spindle_control.c ****       sys.spindle_speed = 0.0;
 306              		.loc 1 135 0
 307 000e 0022     		movs	r2, #0
 308 0010 0E4B     		ldr	r3, .L35
 309 0012 1A61     		str	r2, [r3, #16]	@ float
 136:spindle_control.c ****     #endif
 137:spindle_control.c ****     spindle_stop();
 310              		.loc 1 137 0
 311 0014 FFF7FEFF 		bl	spindle_stop
 312              	.LVL35:
 313 0018 13E0     		b	.L31
 314              	.LVL36:
 315              	.L30:
 138:spindle_control.c ****   
ARM GAS  C:\Users\miker\AppData\Local\Temp\ccaEowWn.s 			page 9


 139:spindle_control.c ****   } else {
 140:spindle_control.c ****   
 141:spindle_control.c ****     #ifndef USE_SPINDLE_DIR_AS_ENABLE_PIN
 142:spindle_control.c ****       Pin_Spindle_Direction_Write(state == SPINDLE_ENABLE_CW);  // PSoC Rewrite       
 316              		.loc 1 142 0
 317 001a 1028     		cmp	r0, #16
 318 001c 14BF     		ite	ne
 319 001e 0020     		movne	r0, #0
 320              	.LVL37:
 321 0020 0120     		moveq	r0, #1
 322 0022 FFF7FEFF 		bl	Pin_Spindle_Direction_Write
 323              	.LVL38:
 143:spindle_control.c ****     #endif
 144:spindle_control.c ****   
 145:spindle_control.c ****     #ifdef VARIABLE_SPINDLE
 146:spindle_control.c ****       // NOTE: Assumes all calls to this function is when Grbl is not moving or must remain off.
 147:spindle_control.c ****       if (settings.flags & BITFLAG_LASER_MODE) { 
 324              		.loc 1 147 0
 325 0026 0A4B     		ldr	r3, .L35+4
 326 0028 93F84830 		ldrb	r3, [r3, #72]	@ zero_extendqisi2
 327 002c 13F0020F 		tst	r3, #2
 328 0030 02D0     		beq	.L32
 148:spindle_control.c ****         if (state == SPINDLE_ENABLE_CCW) { rpm = 0.0; } // TODO: May need to be rpm_min*(100/MAX_SP
 329              		.loc 1 148 0
 330 0032 202C     		cmp	r4, #32
 331 0034 00D1     		bne	.L32
 332 0036 0025     		movs	r5, #0
 333              	.LVL39:
 334              	.L32:
 149:spindle_control.c ****       }
 150:spindle_control.c ****       spindle_set_speed(spindle_compute_pwm_value(rpm));
 335              		.loc 1 150 0
 336 0038 2846     		mov	r0, r5
 337 003a FFF7FEFF 		bl	spindle_compute_pwm_value
 338              	.LVL40:
 339 003e FFF7FEFF 		bl	spindle_set_speed
 340              	.LVL41:
 341              	.L31:
 151:spindle_control.c ****     #endif
 152:spindle_control.c ****     #if defined(USE_SPINDLE_DIR_AS_ENABLE_PIN) || !defined(VARIABLE_SPINDLE)
 153:spindle_control.c ****       // NOTE: Without variable spindle, the enable bit should just turn on or off, regardless
 154:spindle_control.c ****       // if the spindle speed value is zero, as its ignored anyhow.
 155:spindle_control.c ****       #ifdef INVERT_SPINDLE_ENABLE_PIN
 156:spindle_control.c ****         SPINDLE_ENABLE_PORT &= ~(1<<SPINDLE_ENABLE_BIT);
 157:spindle_control.c ****       #else
 158:spindle_control.c ****         SPINDLE_ENABLE_PORT |= (1<<SPINDLE_ENABLE_BIT);
 159:spindle_control.c ****       #endif    
 160:spindle_control.c ****     #endif
 161:spindle_control.c ****   
 162:spindle_control.c ****   }
 163:spindle_control.c ****   
 164:spindle_control.c ****   sys.report_ovr_counter = 0; // Set to report change immediately
 342              		.loc 1 164 0
 343 0042 0022     		movs	r2, #0
 344 0044 014B     		ldr	r3, .L35
 345 0046 DA72     		strb	r2, [r3, #11]
 346              	.LVL42:
ARM GAS  C:\Users\miker\AppData\Local\Temp\ccaEowWn.s 			page 10


 347              	.L28:
 348 0048 38BD     		pop	{r3, r4, r5, pc}
 349              	.L36:
 350 004a 00BF     		.align	2
 351              	.L35:
 352 004c 00000000 		.word	sys
 353 0050 00000000 		.word	settings
 354              		.cfi_endproc
 355              	.LFE68:
 356              		.size	spindle_set_state, .-spindle_set_state
 357              		.section	.text.spindle_sync,"ax",%progbits
 358              		.align	2
 359              		.global	spindle_sync
 360              		.thumb
 361              		.thumb_func
 362              		.type	spindle_sync, %function
 363              	spindle_sync:
 364              	.LFB69:
 165:spindle_control.c **** }
 166:spindle_control.c **** 
 167:spindle_control.c **** 
 168:spindle_control.c **** // G-code parser entry-point for setting spindle state. Forces a planner buffer sync and bails 
 169:spindle_control.c **** // if an abort or check-mode is active.
 170:spindle_control.c **** #ifdef VARIABLE_SPINDLE
 171:spindle_control.c ****   void spindle_sync(uint8_t state, float rpm)
 172:spindle_control.c ****   {
 365              		.loc 1 172 0
 366              		.cfi_startproc
 367              		@ args = 0, pretend = 0, frame = 0
 368              		@ frame_needed = 0, uses_anonymous_args = 0
 369              	.LVL43:
 370 0000 38B5     		push	{r3, r4, r5, lr}
 371              		.cfi_def_cfa_offset 16
 372              		.cfi_offset 3, -16
 373              		.cfi_offset 4, -12
 374              		.cfi_offset 5, -8
 375              		.cfi_offset 14, -4
 173:spindle_control.c ****     if (sys.state == STATE_CHECK_MODE) { return; }
 376              		.loc 1 173 0
 377 0002 064B     		ldr	r3, .L40
 378 0004 1B78     		ldrb	r3, [r3]	@ zero_extendqisi2
 379 0006 022B     		cmp	r3, #2
 380 0008 07D0     		beq	.L37
 381 000a 0C46     		mov	r4, r1
 382 000c 0546     		mov	r5, r0
 174:spindle_control.c ****     protocol_buffer_synchronize(); // Empty planner buffer to ensure spindle is set when programmed
 383              		.loc 1 174 0
 384 000e FFF7FEFF 		bl	protocol_buffer_synchronize
 385              	.LVL44:
 175:spindle_control.c ****     spindle_set_state(state,rpm);
 386              		.loc 1 175 0
 387 0012 2846     		mov	r0, r5
 388 0014 2146     		mov	r1, r4
 389 0016 FFF7FEFF 		bl	spindle_set_state
 390              	.LVL45:
 391              	.L37:
 392 001a 38BD     		pop	{r3, r4, r5, pc}
ARM GAS  C:\Users\miker\AppData\Local\Temp\ccaEowWn.s 			page 11


 393              	.L41:
 394              		.align	2
 395              	.L40:
 396 001c 00000000 		.word	sys
 397              		.cfi_endproc
 398              	.LFE69:
 399              		.size	spindle_sync, .-spindle_sync
 400              		.comm	exec_lcd_status,1,1
 401              		.comm	sys_rt_exec_accessory_override,1,1
 402              		.comm	sys_rt_exec_motion_override,1,1
 403              		.comm	sys_rt_exec_alarm,1,1
 404              		.comm	sys_rt_exec_state,1,1
 405              		.comm	sys_probe_state,1,1
 406              		.comm	sys_probe_position,12,4
 407              		.comm	sys_position,12,4
 408              		.text
 409              	.Letext0:
 410              		.file 2 "c:\\program files (x86)\\cypress\\psoc creator\\4.0\\psoc creator\\import\\gnu\\arm\\4.9.
 411              		.file 3 "c:\\program files (x86)\\cypress\\psoc creator\\4.0\\psoc creator\\import\\gnu\\arm\\4.9.
 412              		.file 4 "Generated_Source\\PSoC5/cytypes.h"
 413              		.file 5 "settings.h"
 414              		.file 6 "system.h"
 415              		.file 7 "Generated_Source\\PSoC5/core_cm3.h"
 416              		.file 8 "lcd_report.h"
 417              		.file 9 "Generated_Source\\PSoC5/Pin_Spindle_Enable.h"
 418              		.file 10 "Generated_Source\\PSoC5/Pin_Spindle_Direction.h"
 419              		.file 11 "Generated_Source\\PSoC5/PWM_Spindle.h"
 420              		.file 12 "c:\\program files (x86)\\cypress\\psoc creator\\4.0\\psoc creator\\import\\gnu\\arm\\4.9
 421              		.file 13 "protocol.h"
 422              		.section	.debug_info,"",%progbits
 423              	.Ldebug_info0:
 424 0000 8D050000 		.4byte	0x58d
 425 0004 0400     		.2byte	0x4
 426 0006 00000000 		.4byte	.Ldebug_abbrev0
 427 000a 04       		.byte	0x4
 428 000b 01       		.uleb128 0x1
 429 000c 23040000 		.4byte	.LASF77
 430 0010 01       		.byte	0x1
 431 0011 04010000 		.4byte	.LASF78
 432 0015 50050000 		.4byte	.LASF79
 433 0019 00000000 		.4byte	.Ldebug_ranges0+0
 434 001d 00000000 		.4byte	0
 435 0021 00000000 		.4byte	.Ldebug_line0
 436 0025 02       		.uleb128 0x2
 437 0026 04       		.byte	0x4
 438 0027 04       		.byte	0x4
 439 0028 FE000000 		.4byte	.LASF0
 440 002c 02       		.uleb128 0x2
 441 002d 01       		.byte	0x1
 442 002e 06       		.byte	0x6
 443 002f 1F020000 		.4byte	.LASF1
 444 0033 03       		.uleb128 0x3
 445 0034 79010000 		.4byte	.LASF4
 446 0038 02       		.byte	0x2
 447 0039 1D       		.byte	0x1d
 448 003a 3E000000 		.4byte	0x3e
 449 003e 02       		.uleb128 0x2
ARM GAS  C:\Users\miker\AppData\Local\Temp\ccaEowWn.s 			page 12


 450 003f 01       		.byte	0x1
 451 0040 08       		.byte	0x8
 452 0041 0B020000 		.4byte	.LASF2
 453 0045 02       		.uleb128 0x2
 454 0046 02       		.byte	0x2
 455 0047 05       		.byte	0x5
 456 0048 69000000 		.4byte	.LASF3
 457 004c 03       		.uleb128 0x3
 458 004d 85000000 		.4byte	.LASF5
 459 0051 02       		.byte	0x2
 460 0052 2B       		.byte	0x2b
 461 0053 57000000 		.4byte	0x57
 462 0057 02       		.uleb128 0x2
 463 0058 02       		.byte	0x2
 464 0059 07       		.byte	0x7
 465 005a E0020000 		.4byte	.LASF6
 466 005e 03       		.uleb128 0x3
 467 005f 06040000 		.4byte	.LASF7
 468 0063 02       		.byte	0x2
 469 0064 3F       		.byte	0x3f
 470 0065 69000000 		.4byte	0x69
 471 0069 02       		.uleb128 0x2
 472 006a 04       		.byte	0x4
 473 006b 05       		.byte	0x5
 474 006c 1A030000 		.4byte	.LASF8
 475 0070 02       		.uleb128 0x2
 476 0071 04       		.byte	0x4
 477 0072 07       		.byte	0x7
 478 0073 6E020000 		.4byte	.LASF9
 479 0077 02       		.uleb128 0x2
 480 0078 08       		.byte	0x8
 481 0079 05       		.byte	0x5
 482 007a 1F010000 		.4byte	.LASF10
 483 007e 02       		.uleb128 0x2
 484 007f 08       		.byte	0x8
 485 0080 07       		.byte	0x7
 486 0081 31020000 		.4byte	.LASF11
 487 0085 04       		.uleb128 0x4
 488 0086 04       		.byte	0x4
 489 0087 05       		.byte	0x5
 490 0088 696E7400 		.ascii	"int\000"
 491 008c 02       		.uleb128 0x2
 492 008d 04       		.byte	0x4
 493 008e 07       		.byte	0x7
 494 008f 48020000 		.4byte	.LASF12
 495 0093 03       		.uleb128 0x3
 496 0094 D6000000 		.4byte	.LASF13
 497 0098 03       		.byte	0x3
 498 0099 15       		.byte	0x15
 499 009a 33000000 		.4byte	0x33
 500 009e 03       		.uleb128 0x3
 501 009f 11030000 		.4byte	.LASF14
 502 00a3 03       		.byte	0x3
 503 00a4 21       		.byte	0x21
 504 00a5 4C000000 		.4byte	0x4c
 505 00a9 03       		.uleb128 0x3
 506 00aa 33030000 		.4byte	.LASF15
ARM GAS  C:\Users\miker\AppData\Local\Temp\ccaEowWn.s 			page 13


 507 00ae 03       		.byte	0x3
 508 00af 2C       		.byte	0x2c
 509 00b0 5E000000 		.4byte	0x5e
 510 00b4 05       		.uleb128 0x5
 511 00b5 DE000000 		.4byte	.LASF16
 512 00b9 04       		.byte	0x4
 513 00ba 9201     		.2byte	0x192
 514 00bc 3E000000 		.4byte	0x3e
 515 00c0 02       		.uleb128 0x2
 516 00c1 08       		.byte	0x8
 517 00c2 04       		.byte	0x4
 518 00c3 C9030000 		.4byte	.LASF17
 519 00c7 02       		.uleb128 0x2
 520 00c8 01       		.byte	0x1
 521 00c9 08       		.byte	0x8
 522 00ca 0C030000 		.4byte	.LASF18
 523 00ce 02       		.uleb128 0x2
 524 00cf 04       		.byte	0x4
 525 00d0 07       		.byte	0x7
 526 00d1 73000000 		.4byte	.LASF19
 527 00d5 06       		.uleb128 0x6
 528 00d6 93000000 		.4byte	0x93
 529 00da 02       		.uleb128 0x2
 530 00db 08       		.byte	0x8
 531 00dc 04       		.byte	0x4
 532 00dd ED010000 		.4byte	.LASF20
 533 00e1 07       		.uleb128 0x7
 534 00e2 5C       		.byte	0x5c
 535 00e3 05       		.byte	0x5
 536 00e4 4F       		.byte	0x4f
 537 00e5 CE010000 		.4byte	0x1ce
 538 00e9 08       		.uleb128 0x8
 539 00ea 6C010000 		.4byte	.LASF21
 540 00ee 05       		.byte	0x5
 541 00ef 51       		.byte	0x51
 542 00f0 CE010000 		.4byte	0x1ce
 543 00f4 00       		.byte	0
 544 00f5 08       		.uleb128 0x8
 545 00f6 09050000 		.4byte	.LASF22
 546 00fa 05       		.byte	0x5
 547 00fb 52       		.byte	0x52
 548 00fc CE010000 		.4byte	0x1ce
 549 0100 0C       		.byte	0xc
 550 0101 08       		.uleb128 0x8
 551 0102 56000000 		.4byte	.LASF23
 552 0106 05       		.byte	0x5
 553 0107 53       		.byte	0x53
 554 0108 CE010000 		.4byte	0x1ce
 555 010c 18       		.byte	0x18
 556 010d 08       		.uleb128 0x8
 557 010e B1040000 		.4byte	.LASF24
 558 0112 05       		.byte	0x5
 559 0113 54       		.byte	0x54
 560 0114 CE010000 		.4byte	0x1ce
 561 0118 24       		.byte	0x24
 562 0119 08       		.uleb128 0x8
 563 011a 79030000 		.4byte	.LASF25
ARM GAS  C:\Users\miker\AppData\Local\Temp\ccaEowWn.s 			page 14


 564 011e 05       		.byte	0x5
 565 011f 57       		.byte	0x57
 566 0120 93000000 		.4byte	0x93
 567 0124 30       		.byte	0x30
 568 0125 08       		.uleb128 0x8
 569 0126 F8040000 		.4byte	.LASF26
 570 012a 05       		.byte	0x5
 571 012b 58       		.byte	0x58
 572 012c 93000000 		.4byte	0x93
 573 0130 31       		.byte	0x31
 574 0131 08       		.uleb128 0x8
 575 0132 23030000 		.4byte	.LASF27
 576 0136 05       		.byte	0x5
 577 0137 59       		.byte	0x59
 578 0138 93000000 		.4byte	0x93
 579 013c 32       		.byte	0x32
 580 013d 08       		.uleb128 0x8
 581 013e BF000000 		.4byte	.LASF28
 582 0142 05       		.byte	0x5
 583 0143 5A       		.byte	0x5a
 584 0144 93000000 		.4byte	0x93
 585 0148 33       		.byte	0x33
 586 0149 08       		.uleb128 0x8
 587 014a BC020000 		.4byte	.LASF29
 588 014e 05       		.byte	0x5
 589 014f 5B       		.byte	0x5b
 590 0150 93000000 		.4byte	0x93
 591 0154 34       		.byte	0x34
 592 0155 08       		.uleb128 0x8
 593 0156 10040000 		.4byte	.LASF30
 594 015a 05       		.byte	0x5
 595 015b 5C       		.byte	0x5c
 596 015c 25000000 		.4byte	0x25
 597 0160 38       		.byte	0x38
 598 0161 08       		.uleb128 0x8
 599 0162 B1010000 		.4byte	.LASF31
 600 0166 05       		.byte	0x5
 601 0167 5D       		.byte	0x5d
 602 0168 25000000 		.4byte	0x25
 603 016c 3C       		.byte	0x3c
 604 016d 08       		.uleb128 0x8
 605 016e 3B030000 		.4byte	.LASF32
 606 0172 05       		.byte	0x5
 607 0173 5F       		.byte	0x5f
 608 0174 25000000 		.4byte	0x25
 609 0178 40       		.byte	0x40
 610 0179 08       		.uleb128 0x8
 611 017a EE030000 		.4byte	.LASF33
 612 017e 05       		.byte	0x5
 613 017f 60       		.byte	0x60
 614 0180 25000000 		.4byte	0x25
 615 0184 44       		.byte	0x44
 616 0185 08       		.uleb128 0x8
 617 0186 2B020000 		.4byte	.LASF34
 618 018a 05       		.byte	0x5
 619 018b 62       		.byte	0x62
 620 018c 93000000 		.4byte	0x93
ARM GAS  C:\Users\miker\AppData\Local\Temp\ccaEowWn.s 			page 15


 621 0190 48       		.byte	0x48
 622 0191 08       		.uleb128 0x8
 623 0192 F6030000 		.4byte	.LASF35
 624 0196 05       		.byte	0x5
 625 0197 64       		.byte	0x64
 626 0198 93000000 		.4byte	0x93
 627 019c 49       		.byte	0x49
 628 019d 08       		.uleb128 0x8
 629 019e BC040000 		.4byte	.LASF36
 630 01a2 05       		.byte	0x5
 631 01a3 65       		.byte	0x65
 632 01a4 25000000 		.4byte	0x25
 633 01a8 4C       		.byte	0x4c
 634 01a9 08       		.uleb128 0x8
 635 01aa D0030000 		.4byte	.LASF37
 636 01ae 05       		.byte	0x5
 637 01af 66       		.byte	0x66
 638 01b0 25000000 		.4byte	0x25
 639 01b4 50       		.byte	0x50
 640 01b5 08       		.uleb128 0x8
 641 01b6 63030000 		.4byte	.LASF38
 642 01ba 05       		.byte	0x5
 643 01bb 67       		.byte	0x67
 644 01bc 9E000000 		.4byte	0x9e
 645 01c0 54       		.byte	0x54
 646 01c1 08       		.uleb128 0x8
 647 01c2 E4000000 		.4byte	.LASF39
 648 01c6 05       		.byte	0x5
 649 01c7 68       		.byte	0x68
 650 01c8 25000000 		.4byte	0x25
 651 01cc 58       		.byte	0x58
 652 01cd 00       		.byte	0
 653 01ce 09       		.uleb128 0x9
 654 01cf 25000000 		.4byte	0x25
 655 01d3 DE010000 		.4byte	0x1de
 656 01d7 0A       		.uleb128 0xa
 657 01d8 CE000000 		.4byte	0xce
 658 01dc 02       		.byte	0x2
 659 01dd 00       		.byte	0
 660 01de 03       		.uleb128 0x3
 661 01df F3000000 		.4byte	.LASF40
 662 01e3 05       		.byte	0x5
 663 01e4 69       		.byte	0x69
 664 01e5 E1000000 		.4byte	0xe1
 665 01e9 07       		.uleb128 0x7
 666 01ea 14       		.byte	0x14
 667 01eb 06       		.byte	0x6
 668 01ec 80       		.byte	0x80
 669 01ed 9A020000 		.4byte	0x29a
 670 01f1 08       		.uleb128 0x8
 671 01f2 63000000 		.4byte	.LASF41
 672 01f6 06       		.byte	0x6
 673 01f7 81       		.byte	0x81
 674 01f8 93000000 		.4byte	0x93
 675 01fc 00       		.byte	0
 676 01fd 08       		.uleb128 0x8
 677 01fe 19020000 		.4byte	.LASF42
ARM GAS  C:\Users\miker\AppData\Local\Temp\ccaEowWn.s 			page 16


 678 0202 06       		.byte	0x6
 679 0203 82       		.byte	0x82
 680 0204 93000000 		.4byte	0x93
 681 0208 01       		.byte	0x1
 682 0209 08       		.uleb128 0x8
 683 020a 50030000 		.4byte	.LASF43
 684 020e 06       		.byte	0x6
 685 020f 83       		.byte	0x83
 686 0210 93000000 		.4byte	0x93
 687 0214 02       		.byte	0x2
 688 0215 08       		.uleb128 0x8
 689 0216 58030000 		.4byte	.LASF44
 690 021a 06       		.byte	0x6
 691 021b 84       		.byte	0x84
 692 021c 93000000 		.4byte	0x93
 693 0220 03       		.byte	0x3
 694 0221 08       		.uleb128 0x8
 695 0222 43030000 		.4byte	.LASF45
 696 0226 06       		.byte	0x6
 697 0227 85       		.byte	0x85
 698 0228 93000000 		.4byte	0x93
 699 022c 04       		.byte	0x4
 700 022d 08       		.uleb128 0x8
 701 022e 4C010000 		.4byte	.LASF46
 702 0232 06       		.byte	0x6
 703 0233 86       		.byte	0x86
 704 0234 93000000 		.4byte	0x93
 705 0238 05       		.byte	0x5
 706 0239 08       		.uleb128 0x8
 707 023a CF020000 		.4byte	.LASF47
 708 023e 06       		.byte	0x6
 709 023f 87       		.byte	0x87
 710 0240 93000000 		.4byte	0x93
 711 0244 06       		.byte	0x6
 712 0245 08       		.uleb128 0x8
 713 0246 55020000 		.4byte	.LASF48
 714 024a 06       		.byte	0x6
 715 024b 88       		.byte	0x88
 716 024c 93000000 		.4byte	0x93
 717 0250 07       		.byte	0x7
 718 0251 08       		.uleb128 0x8
 719 0252 CD040000 		.4byte	.LASF49
 720 0256 06       		.byte	0x6
 721 0257 89       		.byte	0x89
 722 0258 93000000 		.4byte	0x93
 723 025c 08       		.byte	0x8
 724 025d 08       		.uleb128 0x8
 725 025e 2D010000 		.4byte	.LASF50
 726 0262 06       		.byte	0x6
 727 0263 8A       		.byte	0x8a
 728 0264 93000000 		.4byte	0x93
 729 0268 09       		.byte	0x9
 730 0269 08       		.uleb128 0x8
 731 026a 9C030000 		.4byte	.LASF51
 732 026e 06       		.byte	0x6
 733 026f 8B       		.byte	0x8b
 734 0270 93000000 		.4byte	0x93
ARM GAS  C:\Users\miker\AppData\Local\Temp\ccaEowWn.s 			page 17


 735 0274 0A       		.byte	0xa
 736 0275 08       		.uleb128 0x8
 737 0276 83010000 		.4byte	.LASF52
 738 027a 06       		.byte	0x6
 739 027b 8C       		.byte	0x8c
 740 027c 93000000 		.4byte	0x93
 741 0280 0B       		.byte	0xb
 742 0281 08       		.uleb128 0x8
 743 0282 E5040000 		.4byte	.LASF53
 744 0286 06       		.byte	0x6
 745 0287 8D       		.byte	0x8d
 746 0288 93000000 		.4byte	0x93
 747 028c 0C       		.byte	0xc
 748 028d 08       		.uleb128 0x8
 749 028e 60020000 		.4byte	.LASF54
 750 0292 06       		.byte	0x6
 751 0293 8F       		.byte	0x8f
 752 0294 25000000 		.4byte	0x25
 753 0298 10       		.byte	0x10
 754 0299 00       		.byte	0
 755 029a 03       		.uleb128 0x3
 756 029b 7C000000 		.4byte	.LASF55
 757 029f 06       		.byte	0x6
 758 02a0 91       		.byte	0x91
 759 02a1 E9010000 		.4byte	0x1e9
 760 02a5 0B       		.uleb128 0xb
 761 02a6 12000000 		.4byte	.LASF58
 762 02aa 01       		.byte	0x1
 763 02ab 2F       		.byte	0x2f
 764 02ac 93000000 		.4byte	0x93
 765 02b0 00000000 		.4byte	.LFB64
 766 02b4 1A000000 		.4byte	.LFE64-.LFB64
 767 02b8 01       		.uleb128 0x1
 768 02b9 9C       		.byte	0x9c
 769 02ba D1020000 		.4byte	0x2d1
 770 02be 0C       		.uleb128 0xc
 771 02bf 06000000 		.4byte	.LVL0
 772 02c3 33050000 		.4byte	0x533
 773 02c7 0C       		.uleb128 0xc
 774 02c8 0E000000 		.4byte	.LVL1
 775 02cc 3E050000 		.4byte	0x53e
 776 02d0 00       		.byte	0
 777 02d1 0D       		.uleb128 0xd
 778 02d2 49000000 		.4byte	.LASF56
 779 02d6 01       		.byte	0x1
 780 02d7 49       		.byte	0x49
 781 02d8 00000000 		.4byte	.LFB65
 782 02dc 0A000000 		.4byte	.LFE65-.LFB65
 783 02e0 01       		.uleb128 0x1
 784 02e1 9C       		.byte	0x9c
 785 02e2 F6020000 		.4byte	0x2f6
 786 02e6 0E       		.uleb128 0xe
 787 02e7 08000000 		.4byte	.LVL2
 788 02eb 49050000 		.4byte	0x549
 789 02ef 0F       		.uleb128 0xf
 790 02f0 01       		.uleb128 0x1
 791 02f1 50       		.byte	0x50
ARM GAS  C:\Users\miker\AppData\Local\Temp\ccaEowWn.s 			page 18


 792 02f2 01       		.uleb128 0x1
 793 02f3 30       		.byte	0x30
 794 02f4 00       		.byte	0
 795 02f5 00       		.byte	0
 796 02f6 0D       		.uleb128 0xd
 797 02f7 AF020000 		.4byte	.LASF57
 798 02fb 01       		.byte	0x1
 799 02fc 1E       		.byte	0x1e
 800 02fd 00000000 		.4byte	.LFB63
 801 0301 0C000000 		.4byte	.LFE63-.LFB63
 802 0305 01       		.uleb128 0x1
 803 0306 9C       		.byte	0x9c
 804 0307 1E030000 		.4byte	0x31e
 805 030b 0C       		.uleb128 0xc
 806 030c 06000000 		.4byte	.LVL3
 807 0310 5A050000 		.4byte	0x55a
 808 0314 0C       		.uleb128 0xc
 809 0315 0A000000 		.4byte	.LVL4
 810 0319 D1020000 		.4byte	0x2d1
 811 031d 00       		.byte	0
 812 031e 10       		.uleb128 0x10
 813 031f 24050000 		.4byte	.LASF59
 814 0323 01       		.byte	0x1
 815 0324 57       		.byte	0x57
 816 0325 00000000 		.4byte	.LFB66
 817 0329 08000000 		.4byte	.LFE66-.LFB66
 818 032d 01       		.uleb128 0x1
 819 032e 9C       		.byte	0x9c
 820 032f 4C030000 		.4byte	0x34c
 821 0333 11       		.uleb128 0x11
 822 0334 9D000000 		.4byte	.LASF60
 823 0338 01       		.byte	0x1
 824 0339 57       		.byte	0x57
 825 033a 93000000 		.4byte	0x93
 826 033e 00000000 		.4byte	.LLST0
 827 0342 0C       		.uleb128 0xc
 828 0343 06000000 		.4byte	.LVL6
 829 0347 49050000 		.4byte	0x549
 830 034b 00       		.byte	0
 831 034c 12       		.uleb128 0x12
 832 034d 36050000 		.4byte	.LASF80
 833 0351 01       		.byte	0x1
 834 0352 5E       		.byte	0x5e
 835 0353 93000000 		.4byte	0x93
 836 0357 00000000 		.4byte	.LFB67
 837 035b B4000000 		.4byte	.LFE67-.LFB67
 838 035f 01       		.uleb128 0x1
 839 0360 9C       		.byte	0x9c
 840 0361 8D030000 		.4byte	0x38d
 841 0365 13       		.uleb128 0x13
 842 0366 72706D00 		.ascii	"rpm\000"
 843 036a 01       		.byte	0x1
 844 036b 5E       		.byte	0x5e
 845 036c 25000000 		.4byte	0x25
 846 0370 21000000 		.4byte	.LLST1
 847 0374 14       		.uleb128 0x14
 848 0375 9D000000 		.4byte	.LASF60
ARM GAS  C:\Users\miker\AppData\Local\Temp\ccaEowWn.s 			page 19


 849 0379 01       		.byte	0x1
 850 037a 60       		.byte	0x60
 851 037b 93000000 		.4byte	0x93
 852 037f 55000000 		.4byte	.LLST2
 853 0383 0C       		.uleb128 0xc
 854 0384 90000000 		.4byte	.LVL29
 855 0388 61050000 		.4byte	0x561
 856 038c 00       		.byte	0
 857 038d 10       		.uleb128 0x10
 858 038e DB010000 		.4byte	.LASF61
 859 0392 01       		.byte	0x1
 860 0393 7E       		.byte	0x7e
 861 0394 00000000 		.4byte	.LFB68
 862 0398 54000000 		.4byte	.LFE68-.LFB68
 863 039c 01       		.uleb128 0x1
 864 039d 9C       		.byte	0x9c
 865 039e 10040000 		.4byte	0x410
 866 03a2 11       		.uleb128 0x11
 867 03a3 63000000 		.4byte	.LASF41
 868 03a7 01       		.byte	0x1
 869 03a8 7E       		.byte	0x7e
 870 03a9 93000000 		.4byte	0x93
 871 03ad 8D000000 		.4byte	.LLST3
 872 03b1 13       		.uleb128 0x13
 873 03b2 72706D00 		.ascii	"rpm\000"
 874 03b6 01       		.byte	0x1
 875 03b7 7E       		.byte	0x7e
 876 03b8 25000000 		.4byte	0x25
 877 03bc C7000000 		.4byte	.LLST4
 878 03c0 0C       		.uleb128 0xc
 879 03c1 18000000 		.4byte	.LVL35
 880 03c5 D1020000 		.4byte	0x2d1
 881 03c9 15       		.uleb128 0x15
 882 03ca 26000000 		.4byte	.LVL38
 883 03ce 76050000 		.4byte	0x576
 884 03d2 F1030000 		.4byte	0x3f1
 885 03d6 0F       		.uleb128 0xf
 886 03d7 01       		.uleb128 0x1
 887 03d8 50       		.byte	0x50
 888 03d9 16       		.uleb128 0x16
 889 03da 31       		.byte	0x31
 890 03db 30       		.byte	0x30
 891 03dc 74       		.byte	0x74
 892 03dd 00       		.sleb128 0
 893 03de 74       		.byte	0x74
 894 03df 00       		.sleb128 0
 895 03e0 40       		.byte	0x40
 896 03e1 2E       		.byte	0x2e
 897 03e2 28       		.byte	0x28
 898 03e3 0100     		.2byte	0x1
 899 03e5 16       		.byte	0x16
 900 03e6 13       		.byte	0x13
 901 03e7 74       		.byte	0x74
 902 03e8 00       		.sleb128 0
 903 03e9 40       		.byte	0x40
 904 03ea 29       		.byte	0x29
 905 03eb 28       		.byte	0x28
ARM GAS  C:\Users\miker\AppData\Local\Temp\ccaEowWn.s 			page 20


 906 03ec 0100     		.2byte	0x1
 907 03ee 16       		.byte	0x16
 908 03ef 13       		.byte	0x13
 909 03f0 00       		.byte	0
 910 03f1 15       		.uleb128 0x15
 911 03f2 3E000000 		.4byte	.LVL40
 912 03f6 4C030000 		.4byte	0x34c
 913 03fa 06040000 		.4byte	0x406
 914 03fe 0F       		.uleb128 0xf
 915 03ff 01       		.uleb128 0x1
 916 0400 50       		.byte	0x50
 917 0401 03       		.uleb128 0x3
 918 0402 F5       		.byte	0xf5
 919 0403 05       		.uleb128 0x5
 920 0404 25       		.uleb128 0x25
 921 0405 00       		.byte	0
 922 0406 0C       		.uleb128 0xc
 923 0407 42000000 		.4byte	.LVL41
 924 040b 1E030000 		.4byte	0x31e
 925 040f 00       		.byte	0
 926 0410 10       		.uleb128 0x10
 927 0411 90000000 		.4byte	.LASF62
 928 0415 01       		.byte	0x1
 929 0416 AB       		.byte	0xab
 930 0417 00000000 		.4byte	.LFB69
 931 041b 20000000 		.4byte	.LFE69-.LFB69
 932 041f 01       		.uleb128 0x1
 933 0420 9C       		.byte	0x9c
 934 0421 64040000 		.4byte	0x464
 935 0425 11       		.uleb128 0x11
 936 0426 63000000 		.4byte	.LASF41
 937 042a 01       		.byte	0x1
 938 042b AB       		.byte	0xab
 939 042c 93000000 		.4byte	0x93
 940 0430 FB000000 		.4byte	.LLST5
 941 0434 13       		.uleb128 0x13
 942 0435 72706D00 		.ascii	"rpm\000"
 943 0439 01       		.byte	0x1
 944 043a AB       		.byte	0xab
 945 043b 25000000 		.4byte	0x25
 946 043f 1C010000 		.4byte	.LLST6
 947 0443 0C       		.uleb128 0xc
 948 0444 12000000 		.4byte	.LVL44
 949 0448 87050000 		.4byte	0x587
 950 044c 0E       		.uleb128 0xe
 951 044d 1A000000 		.4byte	.LVL45
 952 0451 8D030000 		.4byte	0x38d
 953 0455 0F       		.uleb128 0xf
 954 0456 01       		.uleb128 0x1
 955 0457 51       		.byte	0x51
 956 0458 03       		.uleb128 0x3
 957 0459 F5       		.byte	0xf5
 958 045a 04       		.uleb128 0x4
 959 045b 25       		.uleb128 0x25
 960 045c 0F       		.uleb128 0xf
 961 045d 01       		.uleb128 0x1
 962 045e 50       		.byte	0x50
ARM GAS  C:\Users\miker\AppData\Local\Temp\ccaEowWn.s 			page 21


 963 045f 02       		.uleb128 0x2
 964 0460 75       		.byte	0x75
 965 0461 00       		.sleb128 0
 966 0462 00       		.byte	0
 967 0463 00       		.byte	0
 968 0464 16       		.uleb128 0x16
 969 0465 D8040000 		.4byte	.LASF81
 970 0469 01       		.byte	0x1
 971 046a 1A       		.byte	0x1a
 972 046b 6F040000 		.4byte	0x46f
 973 046f 17       		.uleb128 0x17
 974 0470 25000000 		.4byte	0x25
 975 0474 18       		.uleb128 0x18
 976 0475 E1030000 		.4byte	.LASF63
 977 0479 07       		.byte	0x7
 978 047a 9606     		.2byte	0x696
 979 047c 80040000 		.4byte	0x480
 980 0480 06       		.uleb128 0x6
 981 0481 A9000000 		.4byte	0xa9
 982 0485 19       		.uleb128 0x19
 983 0486 16010000 		.4byte	.LASF64
 984 048a 05       		.byte	0x5
 985 048b 6A       		.byte	0x6a
 986 048c DE010000 		.4byte	0x1de
 987 0490 1A       		.uleb128 0x1a
 988 0491 73797300 		.ascii	"sys\000"
 989 0495 06       		.byte	0x6
 990 0496 92       		.byte	0x92
 991 0497 9A020000 		.4byte	0x29a
 992 049b 09       		.uleb128 0x9
 993 049c A9000000 		.4byte	0xa9
 994 04a0 AB040000 		.4byte	0x4ab
 995 04a4 0A       		.uleb128 0xa
 996 04a5 CE000000 		.4byte	0xce
 997 04a9 02       		.byte	0x2
 998 04aa 00       		.byte	0
 999 04ab 1B       		.uleb128 0x1b
 1000 04ac 3F010000 		.4byte	.LASF65
 1001 04b0 06       		.byte	0x6
 1002 04b1 95       		.byte	0x95
 1003 04b2 9B040000 		.4byte	0x49b
 1004 04b6 05       		.uleb128 0x5
 1005 04b7 03       		.byte	0x3
 1006 04b8 00000000 		.4byte	sys_position
 1007 04bc 1B       		.uleb128 0x1b
 1008 04bd 80020000 		.4byte	.LASF66
 1009 04c1 06       		.byte	0x6
 1010 04c2 96       		.byte	0x96
 1011 04c3 9B040000 		.4byte	0x49b
 1012 04c7 05       		.uleb128 0x5
 1013 04c8 03       		.byte	0x3
 1014 04c9 00000000 		.4byte	sys_probe_position
 1015 04cd 1B       		.uleb128 0x1b
 1016 04ce 8C030000 		.4byte	.LASF67
 1017 04d2 06       		.byte	0x6
 1018 04d3 98       		.byte	0x98
 1019 04d4 D5000000 		.4byte	0xd5
ARM GAS  C:\Users\miker\AppData\Local\Temp\ccaEowWn.s 			page 22


 1020 04d8 05       		.uleb128 0x5
 1021 04d9 03       		.byte	0x3
 1022 04da 00000000 		.4byte	sys_probe_state
 1023 04de 1B       		.uleb128 0x1b
 1024 04df 12050000 		.4byte	.LASF68
 1025 04e3 06       		.byte	0x6
 1026 04e4 99       		.byte	0x99
 1027 04e5 D5000000 		.4byte	0xd5
 1028 04e9 05       		.uleb128 0x5
 1029 04ea 03       		.byte	0x3
 1030 04eb 00000000 		.4byte	sys_rt_exec_state
 1031 04ef 1B       		.uleb128 0x1b
 1032 04f0 00000000 		.4byte	.LASF69
 1033 04f4 06       		.byte	0x6
 1034 04f5 9A       		.byte	0x9a
 1035 04f6 D5000000 		.4byte	0xd5
 1036 04fa 05       		.uleb128 0x5
 1037 04fb 03       		.byte	0x3
 1038 04fc 00000000 		.4byte	sys_rt_exec_alarm
 1039 0500 1B       		.uleb128 0x1b
 1040 0501 93020000 		.4byte	.LASF70
 1041 0505 06       		.byte	0x6
 1042 0506 9B       		.byte	0x9b
 1043 0507 D5000000 		.4byte	0xd5
 1044 050b 05       		.uleb128 0x5
 1045 050c 03       		.byte	0x3
 1046 050d 00000000 		.4byte	sys_rt_exec_motion_override
 1047 0511 1B       		.uleb128 0x1b
 1048 0512 2A000000 		.4byte	.LASF71
 1049 0516 06       		.byte	0x6
 1050 0517 9C       		.byte	0x9c
 1051 0518 D5000000 		.4byte	0xd5
 1052 051c 05       		.uleb128 0x5
 1053 051d 03       		.byte	0x3
 1054 051e 00000000 		.4byte	sys_rt_exec_accessory_override
 1055 0522 1B       		.uleb128 0x1b
 1056 0523 5C010000 		.4byte	.LASF72
 1057 0527 08       		.byte	0x8
 1058 0528 11       		.byte	0x11
 1059 0529 93000000 		.4byte	0x93
 1060 052d 05       		.uleb128 0x5
 1061 052e 03       		.byte	0x3
 1062 052f 00000000 		.4byte	exec_lcd_status
 1063 0533 1C       		.uleb128 0x1c
 1064 0534 A7000000 		.4byte	.LASF73
 1065 0538 09       		.byte	0x9
 1066 0539 29       		.byte	0x29
 1067 053a B4000000 		.4byte	0xb4
 1068 053e 1C       		.uleb128 0x1c
 1069 053f 96010000 		.4byte	.LASF74
 1070 0543 0A       		.byte	0xa
 1071 0544 29       		.byte	0x29
 1072 0545 B4000000 		.4byte	0xb4
 1073 0549 1D       		.uleb128 0x1d
 1074 054a F3020000 		.4byte	.LASF75
 1075 054e 0B       		.byte	0xb
 1076 054f C3       		.byte	0xc3
ARM GAS  C:\Users\miker\AppData\Local\Temp\ccaEowWn.s 			page 23


 1077 0550 5A050000 		.4byte	0x55a
 1078 0554 1E       		.uleb128 0x1e
 1079 0555 B4000000 		.4byte	0xb4
 1080 0559 00       		.byte	0
 1081 055a 1F       		.uleb128 0x1f
 1082 055b F9010000 		.4byte	.LASF82
 1083 055f 0B       		.byte	0xb
 1084 0560 92       		.byte	0x92
 1085 0561 20       		.uleb128 0x20
 1086 0562 24000000 		.4byte	.LASF83
 1087 0566 0C       		.byte	0xc
 1088 0567 75       		.byte	0x75
 1089 0568 C0000000 		.4byte	0xc0
 1090 056c 76050000 		.4byte	0x576
 1091 0570 1E       		.uleb128 0x1e
 1092 0571 C0000000 		.4byte	0xc0
 1093 0575 00       		.byte	0
 1094 0576 1D       		.uleb128 0x1d
 1095 0577 AD030000 		.4byte	.LASF76
 1096 057b 0A       		.byte	0xa
 1097 057c 26       		.byte	0x26
 1098 057d 87050000 		.4byte	0x587
 1099 0581 1E       		.uleb128 0x1e
 1100 0582 B4000000 		.4byte	0xb4
 1101 0586 00       		.byte	0
 1102 0587 21       		.uleb128 0x21
 1103 0588 BF010000 		.4byte	.LASF84
 1104 058c 0D       		.byte	0xd
 1105 058d 30       		.byte	0x30
 1106 058e 22       		.uleb128 0x22
 1107 058f 00       		.byte	0
 1108 0590 00       		.byte	0
 1109              		.section	.debug_abbrev,"",%progbits
 1110              	.Ldebug_abbrev0:
 1111 0000 01       		.uleb128 0x1
 1112 0001 11       		.uleb128 0x11
 1113 0002 01       		.byte	0x1
 1114 0003 25       		.uleb128 0x25
 1115 0004 0E       		.uleb128 0xe
 1116 0005 13       		.uleb128 0x13
 1117 0006 0B       		.uleb128 0xb
 1118 0007 03       		.uleb128 0x3
 1119 0008 0E       		.uleb128 0xe
 1120 0009 1B       		.uleb128 0x1b
 1121 000a 0E       		.uleb128 0xe
 1122 000b 55       		.uleb128 0x55
 1123 000c 17       		.uleb128 0x17
 1124 000d 11       		.uleb128 0x11
 1125 000e 01       		.uleb128 0x1
 1126 000f 10       		.uleb128 0x10
 1127 0010 17       		.uleb128 0x17
 1128 0011 00       		.byte	0
 1129 0012 00       		.byte	0
 1130 0013 02       		.uleb128 0x2
 1131 0014 24       		.uleb128 0x24
 1132 0015 00       		.byte	0
 1133 0016 0B       		.uleb128 0xb
ARM GAS  C:\Users\miker\AppData\Local\Temp\ccaEowWn.s 			page 24


 1134 0017 0B       		.uleb128 0xb
 1135 0018 3E       		.uleb128 0x3e
 1136 0019 0B       		.uleb128 0xb
 1137 001a 03       		.uleb128 0x3
 1138 001b 0E       		.uleb128 0xe
 1139 001c 00       		.byte	0
 1140 001d 00       		.byte	0
 1141 001e 03       		.uleb128 0x3
 1142 001f 16       		.uleb128 0x16
 1143 0020 00       		.byte	0
 1144 0021 03       		.uleb128 0x3
 1145 0022 0E       		.uleb128 0xe
 1146 0023 3A       		.uleb128 0x3a
 1147 0024 0B       		.uleb128 0xb
 1148 0025 3B       		.uleb128 0x3b
 1149 0026 0B       		.uleb128 0xb
 1150 0027 49       		.uleb128 0x49
 1151 0028 13       		.uleb128 0x13
 1152 0029 00       		.byte	0
 1153 002a 00       		.byte	0
 1154 002b 04       		.uleb128 0x4
 1155 002c 24       		.uleb128 0x24
 1156 002d 00       		.byte	0
 1157 002e 0B       		.uleb128 0xb
 1158 002f 0B       		.uleb128 0xb
 1159 0030 3E       		.uleb128 0x3e
 1160 0031 0B       		.uleb128 0xb
 1161 0032 03       		.uleb128 0x3
 1162 0033 08       		.uleb128 0x8
 1163 0034 00       		.byte	0
 1164 0035 00       		.byte	0
 1165 0036 05       		.uleb128 0x5
 1166 0037 16       		.uleb128 0x16
 1167 0038 00       		.byte	0
 1168 0039 03       		.uleb128 0x3
 1169 003a 0E       		.uleb128 0xe
 1170 003b 3A       		.uleb128 0x3a
 1171 003c 0B       		.uleb128 0xb
 1172 003d 3B       		.uleb128 0x3b
 1173 003e 05       		.uleb128 0x5
 1174 003f 49       		.uleb128 0x49
 1175 0040 13       		.uleb128 0x13
 1176 0041 00       		.byte	0
 1177 0042 00       		.byte	0
 1178 0043 06       		.uleb128 0x6
 1179 0044 35       		.uleb128 0x35
 1180 0045 00       		.byte	0
 1181 0046 49       		.uleb128 0x49
 1182 0047 13       		.uleb128 0x13
 1183 0048 00       		.byte	0
 1184 0049 00       		.byte	0
 1185 004a 07       		.uleb128 0x7
 1186 004b 13       		.uleb128 0x13
 1187 004c 01       		.byte	0x1
 1188 004d 0B       		.uleb128 0xb
 1189 004e 0B       		.uleb128 0xb
 1190 004f 3A       		.uleb128 0x3a
ARM GAS  C:\Users\miker\AppData\Local\Temp\ccaEowWn.s 			page 25


 1191 0050 0B       		.uleb128 0xb
 1192 0051 3B       		.uleb128 0x3b
 1193 0052 0B       		.uleb128 0xb
 1194 0053 01       		.uleb128 0x1
 1195 0054 13       		.uleb128 0x13
 1196 0055 00       		.byte	0
 1197 0056 00       		.byte	0
 1198 0057 08       		.uleb128 0x8
 1199 0058 0D       		.uleb128 0xd
 1200 0059 00       		.byte	0
 1201 005a 03       		.uleb128 0x3
 1202 005b 0E       		.uleb128 0xe
 1203 005c 3A       		.uleb128 0x3a
 1204 005d 0B       		.uleb128 0xb
 1205 005e 3B       		.uleb128 0x3b
 1206 005f 0B       		.uleb128 0xb
 1207 0060 49       		.uleb128 0x49
 1208 0061 13       		.uleb128 0x13
 1209 0062 38       		.uleb128 0x38
 1210 0063 0B       		.uleb128 0xb
 1211 0064 00       		.byte	0
 1212 0065 00       		.byte	0
 1213 0066 09       		.uleb128 0x9
 1214 0067 01       		.uleb128 0x1
 1215 0068 01       		.byte	0x1
 1216 0069 49       		.uleb128 0x49
 1217 006a 13       		.uleb128 0x13
 1218 006b 01       		.uleb128 0x1
 1219 006c 13       		.uleb128 0x13
 1220 006d 00       		.byte	0
 1221 006e 00       		.byte	0
 1222 006f 0A       		.uleb128 0xa
 1223 0070 21       		.uleb128 0x21
 1224 0071 00       		.byte	0
 1225 0072 49       		.uleb128 0x49
 1226 0073 13       		.uleb128 0x13
 1227 0074 2F       		.uleb128 0x2f
 1228 0075 0B       		.uleb128 0xb
 1229 0076 00       		.byte	0
 1230 0077 00       		.byte	0
 1231 0078 0B       		.uleb128 0xb
 1232 0079 2E       		.uleb128 0x2e
 1233 007a 01       		.byte	0x1
 1234 007b 3F       		.uleb128 0x3f
 1235 007c 19       		.uleb128 0x19
 1236 007d 03       		.uleb128 0x3
 1237 007e 0E       		.uleb128 0xe
 1238 007f 3A       		.uleb128 0x3a
 1239 0080 0B       		.uleb128 0xb
 1240 0081 3B       		.uleb128 0x3b
 1241 0082 0B       		.uleb128 0xb
 1242 0083 49       		.uleb128 0x49
 1243 0084 13       		.uleb128 0x13
 1244 0085 11       		.uleb128 0x11
 1245 0086 01       		.uleb128 0x1
 1246 0087 12       		.uleb128 0x12
 1247 0088 06       		.uleb128 0x6
ARM GAS  C:\Users\miker\AppData\Local\Temp\ccaEowWn.s 			page 26


 1248 0089 40       		.uleb128 0x40
 1249 008a 18       		.uleb128 0x18
 1250 008b 9742     		.uleb128 0x2117
 1251 008d 19       		.uleb128 0x19
 1252 008e 01       		.uleb128 0x1
 1253 008f 13       		.uleb128 0x13
 1254 0090 00       		.byte	0
 1255 0091 00       		.byte	0
 1256 0092 0C       		.uleb128 0xc
 1257 0093 898201   		.uleb128 0x4109
 1258 0096 00       		.byte	0
 1259 0097 11       		.uleb128 0x11
 1260 0098 01       		.uleb128 0x1
 1261 0099 31       		.uleb128 0x31
 1262 009a 13       		.uleb128 0x13
 1263 009b 00       		.byte	0
 1264 009c 00       		.byte	0
 1265 009d 0D       		.uleb128 0xd
 1266 009e 2E       		.uleb128 0x2e
 1267 009f 01       		.byte	0x1
 1268 00a0 3F       		.uleb128 0x3f
 1269 00a1 19       		.uleb128 0x19
 1270 00a2 03       		.uleb128 0x3
 1271 00a3 0E       		.uleb128 0xe
 1272 00a4 3A       		.uleb128 0x3a
 1273 00a5 0B       		.uleb128 0xb
 1274 00a6 3B       		.uleb128 0x3b
 1275 00a7 0B       		.uleb128 0xb
 1276 00a8 11       		.uleb128 0x11
 1277 00a9 01       		.uleb128 0x1
 1278 00aa 12       		.uleb128 0x12
 1279 00ab 06       		.uleb128 0x6
 1280 00ac 40       		.uleb128 0x40
 1281 00ad 18       		.uleb128 0x18
 1282 00ae 9742     		.uleb128 0x2117
 1283 00b0 19       		.uleb128 0x19
 1284 00b1 01       		.uleb128 0x1
 1285 00b2 13       		.uleb128 0x13
 1286 00b3 00       		.byte	0
 1287 00b4 00       		.byte	0
 1288 00b5 0E       		.uleb128 0xe
 1289 00b6 898201   		.uleb128 0x4109
 1290 00b9 01       		.byte	0x1
 1291 00ba 11       		.uleb128 0x11
 1292 00bb 01       		.uleb128 0x1
 1293 00bc 31       		.uleb128 0x31
 1294 00bd 13       		.uleb128 0x13
 1295 00be 00       		.byte	0
 1296 00bf 00       		.byte	0
 1297 00c0 0F       		.uleb128 0xf
 1298 00c1 8A8201   		.uleb128 0x410a
 1299 00c4 00       		.byte	0
 1300 00c5 02       		.uleb128 0x2
 1301 00c6 18       		.uleb128 0x18
 1302 00c7 9142     		.uleb128 0x2111
 1303 00c9 18       		.uleb128 0x18
 1304 00ca 00       		.byte	0
ARM GAS  C:\Users\miker\AppData\Local\Temp\ccaEowWn.s 			page 27


 1305 00cb 00       		.byte	0
 1306 00cc 10       		.uleb128 0x10
 1307 00cd 2E       		.uleb128 0x2e
 1308 00ce 01       		.byte	0x1
 1309 00cf 3F       		.uleb128 0x3f
 1310 00d0 19       		.uleb128 0x19
 1311 00d1 03       		.uleb128 0x3
 1312 00d2 0E       		.uleb128 0xe
 1313 00d3 3A       		.uleb128 0x3a
 1314 00d4 0B       		.uleb128 0xb
 1315 00d5 3B       		.uleb128 0x3b
 1316 00d6 0B       		.uleb128 0xb
 1317 00d7 27       		.uleb128 0x27
 1318 00d8 19       		.uleb128 0x19
 1319 00d9 11       		.uleb128 0x11
 1320 00da 01       		.uleb128 0x1
 1321 00db 12       		.uleb128 0x12
 1322 00dc 06       		.uleb128 0x6
 1323 00dd 40       		.uleb128 0x40
 1324 00de 18       		.uleb128 0x18
 1325 00df 9742     		.uleb128 0x2117
 1326 00e1 19       		.uleb128 0x19
 1327 00e2 01       		.uleb128 0x1
 1328 00e3 13       		.uleb128 0x13
 1329 00e4 00       		.byte	0
 1330 00e5 00       		.byte	0
 1331 00e6 11       		.uleb128 0x11
 1332 00e7 05       		.uleb128 0x5
 1333 00e8 00       		.byte	0
 1334 00e9 03       		.uleb128 0x3
 1335 00ea 0E       		.uleb128 0xe
 1336 00eb 3A       		.uleb128 0x3a
 1337 00ec 0B       		.uleb128 0xb
 1338 00ed 3B       		.uleb128 0x3b
 1339 00ee 0B       		.uleb128 0xb
 1340 00ef 49       		.uleb128 0x49
 1341 00f0 13       		.uleb128 0x13
 1342 00f1 02       		.uleb128 0x2
 1343 00f2 17       		.uleb128 0x17
 1344 00f3 00       		.byte	0
 1345 00f4 00       		.byte	0
 1346 00f5 12       		.uleb128 0x12
 1347 00f6 2E       		.uleb128 0x2e
 1348 00f7 01       		.byte	0x1
 1349 00f8 3F       		.uleb128 0x3f
 1350 00f9 19       		.uleb128 0x19
 1351 00fa 03       		.uleb128 0x3
 1352 00fb 0E       		.uleb128 0xe
 1353 00fc 3A       		.uleb128 0x3a
 1354 00fd 0B       		.uleb128 0xb
 1355 00fe 3B       		.uleb128 0x3b
 1356 00ff 0B       		.uleb128 0xb
 1357 0100 27       		.uleb128 0x27
 1358 0101 19       		.uleb128 0x19
 1359 0102 49       		.uleb128 0x49
 1360 0103 13       		.uleb128 0x13
 1361 0104 11       		.uleb128 0x11
ARM GAS  C:\Users\miker\AppData\Local\Temp\ccaEowWn.s 			page 28


 1362 0105 01       		.uleb128 0x1
 1363 0106 12       		.uleb128 0x12
 1364 0107 06       		.uleb128 0x6
 1365 0108 40       		.uleb128 0x40
 1366 0109 18       		.uleb128 0x18
 1367 010a 9642     		.uleb128 0x2116
 1368 010c 19       		.uleb128 0x19
 1369 010d 01       		.uleb128 0x1
 1370 010e 13       		.uleb128 0x13
 1371 010f 00       		.byte	0
 1372 0110 00       		.byte	0
 1373 0111 13       		.uleb128 0x13
 1374 0112 05       		.uleb128 0x5
 1375 0113 00       		.byte	0
 1376 0114 03       		.uleb128 0x3
 1377 0115 08       		.uleb128 0x8
 1378 0116 3A       		.uleb128 0x3a
 1379 0117 0B       		.uleb128 0xb
 1380 0118 3B       		.uleb128 0x3b
 1381 0119 0B       		.uleb128 0xb
 1382 011a 49       		.uleb128 0x49
 1383 011b 13       		.uleb128 0x13
 1384 011c 02       		.uleb128 0x2
 1385 011d 17       		.uleb128 0x17
 1386 011e 00       		.byte	0
 1387 011f 00       		.byte	0
 1388 0120 14       		.uleb128 0x14
 1389 0121 34       		.uleb128 0x34
 1390 0122 00       		.byte	0
 1391 0123 03       		.uleb128 0x3
 1392 0124 0E       		.uleb128 0xe
 1393 0125 3A       		.uleb128 0x3a
 1394 0126 0B       		.uleb128 0xb
 1395 0127 3B       		.uleb128 0x3b
 1396 0128 0B       		.uleb128 0xb
 1397 0129 49       		.uleb128 0x49
 1398 012a 13       		.uleb128 0x13
 1399 012b 02       		.uleb128 0x2
 1400 012c 17       		.uleb128 0x17
 1401 012d 00       		.byte	0
 1402 012e 00       		.byte	0
 1403 012f 15       		.uleb128 0x15
 1404 0130 898201   		.uleb128 0x4109
 1405 0133 01       		.byte	0x1
 1406 0134 11       		.uleb128 0x11
 1407 0135 01       		.uleb128 0x1
 1408 0136 31       		.uleb128 0x31
 1409 0137 13       		.uleb128 0x13
 1410 0138 01       		.uleb128 0x1
 1411 0139 13       		.uleb128 0x13
 1412 013a 00       		.byte	0
 1413 013b 00       		.byte	0
 1414 013c 16       		.uleb128 0x16
 1415 013d 34       		.uleb128 0x34
 1416 013e 00       		.byte	0
 1417 013f 03       		.uleb128 0x3
 1418 0140 0E       		.uleb128 0xe
ARM GAS  C:\Users\miker\AppData\Local\Temp\ccaEowWn.s 			page 29


 1419 0141 3A       		.uleb128 0x3a
 1420 0142 0B       		.uleb128 0xb
 1421 0143 3B       		.uleb128 0x3b
 1422 0144 0B       		.uleb128 0xb
 1423 0145 49       		.uleb128 0x49
 1424 0146 13       		.uleb128 0x13
 1425 0147 00       		.byte	0
 1426 0148 00       		.byte	0
 1427 0149 17       		.uleb128 0x17
 1428 014a 26       		.uleb128 0x26
 1429 014b 00       		.byte	0
 1430 014c 49       		.uleb128 0x49
 1431 014d 13       		.uleb128 0x13
 1432 014e 00       		.byte	0
 1433 014f 00       		.byte	0
 1434 0150 18       		.uleb128 0x18
 1435 0151 34       		.uleb128 0x34
 1436 0152 00       		.byte	0
 1437 0153 03       		.uleb128 0x3
 1438 0154 0E       		.uleb128 0xe
 1439 0155 3A       		.uleb128 0x3a
 1440 0156 0B       		.uleb128 0xb
 1441 0157 3B       		.uleb128 0x3b
 1442 0158 05       		.uleb128 0x5
 1443 0159 49       		.uleb128 0x49
 1444 015a 13       		.uleb128 0x13
 1445 015b 3F       		.uleb128 0x3f
 1446 015c 19       		.uleb128 0x19
 1447 015d 3C       		.uleb128 0x3c
 1448 015e 19       		.uleb128 0x19
 1449 015f 00       		.byte	0
 1450 0160 00       		.byte	0
 1451 0161 19       		.uleb128 0x19
 1452 0162 34       		.uleb128 0x34
 1453 0163 00       		.byte	0
 1454 0164 03       		.uleb128 0x3
 1455 0165 0E       		.uleb128 0xe
 1456 0166 3A       		.uleb128 0x3a
 1457 0167 0B       		.uleb128 0xb
 1458 0168 3B       		.uleb128 0x3b
 1459 0169 0B       		.uleb128 0xb
 1460 016a 49       		.uleb128 0x49
 1461 016b 13       		.uleb128 0x13
 1462 016c 3F       		.uleb128 0x3f
 1463 016d 19       		.uleb128 0x19
 1464 016e 3C       		.uleb128 0x3c
 1465 016f 19       		.uleb128 0x19
 1466 0170 00       		.byte	0
 1467 0171 00       		.byte	0
 1468 0172 1A       		.uleb128 0x1a
 1469 0173 34       		.uleb128 0x34
 1470 0174 00       		.byte	0
 1471 0175 03       		.uleb128 0x3
 1472 0176 08       		.uleb128 0x8
 1473 0177 3A       		.uleb128 0x3a
 1474 0178 0B       		.uleb128 0xb
 1475 0179 3B       		.uleb128 0x3b
ARM GAS  C:\Users\miker\AppData\Local\Temp\ccaEowWn.s 			page 30


 1476 017a 0B       		.uleb128 0xb
 1477 017b 49       		.uleb128 0x49
 1478 017c 13       		.uleb128 0x13
 1479 017d 3F       		.uleb128 0x3f
 1480 017e 19       		.uleb128 0x19
 1481 017f 3C       		.uleb128 0x3c
 1482 0180 19       		.uleb128 0x19
 1483 0181 00       		.byte	0
 1484 0182 00       		.byte	0
 1485 0183 1B       		.uleb128 0x1b
 1486 0184 34       		.uleb128 0x34
 1487 0185 00       		.byte	0
 1488 0186 03       		.uleb128 0x3
 1489 0187 0E       		.uleb128 0xe
 1490 0188 3A       		.uleb128 0x3a
 1491 0189 0B       		.uleb128 0xb
 1492 018a 3B       		.uleb128 0x3b
 1493 018b 0B       		.uleb128 0xb
 1494 018c 49       		.uleb128 0x49
 1495 018d 13       		.uleb128 0x13
 1496 018e 3F       		.uleb128 0x3f
 1497 018f 19       		.uleb128 0x19
 1498 0190 02       		.uleb128 0x2
 1499 0191 18       		.uleb128 0x18
 1500 0192 00       		.byte	0
 1501 0193 00       		.byte	0
 1502 0194 1C       		.uleb128 0x1c
 1503 0195 2E       		.uleb128 0x2e
 1504 0196 00       		.byte	0
 1505 0197 3F       		.uleb128 0x3f
 1506 0198 19       		.uleb128 0x19
 1507 0199 03       		.uleb128 0x3
 1508 019a 0E       		.uleb128 0xe
 1509 019b 3A       		.uleb128 0x3a
 1510 019c 0B       		.uleb128 0xb
 1511 019d 3B       		.uleb128 0x3b
 1512 019e 0B       		.uleb128 0xb
 1513 019f 27       		.uleb128 0x27
 1514 01a0 19       		.uleb128 0x19
 1515 01a1 49       		.uleb128 0x49
 1516 01a2 13       		.uleb128 0x13
 1517 01a3 3C       		.uleb128 0x3c
 1518 01a4 19       		.uleb128 0x19
 1519 01a5 00       		.byte	0
 1520 01a6 00       		.byte	0
 1521 01a7 1D       		.uleb128 0x1d
 1522 01a8 2E       		.uleb128 0x2e
 1523 01a9 01       		.byte	0x1
 1524 01aa 3F       		.uleb128 0x3f
 1525 01ab 19       		.uleb128 0x19
 1526 01ac 03       		.uleb128 0x3
 1527 01ad 0E       		.uleb128 0xe
 1528 01ae 3A       		.uleb128 0x3a
 1529 01af 0B       		.uleb128 0xb
 1530 01b0 3B       		.uleb128 0x3b
 1531 01b1 0B       		.uleb128 0xb
 1532 01b2 27       		.uleb128 0x27
ARM GAS  C:\Users\miker\AppData\Local\Temp\ccaEowWn.s 			page 31


 1533 01b3 19       		.uleb128 0x19
 1534 01b4 3C       		.uleb128 0x3c
 1535 01b5 19       		.uleb128 0x19
 1536 01b6 01       		.uleb128 0x1
 1537 01b7 13       		.uleb128 0x13
 1538 01b8 00       		.byte	0
 1539 01b9 00       		.byte	0
 1540 01ba 1E       		.uleb128 0x1e
 1541 01bb 05       		.uleb128 0x5
 1542 01bc 00       		.byte	0
 1543 01bd 49       		.uleb128 0x49
 1544 01be 13       		.uleb128 0x13
 1545 01bf 00       		.byte	0
 1546 01c0 00       		.byte	0
 1547 01c1 1F       		.uleb128 0x1f
 1548 01c2 2E       		.uleb128 0x2e
 1549 01c3 00       		.byte	0
 1550 01c4 3F       		.uleb128 0x3f
 1551 01c5 19       		.uleb128 0x19
 1552 01c6 03       		.uleb128 0x3
 1553 01c7 0E       		.uleb128 0xe
 1554 01c8 3A       		.uleb128 0x3a
 1555 01c9 0B       		.uleb128 0xb
 1556 01ca 3B       		.uleb128 0x3b
 1557 01cb 0B       		.uleb128 0xb
 1558 01cc 27       		.uleb128 0x27
 1559 01cd 19       		.uleb128 0x19
 1560 01ce 3C       		.uleb128 0x3c
 1561 01cf 19       		.uleb128 0x19
 1562 01d0 00       		.byte	0
 1563 01d1 00       		.byte	0
 1564 01d2 20       		.uleb128 0x20
 1565 01d3 2E       		.uleb128 0x2e
 1566 01d4 01       		.byte	0x1
 1567 01d5 3F       		.uleb128 0x3f
 1568 01d6 19       		.uleb128 0x19
 1569 01d7 03       		.uleb128 0x3
 1570 01d8 0E       		.uleb128 0xe
 1571 01d9 3A       		.uleb128 0x3a
 1572 01da 0B       		.uleb128 0xb
 1573 01db 3B       		.uleb128 0x3b
 1574 01dc 0B       		.uleb128 0xb
 1575 01dd 27       		.uleb128 0x27
 1576 01de 19       		.uleb128 0x19
 1577 01df 49       		.uleb128 0x49
 1578 01e0 13       		.uleb128 0x13
 1579 01e1 3C       		.uleb128 0x3c
 1580 01e2 19       		.uleb128 0x19
 1581 01e3 01       		.uleb128 0x1
 1582 01e4 13       		.uleb128 0x13
 1583 01e5 00       		.byte	0
 1584 01e6 00       		.byte	0
 1585 01e7 21       		.uleb128 0x21
 1586 01e8 2E       		.uleb128 0x2e
 1587 01e9 01       		.byte	0x1
 1588 01ea 3F       		.uleb128 0x3f
 1589 01eb 19       		.uleb128 0x19
ARM GAS  C:\Users\miker\AppData\Local\Temp\ccaEowWn.s 			page 32


 1590 01ec 03       		.uleb128 0x3
 1591 01ed 0E       		.uleb128 0xe
 1592 01ee 3A       		.uleb128 0x3a
 1593 01ef 0B       		.uleb128 0xb
 1594 01f0 3B       		.uleb128 0x3b
 1595 01f1 0B       		.uleb128 0xb
 1596 01f2 3C       		.uleb128 0x3c
 1597 01f3 19       		.uleb128 0x19
 1598 01f4 00       		.byte	0
 1599 01f5 00       		.byte	0
 1600 01f6 22       		.uleb128 0x22
 1601 01f7 18       		.uleb128 0x18
 1602 01f8 00       		.byte	0
 1603 01f9 00       		.byte	0
 1604 01fa 00       		.byte	0
 1605 01fb 00       		.byte	0
 1606              		.section	.debug_loc,"",%progbits
 1607              	.Ldebug_loc0:
 1608              	.LLST0:
 1609 0000 00000000 		.4byte	.LVL5
 1610 0004 05000000 		.4byte	.LVL6-1
 1611 0008 0100     		.2byte	0x1
 1612 000a 50       		.byte	0x50
 1613 000b 05000000 		.4byte	.LVL6-1
 1614 000f 08000000 		.4byte	.LFE66
 1615 0013 0400     		.2byte	0x4
 1616 0015 F3       		.byte	0xf3
 1617 0016 01       		.uleb128 0x1
 1618 0017 50       		.byte	0x50
 1619 0018 9F       		.byte	0x9f
 1620 0019 00000000 		.4byte	0
 1621 001d 00000000 		.4byte	0
 1622              	.LLST1:
 1623 0021 00000000 		.4byte	.LVL7
 1624 0025 08000000 		.4byte	.LVL8
 1625 0029 0100     		.2byte	0x1
 1626 002b 50       		.byte	0x50
 1627 002c 08000000 		.4byte	.LVL8
 1628 0030 2E000000 		.4byte	.LVL14
 1629 0034 0100     		.2byte	0x1
 1630 0036 56       		.byte	0x56
 1631 0037 2E000000 		.4byte	.LVL14
 1632 003b 36000000 		.4byte	.LVL15
 1633 003f 0100     		.2byte	0x1
 1634 0041 50       		.byte	0x50
 1635 0042 36000000 		.4byte	.LVL15
 1636 0046 A0000000 		.4byte	.LVL33
 1637 004a 0100     		.2byte	0x1
 1638 004c 56       		.byte	0x56
 1639 004d 00000000 		.4byte	0
 1640 0051 00000000 		.4byte	0
 1641              	.LLST2:
 1642 0055 4C000000 		.4byte	.LVL18
 1643 0059 50000000 		.4byte	.LVL19
 1644 005d 0300     		.2byte	0x3
 1645 005f 09       		.byte	0x9
 1646 0060 FF       		.byte	0xff
ARM GAS  C:\Users\miker\AppData\Local\Temp\ccaEowWn.s 			page 33


 1647 0061 9F       		.byte	0x9f
 1648 0062 6A000000 		.4byte	.LVL22
 1649 0066 6E000000 		.4byte	.LVL23
 1650 006a 0200     		.2byte	0x2
 1651 006c 30       		.byte	0x30
 1652 006d 9F       		.byte	0x9f
 1653 006e 72000000 		.4byte	.LVL24
 1654 0072 76000000 		.4byte	.LVL25
 1655 0076 0200     		.2byte	0x2
 1656 0078 31       		.byte	0x31
 1657 0079 9F       		.byte	0x9f
 1658 007a 9E000000 		.4byte	.LVL32
 1659 007e B4000000 		.4byte	.LFE67
 1660 0082 0100     		.2byte	0x1
 1661 0084 50       		.byte	0x50
 1662 0085 00000000 		.4byte	0
 1663 0089 00000000 		.4byte	0
 1664              	.LLST3:
 1665 008d 00000000 		.4byte	.LVL34
 1666 0091 17000000 		.4byte	.LVL35-1
 1667 0095 0100     		.2byte	0x1
 1668 0097 50       		.byte	0x50
 1669 0098 17000000 		.4byte	.LVL35-1
 1670 009c 1A000000 		.4byte	.LVL36
 1671 00a0 0400     		.2byte	0x4
 1672 00a2 F3       		.byte	0xf3
 1673 00a3 01       		.uleb128 0x1
 1674 00a4 50       		.byte	0x50
 1675 00a5 9F       		.byte	0x9f
 1676 00a6 1A000000 		.4byte	.LVL36
 1677 00aa 20000000 		.4byte	.LVL37
 1678 00ae 0100     		.2byte	0x1
 1679 00b0 50       		.byte	0x50
 1680 00b1 20000000 		.4byte	.LVL37
 1681 00b5 54000000 		.4byte	.LFE68
 1682 00b9 0400     		.2byte	0x4
 1683 00bb F3       		.byte	0xf3
 1684 00bc 01       		.uleb128 0x1
 1685 00bd 50       		.byte	0x50
 1686 00be 9F       		.byte	0x9f
 1687 00bf 00000000 		.4byte	0
 1688 00c3 00000000 		.4byte	0
 1689              	.LLST4:
 1690 00c7 00000000 		.4byte	.LVL34
 1691 00cb 17000000 		.4byte	.LVL35-1
 1692 00cf 0100     		.2byte	0x1
 1693 00d1 51       		.byte	0x51
 1694 00d2 17000000 		.4byte	.LVL35-1
 1695 00d6 1A000000 		.4byte	.LVL36
 1696 00da 0100     		.2byte	0x1
 1697 00dc 55       		.byte	0x55
 1698 00dd 1A000000 		.4byte	.LVL36
 1699 00e1 25000000 		.4byte	.LVL38-1
 1700 00e5 0100     		.2byte	0x1
 1701 00e7 51       		.byte	0x51
 1702 00e8 25000000 		.4byte	.LVL38-1
 1703 00ec 48000000 		.4byte	.LVL42
ARM GAS  C:\Users\miker\AppData\Local\Temp\ccaEowWn.s 			page 34


 1704 00f0 0100     		.2byte	0x1
 1705 00f2 55       		.byte	0x55
 1706 00f3 00000000 		.4byte	0
 1707 00f7 00000000 		.4byte	0
 1708              	.LLST5:
 1709 00fb 00000000 		.4byte	.LVL43
 1710 00ff 11000000 		.4byte	.LVL44-1
 1711 0103 0100     		.2byte	0x1
 1712 0105 50       		.byte	0x50
 1713 0106 11000000 		.4byte	.LVL44-1
 1714 010a 20000000 		.4byte	.LFE69
 1715 010e 0400     		.2byte	0x4
 1716 0110 F3       		.byte	0xf3
 1717 0111 01       		.uleb128 0x1
 1718 0112 50       		.byte	0x50
 1719 0113 9F       		.byte	0x9f
 1720 0114 00000000 		.4byte	0
 1721 0118 00000000 		.4byte	0
 1722              	.LLST6:
 1723 011c 00000000 		.4byte	.LVL43
 1724 0120 11000000 		.4byte	.LVL44-1
 1725 0124 0100     		.2byte	0x1
 1726 0126 51       		.byte	0x51
 1727 0127 11000000 		.4byte	.LVL44-1
 1728 012b 1A000000 		.4byte	.LVL45
 1729 012f 0100     		.2byte	0x1
 1730 0131 54       		.byte	0x54
 1731 0132 1A000000 		.4byte	.LVL45
 1732 0136 20000000 		.4byte	.LFE69
 1733 013a 0600     		.2byte	0x6
 1734 013c F3       		.byte	0xf3
 1735 013d 03       		.uleb128 0x3
 1736 013e F5       		.byte	0xf5
 1737 013f 01       		.uleb128 0x1
 1738 0140 25       		.uleb128 0x25
 1739 0141 9F       		.byte	0x9f
 1740 0142 00000000 		.4byte	0
 1741 0146 00000000 		.4byte	0
 1742              		.section	.debug_aranges,"",%progbits
 1743 0000 4C000000 		.4byte	0x4c
 1744 0004 0200     		.2byte	0x2
 1745 0006 00000000 		.4byte	.Ldebug_info0
 1746 000a 04       		.byte	0x4
 1747 000b 00       		.byte	0
 1748 000c 0000     		.2byte	0
 1749 000e 0000     		.2byte	0
 1750 0010 00000000 		.4byte	.LFB64
 1751 0014 1A000000 		.4byte	.LFE64-.LFB64
 1752 0018 00000000 		.4byte	.LFB65
 1753 001c 0A000000 		.4byte	.LFE65-.LFB65
 1754 0020 00000000 		.4byte	.LFB63
 1755 0024 0C000000 		.4byte	.LFE63-.LFB63
 1756 0028 00000000 		.4byte	.LFB66
 1757 002c 08000000 		.4byte	.LFE66-.LFB66
 1758 0030 00000000 		.4byte	.LFB67
 1759 0034 B4000000 		.4byte	.LFE67-.LFB67
 1760 0038 00000000 		.4byte	.LFB68
ARM GAS  C:\Users\miker\AppData\Local\Temp\ccaEowWn.s 			page 35


 1761 003c 54000000 		.4byte	.LFE68-.LFB68
 1762 0040 00000000 		.4byte	.LFB69
 1763 0044 20000000 		.4byte	.LFE69-.LFB69
 1764 0048 00000000 		.4byte	0
 1765 004c 00000000 		.4byte	0
 1766              		.section	.debug_ranges,"",%progbits
 1767              	.Ldebug_ranges0:
 1768 0000 00000000 		.4byte	.LFB64
 1769 0004 1A000000 		.4byte	.LFE64
 1770 0008 00000000 		.4byte	.LFB65
 1771 000c 0A000000 		.4byte	.LFE65
 1772 0010 00000000 		.4byte	.LFB63
 1773 0014 0C000000 		.4byte	.LFE63
 1774 0018 00000000 		.4byte	.LFB66
 1775 001c 08000000 		.4byte	.LFE66
 1776 0020 00000000 		.4byte	.LFB67
 1777 0024 B4000000 		.4byte	.LFE67
 1778 0028 00000000 		.4byte	.LFB68
 1779 002c 54000000 		.4byte	.LFE68
 1780 0030 00000000 		.4byte	.LFB69
 1781 0034 20000000 		.4byte	.LFE69
 1782 0038 00000000 		.4byte	0
 1783 003c 00000000 		.4byte	0
 1784              		.section	.debug_line,"",%progbits
 1785              	.Ldebug_line0:
 1786 0000 7B020000 		.section	.debug_str,"MS",%progbits,1
 1786      0200D801 
 1786      00000201 
 1786      FB0E0D00 
 1786      01010101 
 1787              	.LASF69:
 1788 0000 7379735F 		.ascii	"sys_rt_exec_alarm\000"
 1788      72745F65 
 1788      7865635F 
 1788      616C6172 
 1788      6D00
 1789              	.LASF58:
 1790 0012 7370696E 		.ascii	"spindle_get_state\000"
 1790      646C655F 
 1790      6765745F 
 1790      73746174 
 1790      6500
 1791              	.LASF83:
 1792 0024 666C6F6F 		.ascii	"floor\000"
 1792      7200
 1793              	.LASF71:
 1794 002a 7379735F 		.ascii	"sys_rt_exec_accessory_override\000"
 1794      72745F65 
 1794      7865635F 
 1794      61636365 
 1794      73736F72 
 1795              	.LASF56:
 1796 0049 7370696E 		.ascii	"spindle_stop\000"
 1796      646C655F 
 1796      73746F70 
 1796      00
 1797              	.LASF23:
ARM GAS  C:\Users\miker\AppData\Local\Temp\ccaEowWn.s 			page 36


 1798 0056 61636365 		.ascii	"acceleration\000"
 1798      6C657261 
 1798      74696F6E 
 1798      00
 1799              	.LASF41:
 1800 0063 73746174 		.ascii	"state\000"
 1800      6500
 1801              	.LASF3:
 1802 0069 73686F72 		.ascii	"short int\000"
 1802      7420696E 
 1802      7400
 1803              	.LASF19:
 1804 0073 73697A65 		.ascii	"sizetype\000"
 1804      74797065 
 1804      00
 1805              	.LASF55:
 1806 007c 73797374 		.ascii	"system_t\000"
 1806      656D5F74 
 1806      00
 1807              	.LASF5:
 1808 0085 5F5F7569 		.ascii	"__uint16_t\000"
 1808      6E743136 
 1808      5F7400
 1809              	.LASF62:
 1810 0090 7370696E 		.ascii	"spindle_sync\000"
 1810      646C655F 
 1810      73796E63 
 1810      00
 1811              	.LASF60:
 1812 009d 70776D5F 		.ascii	"pwm_value\000"
 1812      76616C75 
 1812      6500
 1813              	.LASF73:
 1814 00a7 50696E5F 		.ascii	"Pin_Spindle_Enable_Read\000"
 1814      5370696E 
 1814      646C655F 
 1814      456E6162 
 1814      6C655F52 
 1815              	.LASF28:
 1816 00bf 73746570 		.ascii	"stepper_idle_lock_time\000"
 1816      7065725F 
 1816      69646C65 
 1816      5F6C6F63 
 1816      6B5F7469 
 1817              	.LASF13:
 1818 00d6 75696E74 		.ascii	"uint8_t\000"
 1818      385F7400 
 1819              	.LASF16:
 1820 00de 75696E74 		.ascii	"uint8\000"
 1820      3800
 1821              	.LASF39:
 1822 00e4 686F6D69 		.ascii	"homing_pulloff\000"
 1822      6E675F70 
 1822      756C6C6F 
 1822      666600
 1823              	.LASF40:
 1824 00f3 73657474 		.ascii	"settings_t\000"
ARM GAS  C:\Users\miker\AppData\Local\Temp\ccaEowWn.s 			page 37


 1824      696E6773 
 1824      5F7400
 1825              	.LASF0:
 1826 00fe 666C6F61 		.ascii	"float\000"
 1826      7400
 1827              	.LASF78:
 1828 0104 7370696E 		.ascii	"spindle_control.c\000"
 1828      646C655F 
 1828      636F6E74 
 1828      726F6C2E 
 1828      6300
 1829              	.LASF64:
 1830 0116 73657474 		.ascii	"settings\000"
 1830      696E6773 
 1830      00
 1831              	.LASF10:
 1832 011f 6C6F6E67 		.ascii	"long long int\000"
 1832      206C6F6E 
 1832      6720696E 
 1832      7400
 1833              	.LASF50:
 1834 012d 7370696E 		.ascii	"spindle_speed_ovr\000"
 1834      646C655F 
 1834      73706565 
 1834      645F6F76 
 1834      7200
 1835              	.LASF65:
 1836 013f 7379735F 		.ascii	"sys_position\000"
 1836      706F7369 
 1836      74696F6E 
 1836      00
 1837              	.LASF46:
 1838 014c 70726F62 		.ascii	"probe_succeeded\000"
 1838      655F7375 
 1838      63636565 
 1838      64656400 
 1839              	.LASF72:
 1840 015c 65786563 		.ascii	"exec_lcd_status\000"
 1840      5F6C6364 
 1840      5F737461 
 1840      74757300 
 1841              	.LASF21:
 1842 016c 73746570 		.ascii	"steps_per_mm\000"
 1842      735F7065 
 1842      725F6D6D 
 1842      00
 1843              	.LASF4:
 1844 0179 5F5F7569 		.ascii	"__uint8_t\000"
 1844      6E74385F 
 1844      7400
 1845              	.LASF52:
 1846 0183 7265706F 		.ascii	"report_ovr_counter\000"
 1846      72745F6F 
 1846      76725F63 
 1846      6F756E74 
 1846      657200
 1847              	.LASF74:
ARM GAS  C:\Users\miker\AppData\Local\Temp\ccaEowWn.s 			page 38


 1848 0196 50696E5F 		.ascii	"Pin_Spindle_Direction_Read\000"
 1848      5370696E 
 1848      646C655F 
 1848      44697265 
 1848      6374696F 
 1849              	.LASF31:
 1850 01b1 6172635F 		.ascii	"arc_tolerance\000"
 1850      746F6C65 
 1850      72616E63 
 1850      6500
 1851              	.LASF84:
 1852 01bf 70726F74 		.ascii	"protocol_buffer_synchronize\000"
 1852      6F636F6C 
 1852      5F627566 
 1852      6665725F 
 1852      73796E63 
 1853              	.LASF61:
 1854 01db 7370696E 		.ascii	"spindle_set_state\000"
 1854      646C655F 
 1854      7365745F 
 1854      73746174 
 1854      6500
 1855              	.LASF20:
 1856 01ed 6C6F6E67 		.ascii	"long double\000"
 1856      20646F75 
 1856      626C6500 
 1857              	.LASF82:
 1858 01f9 50574D5F 		.ascii	"PWM_Spindle_Start\000"
 1858      5370696E 
 1858      646C655F 
 1858      53746172 
 1858      7400
 1859              	.LASF2:
 1860 020b 756E7369 		.ascii	"unsigned char\000"
 1860      676E6564 
 1860      20636861 
 1860      7200
 1861              	.LASF42:
 1862 0219 61626F72 		.ascii	"abort\000"
 1862      7400
 1863              	.LASF1:
 1864 021f 7369676E 		.ascii	"signed char\000"
 1864      65642063 
 1864      68617200 
 1865              	.LASF34:
 1866 022b 666C6167 		.ascii	"flags\000"
 1866      7300
 1867              	.LASF11:
 1868 0231 6C6F6E67 		.ascii	"long long unsigned int\000"
 1868      206C6F6E 
 1868      6720756E 
 1868      7369676E 
 1868      65642069 
 1869              	.LASF12:
 1870 0248 756E7369 		.ascii	"unsigned int\000"
 1870      676E6564 
 1870      20696E74 
ARM GAS  C:\Users\miker\AppData\Local\Temp\ccaEowWn.s 			page 39


 1870      00
 1871              	.LASF48:
 1872 0255 665F6F76 		.ascii	"f_override\000"
 1872      65727269 
 1872      646500
 1873              	.LASF54:
 1874 0260 7370696E 		.ascii	"spindle_speed\000"
 1874      646C655F 
 1874      73706565 
 1874      6400
 1875              	.LASF9:
 1876 026e 6C6F6E67 		.ascii	"long unsigned int\000"
 1876      20756E73 
 1876      69676E65 
 1876      6420696E 
 1876      7400
 1877              	.LASF66:
 1878 0280 7379735F 		.ascii	"sys_probe_position\000"
 1878      70726F62 
 1878      655F706F 
 1878      73697469 
 1878      6F6E00
 1879              	.LASF70:
 1880 0293 7379735F 		.ascii	"sys_rt_exec_motion_override\000"
 1880      72745F65 
 1880      7865635F 
 1880      6D6F7469 
 1880      6F6E5F6F 
 1881              	.LASF57:
 1882 02af 7370696E 		.ascii	"spindle_init\000"
 1882      646C655F 
 1882      696E6974 
 1882      00
 1883              	.LASF29:
 1884 02bc 73746174 		.ascii	"status_report_mask\000"
 1884      75735F72 
 1884      65706F72 
 1884      745F6D61 
 1884      736B00
 1885              	.LASF47:
 1886 02cf 686F6D69 		.ascii	"homing_axis_lock\000"
 1886      6E675F61 
 1886      7869735F 
 1886      6C6F636B 
 1886      00
 1887              	.LASF6:
 1888 02e0 73686F72 		.ascii	"short unsigned int\000"
 1888      7420756E 
 1888      7369676E 
 1888      65642069 
 1888      6E7400
 1889              	.LASF75:
 1890 02f3 50574D5F 		.ascii	"PWM_Spindle_WriteCompare\000"
 1890      5370696E 
 1890      646C655F 
 1890      57726974 
 1890      65436F6D 
ARM GAS  C:\Users\miker\AppData\Local\Temp\ccaEowWn.s 			page 40


 1891              	.LASF18:
 1892 030c 63686172 		.ascii	"char\000"
 1892      00
 1893              	.LASF14:
 1894 0311 75696E74 		.ascii	"uint16_t\000"
 1894      31365F74 
 1894      00
 1895              	.LASF8:
 1896 031a 6C6F6E67 		.ascii	"long int\000"
 1896      20696E74 
 1896      00
 1897              	.LASF27:
 1898 0323 6469725F 		.ascii	"dir_invert_mask\000"
 1898      696E7665 
 1898      72745F6D 
 1898      61736B00 
 1899              	.LASF15:
 1900 0333 696E7433 		.ascii	"int32_t\000"
 1900      325F7400 
 1901              	.LASF32:
 1902 033b 72706D5F 		.ascii	"rpm_max\000"
 1902      6D617800 
 1903              	.LASF45:
 1904 0343 73746570 		.ascii	"step_control\000"
 1904      5F636F6E 
 1904      74726F6C 
 1904      00
 1905              	.LASF43:
 1906 0350 73757370 		.ascii	"suspend\000"
 1906      656E6400 
 1907              	.LASF44:
 1908 0358 736F6674 		.ascii	"soft_limit\000"
 1908      5F6C696D 
 1908      697400
 1909              	.LASF38:
 1910 0363 686F6D69 		.ascii	"homing_debounce_delay\000"
 1910      6E675F64 
 1910      65626F75 
 1910      6E63655F 
 1910      64656C61 
 1911              	.LASF25:
 1912 0379 70756C73 		.ascii	"pulse_microseconds\000"
 1912      655F6D69 
 1912      63726F73 
 1912      65636F6E 
 1912      647300
 1913              	.LASF67:
 1914 038c 7379735F 		.ascii	"sys_probe_state\000"
 1914      70726F62 
 1914      655F7374 
 1914      61746500 
 1915              	.LASF51:
 1916 039c 7370696E 		.ascii	"spindle_stop_ovr\000"
 1916      646C655F 
 1916      73746F70 
 1916      5F6F7672 
 1916      00
ARM GAS  C:\Users\miker\AppData\Local\Temp\ccaEowWn.s 			page 41


 1917              	.LASF76:
 1918 03ad 50696E5F 		.ascii	"Pin_Spindle_Direction_Write\000"
 1918      5370696E 
 1918      646C655F 
 1918      44697265 
 1918      6374696F 
 1919              	.LASF17:
 1920 03c9 646F7562 		.ascii	"double\000"
 1920      6C6500
 1921              	.LASF37:
 1922 03d0 686F6D69 		.ascii	"homing_seek_rate\000"
 1922      6E675F73 
 1922      65656B5F 
 1922      72617465 
 1922      00
 1923              	.LASF63:
 1924 03e1 49544D5F 		.ascii	"ITM_RxBuffer\000"
 1924      52784275 
 1924      66666572 
 1924      00
 1925              	.LASF33:
 1926 03ee 72706D5F 		.ascii	"rpm_min\000"
 1926      6D696E00 
 1927              	.LASF35:
 1928 03f6 686F6D69 		.ascii	"homing_dir_mask\000"
 1928      6E675F64 
 1928      69725F6D 
 1928      61736B00 
 1929              	.LASF7:
 1930 0406 5F5F696E 		.ascii	"__int32_t\000"
 1930      7433325F 
 1930      7400
 1931              	.LASF30:
 1932 0410 6A756E63 		.ascii	"junction_deviation\000"
 1932      74696F6E 
 1932      5F646576 
 1932      69617469 
 1932      6F6E00
 1933              	.LASF77:
 1934 0423 474E5520 		.ascii	"GNU C 4.9.3 20150303 (release) [ARM/embedded-4_9-br"
 1934      4320342E 
 1934      392E3320 
 1934      32303135 
 1934      30333033 
 1935 0456 616E6368 		.ascii	"anch revision 221220] -mcpu=cortex-m3 -mthumb -g -O"
 1935      20726576 
 1935      6973696F 
 1935      6E203232 
 1935      31323230 
 1936 0489 67202D66 		.ascii	"g -ffunction-sections -ffat-lto-objects\000"
 1936      66756E63 
 1936      74696F6E 
 1936      2D736563 
 1936      74696F6E 
 1937              	.LASF24:
 1938 04b1 6D61785F 		.ascii	"max_travel\000"
 1938      74726176 
ARM GAS  C:\Users\miker\AppData\Local\Temp\ccaEowWn.s 			page 42


 1938      656C00
 1939              	.LASF36:
 1940 04bc 686F6D69 		.ascii	"homing_feed_rate\000"
 1940      6E675F66 
 1940      6565645F 
 1940      72617465 
 1940      00
 1941              	.LASF49:
 1942 04cd 725F6F76 		.ascii	"r_override\000"
 1942      65727269 
 1942      646500
 1943              	.LASF81:
 1944 04d8 70776D5F 		.ascii	"pwm_gradient\000"
 1944      67726164 
 1944      69656E74 
 1944      00
 1945              	.LASF53:
 1946 04e5 7265706F 		.ascii	"report_wco_counter\000"
 1946      72745F77 
 1946      636F5F63 
 1946      6F756E74 
 1946      657200
 1947              	.LASF26:
 1948 04f8 73746570 		.ascii	"step_invert_mask\000"
 1948      5F696E76 
 1948      6572745F 
 1948      6D61736B 
 1948      00
 1949              	.LASF22:
 1950 0509 6D61785F 		.ascii	"max_rate\000"
 1950      72617465 
 1950      00
 1951              	.LASF68:
 1952 0512 7379735F 		.ascii	"sys_rt_exec_state\000"
 1952      72745F65 
 1952      7865635F 
 1952      73746174 
 1952      6500
 1953              	.LASF59:
 1954 0524 7370696E 		.ascii	"spindle_set_speed\000"
 1954      646C655F 
 1954      7365745F 
 1954      73706565 
 1954      6400
 1955              	.LASF80:
 1956 0536 7370696E 		.ascii	"spindle_compute_pwm_value\000"
 1956      646C655F 
 1956      636F6D70 
 1956      7574655F 
 1956      70776D5F 
 1957              	.LASF79:
 1958 0550 433A5C55 		.ascii	"C:\\Users\\miker\\Documents\\My Libraries\\Code_Rep"
 1958      73657273 
 1958      5C6D696B 
 1958      65725C44 
 1958      6F63756D 
 1959 057e 6F5C5053 		.ascii	"o\\PSoC_Grbl\\PSoC_Grbl.cydsn\000"
ARM GAS  C:\Users\miker\AppData\Local\Temp\ccaEowWn.s 			page 43


 1959      6F435F47 
 1959      72626C5C 
 1959      50536F43 
 1959      5F477262 
 1960              		.ident	"GCC: (GNU Tools for ARM Embedded Processors) 4.9.3 20150303 (release) [ARM/embedded-4_9-br
